2021-07-30 13:12:18 [main] INFO  c.m.demo.config.server.ConfigServer - Starting ConfigServer using Java 11.0.11 on onceuponatime-LeLong-S15-X510UF with PID 12114 (/home/onceuponatime/Documents/Java/Microservices/microservices-demo/config-server/target/classes started by onceuponatime in /home/onceuponatime/Documents/Java/Microservices/microservices-demo)
2021-07-30 13:12:18 [background-preinit] INFO  o.h.validator.internal.util.Version - HV000001: Hibernate Validator 6.2.0.Final
2021-07-30 13:12:18 [main] INFO  c.m.demo.config.server.ConfigServer - No active profile set, falling back to default profiles: default
2021-07-30 13:12:20 [main] INFO  o.s.cloud.context.scope.GenericScope - BeanFactory id=8dbd9f49-dd61-3375-9383-8c4959f79b95
2021-07-30 13:12:20 [main] INFO  o.s.b.w.e.tomcat.TomcatWebServer - Tomcat initialized with port(s): 8888 (http)
2021-07-30 13:12:20 [main] INFO  o.a.coyote.http11.Http11NioProtocol - Initializing ProtocolHandler ["http-nio-8888"]
2021-07-30 13:12:20 [main] INFO  o.a.catalina.core.StandardService - Starting service [Tomcat]
2021-07-30 13:12:20 [main] INFO  o.a.catalina.core.StandardEngine - Starting Servlet engine: [Apache Tomcat/9.0.48]
2021-07-30 13:12:20 [main] INFO  o.a.c.c.C.[Tomcat].[localhost].[/] - Initializing Spring embedded WebApplicationContext
2021-07-30 13:12:20 [main] INFO  o.s.b.w.s.c.ServletWebServerApplicationContext - Root WebApplicationContext: initialization completed in 2178 ms
2021-07-30 13:12:21 [main] INFO  o.s.s.web.DefaultSecurityFilterChain - Will secure Ant [pattern='/actuator/**'] with []
2021-07-30 13:12:21 [main] INFO  o.s.s.web.DefaultSecurityFilterChain - Will secure Ant [pattern='/encrypt/**'] with []
2021-07-30 13:12:21 [main] INFO  o.s.s.web.DefaultSecurityFilterChain - Will secure Ant [pattern='/decrypt/**'] with []
2021-07-30 13:12:21 [main] INFO  o.s.s.web.DefaultSecurityFilterChain - Will secure any request with [org.springframework.security.web.context.request.async.WebAsyncManagerIntegrationFilter@675b18ff, org.springframework.security.web.context.SecurityContextPersistenceFilter@2a0b901c, org.springframework.security.web.header.HeaderWriterFilter@752b69e3, org.springframework.security.web.csrf.CsrfFilter@35025a0a, org.springframework.security.web.authentication.logout.LogoutFilter@6d0e45a5, org.springframework.security.web.authentication.UsernamePasswordAuthenticationFilter@51e7589f, org.springframework.security.web.authentication.ui.DefaultLoginPageGeneratingFilter@543fe698, org.springframework.security.web.authentication.ui.DefaultLogoutPageGeneratingFilter@34279b8a, org.springframework.security.web.authentication.www.BasicAuthenticationFilter@74f280bd, org.springframework.security.web.savedrequest.RequestCacheAwareFilter@6544899b, org.springframework.security.web.servletapi.SecurityContextHolderAwareRequestFilter@77a0dd63, org.springframework.security.web.authentication.AnonymousAuthenticationFilter@687389a6, org.springframework.security.web.session.SessionManagementFilter@1fb2eec, org.springframework.security.web.access.ExceptionTranslationFilter@443a06ad, org.springframework.security.web.access.intercept.FilterSecurityInterceptor@6cbb7a7d]
2021-07-30 13:12:22 [main] INFO  o.s.cloud.commons.util.InetUtils - Cannot determine local hostname
2021-07-30 13:12:31 [main] INFO  o.a.coyote.http11.Http11NioProtocol - Starting ProtocolHandler ["http-nio-8888"]
2021-07-30 13:12:31 [main] INFO  o.s.b.w.e.tomcat.TomcatWebServer - Tomcat started on port(s): 8888 (http) with context path ''
2021-07-30 13:12:32 [main] INFO  o.s.cloud.commons.util.InetUtils - Cannot determine local hostname
2021-07-30 13:12:32 [main] INFO  c.m.demo.config.server.ConfigServer - Started ConfigServer in 17.117 seconds (JVM running for 19.635)
2021-07-30 13:12:42 [http-nio-8888-exec-1] INFO  o.a.c.c.C.[Tomcat].[localhost].[/] - Initializing Spring DispatcherServlet 'dispatcherServlet'
2021-07-30 13:12:42 [http-nio-8888-exec-1] INFO  o.s.web.servlet.DispatcherServlet - Initializing Servlet 'dispatcherServlet'
2021-07-30 13:12:42 [http-nio-8888-exec-1] INFO  o.s.web.servlet.DispatcherServlet - Completed initialization in 0 ms
2021-07-30 13:12:48 [http-nio-8888-exec-1] INFO  o.s.c.c.s.e.NativeEnvironmentRepository - Adding property source: Config resource 'file [/tmp/config-repo-1627959159052919172/config-client-elastic_query.yml]' via location 'file:/tmp/config-repo-1627959159052919172/'
2021-07-30 13:12:48 [http-nio-8888-exec-1] INFO  o.s.c.c.s.e.NativeEnvironmentRepository - Adding property source: Config resource 'file [/tmp/config-repo-1627959159052919172/config-client.yml]' via location 'file:/tmp/config-repo-1627959159052919172/'
2021-07-30 13:21:38 [http-nio-8888-exec-3] INFO  o.s.c.c.s.e.NativeEnvironmentRepository - Adding property source: Config resource 'file [/tmp/config-repo-1627959159052919172/config-client-elastic_query.yml]' via location 'file:/tmp/config-repo-1627959159052919172/'
2021-07-30 13:21:38 [http-nio-8888-exec-3] INFO  o.s.c.c.s.e.NativeEnvironmentRepository - Adding property source: Config resource 'file [/tmp/config-repo-1627959159052919172/config-client.yml]' via location 'file:/tmp/config-repo-1627959159052919172/'
2021-07-30 13:31:58 [http-nio-8888-exec-5] INFO  o.s.c.c.s.e.NativeEnvironmentRepository - Adding property source: Config resource 'file [/tmp/config-repo-1627959159052919172/config-client-elastic_query.yml]' via location 'file:/tmp/config-repo-1627959159052919172/'
2021-07-30 13:31:58 [http-nio-8888-exec-5] INFO  o.s.c.c.s.e.NativeEnvironmentRepository - Adding property source: Config resource 'file [/tmp/config-repo-1627959159052919172/config-client.yml]' via location 'file:/tmp/config-repo-1627959159052919172/'
2021-07-30 13:57:53 [background-preinit] INFO  o.h.validator.internal.util.Version - HV000001: Hibernate Validator 6.2.0.Final
2021-07-30 13:57:53 [main] INFO  c.m.demo.config.server.ConfigServer - Starting ConfigServer using Java 11.0.11 on onceuponatime-LeLong-S15-X510UF with PID 27956 (/home/onceuponatime/Documents/Java/Microservices/microservices-demo/config-server/target/classes started by onceuponatime in /home/onceuponatime/Documents/Java/Microservices/microservices-demo)
2021-07-30 13:57:53 [main] INFO  c.m.demo.config.server.ConfigServer - No active profile set, falling back to default profiles: default
2021-07-30 13:57:55 [main] INFO  o.s.cloud.context.scope.GenericScope - BeanFactory id=8dbd9f49-dd61-3375-9383-8c4959f79b95
2021-07-30 13:57:56 [main] INFO  o.s.b.w.e.tomcat.TomcatWebServer - Tomcat initialized with port(s): 8888 (http)
2021-07-30 13:57:56 [main] INFO  o.a.coyote.http11.Http11NioProtocol - Initializing ProtocolHandler ["http-nio-8888"]
2021-07-30 13:57:56 [main] INFO  o.a.catalina.core.StandardService - Starting service [Tomcat]
2021-07-30 13:57:56 [main] INFO  o.a.catalina.core.StandardEngine - Starting Servlet engine: [Apache Tomcat/9.0.48]
2021-07-30 13:57:56 [main] INFO  o.a.c.c.C.[Tomcat].[localhost].[/] - Initializing Spring embedded WebApplicationContext
2021-07-30 13:57:56 [main] INFO  o.s.b.w.s.c.ServletWebServerApplicationContext - Root WebApplicationContext: initialization completed in 2687 ms
2021-07-30 13:57:57 [main] INFO  o.s.s.web.DefaultSecurityFilterChain - Will secure Ant [pattern='/actuator/**'] with []
2021-07-30 13:57:57 [main] INFO  o.s.s.web.DefaultSecurityFilterChain - Will secure Ant [pattern='/encrypt/**'] with []
2021-07-30 13:57:57 [main] INFO  o.s.s.web.DefaultSecurityFilterChain - Will secure Ant [pattern='/decrypt/**'] with []
2021-07-30 13:57:57 [main] INFO  o.s.s.web.DefaultSecurityFilterChain - Will secure any request with [org.springframework.security.web.context.request.async.WebAsyncManagerIntegrationFilter@7e7740a5, org.springframework.security.web.context.SecurityContextPersistenceFilter@1eca3ea7, org.springframework.security.web.header.HeaderWriterFilter@666618d6, org.springframework.security.web.csrf.CsrfFilter@24a0c58b, org.springframework.security.web.authentication.logout.LogoutFilter@19b75b2b, org.springframework.security.web.authentication.UsernamePasswordAuthenticationFilter@7b96de8d, org.springframework.security.web.authentication.ui.DefaultLoginPageGeneratingFilter@6d5f4900, org.springframework.security.web.authentication.ui.DefaultLogoutPageGeneratingFilter@7aa01bd9, org.springframework.security.web.authentication.www.BasicAuthenticationFilter@6d0e45a5, org.springframework.security.web.savedrequest.RequestCacheAwareFilter@73a6cc79, org.springframework.security.web.servletapi.SecurityContextHolderAwareRequestFilter@2416c658, org.springframework.security.web.authentication.AnonymousAuthenticationFilter@7e61e25c, org.springframework.security.web.session.SessionManagementFilter@2bab618, org.springframework.security.web.access.ExceptionTranslationFilter@3d3c886f, org.springframework.security.web.access.intercept.FilterSecurityInterceptor@5d194314]
2021-07-30 13:57:58 [main] INFO  o.s.cloud.commons.util.InetUtils - Cannot determine local hostname
2021-07-30 13:58:05 [main] INFO  o.a.coyote.http11.Http11NioProtocol - Starting ProtocolHandler ["http-nio-8888"]
2021-07-30 13:58:05 [main] INFO  o.s.b.w.e.tomcat.TomcatWebServer - Tomcat started on port(s): 8888 (http) with context path ''
2021-07-30 13:58:06 [main] INFO  o.s.cloud.commons.util.InetUtils - Cannot determine local hostname
2021-07-30 13:58:07 [main] INFO  c.m.demo.config.server.ConfigServer - Started ConfigServer in 16.275 seconds (JVM running for 18.602)
2021-07-30 13:58:15 [http-nio-8888-exec-1] INFO  o.a.c.c.C.[Tomcat].[localhost].[/] - Initializing Spring DispatcherServlet 'dispatcherServlet'
2021-07-30 13:58:15 [http-nio-8888-exec-1] INFO  o.s.web.servlet.DispatcherServlet - Initializing Servlet 'dispatcherServlet'
2021-07-30 13:58:15 [http-nio-8888-exec-1] INFO  o.s.web.servlet.DispatcherServlet - Completed initialization in 1 ms
2021-07-30 13:58:21 [http-nio-8888-exec-1] INFO  o.s.c.c.s.e.NativeEnvironmentRepository - Adding property source: Config resource 'file [/tmp/config-repo-9779175357605278387/config-client-twitter_to_kafka.yml]' via location 'file:/tmp/config-repo-9779175357605278387/'
2021-07-30 13:58:21 [http-nio-8888-exec-1] INFO  o.s.c.c.s.e.NativeEnvironmentRepository - Adding property source: Config resource 'file [/tmp/config-repo-9779175357605278387/config-client.yml]' via location 'file:/tmp/config-repo-9779175357605278387/'
2021-07-30 14:47:16 [background-preinit] INFO  o.h.validator.internal.util.Version - HV000001: Hibernate Validator 6.2.0.Final
2021-07-30 14:47:16 [main] INFO  c.m.demo.config.server.ConfigServer - Starting ConfigServer using Java 11.0.11 on onceuponatime-LeLong-S15-X510UF with PID 60317 (/home/onceuponatime/Documents/Java/Microservices/microservices-demo/config-server/target/classes started by onceuponatime in /home/onceuponatime/Documents/Java/Microservices/microservices-demo)
2021-07-30 14:47:16 [main] INFO  c.m.demo.config.server.ConfigServer - No active profile set, falling back to default profiles: default
2021-07-30 14:47:17 [main] INFO  o.s.cloud.context.scope.GenericScope - BeanFactory id=8dbd9f49-dd61-3375-9383-8c4959f79b95
2021-07-30 14:47:18 [main] INFO  o.s.b.w.e.tomcat.TomcatWebServer - Tomcat initialized with port(s): 8888 (http)
2021-07-30 14:47:18 [main] INFO  o.a.coyote.http11.Http11NioProtocol - Initializing ProtocolHandler ["http-nio-8888"]
2021-07-30 14:47:18 [main] INFO  o.a.catalina.core.StandardService - Starting service [Tomcat]
2021-07-30 14:47:18 [main] INFO  o.a.catalina.core.StandardEngine - Starting Servlet engine: [Apache Tomcat/9.0.48]
2021-07-30 14:47:18 [main] INFO  o.a.c.c.C.[Tomcat].[localhost].[/] - Initializing Spring embedded WebApplicationContext
2021-07-30 14:47:18 [main] INFO  o.s.b.w.s.c.ServletWebServerApplicationContext - Root WebApplicationContext: initialization completed in 1602 ms
2021-07-30 14:47:19 [main] INFO  o.s.s.web.DefaultSecurityFilterChain - Will secure Ant [pattern='/actuator/**'] with []
2021-07-30 14:47:19 [main] INFO  o.s.s.web.DefaultSecurityFilterChain - Will secure Ant [pattern='/encrypt/**'] with []
2021-07-30 14:47:19 [main] INFO  o.s.s.web.DefaultSecurityFilterChain - Will secure Ant [pattern='/decrypt/**'] with []
2021-07-30 14:47:19 [main] INFO  o.s.s.web.DefaultSecurityFilterChain - Will secure any request with [org.springframework.security.web.context.request.async.WebAsyncManagerIntegrationFilter@615db358, org.springframework.security.web.context.SecurityContextPersistenceFilter@5a4d4f9c, org.springframework.security.web.header.HeaderWriterFilter@48bc2fce, org.springframework.security.web.csrf.CsrfFilter@183fc2fa, org.springframework.security.web.authentication.logout.LogoutFilter@585513a8, org.springframework.security.web.authentication.UsernamePasswordAuthenticationFilter@5c3d4f05, org.springframework.security.web.authentication.ui.DefaultLoginPageGeneratingFilter@9e02f84, org.springframework.security.web.authentication.ui.DefaultLogoutPageGeneratingFilter@256bb5be, org.springframework.security.web.authentication.www.BasicAuthenticationFilter@7e61e25c, org.springframework.security.web.savedrequest.RequestCacheAwareFilter@6c9b44bf, org.springframework.security.web.servletapi.SecurityContextHolderAwareRequestFilter@1b560eb0, org.springframework.security.web.authentication.AnonymousAuthenticationFilter@5fef0c19, org.springframework.security.web.session.SessionManagementFilter@24fba488, org.springframework.security.web.access.ExceptionTranslationFilter@5b1c32e4, org.springframework.security.web.access.intercept.FilterSecurityInterceptor@51ac12ac]
2021-07-30 14:47:20 [main] INFO  o.s.cloud.commons.util.InetUtils - Cannot determine local hostname
2021-07-30 14:47:27 [main] INFO  o.a.coyote.http11.Http11NioProtocol - Starting ProtocolHandler ["http-nio-8888"]
2021-07-30 14:47:27 [main] INFO  o.s.b.w.e.tomcat.TomcatWebServer - Tomcat started on port(s): 8888 (http) with context path ''
2021-07-30 14:47:28 [main] INFO  o.s.cloud.commons.util.InetUtils - Cannot determine local hostname
2021-07-30 14:47:28 [main] INFO  c.m.demo.config.server.ConfigServer - Started ConfigServer in 14.242 seconds (JVM running for 16.555)
2021-07-30 14:54:44 [background-preinit] INFO  o.h.validator.internal.util.Version - HV000001: Hibernate Validator 6.2.0.Final
2021-07-30 14:54:44 [main] INFO  c.m.demo.config.server.ConfigServer - Starting ConfigServer using Java 11.0.11 on onceuponatime-LeLong-S15-X510UF with PID 65964 (/home/onceuponatime/Documents/Java/Microservices/microservices-demo/config-server/target/classes started by onceuponatime in /home/onceuponatime/Documents/Java/Microservices/microservices-demo)
2021-07-30 14:54:44 [main] INFO  c.m.demo.config.server.ConfigServer - No active profile set, falling back to default profiles: default
2021-07-30 14:54:47 [main] INFO  o.s.cloud.context.scope.GenericScope - BeanFactory id=8dbd9f49-dd61-3375-9383-8c4959f79b95
2021-07-30 14:54:47 [main] INFO  o.s.b.w.e.tomcat.TomcatWebServer - Tomcat initialized with port(s): 8888 (http)
2021-07-30 14:54:47 [main] INFO  o.a.coyote.http11.Http11NioProtocol - Initializing ProtocolHandler ["http-nio-8888"]
2021-07-30 14:54:47 [main] INFO  o.a.catalina.core.StandardService - Starting service [Tomcat]
2021-07-30 14:54:47 [main] INFO  o.a.catalina.core.StandardEngine - Starting Servlet engine: [Apache Tomcat/9.0.48]
2021-07-30 14:54:48 [main] INFO  o.a.c.c.C.[Tomcat].[localhost].[/] - Initializing Spring embedded WebApplicationContext
2021-07-30 14:54:48 [main] INFO  o.s.b.w.s.c.ServletWebServerApplicationContext - Root WebApplicationContext: initialization completed in 3450 ms
2021-07-30 14:54:49 [main] INFO  o.s.s.web.DefaultSecurityFilterChain - Will secure Ant [pattern='/actuator/**'] with []
2021-07-30 14:54:49 [main] INFO  o.s.s.web.DefaultSecurityFilterChain - Will secure Ant [pattern='/encrypt/**'] with []
2021-07-30 14:54:49 [main] INFO  o.s.s.web.DefaultSecurityFilterChain - Will secure Ant [pattern='/decrypt/**'] with []
2021-07-30 14:54:49 [main] INFO  o.s.s.web.DefaultSecurityFilterChain - Will secure any request with [org.springframework.security.web.context.request.async.WebAsyncManagerIntegrationFilter@3fb450d7, org.springframework.security.web.context.SecurityContextPersistenceFilter@24134cbc, org.springframework.security.web.header.HeaderWriterFilter@3d104c9b, org.springframework.security.web.csrf.CsrfFilter@4ef18604, org.springframework.security.web.authentication.logout.LogoutFilter@256bb5be, org.springframework.security.web.authentication.UsernamePasswordAuthenticationFilter@41aebbb4, org.springframework.security.web.authentication.ui.DefaultLoginPageGeneratingFilter@637c840d, org.springframework.security.web.authentication.ui.DefaultLogoutPageGeneratingFilter@4b7ed03e, org.springframework.security.web.authentication.www.BasicAuthenticationFilter@37c7766e, org.springframework.security.web.savedrequest.RequestCacheAwareFilter@22f02996, org.springframework.security.web.servletapi.SecurityContextHolderAwareRequestFilter@76396509, org.springframework.security.web.authentication.AnonymousAuthenticationFilter@636985df, org.springframework.security.web.session.SessionManagementFilter@6da54910, org.springframework.security.web.access.ExceptionTranslationFilter@4c18516, org.springframework.security.web.access.intercept.FilterSecurityInterceptor@51e7589f]
2021-07-30 14:54:50 [main] INFO  o.s.cloud.commons.util.InetUtils - Cannot determine local hostname
2021-07-30 14:55:01 [main] INFO  o.a.coyote.http11.Http11NioProtocol - Starting ProtocolHandler ["http-nio-8888"]
2021-07-30 14:55:01 [main] INFO  o.s.b.w.e.tomcat.TomcatWebServer - Tomcat started on port(s): 8888 (http) with context path ''
2021-07-30 14:55:02 [main] INFO  o.s.cloud.commons.util.InetUtils - Cannot determine local hostname
2021-07-30 14:55:02 [main] INFO  c.m.demo.config.server.ConfigServer - Started ConfigServer in 20.834 seconds (JVM running for 21.665)
2021-07-30 14:55:15 [http-nio-8888-exec-2] INFO  o.a.c.c.C.[Tomcat].[localhost].[/] - Initializing Spring DispatcherServlet 'dispatcherServlet'
2021-07-30 14:55:15 [http-nio-8888-exec-2] INFO  o.s.web.servlet.DispatcherServlet - Initializing Servlet 'dispatcherServlet'
2021-07-30 14:55:15 [http-nio-8888-exec-2] INFO  o.s.web.servlet.DispatcherServlet - Completed initialization in 1 ms
2021-07-30 14:55:19 [http-nio-8888-exec-2] INFO  o.s.c.c.s.e.NativeEnvironmentRepository - Adding property source: Config resource 'file [/tmp/config-repo-4773273869735432219/config-client-twitter_to_kafka.yml]' via location 'file:/tmp/config-repo-4773273869735432219/'
2021-07-30 14:55:19 [http-nio-8888-exec-2] INFO  o.s.c.c.s.e.NativeEnvironmentRepository - Adding property source: Config resource 'file [/tmp/config-repo-4773273869735432219/config-client.yml]' via location 'file:/tmp/config-repo-4773273869735432219/'
2021-07-30 14:57:54 [http-nio-8888-exec-4] WARN  o.s.w.s.m.s.DefaultHandlerExceptionResolver - Resolved [org.springframework.http.converter.HttpMessageNotReadableException: Required request body is missing: public java.lang.String org.springframework.cloud.config.server.encryption.EncryptionController.encrypt(java.lang.String,org.springframework.http.MediaType)]
2021-07-30 14:59:37 [http-nio-8888-exec-6] INFO  o.s.c.c.s.e.NativeEnvironmentRepository - Adding property source: Config resource 'file [/tmp/config-repo-4773273869735432219/config-client-kafka_to_elastic.yml]' via location 'file:/tmp/config-repo-4773273869735432219/'
2021-07-30 14:59:37 [http-nio-8888-exec-6] INFO  o.s.c.c.s.e.NativeEnvironmentRepository - Adding property source: Config resource 'file [/tmp/config-repo-4773273869735432219/config-client.yml]' via location 'file:/tmp/config-repo-4773273869735432219/'
2021-07-30 16:02:44 [background-preinit] INFO  o.h.validator.internal.util.Version - HV000001: Hibernate Validator 6.2.0.Final
2021-07-30 16:02:44 [main] INFO  c.m.demo.config.server.ConfigServer - Starting ConfigServer using Java 11.0.11 on onceuponatime-LeLong-S15-X510UF with PID 115396 (/home/onceuponatime/Documents/Java/Microservices/microservices-demo/config-server/target/classes started by onceuponatime in /home/onceuponatime/Documents/Java/Microservices/microservices-demo)
2021-07-30 16:02:44 [main] INFO  c.m.demo.config.server.ConfigServer - No active profile set, falling back to default profiles: default
2021-07-30 16:02:46 [main] INFO  o.s.cloud.context.scope.GenericScope - BeanFactory id=8dbd9f49-dd61-3375-9383-8c4959f79b95
2021-07-30 16:02:46 [main] INFO  o.s.b.w.e.tomcat.TomcatWebServer - Tomcat initialized with port(s): 8888 (http)
2021-07-30 16:02:46 [main] INFO  o.a.coyote.http11.Http11NioProtocol - Initializing ProtocolHandler ["http-nio-8888"]
2021-07-30 16:02:46 [main] INFO  o.a.catalina.core.StandardService - Starting service [Tomcat]
2021-07-30 16:02:46 [main] INFO  o.a.catalina.core.StandardEngine - Starting Servlet engine: [Apache Tomcat/9.0.48]
2021-07-30 16:02:46 [main] INFO  o.a.c.c.C.[Tomcat].[localhost].[/] - Initializing Spring embedded WebApplicationContext
2021-07-30 16:02:46 [main] INFO  o.s.b.w.s.c.ServletWebServerApplicationContext - Root WebApplicationContext: initialization completed in 1602 ms
2021-07-30 16:02:47 [main] INFO  o.s.s.web.DefaultSecurityFilterChain - Will secure Ant [pattern='/actuator/**'] with []
2021-07-30 16:02:47 [main] INFO  o.s.s.web.DefaultSecurityFilterChain - Will secure Ant [pattern='/encrypt/**'] with []
2021-07-30 16:02:47 [main] INFO  o.s.s.web.DefaultSecurityFilterChain - Will secure Ant [pattern='/decrypt/**'] with []
2021-07-30 16:02:47 [main] INFO  o.s.s.web.DefaultSecurityFilterChain - Will secure any request with [org.springframework.security.web.context.request.async.WebAsyncManagerIntegrationFilter@5a9840f3, org.springframework.security.web.context.SecurityContextPersistenceFilter@67328bcb, org.springframework.security.web.header.HeaderWriterFilter@153d6d74, org.springframework.security.web.csrf.CsrfFilter@7ec08115, org.springframework.security.web.authentication.logout.LogoutFilter@52abed9d, org.springframework.security.web.authentication.UsernamePasswordAuthenticationFilter@512abf25, org.springframework.security.web.authentication.ui.DefaultLoginPageGeneratingFilter@39023dbf, org.springframework.security.web.authentication.ui.DefaultLogoutPageGeneratingFilter@7d30007d, org.springframework.security.web.authentication.www.BasicAuthenticationFilter@22a6d75c, org.springframework.security.web.savedrequest.RequestCacheAwareFilter@2416c658, org.springframework.security.web.servletapi.SecurityContextHolderAwareRequestFilter@2478b629, org.springframework.security.web.authentication.AnonymousAuthenticationFilter@382d71c7, org.springframework.security.web.session.SessionManagementFilter@299b9851, org.springframework.security.web.access.ExceptionTranslationFilter@73a6cc79, org.springframework.security.web.access.intercept.FilterSecurityInterceptor@5c3d4f05]
2021-07-30 16:02:57 [main] INFO  o.a.coyote.http11.Http11NioProtocol - Starting ProtocolHandler ["http-nio-8888"]
2021-07-30 16:02:57 [main] WARN  o.s.b.w.s.c.AnnotationConfigServletWebServerApplicationContext - Exception encountered during context initialization - cancelling refresh attempt: org.springframework.context.ApplicationContextException: Failed to start bean 'webServerStartStop'; nested exception is org.springframework.boot.web.server.PortInUseException: Port 8888 is already in use
2021-07-30 16:02:57 [main] INFO  o.a.coyote.http11.Http11NioProtocol - Pausing ProtocolHandler ["http-nio-8888"]
2021-07-30 16:02:57 [main] INFO  o.a.catalina.core.StandardService - Stopping service [Tomcat]
2021-07-30 16:02:57 [main] INFO  o.a.coyote.http11.Http11NioProtocol - Stopping ProtocolHandler ["http-nio-8888"]
2021-07-30 16:02:57 [main] INFO  o.a.coyote.http11.Http11NioProtocol - Destroying ProtocolHandler ["http-nio-8888"]
2021-07-30 16:02:57 [main] INFO  o.s.b.a.l.ConditionEvaluationReportLoggingListener - 

Error starting ApplicationContext. To display the conditions report re-run your application with 'debug' enabled.
2021-07-30 16:02:58 [main] ERROR o.s.b.d.LoggingFailureAnalysisReporter - 

***************************
APPLICATION FAILED TO START
***************************

Description:

Web server failed to start. Port 8888 was already in use.

Action:

Identify and stop the process that's listening on port 8888 or configure this application to listen on another port.

2021-07-30 16:44:14 [background-preinit] INFO  o.h.validator.internal.util.Version - HV000001: Hibernate Validator 6.2.0.Final
2021-07-30 16:44:15 [main] INFO  c.m.demo.config.server.ConfigServer - Starting ConfigServer using Java 11.0.11 on onceuponatime-LeLong-S15-X510UF with PID 138409 (/home/onceuponatime/Documents/Java/Microservices/microservices-demo/config-server/target/classes started by onceuponatime in /home/onceuponatime/Documents/Java/Microservices/microservices-demo)
2021-07-30 16:44:15 [main] INFO  c.m.demo.config.server.ConfigServer - No active profile set, falling back to default profiles: default
2021-07-30 16:44:15 [main] INFO  o.s.cloud.context.scope.GenericScope - BeanFactory id=8dbd9f49-dd61-3375-9383-8c4959f79b95
2021-07-30 16:44:16 [main] INFO  o.s.b.w.e.tomcat.TomcatWebServer - Tomcat initialized with port(s): 8888 (http)
2021-07-30 16:44:16 [main] INFO  o.a.coyote.http11.Http11NioProtocol - Initializing ProtocolHandler ["http-nio-8888"]
2021-07-30 16:44:16 [main] INFO  o.a.catalina.core.StandardService - Starting service [Tomcat]
2021-07-30 16:44:16 [main] INFO  o.a.catalina.core.StandardEngine - Starting Servlet engine: [Apache Tomcat/9.0.48]
2021-07-30 16:44:17 [main] INFO  o.a.c.c.C.[Tomcat].[localhost].[/] - Initializing Spring embedded WebApplicationContext
2021-07-30 16:44:17 [main] INFO  o.s.b.w.s.c.ServletWebServerApplicationContext - Root WebApplicationContext: initialization completed in 1931 ms
2021-07-30 16:44:17 [main] INFO  o.s.s.web.DefaultSecurityFilterChain - Will secure Ant [pattern='/actuator/**'] with []
2021-07-30 16:44:17 [main] INFO  o.s.s.web.DefaultSecurityFilterChain - Will secure Ant [pattern='/encrypt/**'] with []
2021-07-30 16:44:17 [main] INFO  o.s.s.web.DefaultSecurityFilterChain - Will secure Ant [pattern='/decrypt/**'] with []
2021-07-30 16:44:17 [main] INFO  o.s.s.web.DefaultSecurityFilterChain - Will secure any request with [org.springframework.security.web.context.request.async.WebAsyncManagerIntegrationFilter@4b7ed03e, org.springframework.security.web.context.SecurityContextPersistenceFilter@65da01f4, org.springframework.security.web.header.HeaderWriterFilter@6544899b, org.springframework.security.web.csrf.CsrfFilter@372f0a99, org.springframework.security.web.authentication.logout.LogoutFilter@5fef0c19, org.springframework.security.web.authentication.UsernamePasswordAuthenticationFilter@afde064, org.springframework.security.web.authentication.ui.DefaultLoginPageGeneratingFilter@51ac12ac, org.springframework.security.web.authentication.ui.DefaultLogoutPageGeneratingFilter@636985df, org.springframework.security.web.authentication.www.BasicAuthenticationFilter@3fb450d7, org.springframework.security.web.savedrequest.RequestCacheAwareFilter@7c8874ef, org.springframework.security.web.servletapi.SecurityContextHolderAwareRequestFilter@637c840d, org.springframework.security.web.authentication.AnonymousAuthenticationFilter@6f91fbda, org.springframework.security.web.session.SessionManagementFilter@1bd8afc8, org.springframework.security.web.access.ExceptionTranslationFilter@2a0b901c, org.springframework.security.web.access.intercept.FilterSecurityInterceptor@65cc5252]
2021-07-30 16:44:18 [main] INFO  o.s.cloud.commons.util.InetUtils - Cannot determine local hostname
2021-07-30 16:44:26 [main] INFO  o.a.coyote.http11.Http11NioProtocol - Starting ProtocolHandler ["http-nio-8888"]
2021-07-30 16:44:26 [main] INFO  o.s.b.w.e.tomcat.TomcatWebServer - Tomcat started on port(s): 8888 (http) with context path ''
2021-07-30 16:44:27 [main] INFO  o.s.cloud.commons.util.InetUtils - Cannot determine local hostname
2021-07-30 16:44:27 [main] INFO  c.m.demo.config.server.ConfigServer - Started ConfigServer in 14.394 seconds (JVM running for 15.304)
2021-07-30 16:44:31 [http-nio-8888-exec-1] INFO  o.a.c.c.C.[Tomcat].[localhost].[/] - Initializing Spring DispatcherServlet 'dispatcherServlet'
2021-07-30 16:44:31 [http-nio-8888-exec-1] INFO  o.s.web.servlet.DispatcherServlet - Initializing Servlet 'dispatcherServlet'
2021-07-30 16:44:31 [http-nio-8888-exec-1] INFO  o.s.web.servlet.DispatcherServlet - Completed initialization in 1 ms
2021-07-30 16:44:39 [http-nio-8888-exec-1] INFO  o.s.c.c.s.e.NativeEnvironmentRepository - Adding property source: Config resource 'file [/tmp/config-repo-9489165170644328680/config-client-kafka_to_elastic.yml]' via location 'file:/tmp/config-repo-9489165170644328680/'
2021-07-30 16:44:39 [http-nio-8888-exec-1] INFO  o.s.c.c.s.e.NativeEnvironmentRepository - Adding property source: Config resource 'file [/tmp/config-repo-9489165170644328680/config-client.yml]' via location 'file:/tmp/config-repo-9489165170644328680/'
2021-07-30 16:44:50 [http-nio-8888-exec-3] INFO  o.s.c.c.s.e.NativeEnvironmentRepository - Adding property source: Config resource 'file [/tmp/config-repo-9489165170644328680/config-client-elastic_query.yml]' via location 'file:/tmp/config-repo-9489165170644328680/'
2021-07-30 16:44:50 [http-nio-8888-exec-3] INFO  o.s.c.c.s.e.NativeEnvironmentRepository - Adding property source: Config resource 'file [/tmp/config-repo-9489165170644328680/config-client.yml]' via location 'file:/tmp/config-repo-9489165170644328680/'
2021-07-30 16:45:23 [http-nio-8888-exec-2] INFO  o.s.c.c.s.e.NativeEnvironmentRepository - Adding property source: Config resource 'file [/tmp/config-repo-9489165170644328680/config-client-twitter_to_kafka.yml]' via location 'file:/tmp/config-repo-9489165170644328680/'
2021-07-30 16:45:23 [http-nio-8888-exec-2] INFO  o.s.c.c.s.e.NativeEnvironmentRepository - Adding property source: Config resource 'file [/tmp/config-repo-9489165170644328680/config-client.yml]' via location 'file:/tmp/config-repo-9489165170644328680/'
2021-07-30 17:09:45 [background-preinit] INFO  o.h.validator.internal.util.Version - HV000001: Hibernate Validator 6.2.0.Final
2021-07-30 17:09:45 [main] INFO  c.m.demo.config.server.ConfigServer - Starting ConfigServer using Java 11.0.11 on onceuponatime-LeLong-S15-X510UF with PID 149638 (/home/onceuponatime/Documents/Java/Microservices/microservices-demo/config-server/target/classes started by onceuponatime in /home/onceuponatime/Documents/Java/Microservices/microservices-demo)
2021-07-30 17:09:45 [main] INFO  c.m.demo.config.server.ConfigServer - No active profile set, falling back to default profiles: default
2021-07-30 17:09:48 [main] INFO  o.s.cloud.context.scope.GenericScope - BeanFactory id=8dbd9f49-dd61-3375-9383-8c4959f79b95
2021-07-30 17:09:49 [main] INFO  o.s.b.w.e.tomcat.TomcatWebServer - Tomcat initialized with port(s): 8888 (http)
2021-07-30 17:09:49 [main] INFO  o.a.coyote.http11.Http11NioProtocol - Initializing ProtocolHandler ["http-nio-8888"]
2021-07-30 17:09:49 [main] INFO  o.a.catalina.core.StandardService - Starting service [Tomcat]
2021-07-30 17:09:49 [main] INFO  o.a.catalina.core.StandardEngine - Starting Servlet engine: [Apache Tomcat/9.0.48]
2021-07-30 17:09:49 [main] INFO  o.a.c.c.C.[Tomcat].[localhost].[/] - Initializing Spring embedded WebApplicationContext
2021-07-30 17:09:49 [main] INFO  o.s.b.w.s.c.ServletWebServerApplicationContext - Root WebApplicationContext: initialization completed in 3717 ms
2021-07-30 17:09:50 [main] INFO  o.s.s.web.DefaultSecurityFilterChain - Will secure Ant [pattern='/actuator/**'] with []
2021-07-30 17:09:50 [main] INFO  o.s.s.web.DefaultSecurityFilterChain - Will secure Ant [pattern='/encrypt/**'] with []
2021-07-30 17:09:50 [main] INFO  o.s.s.web.DefaultSecurityFilterChain - Will secure Ant [pattern='/decrypt/**'] with []
2021-07-30 17:09:50 [main] INFO  o.s.s.web.DefaultSecurityFilterChain - Will secure any request with [org.springframework.security.web.context.request.async.WebAsyncManagerIntegrationFilter@4ef18604, org.springframework.security.web.context.SecurityContextPersistenceFilter@5287ba5f, org.springframework.security.web.header.HeaderWriterFilter@66f5b8fe, org.springframework.security.web.csrf.CsrfFilter@75eaba95, org.springframework.security.web.authentication.logout.LogoutFilter@3a11c0eb, org.springframework.security.web.authentication.UsernamePasswordAuthenticationFilter@75882261, org.springframework.security.web.authentication.ui.DefaultLoginPageGeneratingFilter@15e8f9b2, org.springframework.security.web.authentication.ui.DefaultLogoutPageGeneratingFilter@372f0a99, org.springframework.security.web.authentication.www.BasicAuthenticationFilter@6f38f084, org.springframework.security.web.savedrequest.RequestCacheAwareFilter@6897a4a, org.springframework.security.web.servletapi.SecurityContextHolderAwareRequestFilter@353e6389, org.springframework.security.web.authentication.AnonymousAuthenticationFilter@16cf8438, org.springframework.security.web.session.SessionManagementFilter@69ec93c2, org.springframework.security.web.access.ExceptionTranslationFilter@4b9c411, org.springframework.security.web.access.intercept.FilterSecurityInterceptor@257f30f7]
2021-07-30 17:09:59 [main] INFO  o.a.coyote.http11.Http11NioProtocol - Starting ProtocolHandler ["http-nio-8888"]
2021-07-30 17:09:59 [main] INFO  o.s.b.w.e.tomcat.TomcatWebServer - Tomcat started on port(s): 8888 (http) with context path ''
2021-07-30 17:10:00 [main] INFO  o.s.cloud.commons.util.InetUtils - Cannot determine local hostname
2021-07-30 17:10:00 [main] INFO  c.m.demo.config.server.ConfigServer - Started ConfigServer in 18.113 seconds (JVM running for 22.25)
2021-07-30 17:10:03 [http-nio-8888-exec-1] INFO  o.a.c.c.C.[Tomcat].[localhost].[/] - Initializing Spring DispatcherServlet 'dispatcherServlet'
2021-07-30 17:10:03 [http-nio-8888-exec-1] INFO  o.s.web.servlet.DispatcherServlet - Initializing Servlet 'dispatcherServlet'
2021-07-30 17:10:03 [http-nio-8888-exec-1] INFO  o.s.web.servlet.DispatcherServlet - Completed initialization in 2 ms
2021-07-30 17:10:08 [http-nio-8888-exec-1] INFO  o.s.c.c.s.e.NativeEnvironmentRepository - Adding property source: Config resource 'file [/tmp/config-repo-12859775190649786703/config-client-kafka_to_elastic.yml]' via location 'file:/tmp/config-repo-12859775190649786703/'
2021-07-30 17:10:08 [http-nio-8888-exec-1] INFO  o.s.c.c.s.e.NativeEnvironmentRepository - Adding property source: Config resource 'file [/tmp/config-repo-12859775190649786703/config-client.yml]' via location 'file:/tmp/config-repo-12859775190649786703/'
2021-07-30 17:10:15 [http-nio-8888-exec-2] INFO  o.s.c.c.s.e.NativeEnvironmentRepository - Adding property source: Config resource 'file [/tmp/config-repo-12859775190649786703/config-client-elastic_query.yml]' via location 'file:/tmp/config-repo-12859775190649786703/'
2021-07-30 17:10:15 [http-nio-8888-exec-2] INFO  o.s.c.c.s.e.NativeEnvironmentRepository - Adding property source: Config resource 'file [/tmp/config-repo-12859775190649786703/config-client.yml]' via location 'file:/tmp/config-repo-12859775190649786703/'
2021-07-30 17:12:48 [http-nio-8888-exec-6] INFO  o.s.c.c.s.e.NativeEnvironmentRepository - Adding property source: Config resource 'file [/tmp/config-repo-12859775190649786703/config-client-elastic_query.yml]' via location 'file:/tmp/config-repo-12859775190649786703/'
2021-07-30 17:12:48 [http-nio-8888-exec-6] INFO  o.s.c.c.s.e.NativeEnvironmentRepository - Adding property source: Config resource 'file [/tmp/config-repo-12859775190649786703/config-client.yml]' via location 'file:/tmp/config-repo-12859775190649786703/'
2021-07-30 17:16:22 [http-nio-8888-exec-7] INFO  o.s.c.c.s.e.NativeEnvironmentRepository - Adding property source: Config resource 'file [/tmp/config-repo-12859775190649786703/config-client-twitter_to_kafka.yml]' via location 'file:/tmp/config-repo-12859775190649786703/'
2021-07-30 17:16:22 [http-nio-8888-exec-7] INFO  o.s.c.c.s.e.NativeEnvironmentRepository - Adding property source: Config resource 'file [/tmp/config-repo-12859775190649786703/config-client.yml]' via location 'file:/tmp/config-repo-12859775190649786703/'
2021-07-30 17:16:25 [http-nio-8888-exec-8] INFO  o.s.c.c.s.e.NativeEnvironmentRepository - Adding property source: Config resource 'file [/tmp/config-repo-12859775190649786703/config-client-kafka_to_elastic.yml]' via location 'file:/tmp/config-repo-12859775190649786703/'
2021-07-30 17:16:25 [http-nio-8888-exec-8] INFO  o.s.c.c.s.e.NativeEnvironmentRepository - Adding property source: Config resource 'file [/tmp/config-repo-12859775190649786703/config-client.yml]' via location 'file:/tmp/config-repo-12859775190649786703/'
2021-07-30 17:16:34 [http-nio-8888-exec-10] INFO  o.s.c.c.s.e.NativeEnvironmentRepository - Adding property source: Config resource 'file [/tmp/config-repo-12859775190649786703/config-client-elastic_query.yml]' via location 'file:/tmp/config-repo-12859775190649786703/'
2021-07-30 17:16:34 [http-nio-8888-exec-10] INFO  o.s.c.c.s.e.NativeEnvironmentRepository - Adding property source: Config resource 'file [/tmp/config-repo-12859775190649786703/config-client.yml]' via location 'file:/tmp/config-repo-12859775190649786703/'
2021-07-30 17:18:29 [http-nio-8888-exec-2] INFO  o.s.c.c.s.e.NativeEnvironmentRepository - Adding property source: Config resource 'file [/tmp/config-repo-12859775190649786703/config-client-elastic_query.yml]' via location 'file:/tmp/config-repo-12859775190649786703/'
2021-07-30 17:18:29 [http-nio-8888-exec-2] INFO  o.s.c.c.s.e.NativeEnvironmentRepository - Adding property source: Config resource 'file [/tmp/config-repo-12859775190649786703/config-client.yml]' via location 'file:/tmp/config-repo-12859775190649786703/'
2021-07-30 17:24:55 [background-preinit] INFO  o.h.validator.internal.util.Version - HV000001: Hibernate Validator 6.2.0.Final
2021-07-30 17:24:55 [main] INFO  c.m.demo.config.server.ConfigServer - Starting ConfigServer using Java 11.0.11 on onceuponatime-LeLong-S15-X510UF with PID 163228 (/home/onceuponatime/Documents/Java/Microservices/microservices-demo/config-server/target/classes started by onceuponatime in /home/onceuponatime/Documents/Java/Microservices/microservices-demo)
2021-07-30 17:24:55 [main] INFO  c.m.demo.config.server.ConfigServer - No active profile set, falling back to default profiles: default
2021-07-30 17:24:56 [main] INFO  o.s.cloud.context.scope.GenericScope - BeanFactory id=8dbd9f49-dd61-3375-9383-8c4959f79b95
2021-07-30 17:24:56 [main] INFO  o.s.b.w.e.tomcat.TomcatWebServer - Tomcat initialized with port(s): 8888 (http)
2021-07-30 17:24:56 [main] INFO  o.a.coyote.http11.Http11NioProtocol - Initializing ProtocolHandler ["http-nio-8888"]
2021-07-30 17:24:56 [main] INFO  o.a.catalina.core.StandardService - Starting service [Tomcat]
2021-07-30 17:24:56 [main] INFO  o.a.catalina.core.StandardEngine - Starting Servlet engine: [Apache Tomcat/9.0.48]
2021-07-30 17:24:56 [main] INFO  o.a.c.c.C.[Tomcat].[localhost].[/] - Initializing Spring embedded WebApplicationContext
2021-07-30 17:24:56 [main] INFO  o.s.b.w.s.c.ServletWebServerApplicationContext - Root WebApplicationContext: initialization completed in 1474 ms
2021-07-30 17:24:57 [main] INFO  o.s.s.web.DefaultSecurityFilterChain - Will secure Ant [pattern='/actuator/**'] with []
2021-07-30 17:24:57 [main] INFO  o.s.s.web.DefaultSecurityFilterChain - Will secure Ant [pattern='/encrypt/**'] with []
2021-07-30 17:24:57 [main] INFO  o.s.s.web.DefaultSecurityFilterChain - Will secure Ant [pattern='/decrypt/**'] with []
2021-07-30 17:24:57 [main] INFO  o.s.s.web.DefaultSecurityFilterChain - Will secure any request with [org.springframework.security.web.context.request.async.WebAsyncManagerIntegrationFilter@37c7766e, org.springframework.security.web.context.SecurityContextPersistenceFilter@1bd8afc8, org.springframework.security.web.header.HeaderWriterFilter@2a0b901c, org.springframework.security.web.csrf.CsrfFilter@6f38f084, org.springframework.security.web.authentication.logout.LogoutFilter@615db358, org.springframework.security.web.authentication.UsernamePasswordAuthenticationFilter@46f73ffa, org.springframework.security.web.authentication.ui.DefaultLoginPageGeneratingFilter@76396509, org.springframework.security.web.authentication.ui.DefaultLogoutPageGeneratingFilter@3fb450d7, org.springframework.security.web.authentication.www.BasicAuthenticationFilter@8641b7d, org.springframework.security.web.savedrequest.RequestCacheAwareFilter@65da01f4, org.springframework.security.web.servletapi.SecurityContextHolderAwareRequestFilter@5d194314, org.springframework.security.web.authentication.AnonymousAuthenticationFilter@4b7ed03e, org.springframework.security.web.session.SessionManagementFilter@6544899b, org.springframework.security.web.access.ExceptionTranslationFilter@1fb2eec, org.springframework.security.web.access.intercept.FilterSecurityInterceptor@48d739f]
2021-07-30 17:24:58 [main] INFO  o.s.cloud.commons.util.InetUtils - Cannot determine local hostname
2021-07-30 17:25:04 [main] INFO  o.a.coyote.http11.Http11NioProtocol - Starting ProtocolHandler ["http-nio-8888"]
2021-07-30 17:25:04 [main] INFO  o.s.b.w.e.tomcat.TomcatWebServer - Tomcat started on port(s): 8888 (http) with context path ''
2021-07-30 17:25:05 [main] INFO  o.s.cloud.commons.util.InetUtils - Cannot determine local hostname
2021-07-30 17:25:06 [main] INFO  c.m.demo.config.server.ConfigServer - Started ConfigServer in 12.807 seconds (JVM running for 13.563)
