2021-08-22 14:52:07 [background-preinit] INFO  o.h.validator.internal.util.Version - HV000001: Hibernate Validator 6.2.0.Final
2021-08-22 14:52:07 [main] INFO  c.m.demo.config.server.ConfigServer - Starting ConfigServer using Java 11.0.12 on mathleyneutron with PID 104552 (/home/mathleyneutron/Documents/Java/Microservices/microservices-demo/config-server/target/classes started by mathleyneutron in /home/mathleyneutron/Documents/Java/Microservices/microservices-demo)
2021-08-22 14:52:07 [main] INFO  c.m.demo.config.server.ConfigServer - No active profile set, falling back to default profiles: default
2021-08-22 14:52:07 [main] INFO  o.s.cloud.context.scope.GenericScope - BeanFactory id=17454470-01fd-3dd3-94c5-c5c5c6213728
2021-08-22 14:52:08 [main] INFO  o.s.b.w.e.tomcat.TomcatWebServer - Tomcat initialized with port(s): 8888 (http)
2021-08-22 14:52:08 [main] INFO  o.a.coyote.http11.Http11NioProtocol - Initializing ProtocolHandler ["http-nio-8888"]
2021-08-22 14:52:08 [main] INFO  o.a.catalina.core.StandardService - Starting service [Tomcat]
2021-08-22 14:52:08 [main] INFO  o.a.catalina.core.StandardEngine - Starting Servlet engine: [Apache Tomcat/9.0.48]
2021-08-22 14:52:08 [main] INFO  o.a.c.c.C.[Tomcat].[localhost].[/] - Initializing Spring embedded WebApplicationContext
2021-08-22 14:52:08 [main] INFO  o.s.b.w.s.c.ServletWebServerApplicationContext - Root WebApplicationContext: initialization completed in 809 ms
2021-08-22 14:52:08 [main] INFO  o.s.s.web.DefaultSecurityFilterChain - Will secure Ant [pattern='/actuator/**'] with []
2021-08-22 14:52:08 [main] INFO  o.s.s.web.DefaultSecurityFilterChain - Will secure Ant [pattern='/encrypt/**'] with []
2021-08-22 14:52:08 [main] INFO  o.s.s.web.DefaultSecurityFilterChain - Will secure Ant [pattern='/decrypt/**'] with []
2021-08-22 14:52:08 [main] INFO  o.s.s.web.DefaultSecurityFilterChain - Will secure any request with [org.springframework.security.web.context.request.async.WebAsyncManagerIntegrationFilter@2e6d76ba, org.springframework.security.web.context.SecurityContextPersistenceFilter@67328bcb, org.springframework.security.web.header.HeaderWriterFilter@153d6d74, org.springframework.security.web.csrf.CsrfFilter@7ec08115, org.springframework.security.web.authentication.logout.LogoutFilter@52abed9d, org.springframework.security.web.authentication.UsernamePasswordAuthenticationFilter@62cbc478, org.springframework.security.web.authentication.ui.DefaultLoginPageGeneratingFilter@570a62a5, org.springframework.security.web.authentication.ui.DefaultLogoutPageGeneratingFilter@22a6d75c, org.springframework.security.web.authentication.www.BasicAuthenticationFilter@5fef0c19, org.springframework.security.web.savedrequest.RequestCacheAwareFilter@2416c658, org.springframework.security.web.servletapi.SecurityContextHolderAwareRequestFilter@1a2ac487, org.springframework.security.web.authentication.AnonymousAuthenticationFilter@5a9840f3, org.springframework.security.web.session.SessionManagementFilter@299b9851, org.springframework.security.web.access.ExceptionTranslationFilter@1eca3ea7, org.springframework.security.web.access.intercept.FilterSecurityInterceptor@7ccd611e]
2021-08-22 14:52:09 [main] INFO  o.s.cloud.commons.util.InetUtils - Cannot determine local hostname
2021-08-22 14:52:16 [main] INFO  o.a.coyote.http11.Http11NioProtocol - Starting ProtocolHandler ["http-nio-8888"]
2021-08-22 14:52:16 [main] INFO  o.s.b.w.e.tomcat.TomcatWebServer - Tomcat started on port(s): 8888 (http) with context path ''
2021-08-22 14:52:17 [main] INFO  o.s.cloud.commons.util.InetUtils - Cannot determine local hostname
2021-08-22 14:52:17 [main] INFO  c.m.demo.config.server.ConfigServer - Started ConfigServer in 11.435 seconds (JVM running for 22.214)
2021-08-22 15:19:55 [background-preinit] INFO  o.h.validator.internal.util.Version - HV000001: Hibernate Validator 6.2.0.Final
2021-08-22 15:19:55 [main] INFO  c.m.demo.config.server.ConfigServer - Starting ConfigServer using Java 11.0.12 on mathleyneutron with PID 121236 (/home/mathleyneutron/Documents/Java/Microservices/microservices-demo/config-server/target/classes started by mathleyneutron in /home/mathleyneutron/Documents/Java/Microservices/microservices-demo)
2021-08-22 15:19:55 [main] INFO  c.m.demo.config.server.ConfigServer - No active profile set, falling back to default profiles: default
2021-08-22 15:19:56 [main] INFO  o.s.cloud.context.scope.GenericScope - BeanFactory id=17454470-01fd-3dd3-94c5-c5c5c6213728
2021-08-22 15:19:56 [main] INFO  o.s.b.w.e.tomcat.TomcatWebServer - Tomcat initialized with port(s): 8888 (http)
2021-08-22 15:19:56 [main] INFO  o.a.coyote.http11.Http11NioProtocol - Initializing ProtocolHandler ["http-nio-8888"]
2021-08-22 15:19:56 [main] INFO  o.a.catalina.core.StandardService - Starting service [Tomcat]
2021-08-22 15:19:56 [main] INFO  o.a.catalina.core.StandardEngine - Starting Servlet engine: [Apache Tomcat/9.0.48]
2021-08-22 15:19:56 [main] INFO  o.a.c.c.C.[Tomcat].[localhost].[/] - Initializing Spring embedded WebApplicationContext
2021-08-22 15:19:56 [main] INFO  o.s.b.w.s.c.ServletWebServerApplicationContext - Root WebApplicationContext: initialization completed in 1012 ms
2021-08-22 15:19:56 [main] INFO  o.s.s.web.DefaultSecurityFilterChain - Will secure Ant [pattern='/actuator/**'] with []
2021-08-22 15:19:56 [main] INFO  o.s.s.web.DefaultSecurityFilterChain - Will secure Ant [pattern='/encrypt/**'] with []
2021-08-22 15:19:56 [main] INFO  o.s.s.web.DefaultSecurityFilterChain - Will secure Ant [pattern='/decrypt/**'] with []
2021-08-22 15:19:56 [main] INFO  o.s.s.web.DefaultSecurityFilterChain - Will secure any request with [org.springframework.security.web.context.request.async.WebAsyncManagerIntegrationFilter@492521c4, org.springframework.security.web.context.SecurityContextPersistenceFilter@7c950b3b, org.springframework.security.web.header.HeaderWriterFilter@4168f3d9, org.springframework.security.web.csrf.CsrfFilter@355ce6a6, org.springframework.security.web.authentication.logout.LogoutFilter@3d3c886f, org.springframework.security.web.authentication.UsernamePasswordAuthenticationFilter@4ef18604, org.springframework.security.web.authentication.ui.DefaultLoginPageGeneratingFilter@604d28c6, org.springframework.security.web.authentication.ui.DefaultLogoutPageGeneratingFilter@443a06ad, org.springframework.security.web.authentication.www.BasicAuthenticationFilter@4f1afe8f, org.springframework.security.web.savedrequest.RequestCacheAwareFilter@6806468e, org.springframework.security.web.servletapi.SecurityContextHolderAwareRequestFilter@24a0c58b, org.springframework.security.web.authentication.AnonymousAuthenticationFilter@6ddd1c51, org.springframework.security.web.session.SessionManagementFilter@15e8f9b2, org.springframework.security.web.access.ExceptionTranslationFilter@39266403, org.springframework.security.web.access.intercept.FilterSecurityInterceptor@35025a0a]
2021-08-22 15:19:57 [main] INFO  o.s.cloud.commons.util.InetUtils - Cannot determine local hostname
2021-08-22 15:20:01 [main] INFO  o.a.coyote.http11.Http11NioProtocol - Starting ProtocolHandler ["http-nio-8888"]
2021-08-22 15:20:01 [main] INFO  o.s.b.w.e.tomcat.TomcatWebServer - Tomcat started on port(s): 8888 (http) with context path ''
2021-08-22 15:20:02 [main] INFO  o.s.cloud.commons.util.InetUtils - Cannot determine local hostname
2021-08-22 15:20:02 [main] INFO  c.m.demo.config.server.ConfigServer - Started ConfigServer in 7.986 seconds (JVM running for 18.843)
2021-08-22 15:20:16 [http-nio-8888-exec-1] INFO  o.a.c.c.C.[Tomcat].[localhost].[/] - Initializing Spring DispatcherServlet 'dispatcherServlet'
2021-08-22 15:20:16 [http-nio-8888-exec-1] INFO  o.s.web.servlet.DispatcherServlet - Initializing Servlet 'dispatcherServlet'
2021-08-22 15:20:16 [http-nio-8888-exec-1] INFO  o.s.web.servlet.DispatcherServlet - Completed initialization in 1 ms
2021-08-22 15:20:18 [http-nio-8888-exec-1] INFO  o.s.c.c.s.e.NativeEnvironmentRepository - Adding property source: Config resource 'file [/tmp/config-repo-12222706362220851266/config-client-elastic_query.yml]' via location 'file:/tmp/config-repo-12222706362220851266/'
2021-08-22 15:20:18 [http-nio-8888-exec-1] INFO  o.s.c.c.s.e.NativeEnvironmentRepository - Adding property source: Config resource 'file [/tmp/config-repo-12222706362220851266/config-client.yml]' via location 'file:/tmp/config-repo-12222706362220851266/'
2021-08-22 22:21:16 [background-preinit] INFO  o.h.validator.internal.util.Version - HV000001: Hibernate Validator 6.2.0.Final
2021-08-22 22:21:16 [main] INFO  c.m.demo.config.server.ConfigServer - Starting ConfigServer using Java 11.0.12 on mathleyneutron with PID 16234 (/home/mathleyneutron/Documents/Java/Microservices/microservices-demo/config-server/target/classes started by mathleyneutron in /home/mathleyneutron/Documents/Java/Microservices/microservices-demo)
2021-08-22 22:21:16 [main] INFO  c.m.demo.config.server.ConfigServer - No active profile set, falling back to default profiles: default
2021-08-22 22:21:16 [main] INFO  o.s.cloud.context.scope.GenericScope - BeanFactory id=17454470-01fd-3dd3-94c5-c5c5c6213728
2021-08-22 22:21:17 [main] INFO  o.s.b.w.e.tomcat.TomcatWebServer - Tomcat initialized with port(s): 8888 (http)
2021-08-22 22:21:17 [main] INFO  o.a.coyote.http11.Http11NioProtocol - Initializing ProtocolHandler ["http-nio-8888"]
2021-08-22 22:21:17 [main] INFO  o.a.catalina.core.StandardService - Starting service [Tomcat]
2021-08-22 22:21:17 [main] INFO  o.a.catalina.core.StandardEngine - Starting Servlet engine: [Apache Tomcat/9.0.48]
2021-08-22 22:21:17 [main] INFO  o.a.c.c.C.[Tomcat].[localhost].[/] - Initializing Spring embedded WebApplicationContext
2021-08-22 22:21:17 [main] INFO  o.s.b.w.s.c.ServletWebServerApplicationContext - Root WebApplicationContext: initialization completed in 1082 ms
2021-08-22 22:21:17 [main] INFO  o.s.s.web.DefaultSecurityFilterChain - Will secure Ant [pattern='/actuator/**'] with []
2021-08-22 22:21:17 [main] INFO  o.s.s.web.DefaultSecurityFilterChain - Will secure Ant [pattern='/encrypt/**'] with []
2021-08-22 22:21:17 [main] INFO  o.s.s.web.DefaultSecurityFilterChain - Will secure Ant [pattern='/decrypt/**'] with []
2021-08-22 22:21:17 [main] INFO  o.s.s.web.DefaultSecurityFilterChain - Will secure any request with [org.springframework.security.web.context.request.async.WebAsyncManagerIntegrationFilter@38732364, org.springframework.security.web.context.SecurityContextPersistenceFilter@69ec93c2, org.springframework.security.web.header.HeaderWriterFilter@4b9c411, org.springframework.security.web.csrf.CsrfFilter@58b311ba, org.springframework.security.web.authentication.logout.LogoutFilter@7f3c0399, org.springframework.security.web.authentication.UsernamePasswordAuthenticationFilter@3fde2209, org.springframework.security.web.authentication.ui.DefaultLoginPageGeneratingFilter@15e8f9b2, org.springframework.security.web.authentication.ui.DefaultLogoutPageGeneratingFilter@7c70aae1, org.springframework.security.web.authentication.www.BasicAuthenticationFilter@35025a0a, org.springframework.security.web.savedrequest.RequestCacheAwareFilter@5287ba5f, org.springframework.security.web.servletapi.SecurityContextHolderAwareRequestFilter@353e6389, org.springframework.security.web.authentication.AnonymousAuthenticationFilter@48cd319d, org.springframework.security.web.session.SessionManagementFilter@66f5b8fe, org.springframework.security.web.access.ExceptionTranslationFilter@355ce6a6, org.springframework.security.web.access.intercept.FilterSecurityInterceptor@2871ac91]
2021-08-22 22:21:18 [main] INFO  o.s.cloud.commons.util.InetUtils - Cannot determine local hostname
2021-08-22 22:21:24 [main] WARN  o.s.c.c.s.e.MultipleJGitEnvironmentRepository - Error occured cloning to base directory.
org.eclipse.jgit.api.errors.TransportException: https://github.com/OnceUponATimeMathley/spring-cloud-config-server-repository-3: not authorized
	at org.eclipse.jgit.api.FetchCommand.call(FetchCommand.java:254)
	at org.eclipse.jgit.api.CloneCommand.fetch(CloneCommand.java:306)
	at org.eclipse.jgit.api.CloneCommand.call(CloneCommand.java:200)
	at org.springframework.cloud.config.server.environment.JGitEnvironmentRepository.cloneToBasedir(JGitEnvironmentRepository.java:612)
	at org.springframework.cloud.config.server.environment.JGitEnvironmentRepository.initClonedRepository(JGitEnvironmentRepository.java:334)
	at org.springframework.cloud.config.server.environment.JGitEnvironmentRepository.afterPropertiesSet(JGitEnvironmentRepository.java:255)
	at org.springframework.cloud.config.server.environment.MultipleJGitEnvironmentRepository.afterPropertiesSet(MultipleJGitEnvironmentRepository.java:66)
	at org.springframework.beans.factory.support.AbstractAutowireCapableBeanFactory.invokeInitMethods(AbstractAutowireCapableBeanFactory.java:1845)
	at org.springframework.beans.factory.support.AbstractAutowireCapableBeanFactory.initializeBean(AbstractAutowireCapableBeanFactory.java:1782)
	at org.springframework.beans.factory.support.AbstractAutowireCapableBeanFactory.doCreateBean(AbstractAutowireCapableBeanFactory.java:602)
	at org.springframework.beans.factory.support.AbstractAutowireCapableBeanFactory.createBean(AbstractAutowireCapableBeanFactory.java:524)
	at org.springframework.beans.factory.support.AbstractBeanFactory.lambda$doGetBean$0(AbstractBeanFactory.java:335)
	at org.springframework.beans.factory.support.DefaultSingletonBeanRegistry.getSingleton(DefaultSingletonBeanRegistry.java:234)
	at org.springframework.beans.factory.support.AbstractBeanFactory.doGetBean(AbstractBeanFactory.java:333)
	at org.springframework.beans.factory.support.AbstractBeanFactory.getBean(AbstractBeanFactory.java:208)
	at org.springframework.beans.factory.support.DefaultListableBeanFactory.preInstantiateSingletons(DefaultListableBeanFactory.java:944)
	at org.springframework.context.support.AbstractApplicationContext.finishBeanFactoryInitialization(AbstractApplicationContext.java:918)
	at org.springframework.context.support.AbstractApplicationContext.refresh(AbstractApplicationContext.java:583)
	at org.springframework.boot.web.servlet.context.ServletWebServerApplicationContext.refresh(ServletWebServerApplicationContext.java:145)
	at org.springframework.boot.SpringApplication.refresh(SpringApplication.java:754)
	at org.springframework.boot.SpringApplication.refreshContext(SpringApplication.java:434)
	at org.springframework.boot.SpringApplication.run(SpringApplication.java:338)
	at org.springframework.boot.SpringApplication.run(SpringApplication.java:1343)
	at org.springframework.boot.SpringApplication.run(SpringApplication.java:1332)
	at com.microservices.demo.config.server.ConfigServer.main(ConfigServer.java:11)
Caused by: org.eclipse.jgit.errors.TransportException: https://github.com/OnceUponATimeMathley/spring-cloud-config-server-repository-3: not authorized
	at org.eclipse.jgit.transport.TransportHttp.connect(TransportHttp.java:544)
	at org.eclipse.jgit.transport.TransportHttp.openFetch(TransportHttp.java:362)
	at org.eclipse.jgit.transport.FetchProcess.executeImp(FetchProcess.java:137)
	at org.eclipse.jgit.transport.FetchProcess.execute(FetchProcess.java:123)
	at org.eclipse.jgit.transport.Transport.fetch(Transport.java:1271)
	at org.eclipse.jgit.api.FetchCommand.call(FetchCommand.java:243)
	... 24 common frames omitted
2021-08-22 22:21:24 [main] WARN  o.s.b.w.s.c.AnnotationConfigServletWebServerApplicationContext - Exception encountered during context initialization - cancelling refresh attempt: org.springframework.beans.factory.BeanCreationException: Error creating bean with name 'defaultEnvironmentRepository' defined in class path resource [org/springframework/cloud/config/server/config/DefaultRepositoryConfiguration.class]: Invocation of init method failed; nested exception is org.eclipse.jgit.api.errors.TransportException: https://github.com/OnceUponATimeMathley/spring-cloud-config-server-repository-3: not authorized
2021-08-22 22:21:24 [main] INFO  o.a.catalina.core.StandardService - Stopping service [Tomcat]
2021-08-22 22:21:24 [main] INFO  o.s.b.a.l.ConditionEvaluationReportLoggingListener - 

Error starting ApplicationContext. To display the conditions report re-run your application with 'debug' enabled.
2021-08-22 22:21:24 [main] ERROR o.s.boot.SpringApplication - Application run failed
org.springframework.beans.factory.BeanCreationException: Error creating bean with name 'defaultEnvironmentRepository' defined in class path resource [org/springframework/cloud/config/server/config/DefaultRepositoryConfiguration.class]: Invocation of init method failed; nested exception is org.eclipse.jgit.api.errors.TransportException: https://github.com/OnceUponATimeMathley/spring-cloud-config-server-repository-3: not authorized
	at org.springframework.beans.factory.support.AbstractAutowireCapableBeanFactory.initializeBean(AbstractAutowireCapableBeanFactory.java:1786)
	at org.springframework.beans.factory.support.AbstractAutowireCapableBeanFactory.doCreateBean(AbstractAutowireCapableBeanFactory.java:602)
	at org.springframework.beans.factory.support.AbstractAutowireCapableBeanFactory.createBean(AbstractAutowireCapableBeanFactory.java:524)
	at org.springframework.beans.factory.support.AbstractBeanFactory.lambda$doGetBean$0(AbstractBeanFactory.java:335)
	at org.springframework.beans.factory.support.DefaultSingletonBeanRegistry.getSingleton(DefaultSingletonBeanRegistry.java:234)
	at org.springframework.beans.factory.support.AbstractBeanFactory.doGetBean(AbstractBeanFactory.java:333)
	at org.springframework.beans.factory.support.AbstractBeanFactory.getBean(AbstractBeanFactory.java:208)
	at org.springframework.beans.factory.support.DefaultListableBeanFactory.preInstantiateSingletons(DefaultListableBeanFactory.java:944)
	at org.springframework.context.support.AbstractApplicationContext.finishBeanFactoryInitialization(AbstractApplicationContext.java:918)
	at org.springframework.context.support.AbstractApplicationContext.refresh(AbstractApplicationContext.java:583)
	at org.springframework.boot.web.servlet.context.ServletWebServerApplicationContext.refresh(ServletWebServerApplicationContext.java:145)
	at org.springframework.boot.SpringApplication.refresh(SpringApplication.java:754)
	at org.springframework.boot.SpringApplication.refreshContext(SpringApplication.java:434)
	at org.springframework.boot.SpringApplication.run(SpringApplication.java:338)
	at org.springframework.boot.SpringApplication.run(SpringApplication.java:1343)
	at org.springframework.boot.SpringApplication.run(SpringApplication.java:1332)
	at com.microservices.demo.config.server.ConfigServer.main(ConfigServer.java:11)
Caused by: org.eclipse.jgit.api.errors.TransportException: https://github.com/OnceUponATimeMathley/spring-cloud-config-server-repository-3: not authorized
	at org.eclipse.jgit.api.FetchCommand.call(FetchCommand.java:254)
	at org.eclipse.jgit.api.CloneCommand.fetch(CloneCommand.java:306)
	at org.eclipse.jgit.api.CloneCommand.call(CloneCommand.java:200)
	at org.springframework.cloud.config.server.environment.JGitEnvironmentRepository.cloneToBasedir(JGitEnvironmentRepository.java:612)
	at org.springframework.cloud.config.server.environment.JGitEnvironmentRepository.initClonedRepository(JGitEnvironmentRepository.java:334)
	at org.springframework.cloud.config.server.environment.JGitEnvironmentRepository.afterPropertiesSet(JGitEnvironmentRepository.java:255)
	at org.springframework.cloud.config.server.environment.MultipleJGitEnvironmentRepository.afterPropertiesSet(MultipleJGitEnvironmentRepository.java:66)
	at org.springframework.beans.factory.support.AbstractAutowireCapableBeanFactory.invokeInitMethods(AbstractAutowireCapableBeanFactory.java:1845)
	at org.springframework.beans.factory.support.AbstractAutowireCapableBeanFactory.initializeBean(AbstractAutowireCapableBeanFactory.java:1782)
	... 16 common frames omitted
Caused by: org.eclipse.jgit.errors.TransportException: https://github.com/OnceUponATimeMathley/spring-cloud-config-server-repository-3: not authorized
	at org.eclipse.jgit.transport.TransportHttp.connect(TransportHttp.java:544)
	at org.eclipse.jgit.transport.TransportHttp.openFetch(TransportHttp.java:362)
	at org.eclipse.jgit.transport.FetchProcess.executeImp(FetchProcess.java:137)
	at org.eclipse.jgit.transport.FetchProcess.execute(FetchProcess.java:123)
	at org.eclipse.jgit.transport.Transport.fetch(Transport.java:1271)
	at org.eclipse.jgit.api.FetchCommand.call(FetchCommand.java:243)
	... 24 common frames omitted
2021-08-22 22:21:54 [background-preinit] INFO  o.h.validator.internal.util.Version - HV000001: Hibernate Validator 6.2.0.Final
2021-08-22 22:21:54 [main] INFO  c.m.demo.config.server.ConfigServer - Starting ConfigServer using Java 11.0.12 on mathleyneutron with PID 16590 (/home/mathleyneutron/Documents/Java/Microservices/microservices-demo/config-server/target/classes started by mathleyneutron in /home/mathleyneutron/Documents/Java/Microservices/microservices-demo)
2021-08-22 22:21:54 [main] INFO  c.m.demo.config.server.ConfigServer - No active profile set, falling back to default profiles: default
2021-08-22 22:21:55 [main] INFO  o.s.cloud.context.scope.GenericScope - BeanFactory id=17454470-01fd-3dd3-94c5-c5c5c6213728
2021-08-22 22:21:55 [main] INFO  o.s.b.w.e.tomcat.TomcatWebServer - Tomcat initialized with port(s): 8888 (http)
2021-08-22 22:21:55 [main] INFO  o.a.coyote.http11.Http11NioProtocol - Initializing ProtocolHandler ["http-nio-8888"]
2021-08-22 22:21:55 [main] INFO  o.a.catalina.core.StandardService - Starting service [Tomcat]
2021-08-22 22:21:55 [main] INFO  o.a.catalina.core.StandardEngine - Starting Servlet engine: [Apache Tomcat/9.0.48]
2021-08-22 22:21:55 [main] INFO  o.a.c.c.C.[Tomcat].[localhost].[/] - Initializing Spring embedded WebApplicationContext
2021-08-22 22:21:55 [main] INFO  o.s.b.w.s.c.ServletWebServerApplicationContext - Root WebApplicationContext: initialization completed in 841 ms
2021-08-22 22:21:55 [main] INFO  o.s.s.web.DefaultSecurityFilterChain - Will secure Ant [pattern='/actuator/**'] with []
2021-08-22 22:21:55 [main] INFO  o.s.s.web.DefaultSecurityFilterChain - Will secure Ant [pattern='/encrypt/**'] with []
2021-08-22 22:21:55 [main] INFO  o.s.s.web.DefaultSecurityFilterChain - Will secure Ant [pattern='/decrypt/**'] with []
2021-08-22 22:21:55 [main] INFO  o.s.s.web.DefaultSecurityFilterChain - Will secure any request with [org.springframework.security.web.context.request.async.WebAsyncManagerIntegrationFilter@62cbc478, org.springframework.security.web.context.SecurityContextPersistenceFilter@5b1c32e4, org.springframework.security.web.header.HeaderWriterFilter@418f890f, org.springframework.security.web.csrf.CsrfFilter@8e99809, org.springframework.security.web.authentication.logout.LogoutFilter@72465eb2, org.springframework.security.web.authentication.UsernamePasswordAuthenticationFilter@5d194314, org.springframework.security.web.authentication.ui.DefaultLoginPageGeneratingFilter@2416c658, org.springframework.security.web.authentication.ui.DefaultLogoutPageGeneratingFilter@5438fa43, org.springframework.security.web.authentication.www.BasicAuthenticationFilter@640d604, org.springframework.security.web.savedrequest.RequestCacheAwareFilter@48bc2fce, org.springframework.security.web.servletapi.SecurityContextHolderAwareRequestFilter@51ba952e, org.springframework.security.web.authentication.AnonymousAuthenticationFilter@512abf25, org.springframework.security.web.session.SessionManagementFilter@7d66e544, org.springframework.security.web.access.ExceptionTranslationFilter@3e4d40ea, org.springframework.security.web.access.intercept.FilterSecurityInterceptor@42c0a16e]
2021-08-22 22:21:56 [main] INFO  o.s.cloud.commons.util.InetUtils - Cannot determine local hostname
2021-08-22 22:22:10 [main] WARN  o.s.c.c.s.e.MultipleJGitEnvironmentRepository - Error occured cloning to base directory.
org.eclipse.jgit.api.errors.TransportException: https://github.com/OnceUponATimeMathley/spring-cloud-config-server-repository-3: not authorized
	at org.eclipse.jgit.api.FetchCommand.call(FetchCommand.java:254)
	at org.eclipse.jgit.api.CloneCommand.fetch(CloneCommand.java:306)
	at org.eclipse.jgit.api.CloneCommand.call(CloneCommand.java:200)
	at org.springframework.cloud.config.server.environment.JGitEnvironmentRepository.cloneToBasedir(JGitEnvironmentRepository.java:612)
	at org.springframework.cloud.config.server.environment.JGitEnvironmentRepository.initClonedRepository(JGitEnvironmentRepository.java:334)
	at org.springframework.cloud.config.server.environment.JGitEnvironmentRepository.afterPropertiesSet(JGitEnvironmentRepository.java:255)
	at org.springframework.cloud.config.server.environment.MultipleJGitEnvironmentRepository.afterPropertiesSet(MultipleJGitEnvironmentRepository.java:66)
	at org.springframework.beans.factory.support.AbstractAutowireCapableBeanFactory.invokeInitMethods(AbstractAutowireCapableBeanFactory.java:1845)
	at org.springframework.beans.factory.support.AbstractAutowireCapableBeanFactory.initializeBean(AbstractAutowireCapableBeanFactory.java:1782)
	at org.springframework.beans.factory.support.AbstractAutowireCapableBeanFactory.doCreateBean(AbstractAutowireCapableBeanFactory.java:602)
	at org.springframework.beans.factory.support.AbstractAutowireCapableBeanFactory.createBean(AbstractAutowireCapableBeanFactory.java:524)
	at org.springframework.beans.factory.support.AbstractBeanFactory.lambda$doGetBean$0(AbstractBeanFactory.java:335)
	at org.springframework.beans.factory.support.DefaultSingletonBeanRegistry.getSingleton(DefaultSingletonBeanRegistry.java:234)
	at org.springframework.beans.factory.support.AbstractBeanFactory.doGetBean(AbstractBeanFactory.java:333)
	at org.springframework.beans.factory.support.AbstractBeanFactory.getBean(AbstractBeanFactory.java:208)
	at org.springframework.beans.factory.support.DefaultListableBeanFactory.preInstantiateSingletons(DefaultListableBeanFactory.java:944)
	at org.springframework.context.support.AbstractApplicationContext.finishBeanFactoryInitialization(AbstractApplicationContext.java:918)
	at org.springframework.context.support.AbstractApplicationContext.refresh(AbstractApplicationContext.java:583)
	at org.springframework.boot.web.servlet.context.ServletWebServerApplicationContext.refresh(ServletWebServerApplicationContext.java:145)
	at org.springframework.boot.SpringApplication.refresh(SpringApplication.java:754)
	at org.springframework.boot.SpringApplication.refreshContext(SpringApplication.java:434)
	at org.springframework.boot.SpringApplication.run(SpringApplication.java:338)
	at org.springframework.boot.SpringApplication.run(SpringApplication.java:1343)
	at org.springframework.boot.SpringApplication.run(SpringApplication.java:1332)
	at com.microservices.demo.config.server.ConfigServer.main(ConfigServer.java:11)
Caused by: org.eclipse.jgit.errors.TransportException: https://github.com/OnceUponATimeMathley/spring-cloud-config-server-repository-3: not authorized
	at org.eclipse.jgit.transport.TransportHttp.connect(TransportHttp.java:544)
	at org.eclipse.jgit.transport.TransportHttp.openFetch(TransportHttp.java:362)
	at org.eclipse.jgit.transport.FetchProcess.executeImp(FetchProcess.java:137)
	at org.eclipse.jgit.transport.FetchProcess.execute(FetchProcess.java:123)
	at org.eclipse.jgit.transport.Transport.fetch(Transport.java:1271)
	at org.eclipse.jgit.api.FetchCommand.call(FetchCommand.java:243)
	... 24 common frames omitted
2021-08-22 22:22:10 [main] WARN  o.s.b.w.s.c.AnnotationConfigServletWebServerApplicationContext - Exception encountered during context initialization - cancelling refresh attempt: org.springframework.beans.factory.BeanCreationException: Error creating bean with name 'defaultEnvironmentRepository' defined in class path resource [org/springframework/cloud/config/server/config/DefaultRepositoryConfiguration.class]: Invocation of init method failed; nested exception is org.eclipse.jgit.api.errors.TransportException: https://github.com/OnceUponATimeMathley/spring-cloud-config-server-repository-3: not authorized
2021-08-22 22:22:10 [main] INFO  o.a.catalina.core.StandardService - Stopping service [Tomcat]
2021-08-22 22:22:10 [main] INFO  o.s.b.a.l.ConditionEvaluationReportLoggingListener - 

Error starting ApplicationContext. To display the conditions report re-run your application with 'debug' enabled.
2021-08-22 22:22:10 [main] ERROR o.s.boot.SpringApplication - Application run failed
org.springframework.beans.factory.BeanCreationException: Error creating bean with name 'defaultEnvironmentRepository' defined in class path resource [org/springframework/cloud/config/server/config/DefaultRepositoryConfiguration.class]: Invocation of init method failed; nested exception is org.eclipse.jgit.api.errors.TransportException: https://github.com/OnceUponATimeMathley/spring-cloud-config-server-repository-3: not authorized
	at org.springframework.beans.factory.support.AbstractAutowireCapableBeanFactory.initializeBean(AbstractAutowireCapableBeanFactory.java:1786)
	at org.springframework.beans.factory.support.AbstractAutowireCapableBeanFactory.doCreateBean(AbstractAutowireCapableBeanFactory.java:602)
	at org.springframework.beans.factory.support.AbstractAutowireCapableBeanFactory.createBean(AbstractAutowireCapableBeanFactory.java:524)
	at org.springframework.beans.factory.support.AbstractBeanFactory.lambda$doGetBean$0(AbstractBeanFactory.java:335)
	at org.springframework.beans.factory.support.DefaultSingletonBeanRegistry.getSingleton(DefaultSingletonBeanRegistry.java:234)
	at org.springframework.beans.factory.support.AbstractBeanFactory.doGetBean(AbstractBeanFactory.java:333)
	at org.springframework.beans.factory.support.AbstractBeanFactory.getBean(AbstractBeanFactory.java:208)
	at org.springframework.beans.factory.support.DefaultListableBeanFactory.preInstantiateSingletons(DefaultListableBeanFactory.java:944)
	at org.springframework.context.support.AbstractApplicationContext.finishBeanFactoryInitialization(AbstractApplicationContext.java:918)
	at org.springframework.context.support.AbstractApplicationContext.refresh(AbstractApplicationContext.java:583)
	at org.springframework.boot.web.servlet.context.ServletWebServerApplicationContext.refresh(ServletWebServerApplicationContext.java:145)
	at org.springframework.boot.SpringApplication.refresh(SpringApplication.java:754)
	at org.springframework.boot.SpringApplication.refreshContext(SpringApplication.java:434)
	at org.springframework.boot.SpringApplication.run(SpringApplication.java:338)
	at org.springframework.boot.SpringApplication.run(SpringApplication.java:1343)
	at org.springframework.boot.SpringApplication.run(SpringApplication.java:1332)
	at com.microservices.demo.config.server.ConfigServer.main(ConfigServer.java:11)
Caused by: org.eclipse.jgit.api.errors.TransportException: https://github.com/OnceUponATimeMathley/spring-cloud-config-server-repository-3: not authorized
	at org.eclipse.jgit.api.FetchCommand.call(FetchCommand.java:254)
	at org.eclipse.jgit.api.CloneCommand.fetch(CloneCommand.java:306)
	at org.eclipse.jgit.api.CloneCommand.call(CloneCommand.java:200)
	at org.springframework.cloud.config.server.environment.JGitEnvironmentRepository.cloneToBasedir(JGitEnvironmentRepository.java:612)
	at org.springframework.cloud.config.server.environment.JGitEnvironmentRepository.initClonedRepository(JGitEnvironmentRepository.java:334)
	at org.springframework.cloud.config.server.environment.JGitEnvironmentRepository.afterPropertiesSet(JGitEnvironmentRepository.java:255)
	at org.springframework.cloud.config.server.environment.MultipleJGitEnvironmentRepository.afterPropertiesSet(MultipleJGitEnvironmentRepository.java:66)
	at org.springframework.beans.factory.support.AbstractAutowireCapableBeanFactory.invokeInitMethods(AbstractAutowireCapableBeanFactory.java:1845)
	at org.springframework.beans.factory.support.AbstractAutowireCapableBeanFactory.initializeBean(AbstractAutowireCapableBeanFactory.java:1782)
	... 16 common frames omitted
Caused by: org.eclipse.jgit.errors.TransportException: https://github.com/OnceUponATimeMathley/spring-cloud-config-server-repository-3: not authorized
	at org.eclipse.jgit.transport.TransportHttp.connect(TransportHttp.java:544)
	at org.eclipse.jgit.transport.TransportHttp.openFetch(TransportHttp.java:362)
	at org.eclipse.jgit.transport.FetchProcess.executeImp(FetchProcess.java:137)
	at org.eclipse.jgit.transport.FetchProcess.execute(FetchProcess.java:123)
	at org.eclipse.jgit.transport.Transport.fetch(Transport.java:1271)
	at org.eclipse.jgit.api.FetchCommand.call(FetchCommand.java:243)
	... 24 common frames omitted
2021-08-22 22:22:59 [main] INFO  c.m.demo.config.server.ConfigServer - Starting ConfigServer using Java 11.0.12 on mathleyneutron with PID 16824 (/home/mathleyneutron/Documents/Java/Microservices/microservices-demo/config-server/target/classes started by mathleyneutron in /home/mathleyneutron/Documents/Java/Microservices/microservices-demo)
2021-08-22 22:22:59 [main] INFO  c.m.demo.config.server.ConfigServer - No active profile set, falling back to default profiles: default
2021-08-22 22:22:59 [background-preinit] INFO  o.h.validator.internal.util.Version - HV000001: Hibernate Validator 6.2.0.Final
2021-08-22 22:22:59 [main] INFO  o.s.cloud.context.scope.GenericScope - BeanFactory id=17454470-01fd-3dd3-94c5-c5c5c6213728
2021-08-22 22:22:59 [main] INFO  o.s.b.w.e.tomcat.TomcatWebServer - Tomcat initialized with port(s): 8888 (http)
2021-08-22 22:22:59 [main] INFO  o.a.coyote.http11.Http11NioProtocol - Initializing ProtocolHandler ["http-nio-8888"]
2021-08-22 22:22:59 [main] INFO  o.a.catalina.core.StandardService - Starting service [Tomcat]
2021-08-22 22:22:59 [main] INFO  o.a.catalina.core.StandardEngine - Starting Servlet engine: [Apache Tomcat/9.0.48]
2021-08-22 22:22:59 [main] INFO  o.a.c.c.C.[Tomcat].[localhost].[/] - Initializing Spring embedded WebApplicationContext
2021-08-22 22:22:59 [main] INFO  o.s.b.w.s.c.ServletWebServerApplicationContext - Root WebApplicationContext: initialization completed in 883 ms
2021-08-22 22:23:00 [main] INFO  o.s.s.web.DefaultSecurityFilterChain - Will secure Ant [pattern='/actuator/**'] with []
2021-08-22 22:23:00 [main] INFO  o.s.s.web.DefaultSecurityFilterChain - Will secure Ant [pattern='/encrypt/**'] with []
2021-08-22 22:23:00 [main] INFO  o.s.s.web.DefaultSecurityFilterChain - Will secure Ant [pattern='/decrypt/**'] with []
2021-08-22 22:23:00 [main] INFO  o.s.s.web.DefaultSecurityFilterChain - Will secure any request with [org.springframework.security.web.context.request.async.WebAsyncManagerIntegrationFilter@3b0d3a63, org.springframework.security.web.context.SecurityContextPersistenceFilter@36224f93, org.springframework.security.web.header.HeaderWriterFilter@2478b629, org.springframework.security.web.csrf.CsrfFilter@48bc2fce, org.springframework.security.web.authentication.logout.LogoutFilter@2871ac91, org.springframework.security.web.authentication.UsernamePasswordAuthenticationFilter@7d30007d, org.springframework.security.web.authentication.ui.DefaultLoginPageGeneratingFilter@1a1f79ce, org.springframework.security.web.authentication.ui.DefaultLogoutPageGeneratingFilter@50598a1a, org.springframework.security.web.authentication.www.BasicAuthenticationFilter@67b61834, org.springframework.security.web.savedrequest.RequestCacheAwareFilter@52a7928a, org.springframework.security.web.servletapi.SecurityContextHolderAwareRequestFilter@30f28b5, org.springframework.security.web.authentication.AnonymousAuthenticationFilter@14de1901, org.springframework.security.web.session.SessionManagementFilter@1a2ac487, org.springframework.security.web.access.ExceptionTranslationFilter@9e02f84, org.springframework.security.web.access.intercept.FilterSecurityInterceptor@256bb5be]
2021-08-22 22:23:01 [main] INFO  o.s.cloud.commons.util.InetUtils - Cannot determine local hostname
2021-08-22 22:23:09 [main] INFO  o.a.coyote.http11.Http11NioProtocol - Starting ProtocolHandler ["http-nio-8888"]
2021-08-22 22:23:09 [main] INFO  o.s.b.w.e.tomcat.TomcatWebServer - Tomcat started on port(s): 8888 (http) with context path ''
2021-08-22 22:23:10 [main] INFO  o.s.cloud.commons.util.InetUtils - Cannot determine local hostname
2021-08-22 22:23:10 [main] INFO  c.m.demo.config.server.ConfigServer - Started ConfigServer in 13.134 seconds (JVM running for 23.798)
2021-08-22 22:23:28 [http-nio-8888-exec-1] INFO  o.a.c.c.C.[Tomcat].[localhost].[/] - Initializing Spring DispatcherServlet 'dispatcherServlet'
2021-08-22 22:23:28 [http-nio-8888-exec-1] INFO  o.s.web.servlet.DispatcherServlet - Initializing Servlet 'dispatcherServlet'
2021-08-22 22:23:28 [http-nio-8888-exec-1] INFO  o.s.web.servlet.DispatcherServlet - Completed initialization in 1 ms
2021-08-22 22:23:30 [http-nio-8888-exec-1] INFO  o.s.c.c.s.e.NativeEnvironmentRepository - Adding property source: Config resource 'file [/tmp/config-repo-14800857977035026168/config-client-elastic_query.yml]' via location 'file:/tmp/config-repo-14800857977035026168/'
2021-08-22 22:23:30 [http-nio-8888-exec-1] INFO  o.s.c.c.s.e.NativeEnvironmentRepository - Adding property source: Config resource 'file [/tmp/config-repo-14800857977035026168/config-client.yml]' via location 'file:/tmp/config-repo-14800857977035026168/'
2021-08-22 22:24:06 [http-nio-8888-exec-3] INFO  o.s.c.c.s.e.NativeEnvironmentRepository - Adding property source: Config resource 'file [/tmp/config-repo-14800857977035026168/config-client-elastic_query.yml]' via location 'file:/tmp/config-repo-14800857977035026168/'
2021-08-22 22:24:06 [http-nio-8888-exec-3] INFO  o.s.c.c.s.e.NativeEnvironmentRepository - Adding property source: Config resource 'file [/tmp/config-repo-14800857977035026168/config-client.yml]' via location 'file:/tmp/config-repo-14800857977035026168/'
2021-08-22 22:26:02 [http-nio-8888-exec-5] INFO  o.s.c.c.s.e.NativeEnvironmentRepository - Adding property source: Config resource 'file [/tmp/config-repo-14800857977035026168/config-client-elastic_query.yml]' via location 'file:/tmp/config-repo-14800857977035026168/'
2021-08-22 22:26:02 [http-nio-8888-exec-5] INFO  o.s.c.c.s.e.NativeEnvironmentRepository - Adding property source: Config resource 'file [/tmp/config-repo-14800857977035026168/config-client.yml]' via location 'file:/tmp/config-repo-14800857977035026168/'
