2021-08-23 01:09:20 [background-preinit] INFO  o.h.validator.internal.util.Version - HV000001: Hibernate Validator 6.2.0.Final
2021-08-23 01:09:20 [main] INFO  c.m.demo.config.server.ConfigServer - Starting ConfigServer using Java 11.0.12 on mathleyneutron with PID 28788 (/home/mathleyneutron/Documents/Java/Microservices/microservices-demo/config-server/target/classes started by mathleyneutron in /home/mathleyneutron/Documents/Java/Microservices/microservices-demo)
2021-08-23 01:09:20 [main] INFO  c.m.demo.config.server.ConfigServer - No active profile set, falling back to default profiles: default
2021-08-23 01:09:21 [main] INFO  o.s.cloud.context.scope.GenericScope - BeanFactory id=17454470-01fd-3dd3-94c5-c5c5c6213728
2021-08-23 01:09:21 [main] INFO  o.s.b.w.e.tomcat.TomcatWebServer - Tomcat initialized with port(s): 8888 (http)
2021-08-23 01:09:21 [main] INFO  o.a.coyote.http11.Http11NioProtocol - Initializing ProtocolHandler ["http-nio-8888"]
2021-08-23 01:09:21 [main] INFO  o.a.catalina.core.StandardService - Starting service [Tomcat]
2021-08-23 01:09:21 [main] INFO  o.a.catalina.core.StandardEngine - Starting Servlet engine: [Apache Tomcat/9.0.48]
2021-08-23 01:09:21 [main] INFO  o.a.c.c.C.[Tomcat].[localhost].[/] - Initializing Spring embedded WebApplicationContext
2021-08-23 01:09:21 [main] INFO  o.s.b.w.s.c.ServletWebServerApplicationContext - Root WebApplicationContext: initialization completed in 1139 ms
2021-08-23 01:09:22 [main] INFO  o.s.s.web.DefaultSecurityFilterChain - Will secure Ant [pattern='/actuator/**'] with []
2021-08-23 01:09:22 [main] INFO  o.s.s.web.DefaultSecurityFilterChain - Will secure Ant [pattern='/encrypt/**'] with []
2021-08-23 01:09:22 [main] INFO  o.s.s.web.DefaultSecurityFilterChain - Will secure Ant [pattern='/decrypt/**'] with []
2021-08-23 01:09:22 [main] INFO  o.s.s.web.DefaultSecurityFilterChain - Will secure any request with [org.springframework.security.web.context.request.async.WebAsyncManagerIntegrationFilter@7c8874ef, org.springframework.security.web.context.SecurityContextPersistenceFilter@183fc2fa, org.springframework.security.web.header.HeaderWriterFilter@4d354a3e, org.springframework.security.web.csrf.CsrfFilter@39266403, org.springframework.security.web.authentication.logout.LogoutFilter@51ba952e, org.springframework.security.web.authentication.UsernamePasswordAuthenticationFilter@15605d83, org.springframework.security.web.authentication.ui.DefaultLoginPageGeneratingFilter@418f890f, org.springframework.security.web.authentication.ui.DefaultLogoutPageGeneratingFilter@42c0a16e, org.springframework.security.web.authentication.www.BasicAuthenticationFilter@22f02996, org.springframework.security.web.savedrequest.RequestCacheAwareFilter@3313d477, org.springframework.security.web.servletapi.SecurityContextHolderAwareRequestFilter@1511d157, org.springframework.security.web.authentication.AnonymousAuthenticationFilter@77a0dd63, org.springframework.security.web.session.SessionManagementFilter@604d28c6, org.springframework.security.web.access.ExceptionTranslationFilter@6424e613, org.springframework.security.web.access.intercept.FilterSecurityInterceptor@4f1afe8f]
2021-08-23 01:09:23 [main] INFO  o.s.cloud.commons.util.InetUtils - Cannot determine local hostname
2021-08-23 01:09:27 [main] INFO  o.a.coyote.http11.Http11NioProtocol - Starting ProtocolHandler ["http-nio-8888"]
2021-08-23 01:09:27 [main] INFO  o.s.b.w.e.tomcat.TomcatWebServer - Tomcat started on port(s): 8888 (http) with context path ''
2021-08-23 01:09:28 [main] INFO  o.s.cloud.commons.util.InetUtils - Cannot determine local hostname
2021-08-23 01:09:28 [main] INFO  c.m.demo.config.server.ConfigServer - Started ConfigServer in 9.071 seconds (JVM running for 19.91)
2021-08-23 01:09:48 [http-nio-8888-exec-1] INFO  o.a.c.c.C.[Tomcat].[localhost].[/] - Initializing Spring DispatcherServlet 'dispatcherServlet'
2021-08-23 01:09:48 [http-nio-8888-exec-1] INFO  o.s.web.servlet.DispatcherServlet - Initializing Servlet 'dispatcherServlet'
2021-08-23 01:09:48 [http-nio-8888-exec-1] INFO  o.s.web.servlet.DispatcherServlet - Completed initialization in 1 ms
2021-08-23 01:09:50 [http-nio-8888-exec-1] INFO  o.s.c.c.s.e.NativeEnvironmentRepository - Adding property source: Config resource 'file [/tmp/config-repo-7450438207824468400/config-client-elastic_query.yml]' via location 'file:/tmp/config-repo-7450438207824468400/'
2021-08-23 01:09:50 [http-nio-8888-exec-1] INFO  o.s.c.c.s.e.NativeEnvironmentRepository - Adding property source: Config resource 'file [/tmp/config-repo-7450438207824468400/config-client.yml]' via location 'file:/tmp/config-repo-7450438207824468400/'
2021-08-23 10:47:50 [main] INFO  c.m.demo.config.server.ConfigServer - Starting ConfigServer using Java 11.0.12 on mathleyneutron with PID 12088 (/home/mathleyneutron/Documents/Java/Microservices/microservices-demo/config-server/target/classes started by mathleyneutron in /home/mathleyneutron/Documents/Java/Microservices/microservices-demo)
2021-08-23 10:47:50 [main] INFO  c.m.demo.config.server.ConfigServer - No active profile set, falling back to default profiles: default
2021-08-23 10:47:50 [background-preinit] INFO  o.h.validator.internal.util.Version - HV000001: Hibernate Validator 6.2.0.Final
2021-08-23 10:47:51 [main] INFO  o.s.cloud.context.scope.GenericScope - BeanFactory id=17454470-01fd-3dd3-94c5-c5c5c6213728
2021-08-23 10:47:51 [main] INFO  o.s.b.w.e.tomcat.TomcatWebServer - Tomcat initialized with port(s): 8888 (http)
2021-08-23 10:47:51 [main] INFO  o.a.coyote.http11.Http11NioProtocol - Initializing ProtocolHandler ["http-nio-8888"]
2021-08-23 10:47:51 [main] INFO  o.a.catalina.core.StandardService - Starting service [Tomcat]
2021-08-23 10:47:51 [main] INFO  o.a.catalina.core.StandardEngine - Starting Servlet engine: [Apache Tomcat/9.0.48]
2021-08-23 10:47:52 [main] INFO  o.a.c.c.C.[Tomcat].[localhost].[/] - Initializing Spring embedded WebApplicationContext
2021-08-23 10:47:52 [main] INFO  o.s.b.w.s.c.ServletWebServerApplicationContext - Root WebApplicationContext: initialization completed in 1225 ms
2021-08-23 10:47:52 [main] INFO  o.s.s.web.DefaultSecurityFilterChain - Will secure Ant [pattern='/actuator/**'] with []
2021-08-23 10:47:52 [main] INFO  o.s.s.web.DefaultSecurityFilterChain - Will secure Ant [pattern='/encrypt/**'] with []
2021-08-23 10:47:52 [main] INFO  o.s.s.web.DefaultSecurityFilterChain - Will secure Ant [pattern='/decrypt/**'] with []
2021-08-23 10:47:52 [main] INFO  o.s.s.web.DefaultSecurityFilterChain - Will secure any request with [org.springframework.security.web.context.request.async.WebAsyncManagerIntegrationFilter@1a1c21b4, org.springframework.security.web.context.SecurityContextPersistenceFilter@7e49ded, org.springframework.security.web.header.HeaderWriterFilter@1e40fbb3, org.springframework.security.web.csrf.CsrfFilter@418f890f, org.springframework.security.web.authentication.logout.LogoutFilter@2db86a7c, org.springframework.security.web.authentication.UsernamePasswordAuthenticationFilter@615db358, org.springframework.security.web.authentication.ui.DefaultLoginPageGeneratingFilter@19b75b2b, org.springframework.security.web.authentication.ui.DefaultLogoutPageGeneratingFilter@1cd2ff5b, org.springframework.security.web.authentication.www.BasicAuthenticationFilter@496cc217, org.springframework.security.web.savedrequest.RequestCacheAwareFilter@2478b629, org.springframework.security.web.servletapi.SecurityContextHolderAwareRequestFilter@29d25e65, org.springframework.security.web.authentication.AnonymousAuthenticationFilter@38ac8968, org.springframework.security.web.session.SessionManagementFilter@9e02f84, org.springframework.security.web.access.ExceptionTranslationFilter@67328bcb, org.springframework.security.web.access.intercept.FilterSecurityInterceptor@515ab3f2]
2021-08-23 10:47:53 [main] INFO  o.s.cloud.commons.util.InetUtils - Cannot determine local hostname
2021-08-23 10:47:57 [main] INFO  o.a.coyote.http11.Http11NioProtocol - Starting ProtocolHandler ["http-nio-8888"]
2021-08-23 10:47:57 [main] INFO  o.s.b.w.e.tomcat.TomcatWebServer - Tomcat started on port(s): 8888 (http) with context path ''
2021-08-23 10:47:58 [main] INFO  o.s.cloud.commons.util.InetUtils - Cannot determine local hostname
2021-08-23 10:47:58 [main] INFO  c.m.demo.config.server.ConfigServer - Started ConfigServer in 22.069 seconds (JVM running for 37.376)
2021-08-23 10:48:32 [http-nio-8888-exec-1] INFO  o.a.c.c.C.[Tomcat].[localhost].[/] - Initializing Spring DispatcherServlet 'dispatcherServlet'
2021-08-23 10:48:32 [http-nio-8888-exec-1] INFO  o.s.web.servlet.DispatcherServlet - Initializing Servlet 'dispatcherServlet'
2021-08-23 10:48:32 [http-nio-8888-exec-1] INFO  o.s.web.servlet.DispatcherServlet - Completed initialization in 1 ms
2021-08-23 10:48:34 [http-nio-8888-exec-1] INFO  o.s.c.c.s.e.NativeEnvironmentRepository - Adding property source: Config resource 'file [/tmp/config-repo-18419545791518962319/config-client-elastic_query.yml]' via location 'file:/tmp/config-repo-18419545791518962319/'
2021-08-23 10:48:34 [http-nio-8888-exec-1] INFO  o.s.c.c.s.e.NativeEnvironmentRepository - Adding property source: Config resource 'file [/tmp/config-repo-18419545791518962319/config-client.yml]' via location 'file:/tmp/config-repo-18419545791518962319/'
2021-08-23 10:50:42 [http-nio-8888-exec-3] INFO  o.s.c.c.s.e.NativeEnvironmentRepository - Adding property source: Config resource 'file [/tmp/config-repo-18419545791518962319/config-client-elastic_query_web.yml]' via location 'file:/tmp/config-repo-18419545791518962319/'
2021-08-23 10:50:42 [http-nio-8888-exec-3] INFO  o.s.c.c.s.e.NativeEnvironmentRepository - Adding property source: Config resource 'file [/tmp/config-repo-18419545791518962319/config-client.yml]' via location 'file:/tmp/config-repo-18419545791518962319/'
2021-08-23 10:55:07 [http-nio-8888-exec-5] INFO  o.s.c.c.s.e.NativeEnvironmentRepository - Adding property source: Config resource 'file [/tmp/config-repo-18419545791518962319/config-client-elastic_query_web.yml]' via location 'file:/tmp/config-repo-18419545791518962319/'
2021-08-23 10:55:07 [http-nio-8888-exec-5] INFO  o.s.c.c.s.e.NativeEnvironmentRepository - Adding property source: Config resource 'file [/tmp/config-repo-18419545791518962319/config-client.yml]' via location 'file:/tmp/config-repo-18419545791518962319/'
2021-08-23 11:34:34 [http-nio-8888-exec-7] INFO  o.s.c.c.s.e.NativeEnvironmentRepository - Adding property source: Config resource 'file [/tmp/config-repo-18419545791518962319/config-client-elastic_query_web.yml]' via location 'file:/tmp/config-repo-18419545791518962319/'
2021-08-23 11:34:34 [http-nio-8888-exec-7] INFO  o.s.c.c.s.e.NativeEnvironmentRepository - Adding property source: Config resource 'file [/tmp/config-repo-18419545791518962319/config-client.yml]' via location 'file:/tmp/config-repo-18419545791518962319/'
2021-08-23 11:40:27 [background-preinit] INFO  o.h.validator.internal.util.Version - HV000001: Hibernate Validator 6.2.0.Final
2021-08-23 11:40:27 [main] INFO  c.m.demo.config.server.ConfigServer - Starting ConfigServer using Java 11.0.12 on mathleyneutron with PID 17149 (/home/mathleyneutron/Documents/Java/Microservices/microservices-demo/config-server/target/classes started by mathleyneutron in /home/mathleyneutron/Documents/Java/Microservices/microservices-demo)
2021-08-23 11:40:27 [main] INFO  c.m.demo.config.server.ConfigServer - No active profile set, falling back to default profiles: default
2021-08-23 11:40:28 [main] INFO  o.s.cloud.context.scope.GenericScope - BeanFactory id=17454470-01fd-3dd3-94c5-c5c5c6213728
2021-08-23 11:40:28 [main] INFO  o.s.b.w.e.tomcat.TomcatWebServer - Tomcat initialized with port(s): 8888 (http)
2021-08-23 11:40:28 [main] INFO  o.a.coyote.http11.Http11NioProtocol - Initializing ProtocolHandler ["http-nio-8888"]
2021-08-23 11:40:28 [main] INFO  o.a.catalina.core.StandardService - Starting service [Tomcat]
2021-08-23 11:40:28 [main] INFO  o.a.catalina.core.StandardEngine - Starting Servlet engine: [Apache Tomcat/9.0.48]
2021-08-23 11:40:28 [main] INFO  o.a.c.c.C.[Tomcat].[localhost].[/] - Initializing Spring embedded WebApplicationContext
2021-08-23 11:40:28 [main] INFO  o.s.b.w.s.c.ServletWebServerApplicationContext - Root WebApplicationContext: initialization completed in 870 ms
2021-08-23 11:40:29 [main] INFO  o.s.s.web.DefaultSecurityFilterChain - Will secure Ant [pattern='/actuator/**'] with []
2021-08-23 11:40:29 [main] INFO  o.s.s.web.DefaultSecurityFilterChain - Will secure Ant [pattern='/encrypt/**'] with []
2021-08-23 11:40:29 [main] INFO  o.s.s.web.DefaultSecurityFilterChain - Will secure Ant [pattern='/decrypt/**'] with []
2021-08-23 11:40:29 [main] INFO  o.s.s.web.DefaultSecurityFilterChain - Will secure any request with [org.springframework.security.web.context.request.async.WebAsyncManagerIntegrationFilter@637c840d, org.springframework.security.web.context.SecurityContextPersistenceFilter@447fa959, org.springframework.security.web.header.HeaderWriterFilter@4a62062a, org.springframework.security.web.csrf.CsrfFilter@7c950b3b, org.springframework.security.web.authentication.logout.LogoutFilter@2c6c302f, org.springframework.security.web.authentication.UsernamePasswordAuthenticationFilter@24134cbc, org.springframework.security.web.authentication.ui.DefaultLoginPageGeneratingFilter@24fba488, org.springframework.security.web.authentication.ui.DefaultLogoutPageGeneratingFilter@51ac12ac, org.springframework.security.web.authentication.www.BasicAuthenticationFilter@76396509, org.springframework.security.web.savedrequest.RequestCacheAwareFilter@73f6e07, org.springframework.security.web.servletapi.SecurityContextHolderAwareRequestFilter@1eca3ea7, org.springframework.security.web.authentication.AnonymousAuthenticationFilter@463afa6e, org.springframework.security.web.session.SessionManagementFilter@53dd42d6, org.springframework.security.web.access.ExceptionTranslationFilter@183fc2fa, org.springframework.security.web.access.intercept.FilterSecurityInterceptor@2a0b901c]
2021-08-23 11:40:30 [main] INFO  o.s.cloud.commons.util.InetUtils - Cannot determine local hostname
2021-08-23 11:40:35 [main] INFO  o.a.coyote.http11.Http11NioProtocol - Starting ProtocolHandler ["http-nio-8888"]
2021-08-23 11:40:35 [main] INFO  o.s.b.w.e.tomcat.TomcatWebServer - Tomcat started on port(s): 8888 (http) with context path ''
2021-08-23 11:40:36 [main] INFO  o.s.cloud.commons.util.InetUtils - Cannot determine local hostname
2021-08-23 11:40:36 [main] INFO  c.m.demo.config.server.ConfigServer - Started ConfigServer in 10.046 seconds (JVM running for 20.776)
2021-08-23 11:40:48 [http-nio-8888-exec-1] INFO  o.a.c.c.C.[Tomcat].[localhost].[/] - Initializing Spring DispatcherServlet 'dispatcherServlet'
2021-08-23 11:40:48 [http-nio-8888-exec-1] INFO  o.s.web.servlet.DispatcherServlet - Initializing Servlet 'dispatcherServlet'
2021-08-23 11:40:48 [http-nio-8888-exec-1] INFO  o.s.web.servlet.DispatcherServlet - Completed initialization in 1 ms
2021-08-23 11:40:50 [http-nio-8888-exec-1] INFO  o.s.c.c.s.e.NativeEnvironmentRepository - Adding property source: Config resource 'file [/tmp/config-repo-11258090356081840734/config-client-elastic_query.yml]' via location 'file:/tmp/config-repo-11258090356081840734/'
2021-08-23 11:40:50 [http-nio-8888-exec-1] INFO  o.s.c.c.s.e.NativeEnvironmentRepository - Adding property source: Config resource 'file [/tmp/config-repo-11258090356081840734/config-client.yml]' via location 'file:/tmp/config-repo-11258090356081840734/'
2021-08-23 11:41:32 [http-nio-8888-exec-2] INFO  o.s.c.c.s.e.NativeEnvironmentRepository - Adding property source: Config resource 'file [/tmp/config-repo-11258090356081840734/config-client-elastic_query_web.yml]' via location 'file:/tmp/config-repo-11258090356081840734/'
2021-08-23 11:41:32 [http-nio-8888-exec-2] INFO  o.s.c.c.s.e.NativeEnvironmentRepository - Adding property source: Config resource 'file [/tmp/config-repo-11258090356081840734/config-client.yml]' via location 'file:/tmp/config-repo-11258090356081840734/'
2021-08-23 11:43:51 [http-nio-8888-exec-5] INFO  o.s.c.c.s.e.NativeEnvironmentRepository - Adding property source: Config resource 'file [/tmp/config-repo-11258090356081840734/config-client-elastic_query_web.yml]' via location 'file:/tmp/config-repo-11258090356081840734/'
2021-08-23 11:43:51 [http-nio-8888-exec-5] INFO  o.s.c.c.s.e.NativeEnvironmentRepository - Adding property source: Config resource 'file [/tmp/config-repo-11258090356081840734/config-client.yml]' via location 'file:/tmp/config-repo-11258090356081840734/'
2021-08-23 11:46:50 [http-nio-8888-exec-7] INFO  o.s.c.c.s.e.NativeEnvironmentRepository - Adding property source: Config resource 'file [/tmp/config-repo-11258090356081840734/config-client-elastic_query_web.yml]' via location 'file:/tmp/config-repo-11258090356081840734/'
2021-08-23 11:46:50 [http-nio-8888-exec-7] INFO  o.s.c.c.s.e.NativeEnvironmentRepository - Adding property source: Config resource 'file [/tmp/config-repo-11258090356081840734/config-client.yml]' via location 'file:/tmp/config-repo-11258090356081840734/'
2021-08-23 11:56:28 [http-nio-8888-exec-9] INFO  o.s.c.c.s.e.NativeEnvironmentRepository - Adding property source: Config resource 'file [/tmp/config-repo-11258090356081840734/config-client-elastic_query_web.yml]' via location 'file:/tmp/config-repo-11258090356081840734/'
2021-08-23 11:56:28 [http-nio-8888-exec-9] INFO  o.s.c.c.s.e.NativeEnvironmentRepository - Adding property source: Config resource 'file [/tmp/config-repo-11258090356081840734/config-client.yml]' via location 'file:/tmp/config-repo-11258090356081840734/'
2021-08-23 12:39:31 [main] INFO  c.m.demo.config.server.ConfigServer - Starting ConfigServer using Java 11.0.12 on mathleyneutron with PID 22746 (/home/mathleyneutron/Documents/Java/Microservices/microservices-demo/config-server/target/classes started by mathleyneutron in /home/mathleyneutron/Documents/Java/Microservices/microservices-demo)
2021-08-23 12:39:31 [main] INFO  c.m.demo.config.server.ConfigServer - No active profile set, falling back to default profiles: default
2021-08-23 12:39:31 [background-preinit] INFO  o.h.validator.internal.util.Version - HV000001: Hibernate Validator 6.2.0.Final
2021-08-23 12:39:33 [main] INFO  o.s.cloud.context.scope.GenericScope - BeanFactory id=17454470-01fd-3dd3-94c5-c5c5c6213728
2021-08-23 12:39:34 [main] INFO  o.s.b.w.e.tomcat.TomcatWebServer - Tomcat initialized with port(s): 8888 (http)
2021-08-23 12:39:34 [main] INFO  o.a.coyote.http11.Http11NioProtocol - Initializing ProtocolHandler ["http-nio-8888"]
2021-08-23 12:39:34 [main] INFO  o.a.catalina.core.StandardService - Starting service [Tomcat]
2021-08-23 12:39:34 [main] INFO  o.a.catalina.core.StandardEngine - Starting Servlet engine: [Apache Tomcat/9.0.48]
2021-08-23 12:39:34 [main] INFO  o.a.c.c.C.[Tomcat].[localhost].[/] - Initializing Spring embedded WebApplicationContext
2021-08-23 12:39:34 [main] INFO  o.s.b.w.s.c.ServletWebServerApplicationContext - Root WebApplicationContext: initialization completed in 2166 ms
2021-08-23 12:39:34 [main] INFO  o.s.s.web.DefaultSecurityFilterChain - Will secure Ant [pattern='/actuator/**'] with []
2021-08-23 12:39:34 [main] INFO  o.s.s.web.DefaultSecurityFilterChain - Will secure Ant [pattern='/encrypt/**'] with []
2021-08-23 12:39:34 [main] INFO  o.s.s.web.DefaultSecurityFilterChain - Will secure Ant [pattern='/decrypt/**'] with []
2021-08-23 12:39:34 [main] INFO  o.s.s.web.DefaultSecurityFilterChain - Will secure any request with [org.springframework.security.web.context.request.async.WebAsyncManagerIntegrationFilter@3b0d3a63, org.springframework.security.web.context.SecurityContextPersistenceFilter@36224f93, org.springframework.security.web.header.HeaderWriterFilter@2478b629, org.springframework.security.web.csrf.CsrfFilter@48bc2fce, org.springframework.security.web.authentication.logout.LogoutFilter@2871ac91, org.springframework.security.web.authentication.UsernamePasswordAuthenticationFilter@7d30007d, org.springframework.security.web.authentication.ui.DefaultLoginPageGeneratingFilter@1a1f79ce, org.springframework.security.web.authentication.ui.DefaultLogoutPageGeneratingFilter@50598a1a, org.springframework.security.web.authentication.www.BasicAuthenticationFilter@67b61834, org.springframework.security.web.savedrequest.RequestCacheAwareFilter@52a7928a, org.springframework.security.web.servletapi.SecurityContextHolderAwareRequestFilter@30f28b5, org.springframework.security.web.authentication.AnonymousAuthenticationFilter@14de1901, org.springframework.security.web.session.SessionManagementFilter@1a2ac487, org.springframework.security.web.access.ExceptionTranslationFilter@9e02f84, org.springframework.security.web.access.intercept.FilterSecurityInterceptor@256bb5be]
2021-08-23 12:39:36 [main] INFO  o.s.cloud.commons.util.InetUtils - Cannot determine local hostname
2021-08-23 12:39:39 [main] INFO  o.a.coyote.http11.Http11NioProtocol - Starting ProtocolHandler ["http-nio-8888"]
2021-08-23 12:39:39 [main] INFO  o.s.b.w.e.tomcat.TomcatWebServer - Tomcat started on port(s): 8888 (http) with context path ''
2021-08-23 12:39:40 [main] INFO  o.s.cloud.commons.util.InetUtils - Cannot determine local hostname
2021-08-23 12:39:40 [main] INFO  c.m.demo.config.server.ConfigServer - Started ConfigServer in 9.275 seconds (JVM running for 21.136)
2021-08-23 12:40:06 [http-nio-8888-exec-1] INFO  o.a.c.c.C.[Tomcat].[localhost].[/] - Initializing Spring DispatcherServlet 'dispatcherServlet'
2021-08-23 12:40:06 [http-nio-8888-exec-1] INFO  o.s.web.servlet.DispatcherServlet - Initializing Servlet 'dispatcherServlet'
2021-08-23 12:40:06 [http-nio-8888-exec-1] INFO  o.s.web.servlet.DispatcherServlet - Completed initialization in 1 ms
2021-08-23 12:40:09 [http-nio-8888-exec-1] INFO  o.s.c.c.s.e.NativeEnvironmentRepository - Adding property source: Config resource 'file [/tmp/config-repo-1353609766388066789/config-client-elastic_query.yml]' via location 'file:/tmp/config-repo-1353609766388066789/'
2021-08-23 12:40:09 [http-nio-8888-exec-1] INFO  o.s.c.c.s.e.NativeEnvironmentRepository - Adding property source: Config resource 'file [/tmp/config-repo-1353609766388066789/config-client.yml]' via location 'file:/tmp/config-repo-1353609766388066789/'
2021-08-23 12:40:33 [http-nio-8888-exec-2] INFO  o.s.c.c.s.e.NativeEnvironmentRepository - Adding property source: Config resource 'file [/tmp/config-repo-1353609766388066789/config-client-elastic_query_web.yml]' via location 'file:/tmp/config-repo-1353609766388066789/'
2021-08-23 12:40:33 [http-nio-8888-exec-2] INFO  o.s.c.c.s.e.NativeEnvironmentRepository - Adding property source: Config resource 'file [/tmp/config-repo-1353609766388066789/config-client.yml]' via location 'file:/tmp/config-repo-1353609766388066789/'
2021-08-23 12:45:56 [http-nio-8888-exec-5] INFO  o.s.c.c.s.e.NativeEnvironmentRepository - Adding property source: Config resource 'file [/tmp/config-repo-1353609766388066789/config-client-elastic_query.yml]' via location 'file:/tmp/config-repo-1353609766388066789/'
2021-08-23 12:45:56 [http-nio-8888-exec-5] INFO  o.s.c.c.s.e.NativeEnvironmentRepository - Adding property source: Config resource 'file [/tmp/config-repo-1353609766388066789/config-client.yml]' via location 'file:/tmp/config-repo-1353609766388066789/'
2021-08-23 12:46:54 [http-nio-8888-exec-6] INFO  o.s.c.c.s.e.NativeEnvironmentRepository - Adding property source: Config resource 'file [/tmp/config-repo-1353609766388066789/config-client-elastic_query_web.yml]' via location 'file:/tmp/config-repo-1353609766388066789/'
2021-08-23 12:46:54 [http-nio-8888-exec-6] INFO  o.s.c.c.s.e.NativeEnvironmentRepository - Adding property source: Config resource 'file [/tmp/config-repo-1353609766388066789/config-client.yml]' via location 'file:/tmp/config-repo-1353609766388066789/'
2021-08-23 23:03:23 [main] INFO  c.m.demo.config.server.ConfigServer - Starting ConfigServer using Java 11.0.12 on mathleyneutron with PID 301101 (/home/mathleyneutron/Documents/Java/Microservices/microservices-demo/config-server/target/classes started by mathleyneutron in /home/mathleyneutron/Documents/Java/Microservices/microservices-demo)
2021-08-23 23:03:23 [main] INFO  c.m.demo.config.server.ConfigServer - No active profile set, falling back to default profiles: default
2021-08-23 23:03:23 [background-preinit] INFO  o.h.validator.internal.util.Version - HV000001: Hibernate Validator 6.2.0.Final
2021-08-23 23:03:25 [main] INFO  o.s.cloud.context.scope.GenericScope - BeanFactory id=17454470-01fd-3dd3-94c5-c5c5c6213728
2021-08-23 23:03:26 [main] INFO  o.s.b.w.e.tomcat.TomcatWebServer - Tomcat initialized with port(s): 8888 (http)
2021-08-23 23:03:26 [main] INFO  o.a.coyote.http11.Http11NioProtocol - Initializing ProtocolHandler ["http-nio-8888"]
2021-08-23 23:03:26 [main] INFO  o.a.catalina.core.StandardService - Starting service [Tomcat]
2021-08-23 23:03:26 [main] INFO  o.a.catalina.core.StandardEngine - Starting Servlet engine: [Apache Tomcat/9.0.48]
2021-08-23 23:03:26 [main] INFO  o.a.c.c.C.[Tomcat].[localhost].[/] - Initializing Spring embedded WebApplicationContext
2021-08-23 23:03:26 [main] INFO  o.s.b.w.s.c.ServletWebServerApplicationContext - Root WebApplicationContext: initialization completed in 2750 ms
2021-08-23 23:03:27 [main] INFO  o.s.s.web.DefaultSecurityFilterChain - Will secure Ant [pattern='/actuator/**'] with []
2021-08-23 23:03:27 [main] INFO  o.s.s.web.DefaultSecurityFilterChain - Will secure Ant [pattern='/encrypt/**'] with []
2021-08-23 23:03:27 [main] INFO  o.s.s.web.DefaultSecurityFilterChain - Will secure Ant [pattern='/decrypt/**'] with []
2021-08-23 23:03:27 [main] INFO  o.s.s.web.DefaultSecurityFilterChain - Will secure any request with [org.springframework.security.web.context.request.async.WebAsyncManagerIntegrationFilter@14de1901, org.springframework.security.web.context.SecurityContextPersistenceFilter@52a7928a, org.springframework.security.web.header.HeaderWriterFilter@1a2ac487, org.springframework.security.web.csrf.CsrfFilter@24fba488, org.springframework.security.web.authentication.logout.LogoutFilter@6d69a0d3, org.springframework.security.web.authentication.UsernamePasswordAuthenticationFilter@2ca54da9, org.springframework.security.web.authentication.ui.DefaultLoginPageGeneratingFilter@52abed9d, org.springframework.security.web.authentication.ui.DefaultLogoutPageGeneratingFilter@437ed416, org.springframework.security.web.authentication.www.BasicAuthenticationFilter@50598a1a, org.springframework.security.web.savedrequest.RequestCacheAwareFilter@72465eb2, org.springframework.security.web.servletapi.SecurityContextHolderAwareRequestFilter@6aa7e176, org.springframework.security.web.authentication.AnonymousAuthenticationFilter@11f23038, org.springframework.security.web.session.SessionManagementFilter@36224f93, org.springframework.security.web.access.ExceptionTranslationFilter@7e49ded, org.springframework.security.web.access.intercept.FilterSecurityInterceptor@2e6d76ba]
2021-08-23 23:03:28 [main] INFO  o.s.cloud.commons.util.InetUtils - Cannot determine local hostname
2021-08-23 23:03:40 [main] INFO  o.a.coyote.http11.Http11NioProtocol - Starting ProtocolHandler ["http-nio-8888"]
2021-08-23 23:03:41 [main] INFO  o.s.b.w.e.tomcat.TomcatWebServer - Tomcat started on port(s): 8888 (http) with context path ''
2021-08-23 23:03:42 [main] INFO  o.s.cloud.commons.util.InetUtils - Cannot determine local hostname
2021-08-23 23:03:42 [main] INFO  c.m.demo.config.server.ConfigServer - Started ConfigServer in 20.862 seconds (JVM running for 23.011)
2021-08-23 23:04:01 [http-nio-8888-exec-1] INFO  o.a.c.c.C.[Tomcat].[localhost].[/] - Initializing Spring DispatcherServlet 'dispatcherServlet'
2021-08-23 23:04:01 [http-nio-8888-exec-1] INFO  o.s.web.servlet.DispatcherServlet - Initializing Servlet 'dispatcherServlet'
2021-08-23 23:04:01 [http-nio-8888-exec-1] INFO  o.s.web.servlet.DispatcherServlet - Completed initialization in 1 ms
2021-08-23 23:04:06 [http-nio-8888-exec-1] INFO  o.s.c.c.s.e.NativeEnvironmentRepository - Adding property source: Config resource 'file [/tmp/config-repo-12093262081562721097/config-client-elastic_query.yml]' via location 'file:/tmp/config-repo-12093262081562721097/'
2021-08-23 23:04:06 [http-nio-8888-exec-1] INFO  o.s.c.c.s.e.NativeEnvironmentRepository - Adding property source: Config resource 'file [/tmp/config-repo-12093262081562721097/config-client.yml]' via location 'file:/tmp/config-repo-12093262081562721097/'
2021-08-23 23:06:19 [http-nio-8888-exec-3] INFO  o.s.c.c.s.e.NativeEnvironmentRepository - Adding property source: Config resource 'file [/tmp/config-repo-12093262081562721097/config-client-elastic_query_web.yml]' via location 'file:/tmp/config-repo-12093262081562721097/'
2021-08-23 23:06:19 [http-nio-8888-exec-3] INFO  o.s.c.c.s.e.NativeEnvironmentRepository - Adding property source: Config resource 'file [/tmp/config-repo-12093262081562721097/config-client.yml]' via location 'file:/tmp/config-repo-12093262081562721097/'
2021-08-23 23:37:52 [background-preinit] INFO  o.h.validator.internal.util.Version - HV000001: Hibernate Validator 6.2.0.Final
2021-08-23 23:37:52 [main] INFO  c.m.demo.config.server.ConfigServer - Starting ConfigServer using Java 11.0.12 on mathleyneutron with PID 314892 (/home/mathleyneutron/Documents/Java/Microservices/microservices-demo/config-server/target/classes started by mathleyneutron in /home/mathleyneutron/Documents/Java/Microservices/microservices-demo)
2021-08-23 23:37:52 [main] INFO  c.m.demo.config.server.ConfigServer - No active profile set, falling back to default profiles: default
2021-08-23 23:37:53 [main] INFO  o.s.cloud.context.scope.GenericScope - BeanFactory id=17454470-01fd-3dd3-94c5-c5c5c6213728
2021-08-23 23:37:53 [main] INFO  o.s.b.w.e.tomcat.TomcatWebServer - Tomcat initialized with port(s): 8888 (http)
2021-08-23 23:37:53 [main] INFO  o.a.coyote.http11.Http11NioProtocol - Initializing ProtocolHandler ["http-nio-8888"]
2021-08-23 23:37:53 [main] INFO  o.a.catalina.core.StandardService - Starting service [Tomcat]
2021-08-23 23:37:53 [main] INFO  o.a.catalina.core.StandardEngine - Starting Servlet engine: [Apache Tomcat/9.0.48]
2021-08-23 23:37:53 [main] INFO  o.a.c.c.C.[Tomcat].[localhost].[/] - Initializing Spring embedded WebApplicationContext
2021-08-23 23:37:53 [main] INFO  o.s.b.w.s.c.ServletWebServerApplicationContext - Root WebApplicationContext: initialization completed in 894 ms
2021-08-23 23:37:53 [main] INFO  o.s.s.web.DefaultSecurityFilterChain - Will secure Ant [pattern='/actuator/**'] with []
2021-08-23 23:37:53 [main] INFO  o.s.s.web.DefaultSecurityFilterChain - Will secure Ant [pattern='/encrypt/**'] with []
2021-08-23 23:37:53 [main] INFO  o.s.s.web.DefaultSecurityFilterChain - Will secure Ant [pattern='/decrypt/**'] with []
2021-08-23 23:37:53 [main] INFO  o.s.s.web.DefaultSecurityFilterChain - Will secure any request with [org.springframework.security.web.context.request.async.WebAsyncManagerIntegrationFilter@61394494, org.springframework.security.web.context.SecurityContextPersistenceFilter@2871ac91, org.springframework.security.web.header.HeaderWriterFilter@5b02a984, org.springframework.security.web.csrf.CsrfFilter@29d25e65, org.springframework.security.web.authentication.logout.LogoutFilter@526f6427, org.springframework.security.web.authentication.UsernamePasswordAuthenticationFilter@6a09484c, org.springframework.security.web.authentication.ui.DefaultLoginPageGeneratingFilter@2a8dd942, org.springframework.security.web.authentication.ui.DefaultLogoutPageGeneratingFilter@578a5ce8, org.springframework.security.web.authentication.www.BasicAuthenticationFilter@5657967b, org.springframework.security.web.savedrequest.RequestCacheAwareFilter@6d69a0d3, org.springframework.security.web.servletapi.SecurityContextHolderAwareRequestFilter@1e226bcd, org.springframework.security.web.authentication.AnonymousAuthenticationFilter@7c453c34, org.springframework.security.web.session.SessionManagementFilter@391d1e33, org.springframework.security.web.access.ExceptionTranslationFilter@76216830, org.springframework.security.web.access.intercept.FilterSecurityInterceptor@6de7778f]
2021-08-23 23:37:54 [main] INFO  o.s.cloud.commons.util.InetUtils - Cannot determine local hostname
2021-08-23 23:37:58 [main] INFO  o.a.coyote.http11.Http11NioProtocol - Starting ProtocolHandler ["http-nio-8888"]
2021-08-23 23:37:58 [main] INFO  o.s.b.w.e.tomcat.TomcatWebServer - Tomcat started on port(s): 8888 (http) with context path ''
2021-08-23 23:37:59 [main] INFO  o.s.cloud.commons.util.InetUtils - Cannot determine local hostname
2021-08-23 23:37:59 [main] INFO  c.m.demo.config.server.ConfigServer - Started ConfigServer in 8.316 seconds (JVM running for 9.592)
2021-08-23 23:38:04 [http-nio-8888-exec-1] INFO  o.a.c.c.C.[Tomcat].[localhost].[/] - Initializing Spring DispatcherServlet 'dispatcherServlet'
2021-08-23 23:38:04 [http-nio-8888-exec-1] INFO  o.s.web.servlet.DispatcherServlet - Initializing Servlet 'dispatcherServlet'
2021-08-23 23:38:04 [http-nio-8888-exec-1] INFO  o.s.web.servlet.DispatcherServlet - Completed initialization in 1 ms
2021-08-23 23:38:06 [http-nio-8888-exec-1] INFO  o.s.c.c.s.e.NativeEnvironmentRepository - Adding property source: Config resource 'file [/tmp/config-repo-1885353339193961639/config-client-elastic_query.yml]' via location 'file:/tmp/config-repo-1885353339193961639/'
2021-08-23 23:38:06 [http-nio-8888-exec-1] INFO  o.s.c.c.s.e.NativeEnvironmentRepository - Adding property source: Config resource 'file [/tmp/config-repo-1885353339193961639/config-client.yml]' via location 'file:/tmp/config-repo-1885353339193961639/'
2021-08-23 23:38:20 [http-nio-8888-exec-2] INFO  o.s.c.c.s.e.NativeEnvironmentRepository - Adding property source: Config resource 'file [/tmp/config-repo-1885353339193961639/config-client-elastic_query_web.yml]' via location 'file:/tmp/config-repo-1885353339193961639/'
2021-08-23 23:38:20 [http-nio-8888-exec-2] INFO  o.s.c.c.s.e.NativeEnvironmentRepository - Adding property source: Config resource 'file [/tmp/config-repo-1885353339193961639/config-client.yml]' via location 'file:/tmp/config-repo-1885353339193961639/'
2021-08-23 23:38:38 [http-nio-8888-exec-3] INFO  o.s.c.c.s.e.NativeEnvironmentRepository - Adding property source: Config resource 'file [/tmp/config-repo-1885353339193961639/config-client-elastic_query_web_2.yml]' via location 'file:/tmp/config-repo-1885353339193961639/'
2021-08-23 23:38:38 [http-nio-8888-exec-3] INFO  o.s.c.c.s.e.NativeEnvironmentRepository - Adding property source: Config resource 'file [/tmp/config-repo-1885353339193961639/config-client.yml]' via location 'file:/tmp/config-repo-1885353339193961639/'
2021-08-23 23:45:45 [http-nio-8888-exec-7] INFO  o.s.c.c.s.e.NativeEnvironmentRepository - Adding property source: Config resource 'file [/tmp/config-repo-1885353339193961639/config-client-elastic_query_web.yml]' via location 'file:/tmp/config-repo-1885353339193961639/'
2021-08-23 23:45:45 [http-nio-8888-exec-7] INFO  o.s.c.c.s.e.NativeEnvironmentRepository - Adding property source: Config resource 'file [/tmp/config-repo-1885353339193961639/config-client.yml]' via location 'file:/tmp/config-repo-1885353339193961639/'
2021-08-23 23:45:50 [http-nio-8888-exec-8] INFO  o.s.c.c.s.e.NativeEnvironmentRepository - Adding property source: Config resource 'file [/tmp/config-repo-1885353339193961639/config-client-elastic_query_web_2.yml]' via location 'file:/tmp/config-repo-1885353339193961639/'
2021-08-23 23:45:50 [http-nio-8888-exec-8] INFO  o.s.c.c.s.e.NativeEnvironmentRepository - Adding property source: Config resource 'file [/tmp/config-repo-1885353339193961639/config-client.yml]' via location 'file:/tmp/config-repo-1885353339193961639/'
2021-08-23 23:52:11 [http-nio-8888-exec-1] INFO  o.s.c.c.s.e.NativeEnvironmentRepository - Adding property source: Config resource 'file [/tmp/config-repo-1885353339193961639/config-client-elastic_query_web.yml]' via location 'file:/tmp/config-repo-1885353339193961639/'
2021-08-23 23:52:11 [http-nio-8888-exec-1] INFO  o.s.c.c.s.e.NativeEnvironmentRepository - Adding property source: Config resource 'file [/tmp/config-repo-1885353339193961639/config-client.yml]' via location 'file:/tmp/config-repo-1885353339193961639/'
2021-08-23 23:52:16 [http-nio-8888-exec-2] INFO  o.s.c.c.s.e.NativeEnvironmentRepository - Adding property source: Config resource 'file [/tmp/config-repo-1885353339193961639/config-client-elastic_query_web_2.yml]' via location 'file:/tmp/config-repo-1885353339193961639/'
2021-08-23 23:52:16 [http-nio-8888-exec-2] INFO  o.s.c.c.s.e.NativeEnvironmentRepository - Adding property source: Config resource 'file [/tmp/config-repo-1885353339193961639/config-client.yml]' via location 'file:/tmp/config-repo-1885353339193961639/'
2021-08-23 23:56:56 [http-nio-8888-exec-5] INFO  o.s.c.c.s.e.NativeEnvironmentRepository - Adding property source: Config resource 'file [/tmp/config-repo-1885353339193961639/config-client-elastic_query_web.yml]' via location 'file:/tmp/config-repo-1885353339193961639/'
2021-08-23 23:56:56 [http-nio-8888-exec-5] INFO  o.s.c.c.s.e.NativeEnvironmentRepository - Adding property source: Config resource 'file [/tmp/config-repo-1885353339193961639/config-client.yml]' via location 'file:/tmp/config-repo-1885353339193961639/'
2021-08-23 23:56:59 [http-nio-8888-exec-6] INFO  o.s.c.c.s.e.NativeEnvironmentRepository - Adding property source: Config resource 'file [/tmp/config-repo-1885353339193961639/config-client-elastic_query_web_2.yml]' via location 'file:/tmp/config-repo-1885353339193961639/'
2021-08-23 23:56:59 [http-nio-8888-exec-6] INFO  o.s.c.c.s.e.NativeEnvironmentRepository - Adding property source: Config resource 'file [/tmp/config-repo-1885353339193961639/config-client.yml]' via location 'file:/tmp/config-repo-1885353339193961639/'
