2021-08-25 01:39:15 [background-preinit] INFO  o.h.validator.internal.util.Version - HV000001: Hibernate Validator 6.2.0.Final
2021-08-25 01:39:15 [main] INFO  c.m.demo.config.server.ConfigServer - Starting ConfigServer using Java 11.0.12 on mathleyneutron with PID 198165 (/home/mathleyneutron/Documents/Java/Microservices/microservices-demo/config-server/target/classes started by mathleyneutron in /home/mathleyneutron/Documents/Java/Microservices/microservices-demo)
2021-08-25 01:39:15 [main] INFO  c.m.demo.config.server.ConfigServer - No active profile set, falling back to default profiles: default
2021-08-25 01:39:15 [main] INFO  o.s.cloud.context.scope.GenericScope - BeanFactory id=17454470-01fd-3dd3-94c5-c5c5c6213728
2021-08-25 01:39:16 [main] INFO  o.s.b.w.e.tomcat.TomcatWebServer - Tomcat initialized with port(s): 8888 (http)
2021-08-25 01:39:16 [main] INFO  o.a.coyote.http11.Http11NioProtocol - Initializing ProtocolHandler ["http-nio-8888"]
2021-08-25 01:39:16 [main] INFO  o.a.catalina.core.StandardService - Starting service [Tomcat]
2021-08-25 01:39:16 [main] INFO  o.a.catalina.core.StandardEngine - Starting Servlet engine: [Apache Tomcat/9.0.48]
2021-08-25 01:39:16 [main] INFO  o.a.c.c.C.[Tomcat].[localhost].[/] - Initializing Spring embedded WebApplicationContext
2021-08-25 01:39:16 [main] INFO  o.s.b.w.s.c.ServletWebServerApplicationContext - Root WebApplicationContext: initialization completed in 1051 ms
2021-08-25 01:39:16 [main] INFO  o.s.s.web.DefaultSecurityFilterChain - Will secure Ant [pattern='/actuator/**'] with []
2021-08-25 01:39:16 [main] INFO  o.s.s.web.DefaultSecurityFilterChain - Will secure Ant [pattern='/encrypt/**'] with []
2021-08-25 01:39:16 [main] INFO  o.s.s.web.DefaultSecurityFilterChain - Will secure Ant [pattern='/decrypt/**'] with []
2021-08-25 01:39:16 [main] INFO  o.s.s.web.DefaultSecurityFilterChain - Will secure any request with [org.springframework.security.web.context.request.async.WebAsyncManagerIntegrationFilter@61359e87, org.springframework.security.web.context.SecurityContextPersistenceFilter@75882261, org.springframework.security.web.header.HeaderWriterFilter@3fde2209, org.springframework.security.web.csrf.CsrfFilter@52abed9d, org.springframework.security.web.authentication.logout.LogoutFilter@2a0b901c, org.springframework.security.web.authentication.UsernamePasswordAuthenticationFilter@7558633, org.springframework.security.web.authentication.ui.DefaultLoginPageGeneratingFilter@16cf8438, org.springframework.security.web.authentication.ui.DefaultLogoutPageGeneratingFilter@2dc39b53, org.springframework.security.web.authentication.www.BasicAuthenticationFilter@71936a92, org.springframework.security.web.savedrequest.RequestCacheAwareFilter@615efd1c, org.springframework.security.web.servletapi.SecurityContextHolderAwareRequestFilter@372f0a99, org.springframework.security.web.authentication.AnonymousAuthenticationFilter@45037e16, org.springframework.security.web.session.SessionManagementFilter@67acfde9, org.springframework.security.web.access.ExceptionTranslationFilter@3c54ddec, org.springframework.security.web.access.intercept.FilterSecurityInterceptor@285a4fe3]
2021-08-25 01:39:17 [main] INFO  o.s.cloud.commons.util.InetUtils - Cannot determine local hostname
2021-08-25 01:39:21 [main] INFO  o.a.coyote.http11.Http11NioProtocol - Starting ProtocolHandler ["http-nio-8888"]
2021-08-25 01:39:22 [main] INFO  o.s.b.w.e.tomcat.TomcatWebServer - Tomcat started on port(s): 8888 (http) with context path ''
2021-08-25 01:39:23 [main] INFO  o.s.cloud.commons.util.InetUtils - Cannot determine local hostname
2021-08-25 01:39:23 [main] INFO  c.m.demo.config.server.ConfigServer - Started ConfigServer in 9.282 seconds (JVM running for 10.248)
2021-08-25 01:39:43 [http-nio-8888-exec-1] INFO  o.a.c.c.C.[Tomcat].[localhost].[/] - Initializing Spring DispatcherServlet 'dispatcherServlet'
2021-08-25 01:39:43 [http-nio-8888-exec-1] INFO  o.s.web.servlet.DispatcherServlet - Initializing Servlet 'dispatcherServlet'
2021-08-25 01:39:43 [http-nio-8888-exec-1] INFO  o.s.web.servlet.DispatcherServlet - Completed initialization in 1 ms
2021-08-25 01:39:45 [http-nio-8888-exec-1] INFO  o.s.c.c.s.e.NativeEnvironmentRepository - Adding property source: Config resource 'file [/tmp/config-repo-5645959031463743011/config-client-elastic_query.yml]' via location 'file:/tmp/config-repo-5645959031463743011/'
2021-08-25 01:39:45 [http-nio-8888-exec-1] INFO  o.s.c.c.s.e.NativeEnvironmentRepository - Adding property source: Config resource 'file [/tmp/config-repo-5645959031463743011/config-client.yml]' via location 'file:/tmp/config-repo-5645959031463743011/'
2021-08-25 01:40:34 [http-nio-8888-exec-2] INFO  o.s.c.c.s.e.NativeEnvironmentRepository - Adding property source: Config resource 'file [/tmp/config-repo-5645959031463743011/config-client-elastic_query_web.yml]' via location 'file:/tmp/config-repo-5645959031463743011/'
2021-08-25 01:40:34 [http-nio-8888-exec-2] INFO  o.s.c.c.s.e.NativeEnvironmentRepository - Adding property source: Config resource 'file [/tmp/config-repo-5645959031463743011/config-client.yml]' via location 'file:/tmp/config-repo-5645959031463743011/'
2021-08-25 01:47:44 [http-nio-8888-exec-5] INFO  o.s.c.c.s.e.NativeEnvironmentRepository - Adding property source: Config resource 'file [/tmp/config-repo-5645959031463743011/config-client-elastic_query_web.yml]' via location 'file:/tmp/config-repo-5645959031463743011/'
2021-08-25 01:47:44 [http-nio-8888-exec-5] INFO  o.s.c.c.s.e.NativeEnvironmentRepository - Adding property source: Config resource 'file [/tmp/config-repo-5645959031463743011/config-client.yml]' via location 'file:/tmp/config-repo-5645959031463743011/'
2021-08-25 01:52:59 [http-nio-8888-exec-7] WARN  o.s.c.c.s.e.MultipleJGitEnvironmentRepository - Could not fetch remote for main remote: https://github.com/OnceUponATimeMathley/spring-cloud-config-server-repository-3
2021-08-25 01:52:59 [http-nio-8888-exec-7] INFO  o.s.c.c.s.e.NativeEnvironmentRepository - Adding property source: Config resource 'file [/tmp/config-repo-5645959031463743011/config-client-elastic_query_web.yml]' via location 'file:/tmp/config-repo-5645959031463743011/'
2021-08-25 01:52:59 [http-nio-8888-exec-7] INFO  o.s.c.c.s.e.NativeEnvironmentRepository - Adding property source: Config resource 'file [/tmp/config-repo-5645959031463743011/config-client.yml]' via location 'file:/tmp/config-repo-5645959031463743011/'
2021-08-25 01:56:56 [http-nio-8888-exec-9] INFO  o.s.c.c.s.e.NativeEnvironmentRepository - Adding property source: Config resource 'file [/tmp/config-repo-5645959031463743011/config-client-elastic_query_web.yml]' via location 'file:/tmp/config-repo-5645959031463743011/'
2021-08-25 01:56:56 [http-nio-8888-exec-9] INFO  o.s.c.c.s.e.NativeEnvironmentRepository - Adding property source: Config resource 'file [/tmp/config-repo-5645959031463743011/config-client.yml]' via location 'file:/tmp/config-repo-5645959031463743011/'
2021-08-25 02:02:50 [http-nio-8888-exec-1] INFO  o.s.c.c.s.e.NativeEnvironmentRepository - Adding property source: Config resource 'file [/tmp/config-repo-5645959031463743011/config-client-elastic_query_web.yml]' via location 'file:/tmp/config-repo-5645959031463743011/'
2021-08-25 02:02:50 [http-nio-8888-exec-1] INFO  o.s.c.c.s.e.NativeEnvironmentRepository - Adding property source: Config resource 'file [/tmp/config-repo-5645959031463743011/config-client.yml]' via location 'file:/tmp/config-repo-5645959031463743011/'
2021-08-25 10:49:38 [background-preinit] INFO  o.h.validator.internal.util.Version - HV000001: Hibernate Validator 6.2.0.Final
2021-08-25 10:49:38 [main] INFO  c.m.demo.config.server.ConfigServer - Starting ConfigServer using Java 11.0.12 on mathleyneutron with PID 8291 (/home/mathleyneutron/Documents/Java/Microservices/microservices-demo/config-server/target/classes started by mathleyneutron in /home/mathleyneutron/Documents/Java/Microservices/microservices-demo)
2021-08-25 10:49:38 [main] INFO  c.m.demo.config.server.ConfigServer - No active profile set, falling back to default profiles: default
2021-08-25 10:49:41 [main] INFO  o.s.cloud.context.scope.GenericScope - BeanFactory id=17454470-01fd-3dd3-94c5-c5c5c6213728
2021-08-25 10:49:41 [main] INFO  o.s.b.w.e.tomcat.TomcatWebServer - Tomcat initialized with port(s): 8888 (http)
2021-08-25 10:49:41 [main] INFO  o.a.coyote.http11.Http11NioProtocol - Initializing ProtocolHandler ["http-nio-8888"]
2021-08-25 10:49:41 [main] INFO  o.a.catalina.core.StandardService - Starting service [Tomcat]
2021-08-25 10:49:41 [main] INFO  o.a.catalina.core.StandardEngine - Starting Servlet engine: [Apache Tomcat/9.0.48]
2021-08-25 10:49:42 [main] INFO  o.a.c.c.C.[Tomcat].[localhost].[/] - Initializing Spring embedded WebApplicationContext
2021-08-25 10:49:42 [main] INFO  o.s.b.w.s.c.ServletWebServerApplicationContext - Root WebApplicationContext: initialization completed in 3444 ms
2021-08-25 10:49:43 [main] INFO  o.s.s.web.DefaultSecurityFilterChain - Will secure Ant [pattern='/actuator/**'] with []
2021-08-25 10:49:43 [main] INFO  o.s.s.web.DefaultSecurityFilterChain - Will secure Ant [pattern='/encrypt/**'] with []
2021-08-25 10:49:43 [main] INFO  o.s.s.web.DefaultSecurityFilterChain - Will secure Ant [pattern='/decrypt/**'] with []
2021-08-25 10:49:43 [main] INFO  o.s.s.web.DefaultSecurityFilterChain - Will secure any request with [org.springframework.security.web.context.request.async.WebAsyncManagerIntegrationFilter@752b69e3, org.springframework.security.web.context.SecurityContextPersistenceFilter@3c7b137a, org.springframework.security.web.header.HeaderWriterFilter@7a65c995, org.springframework.security.web.csrf.CsrfFilter@560271a1, org.springframework.security.web.authentication.logout.LogoutFilter@5b1c32e4, org.springframework.security.web.authentication.UsernamePasswordAuthenticationFilter@3e5beab5, org.springframework.security.web.authentication.ui.DefaultLoginPageGeneratingFilter@3a11c0eb, org.springframework.security.web.authentication.ui.DefaultLogoutPageGeneratingFilter@15605d83, org.springframework.security.web.authentication.www.BasicAuthenticationFilter@6ddd1c51, org.springframework.security.web.savedrequest.RequestCacheAwareFilter@5a48da4f, org.springframework.security.web.servletapi.SecurityContextHolderAwareRequestFilter@183fc2fa, org.springframework.security.web.authentication.AnonymousAuthenticationFilter@1fb2eec, org.springframework.security.web.session.SessionManagementFilter@3af10d0b, org.springframework.security.web.access.ExceptionTranslationFilter@4be490da, org.springframework.security.web.access.intercept.FilterSecurityInterceptor@48cd319d]
2021-08-25 10:49:44 [main] INFO  o.s.cloud.commons.util.InetUtils - Cannot determine local hostname
2021-08-25 10:49:52 [main] INFO  o.a.coyote.http11.Http11NioProtocol - Starting ProtocolHandler ["http-nio-8888"]
2021-08-25 10:49:52 [main] INFO  o.s.b.w.e.tomcat.TomcatWebServer - Tomcat started on port(s): 8888 (http) with context path ''
2021-08-25 10:49:53 [main] INFO  o.s.cloud.commons.util.InetUtils - Cannot determine local hostname
2021-08-25 10:49:53 [main] INFO  c.m.demo.config.server.ConfigServer - Started ConfigServer in 17.645 seconds (JVM running for 20.484)
2021-08-25 10:50:02 [http-nio-8888-exec-2] INFO  o.a.c.c.C.[Tomcat].[localhost].[/] - Initializing Spring DispatcherServlet 'dispatcherServlet'
2021-08-25 10:50:02 [http-nio-8888-exec-2] INFO  o.s.web.servlet.DispatcherServlet - Initializing Servlet 'dispatcherServlet'
2021-08-25 10:50:02 [http-nio-8888-exec-2] INFO  o.s.web.servlet.DispatcherServlet - Completed initialization in 0 ms
2021-08-25 10:50:06 [http-nio-8888-exec-2] INFO  o.s.c.c.s.e.NativeEnvironmentRepository - Adding property source: Config resource 'file [/tmp/config-repo-8132119060389685216/config-client-elastic_query.yml]' via location 'file:/tmp/config-repo-8132119060389685216/'
2021-08-25 10:50:06 [http-nio-8888-exec-2] INFO  o.s.c.c.s.e.NativeEnvironmentRepository - Adding property source: Config resource 'file [/tmp/config-repo-8132119060389685216/config-client.yml]' via location 'file:/tmp/config-repo-8132119060389685216/'
2021-08-25 10:50:45 [http-nio-8888-exec-3] INFO  o.s.c.c.s.e.NativeEnvironmentRepository - Adding property source: Config resource 'file [/tmp/config-repo-8132119060389685216/config-client-elastic_query.yml]' via location 'file:/tmp/config-repo-8132119060389685216/'
2021-08-25 10:50:45 [http-nio-8888-exec-3] INFO  o.s.c.c.s.e.NativeEnvironmentRepository - Adding property source: Config resource 'file [/tmp/config-repo-8132119060389685216/config-client.yml]' via location 'file:/tmp/config-repo-8132119060389685216/'
2021-08-25 11:09:11 [main] INFO  c.m.demo.config.server.ConfigServer - Starting ConfigServer using Java 11.0.12 on mathleyneutron with PID 23103 (/home/mathleyneutron/Documents/Java/Microservices/microservices-demo/config-server/target/classes started by mathleyneutron in /home/mathleyneutron/Documents/Java/Microservices/microservices-demo)
2021-08-25 11:09:11 [background-preinit] INFO  o.h.validator.internal.util.Version - HV000001: Hibernate Validator 6.2.0.Final
2021-08-25 11:09:11 [main] INFO  c.m.demo.config.server.ConfigServer - No active profile set, falling back to default profiles: default
2021-08-25 11:09:13 [main] INFO  o.s.cloud.context.scope.GenericScope - BeanFactory id=17454470-01fd-3dd3-94c5-c5c5c6213728
2021-08-25 11:09:14 [main] INFO  o.s.b.w.e.tomcat.TomcatWebServer - Tomcat initialized with port(s): 8888 (http)
2021-08-25 11:09:14 [main] INFO  o.a.coyote.http11.Http11NioProtocol - Initializing ProtocolHandler ["http-nio-8888"]
2021-08-25 11:09:14 [main] INFO  o.a.catalina.core.StandardService - Starting service [Tomcat]
2021-08-25 11:09:14 [main] INFO  o.a.catalina.core.StandardEngine - Starting Servlet engine: [Apache Tomcat/9.0.48]
2021-08-25 11:09:14 [main] INFO  o.a.c.c.C.[Tomcat].[localhost].[/] - Initializing Spring embedded WebApplicationContext
2021-08-25 11:09:14 [main] INFO  o.s.b.w.s.c.ServletWebServerApplicationContext - Root WebApplicationContext: initialization completed in 2316 ms
2021-08-25 11:09:15 [main] INFO  o.s.s.web.DefaultSecurityFilterChain - Will secure Ant [pattern='/actuator/**'] with []
2021-08-25 11:09:15 [main] INFO  o.s.s.web.DefaultSecurityFilterChain - Will secure Ant [pattern='/encrypt/**'] with []
2021-08-25 11:09:15 [main] INFO  o.s.s.web.DefaultSecurityFilterChain - Will secure Ant [pattern='/decrypt/**'] with []
2021-08-25 11:09:15 [main] INFO  o.s.s.web.DefaultSecurityFilterChain - Will secure any request with [org.springframework.security.web.context.request.async.WebAsyncManagerIntegrationFilter@37c7766e, org.springframework.security.web.context.SecurityContextPersistenceFilter@65da01f4, org.springframework.security.web.header.HeaderWriterFilter@6544899b, org.springframework.security.web.csrf.CsrfFilter@372f0a99, org.springframework.security.web.authentication.logout.LogoutFilter@5fef0c19, org.springframework.security.web.authentication.UsernamePasswordAuthenticationFilter@46f73ffa, org.springframework.security.web.authentication.ui.DefaultLoginPageGeneratingFilter@7b96de8d, org.springframework.security.web.authentication.ui.DefaultLogoutPageGeneratingFilter@3fb450d7, org.springframework.security.web.authentication.www.BasicAuthenticationFilter@8641b7d, org.springframework.security.web.savedrequest.RequestCacheAwareFilter@7c8874ef, org.springframework.security.web.servletapi.SecurityContextHolderAwareRequestFilter@463afa6e, org.springframework.security.web.authentication.AnonymousAuthenticationFilter@4b7ed03e, org.springframework.security.web.session.SessionManagementFilter@1bd8afc8, org.springframework.security.web.access.ExceptionTranslationFilter@1fb2eec, org.springframework.security.web.access.intercept.FilterSecurityInterceptor@48d739f]
2021-08-25 11:09:16 [main] INFO  o.s.cloud.commons.util.InetUtils - Cannot determine local hostname
2021-08-25 11:09:19 [main] INFO  o.a.coyote.http11.Http11NioProtocol - Starting ProtocolHandler ["http-nio-8888"]
2021-08-25 11:09:19 [main] INFO  o.s.b.w.e.tomcat.TomcatWebServer - Tomcat started on port(s): 8888 (http) with context path ''
2021-08-25 11:09:20 [main] INFO  o.s.cloud.commons.util.InetUtils - Cannot determine local hostname
2021-08-25 11:09:20 [main] INFO  c.m.demo.config.server.ConfigServer - Started ConfigServer in 10.768 seconds (JVM running for 12.452)
2021-08-25 11:09:41 [http-nio-8888-exec-1] INFO  o.a.c.c.C.[Tomcat].[localhost].[/] - Initializing Spring DispatcherServlet 'dispatcherServlet'
2021-08-25 11:09:41 [http-nio-8888-exec-1] INFO  o.s.web.servlet.DispatcherServlet - Initializing Servlet 'dispatcherServlet'
2021-08-25 11:09:41 [http-nio-8888-exec-1] INFO  o.s.web.servlet.DispatcherServlet - Completed initialization in 0 ms
2021-08-25 11:09:43 [http-nio-8888-exec-1] INFO  o.s.c.c.s.e.NativeEnvironmentRepository - Adding property source: Config resource 'file [/tmp/config-repo-17674563449649735188/config-client-elastic_query.yml]' via location 'file:/tmp/config-repo-17674563449649735188/'
2021-08-25 11:09:43 [http-nio-8888-exec-1] INFO  o.s.c.c.s.e.NativeEnvironmentRepository - Adding property source: Config resource 'file [/tmp/config-repo-17674563449649735188/config-client.yml]' via location 'file:/tmp/config-repo-17674563449649735188/'
2021-08-25 11:10:10 [http-nio-8888-exec-2] INFO  o.s.c.c.s.e.NativeEnvironmentRepository - Adding property source: Config resource 'file [/tmp/config-repo-17674563449649735188/config-client-elastic_query_web_2.yml]' via location 'file:/tmp/config-repo-17674563449649735188/'
2021-08-25 11:10:10 [http-nio-8888-exec-2] INFO  o.s.c.c.s.e.NativeEnvironmentRepository - Adding property source: Config resource 'file [/tmp/config-repo-17674563449649735188/config-client.yml]' via location 'file:/tmp/config-repo-17674563449649735188/'
2021-08-25 11:13:30 [http-nio-8888-exec-5] INFO  o.s.c.c.s.e.NativeEnvironmentRepository - Adding property source: Config resource 'file [/tmp/config-repo-17674563449649735188/config-client-elastic_query_web_2.yml]' via location 'file:/tmp/config-repo-17674563449649735188/'
2021-08-25 11:13:30 [http-nio-8888-exec-5] INFO  o.s.c.c.s.e.NativeEnvironmentRepository - Adding property source: Config resource 'file [/tmp/config-repo-17674563449649735188/config-client.yml]' via location 'file:/tmp/config-repo-17674563449649735188/'
2021-08-25 11:38:14 [background-preinit] INFO  o.h.validator.internal.util.Version - HV000001: Hibernate Validator 6.2.0.Final
2021-08-25 11:38:14 [main] INFO  c.m.demo.config.server.ConfigServer - Starting ConfigServer using Java 11.0.12 on mathleyneutron with PID 43995 (/home/mathleyneutron/Documents/Java/Microservices/microservices-demo/config-server/target/classes started by mathleyneutron in /home/mathleyneutron/Documents/Java/Microservices/microservices-demo)
2021-08-25 11:38:14 [main] INFO  c.m.demo.config.server.ConfigServer - No active profile set, falling back to default profiles: default
2021-08-25 11:38:15 [main] INFO  o.s.cloud.context.scope.GenericScope - BeanFactory id=17454470-01fd-3dd3-94c5-c5c5c6213728
2021-08-25 11:38:15 [main] INFO  o.s.b.w.e.tomcat.TomcatWebServer - Tomcat initialized with port(s): 8888 (http)
2021-08-25 11:38:16 [main] INFO  o.a.coyote.http11.Http11NioProtocol - Initializing ProtocolHandler ["http-nio-8888"]
2021-08-25 11:38:16 [main] INFO  o.a.catalina.core.StandardService - Starting service [Tomcat]
2021-08-25 11:38:16 [main] INFO  o.a.catalina.core.StandardEngine - Starting Servlet engine: [Apache Tomcat/9.0.48]
2021-08-25 11:38:16 [main] INFO  o.a.c.c.C.[Tomcat].[localhost].[/] - Initializing Spring embedded WebApplicationContext
2021-08-25 11:38:16 [main] INFO  o.s.b.w.s.c.ServletWebServerApplicationContext - Root WebApplicationContext: initialization completed in 1831 ms
2021-08-25 11:38:16 [main] INFO  o.s.s.web.DefaultSecurityFilterChain - Will secure Ant [pattern='/actuator/**'] with []
2021-08-25 11:38:16 [main] INFO  o.s.s.web.DefaultSecurityFilterChain - Will secure Ant [pattern='/encrypt/**'] with []
2021-08-25 11:38:16 [main] INFO  o.s.s.web.DefaultSecurityFilterChain - Will secure Ant [pattern='/decrypt/**'] with []
2021-08-25 11:38:16 [main] INFO  o.s.s.web.DefaultSecurityFilterChain - Will secure any request with [org.springframework.security.web.context.request.async.WebAsyncManagerIntegrationFilter@50ec4bfc, org.springframework.security.web.context.SecurityContextPersistenceFilter@601d6622, org.springframework.security.web.header.HeaderWriterFilter@281b2dfd, org.springframework.security.web.csrf.CsrfFilter@39023dbf, org.springframework.security.web.authentication.logout.LogoutFilter@4ef18604, org.springframework.security.web.authentication.UsernamePasswordAuthenticationFilter@6a567f7b, org.springframework.security.web.authentication.ui.DefaultLoginPageGeneratingFilter@257f30f7, org.springframework.security.web.authentication.ui.DefaultLogoutPageGeneratingFilter@8b13d91, org.springframework.security.web.authentication.www.BasicAuthenticationFilter@34c7232c, org.springframework.security.web.savedrequest.RequestCacheAwareFilter@7aded903, org.springframework.security.web.servletapi.SecurityContextHolderAwareRequestFilter@4f114b, org.springframework.security.web.authentication.AnonymousAuthenticationFilter@285a4fe3, org.springframework.security.web.session.SessionManagementFilter@1cd2143b, org.springframework.security.web.access.ExceptionTranslationFilter@30f28b5, org.springframework.security.web.access.intercept.FilterSecurityInterceptor@11f23038]
2021-08-25 11:38:17 [main] INFO  o.s.cloud.commons.util.InetUtils - Cannot determine local hostname
2021-08-25 11:38:20 [main] INFO  o.a.coyote.http11.Http11NioProtocol - Starting ProtocolHandler ["http-nio-8888"]
2021-08-25 11:38:20 [main] INFO  o.s.b.w.e.tomcat.TomcatWebServer - Tomcat started on port(s): 8888 (http) with context path ''
2021-08-25 11:38:21 [main] INFO  o.s.cloud.commons.util.InetUtils - Cannot determine local hostname
2021-08-25 11:38:21 [main] INFO  c.m.demo.config.server.ConfigServer - Started ConfigServer in 9.232 seconds (JVM running for 10.459)
2021-08-25 11:38:31 [http-nio-8888-exec-1] INFO  o.a.c.c.C.[Tomcat].[localhost].[/] - Initializing Spring DispatcherServlet 'dispatcherServlet'
2021-08-25 11:38:31 [http-nio-8888-exec-1] INFO  o.s.web.servlet.DispatcherServlet - Initializing Servlet 'dispatcherServlet'
2021-08-25 11:38:31 [http-nio-8888-exec-1] INFO  o.s.web.servlet.DispatcherServlet - Completed initialization in 1 ms
2021-08-25 11:38:33 [http-nio-8888-exec-1] INFO  o.s.c.c.s.e.NativeEnvironmentRepository - Adding property source: Config resource 'file [/tmp/config-repo-7946652079895338615/config-client-twitter_to_kafka.yml]' via location 'file:/tmp/config-repo-7946652079895338615/'
2021-08-25 11:38:33 [http-nio-8888-exec-1] INFO  o.s.c.c.s.e.NativeEnvironmentRepository - Adding property source: Config resource 'file [/tmp/config-repo-7946652079895338615/config-client.yml]' via location 'file:/tmp/config-repo-7946652079895338615/'
2021-08-25 11:38:44 [http-nio-8888-exec-2] INFO  o.s.c.c.s.e.NativeEnvironmentRepository - Adding property source: Config resource 'file [/tmp/config-repo-7946652079895338615/config-client-kafka_streams.yml]' via location 'file:/tmp/config-repo-7946652079895338615/'
2021-08-25 11:38:44 [http-nio-8888-exec-2] INFO  o.s.c.c.s.e.NativeEnvironmentRepository - Adding property source: Config resource 'file [/tmp/config-repo-7946652079895338615/config-client.yml]' via location 'file:/tmp/config-repo-7946652079895338615/'
2021-08-25 11:44:45 [background-preinit] INFO  o.h.validator.internal.util.Version - HV000001: Hibernate Validator 6.2.0.Final
2021-08-25 11:44:45 [main] INFO  c.m.demo.config.server.ConfigServer - Starting ConfigServer using Java 11.0.12 on mathleyneutron with PID 48474 (/home/mathleyneutron/Documents/Java/Microservices/microservices-demo/config-server/target/classes started by mathleyneutron in /home/mathleyneutron/Documents/Java/Microservices/microservices-demo)
2021-08-25 11:44:45 [main] INFO  c.m.demo.config.server.ConfigServer - No active profile set, falling back to default profiles: default
2021-08-25 11:44:47 [main] INFO  o.s.cloud.context.scope.GenericScope - BeanFactory id=17454470-01fd-3dd3-94c5-c5c5c6213728
2021-08-25 11:44:48 [main] INFO  o.s.b.w.e.tomcat.TomcatWebServer - Tomcat initialized with port(s): 8888 (http)
2021-08-25 11:44:48 [main] INFO  o.a.coyote.http11.Http11NioProtocol - Initializing ProtocolHandler ["http-nio-8888"]
2021-08-25 11:44:48 [main] INFO  o.a.catalina.core.StandardService - Starting service [Tomcat]
2021-08-25 11:44:48 [main] INFO  o.a.catalina.core.StandardEngine - Starting Servlet engine: [Apache Tomcat/9.0.48]
2021-08-25 11:44:48 [main] INFO  o.a.c.c.C.[Tomcat].[localhost].[/] - Initializing Spring embedded WebApplicationContext
2021-08-25 11:44:48 [main] INFO  o.s.b.w.s.c.ServletWebServerApplicationContext - Root WebApplicationContext: initialization completed in 2778 ms
2021-08-25 11:44:49 [main] INFO  o.s.s.web.DefaultSecurityFilterChain - Will secure Ant [pattern='/actuator/**'] with []
2021-08-25 11:44:49 [main] INFO  o.s.s.web.DefaultSecurityFilterChain - Will secure Ant [pattern='/encrypt/**'] with []
2021-08-25 11:44:49 [main] INFO  o.s.s.web.DefaultSecurityFilterChain - Will secure Ant [pattern='/decrypt/**'] with []
2021-08-25 11:44:49 [main] INFO  o.s.s.web.DefaultSecurityFilterChain - Will secure any request with [org.springframework.security.web.context.request.async.WebAsyncManagerIntegrationFilter@512abf25, org.springframework.security.web.context.SecurityContextPersistenceFilter@48bc2fce, org.springframework.security.web.header.HeaderWriterFilter@7d66e544, org.springframework.security.web.csrf.CsrfFilter@4d354a3e, org.springframework.security.web.authentication.logout.LogoutFilter@29d25e65, org.springframework.security.web.authentication.UsernamePasswordAuthenticationFilter@637c840d, org.springframework.security.web.authentication.ui.DefaultLoginPageGeneratingFilter@1e40fbb3, org.springframework.security.web.authentication.ui.DefaultLogoutPageGeneratingFilter@515ab3f2, org.springframework.security.web.authentication.www.BasicAuthenticationFilter@5438fa43, org.springframework.security.web.savedrequest.RequestCacheAwareFilter@24fba488, org.springframework.security.web.servletapi.SecurityContextHolderAwareRequestFilter@6d5f4900, org.springframework.security.web.authentication.AnonymousAuthenticationFilter@6d0e45a5, org.springframework.security.web.session.SessionManagementFilter@5b1c32e4, org.springframework.security.web.access.ExceptionTranslationFilter@2c9d90fc, org.springframework.security.web.access.intercept.FilterSecurityInterceptor@543fe698]
2021-08-25 11:44:50 [main] INFO  o.s.cloud.commons.util.InetUtils - Cannot determine local hostname
2021-08-25 11:44:55 [main] INFO  o.a.coyote.http11.Http11NioProtocol - Starting ProtocolHandler ["http-nio-8888"]
2021-08-25 11:44:55 [main] INFO  o.s.b.w.e.tomcat.TomcatWebServer - Tomcat started on port(s): 8888 (http) with context path ''
2021-08-25 11:44:56 [main] INFO  o.s.cloud.commons.util.InetUtils - Cannot determine local hostname
2021-08-25 11:44:56 [main] INFO  c.m.demo.config.server.ConfigServer - Started ConfigServer in 13.796 seconds (JVM running for 16.26)
2021-08-25 11:45:10 [http-nio-8888-exec-1] INFO  o.a.c.c.C.[Tomcat].[localhost].[/] - Initializing Spring DispatcherServlet 'dispatcherServlet'
2021-08-25 11:45:10 [http-nio-8888-exec-1] INFO  o.s.web.servlet.DispatcherServlet - Initializing Servlet 'dispatcherServlet'
2021-08-25 11:45:10 [http-nio-8888-exec-1] INFO  o.s.web.servlet.DispatcherServlet - Completed initialization in 1 ms
2021-08-25 11:45:12 [http-nio-8888-exec-1] INFO  o.s.c.c.s.e.NativeEnvironmentRepository - Adding property source: Config resource 'file [/tmp/config-repo-5784970731236444255/config-client-elastic_query.yml]' via location 'file:/tmp/config-repo-5784970731236444255/'
2021-08-25 11:45:12 [http-nio-8888-exec-1] INFO  o.s.c.c.s.e.NativeEnvironmentRepository - Adding property source: Config resource 'file [/tmp/config-repo-5784970731236444255/config-client.yml]' via location 'file:/tmp/config-repo-5784970731236444255/'
2021-08-25 11:45:43 [http-nio-8888-exec-2] INFO  o.s.c.c.s.e.NativeEnvironmentRepository - Adding property source: Config resource 'file [/tmp/config-repo-5784970731236444255/config-client-elastic_query_web.yml]' via location 'file:/tmp/config-repo-5784970731236444255/'
2021-08-25 11:45:43 [http-nio-8888-exec-2] INFO  o.s.c.c.s.e.NativeEnvironmentRepository - Adding property source: Config resource 'file [/tmp/config-repo-5784970731236444255/config-client.yml]' via location 'file:/tmp/config-repo-5784970731236444255/'
2021-08-25 11:59:04 [background-preinit] INFO  o.h.validator.internal.util.Version - HV000001: Hibernate Validator 6.2.0.Final
2021-08-25 11:59:04 [main] INFO  c.m.demo.config.server.ConfigServer - Starting ConfigServer using Java 11.0.12 on mathleyneutron with PID 52629 (/home/mathleyneutron/Documents/Java/Microservices/microservices-demo/config-server/target/classes started by mathleyneutron in /home/mathleyneutron/Documents/Java/Microservices/microservices-demo)
2021-08-25 11:59:04 [main] INFO  c.m.demo.config.server.ConfigServer - No active profile set, falling back to default profiles: default
2021-08-25 11:59:05 [main] INFO  o.s.cloud.context.scope.GenericScope - BeanFactory id=17454470-01fd-3dd3-94c5-c5c5c6213728
2021-08-25 11:59:05 [main] INFO  o.s.b.w.e.tomcat.TomcatWebServer - Tomcat initialized with port(s): 8888 (http)
2021-08-25 11:59:05 [main] INFO  o.a.coyote.http11.Http11NioProtocol - Initializing ProtocolHandler ["http-nio-8888"]
2021-08-25 11:59:05 [main] INFO  o.a.catalina.core.StandardService - Starting service [Tomcat]
2021-08-25 11:59:05 [main] INFO  o.a.catalina.core.StandardEngine - Starting Servlet engine: [Apache Tomcat/9.0.48]
2021-08-25 11:59:05 [main] INFO  o.a.c.c.C.[Tomcat].[localhost].[/] - Initializing Spring embedded WebApplicationContext
2021-08-25 11:59:05 [main] INFO  o.s.b.w.s.c.ServletWebServerApplicationContext - Root WebApplicationContext: initialization completed in 843 ms
2021-08-25 11:59:05 [main] INFO  o.s.s.web.DefaultSecurityFilterChain - Will secure Ant [pattern='/actuator/**'] with []
2021-08-25 11:59:05 [main] INFO  o.s.s.web.DefaultSecurityFilterChain - Will secure Ant [pattern='/encrypt/**'] with []
2021-08-25 11:59:05 [main] INFO  o.s.s.web.DefaultSecurityFilterChain - Will secure Ant [pattern='/decrypt/**'] with []
2021-08-25 11:59:05 [main] INFO  o.s.s.web.DefaultSecurityFilterChain - Will secure any request with [org.springframework.security.web.context.request.async.WebAsyncManagerIntegrationFilter@2f2e4bde, org.springframework.security.web.context.SecurityContextPersistenceFilter@1e226bcd, org.springframework.security.web.header.HeaderWriterFilter@3b088163, org.springframework.security.web.csrf.CsrfFilter@1cd2143b, org.springframework.security.web.authentication.logout.LogoutFilter@6da54910, org.springframework.security.web.authentication.UsernamePasswordAuthenticationFilter@578a5ce8, org.springframework.security.web.authentication.ui.DefaultLoginPageGeneratingFilter@33ec2c0c, org.springframework.security.web.authentication.ui.DefaultLogoutPageGeneratingFilter@6222391a, org.springframework.security.web.authentication.www.BasicAuthenticationFilter@45037e16, org.springframework.security.web.savedrequest.RequestCacheAwareFilter@2322e56f, org.springframework.security.web.servletapi.SecurityContextHolderAwareRequestFilter@7c588adc, org.springframework.security.web.authentication.AnonymousAuthenticationFilter@538a2f0e, org.springframework.security.web.session.SessionManagementFilter@611d0763, org.springframework.security.web.access.ExceptionTranslationFilter@257f30f7, org.springframework.security.web.access.intercept.FilterSecurityInterceptor@16d431b4]
2021-08-25 11:59:06 [main] INFO  o.s.cloud.commons.util.InetUtils - Cannot determine local hostname
2021-08-25 11:59:09 [main] INFO  o.a.coyote.http11.Http11NioProtocol - Starting ProtocolHandler ["http-nio-8888"]
2021-08-25 11:59:09 [main] INFO  o.s.b.w.e.tomcat.TomcatWebServer - Tomcat started on port(s): 8888 (http) with context path ''
2021-08-25 11:59:10 [main] INFO  o.s.cloud.commons.util.InetUtils - Cannot determine local hostname
2021-08-25 11:59:10 [main] INFO  c.m.demo.config.server.ConfigServer - Started ConfigServer in 7.291 seconds (JVM running for 8.259)
2021-08-25 11:59:25 [http-nio-8888-exec-1] INFO  o.a.c.c.C.[Tomcat].[localhost].[/] - Initializing Spring DispatcherServlet 'dispatcherServlet'
2021-08-25 11:59:25 [http-nio-8888-exec-1] INFO  o.s.web.servlet.DispatcherServlet - Initializing Servlet 'dispatcherServlet'
2021-08-25 11:59:25 [http-nio-8888-exec-1] INFO  o.s.web.servlet.DispatcherServlet - Completed initialization in 1 ms
2021-08-25 11:59:26 [http-nio-8888-exec-1] INFO  o.s.c.c.s.e.NativeEnvironmentRepository - Adding property source: Config resource 'file [/tmp/config-repo-14996739877289669927/config-client-elastic_query.yml]' via location 'file:/tmp/config-repo-14996739877289669927/'
2021-08-25 11:59:26 [http-nio-8888-exec-1] INFO  o.s.c.c.s.e.NativeEnvironmentRepository - Adding property source: Config resource 'file [/tmp/config-repo-14996739877289669927/config-client.yml]' via location 'file:/tmp/config-repo-14996739877289669927/'
2021-08-25 11:59:39 [http-nio-8888-exec-2] INFO  o.s.c.c.s.e.NativeEnvironmentRepository - Adding property source: Config resource 'file [/tmp/config-repo-14996739877289669927/config-client-elastic_query_web.yml]' via location 'file:/tmp/config-repo-14996739877289669927/'
2021-08-25 11:59:39 [http-nio-8888-exec-2] INFO  o.s.c.c.s.e.NativeEnvironmentRepository - Adding property source: Config resource 'file [/tmp/config-repo-14996739877289669927/config-client.yml]' via location 'file:/tmp/config-repo-14996739877289669927/'
2021-08-25 12:00:23 [http-nio-8888-exec-3] INFO  o.s.c.c.s.e.NativeEnvironmentRepository - Adding property source: Config resource 'file [/tmp/config-repo-14996739877289669927/config-client-elastic_query_web_2.yml]' via location 'file:/tmp/config-repo-14996739877289669927/'
2021-08-25 12:00:23 [http-nio-8888-exec-3] INFO  o.s.c.c.s.e.NativeEnvironmentRepository - Adding property source: Config resource 'file [/tmp/config-repo-14996739877289669927/config-client.yml]' via location 'file:/tmp/config-repo-14996739877289669927/'
2021-08-25 12:54:50 [background-preinit] INFO  o.h.validator.internal.util.Version - HV000001: Hibernate Validator 6.2.0.Final
2021-08-25 12:54:50 [main] INFO  c.m.demo.config.server.ConfigServer - Starting ConfigServer using Java 11.0.12 on mathleyneutron with PID 79616 (/home/mathleyneutron/Documents/Java/Microservices/microservices-demo/config-server/target/classes started by mathleyneutron in /home/mathleyneutron/Documents/Java/Microservices/microservices-demo)
2021-08-25 12:54:50 [main] INFO  c.m.demo.config.server.ConfigServer - No active profile set, falling back to default profiles: default
2021-08-25 12:54:51 [main] INFO  o.s.cloud.context.scope.GenericScope - BeanFactory id=17454470-01fd-3dd3-94c5-c5c5c6213728
2021-08-25 12:54:51 [main] INFO  o.s.b.w.e.tomcat.TomcatWebServer - Tomcat initialized with port(s): 8888 (http)
2021-08-25 12:54:51 [main] INFO  o.a.coyote.http11.Http11NioProtocol - Initializing ProtocolHandler ["http-nio-8888"]
2021-08-25 12:54:51 [main] INFO  o.a.catalina.core.StandardService - Starting service [Tomcat]
2021-08-25 12:54:51 [main] INFO  o.a.catalina.core.StandardEngine - Starting Servlet engine: [Apache Tomcat/9.0.48]
2021-08-25 12:54:51 [main] INFO  o.a.c.c.C.[Tomcat].[localhost].[/] - Initializing Spring embedded WebApplicationContext
2021-08-25 12:54:51 [main] INFO  o.s.b.w.s.c.ServletWebServerApplicationContext - Root WebApplicationContext: initialization completed in 1310 ms
2021-08-25 12:54:51 [main] INFO  o.s.s.web.DefaultSecurityFilterChain - Will secure Ant [pattern='/actuator/**'] with []
2021-08-25 12:54:51 [main] INFO  o.s.s.web.DefaultSecurityFilterChain - Will secure Ant [pattern='/encrypt/**'] with []
2021-08-25 12:54:51 [main] INFO  o.s.s.web.DefaultSecurityFilterChain - Will secure Ant [pattern='/decrypt/**'] with []
2021-08-25 12:54:52 [main] INFO  o.s.s.web.DefaultSecurityFilterChain - Will secure any request with [org.springframework.security.web.context.request.async.WebAsyncManagerIntegrationFilter@3b0d3a63, org.springframework.security.web.context.SecurityContextPersistenceFilter@36224f93, org.springframework.security.web.header.HeaderWriterFilter@2478b629, org.springframework.security.web.csrf.CsrfFilter@48bc2fce, org.springframework.security.web.authentication.logout.LogoutFilter@2871ac91, org.springframework.security.web.authentication.UsernamePasswordAuthenticationFilter@7d30007d, org.springframework.security.web.authentication.ui.DefaultLoginPageGeneratingFilter@1a1f79ce, org.springframework.security.web.authentication.ui.DefaultLogoutPageGeneratingFilter@50598a1a, org.springframework.security.web.authentication.www.BasicAuthenticationFilter@67b61834, org.springframework.security.web.savedrequest.RequestCacheAwareFilter@52a7928a, org.springframework.security.web.servletapi.SecurityContextHolderAwareRequestFilter@30f28b5, org.springframework.security.web.authentication.AnonymousAuthenticationFilter@14de1901, org.springframework.security.web.session.SessionManagementFilter@1a2ac487, org.springframework.security.web.access.ExceptionTranslationFilter@9e02f84, org.springframework.security.web.access.intercept.FilterSecurityInterceptor@256bb5be]
2021-08-25 12:54:53 [main] INFO  o.s.cloud.commons.util.InetUtils - Cannot determine local hostname
2021-08-25 12:54:56 [main] INFO  o.a.coyote.http11.Http11NioProtocol - Starting ProtocolHandler ["http-nio-8888"]
2021-08-25 12:54:56 [main] INFO  o.s.b.w.e.tomcat.TomcatWebServer - Tomcat started on port(s): 8888 (http) with context path ''
2021-08-25 12:54:57 [main] INFO  o.s.cloud.commons.util.InetUtils - Cannot determine local hostname
2021-08-25 12:54:57 [main] INFO  c.m.demo.config.server.ConfigServer - Started ConfigServer in 8.654 seconds (JVM running for 10.326)
2021-08-25 12:55:07 [http-nio-8888-exec-1] INFO  o.a.c.c.C.[Tomcat].[localhost].[/] - Initializing Spring DispatcherServlet 'dispatcherServlet'
2021-08-25 12:55:07 [http-nio-8888-exec-1] INFO  o.s.web.servlet.DispatcherServlet - Initializing Servlet 'dispatcherServlet'
2021-08-25 12:55:07 [http-nio-8888-exec-1] INFO  o.s.web.servlet.DispatcherServlet - Completed initialization in 1 ms
2021-08-25 12:55:09 [http-nio-8888-exec-1] INFO  o.s.c.c.s.e.NativeEnvironmentRepository - Adding property source: Config resource 'file [/tmp/config-repo-5415873567180247958/config-client-elastic_query.yml]' via location 'file:/tmp/config-repo-5415873567180247958/'
2021-08-25 12:55:09 [http-nio-8888-exec-1] INFO  o.s.c.c.s.e.NativeEnvironmentRepository - Adding property source: Config resource 'file [/tmp/config-repo-5415873567180247958/config-client.yml]' via location 'file:/tmp/config-repo-5415873567180247958/'
2021-08-25 12:56:19 [http-nio-8888-exec-3] INFO  o.s.c.c.s.e.NativeEnvironmentRepository - Adding property source: Config resource 'file [/tmp/config-repo-5415873567180247958/config-client-elastic_query_web.yml]' via location 'file:/tmp/config-repo-5415873567180247958/'
2021-08-25 12:56:19 [http-nio-8888-exec-3] INFO  o.s.c.c.s.e.NativeEnvironmentRepository - Adding property source: Config resource 'file [/tmp/config-repo-5415873567180247958/config-client.yml]' via location 'file:/tmp/config-repo-5415873567180247958/'
2021-08-25 13:30:26 [main] INFO  c.m.demo.config.server.ConfigServer - Starting ConfigServer using Java 11.0.12 on mathleyneutron with PID 93488 (/home/mathleyneutron/Documents/Java/Microservices/microservices-demo/config-server/target/classes started by mathleyneutron in /home/mathleyneutron/Documents/Java/Microservices/microservices-demo)
2021-08-25 13:30:26 [main] INFO  c.m.demo.config.server.ConfigServer - No active profile set, falling back to default profiles: default
2021-08-25 13:30:26 [background-preinit] INFO  o.h.validator.internal.util.Version - HV000001: Hibernate Validator 6.2.0.Final
2021-08-25 13:30:27 [main] INFO  o.s.cloud.context.scope.GenericScope - BeanFactory id=17454470-01fd-3dd3-94c5-c5c5c6213728
2021-08-25 13:30:27 [main] INFO  o.s.b.w.e.tomcat.TomcatWebServer - Tomcat initialized with port(s): 8888 (http)
2021-08-25 13:30:27 [main] INFO  o.a.coyote.http11.Http11NioProtocol - Initializing ProtocolHandler ["http-nio-8888"]
2021-08-25 13:30:27 [main] INFO  o.a.catalina.core.StandardService - Starting service [Tomcat]
2021-08-25 13:30:27 [main] INFO  o.a.catalina.core.StandardEngine - Starting Servlet engine: [Apache Tomcat/9.0.48]
2021-08-25 13:30:27 [main] INFO  o.a.c.c.C.[Tomcat].[localhost].[/] - Initializing Spring embedded WebApplicationContext
2021-08-25 13:30:27 [main] INFO  o.s.b.w.s.c.ServletWebServerApplicationContext - Root WebApplicationContext: initialization completed in 1314 ms
2021-08-25 13:30:28 [main] INFO  o.s.s.web.DefaultSecurityFilterChain - Will secure Ant [pattern='/actuator/**'] with []
2021-08-25 13:30:28 [main] INFO  o.s.s.web.DefaultSecurityFilterChain - Will secure Ant [pattern='/encrypt/**'] with []
2021-08-25 13:30:28 [main] INFO  o.s.s.web.DefaultSecurityFilterChain - Will secure Ant [pattern='/decrypt/**'] with []
2021-08-25 13:30:28 [main] INFO  o.s.s.web.DefaultSecurityFilterChain - Will secure any request with [org.springframework.security.web.context.request.async.WebAsyncManagerIntegrationFilter@41aebbb4, org.springframework.security.web.context.SecurityContextPersistenceFilter@752b69e3, org.springframework.security.web.header.HeaderWriterFilter@4f1afe8f, org.springframework.security.web.csrf.CsrfFilter@615efd1c, org.springframework.security.web.authentication.logout.LogoutFilter@62cbc478, org.springframework.security.web.authentication.UsernamePasswordAuthenticationFilter@20349058, org.springframework.security.web.authentication.ui.DefaultLoginPageGeneratingFilter@42c0a16e, org.springframework.security.web.authentication.ui.DefaultLogoutPageGeneratingFilter@afde064, org.springframework.security.web.authentication.www.BasicAuthenticationFilter@46f73ffa, org.springframework.security.web.savedrequest.RequestCacheAwareFilter@1fb2eec, org.springframework.security.web.servletapi.SecurityContextHolderAwareRequestFilter@7c8874ef, org.springframework.security.web.authentication.AnonymousAuthenticationFilter@5a592c70, org.springframework.security.web.session.SessionManagementFilter@443a06ad, org.springframework.security.web.access.ExceptionTranslationFilter@5968800d, org.springframework.security.web.access.intercept.FilterSecurityInterceptor@216372b7]
2021-08-25 13:30:29 [main] INFO  o.s.cloud.commons.util.InetUtils - Cannot determine local hostname
2021-08-25 13:30:33 [main] INFO  o.a.coyote.http11.Http11NioProtocol - Starting ProtocolHandler ["http-nio-8888"]
2021-08-25 13:30:33 [main] INFO  o.s.b.w.e.tomcat.TomcatWebServer - Tomcat started on port(s): 8888 (http) with context path ''
2021-08-25 13:30:34 [main] INFO  o.s.cloud.commons.util.InetUtils - Cannot determine local hostname
2021-08-25 13:30:34 [main] INFO  c.m.demo.config.server.ConfigServer - Started ConfigServer in 9.714 seconds (JVM running for 11.281)
2021-08-25 13:30:43 [http-nio-8888-exec-1] INFO  o.a.c.c.C.[Tomcat].[localhost].[/] - Initializing Spring DispatcherServlet 'dispatcherServlet'
2021-08-25 13:30:43 [http-nio-8888-exec-1] INFO  o.s.web.servlet.DispatcherServlet - Initializing Servlet 'dispatcherServlet'
2021-08-25 13:30:43 [http-nio-8888-exec-1] INFO  o.s.web.servlet.DispatcherServlet - Completed initialization in 1 ms
2021-08-25 13:30:47 [http-nio-8888-exec-1] INFO  o.s.c.c.s.e.NativeEnvironmentRepository - Adding property source: Config resource 'file [/tmp/config-repo-2074658432672318329/config-client-elastic_query.yml]' via location 'file:/tmp/config-repo-2074658432672318329/'
2021-08-25 13:30:47 [http-nio-8888-exec-1] INFO  o.s.c.c.s.e.NativeEnvironmentRepository - Adding property source: Config resource 'file [/tmp/config-repo-2074658432672318329/config-client.yml]' via location 'file:/tmp/config-repo-2074658432672318329/'
2021-08-25 13:31:05 [http-nio-8888-exec-3] INFO  o.s.c.c.s.e.NativeEnvironmentRepository - Adding property source: Config resource 'file [/tmp/config-repo-2074658432672318329/config-client-elastic_query.yml]' via location 'file:/tmp/config-repo-2074658432672318329/'
2021-08-25 13:31:05 [http-nio-8888-exec-3] INFO  o.s.c.c.s.e.NativeEnvironmentRepository - Adding property source: Config resource 'file [/tmp/config-repo-2074658432672318329/config-client.yml]' via location 'file:/tmp/config-repo-2074658432672318329/'
2021-08-25 13:32:01 [background-preinit] INFO  o.h.validator.internal.util.Version - HV000001: Hibernate Validator 6.2.0.Final
2021-08-25 13:32:01 [main] INFO  c.m.demo.config.server.ConfigServer - Starting ConfigServer using Java 11.0.12 on mathleyneutron with PID 94146 (/home/mathleyneutron/Documents/Java/Microservices/microservices-demo/config-server/target/classes started by mathleyneutron in /home/mathleyneutron/Documents/Java/Microservices/microservices-demo)
2021-08-25 13:32:01 [main] INFO  c.m.demo.config.server.ConfigServer - No active profile set, falling back to default profiles: default
2021-08-25 13:32:02 [main] INFO  o.s.cloud.context.scope.GenericScope - BeanFactory id=17454470-01fd-3dd3-94c5-c5c5c6213728
2021-08-25 13:32:02 [main] INFO  o.s.b.w.e.tomcat.TomcatWebServer - Tomcat initialized with port(s): 8888 (http)
2021-08-25 13:32:02 [main] INFO  o.a.coyote.http11.Http11NioProtocol - Initializing ProtocolHandler ["http-nio-8888"]
2021-08-25 13:32:02 [main] INFO  o.a.catalina.core.StandardService - Starting service [Tomcat]
2021-08-25 13:32:02 [main] INFO  o.a.catalina.core.StandardEngine - Starting Servlet engine: [Apache Tomcat/9.0.48]
2021-08-25 13:32:02 [main] INFO  o.a.c.c.C.[Tomcat].[localhost].[/] - Initializing Spring embedded WebApplicationContext
2021-08-25 13:32:02 [main] INFO  o.s.b.w.s.c.ServletWebServerApplicationContext - Root WebApplicationContext: initialization completed in 824 ms
2021-08-25 13:32:02 [main] INFO  o.s.s.web.DefaultSecurityFilterChain - Will secure Ant [pattern='/actuator/**'] with []
2021-08-25 13:32:02 [main] INFO  o.s.s.web.DefaultSecurityFilterChain - Will secure Ant [pattern='/encrypt/**'] with []
2021-08-25 13:32:02 [main] INFO  o.s.s.web.DefaultSecurityFilterChain - Will secure Ant [pattern='/decrypt/**'] with []
2021-08-25 13:32:02 [main] INFO  o.s.s.web.DefaultSecurityFilterChain - Will secure any request with [org.springframework.security.web.context.request.async.WebAsyncManagerIntegrationFilter@37606fee, org.springframework.security.web.context.SecurityContextPersistenceFilter@5968800d, org.springframework.security.web.header.HeaderWriterFilter@16cf8438, org.springframework.security.web.csrf.CsrfFilter@4f114b, org.springframework.security.web.authentication.logout.LogoutFilter@51ac12ac, org.springframework.security.web.authentication.UsernamePasswordAuthenticationFilter@d2708a7, org.springframework.security.web.authentication.ui.DefaultLoginPageGeneratingFilter@3d104c9b, org.springframework.security.web.authentication.ui.DefaultLogoutPageGeneratingFilter@33d28f0a, org.springframework.security.web.authentication.www.BasicAuthenticationFilter@cdb3c85, org.springframework.security.web.savedrequest.RequestCacheAwareFilter@b1b471, org.springframework.security.web.servletapi.SecurityContextHolderAwareRequestFilter@2a0b901c, org.springframework.security.web.authentication.AnonymousAuthenticationFilter@48d739f, org.springframework.security.web.session.SessionManagementFilter@7c588adc, org.springframework.security.web.access.ExceptionTranslationFilter@48cd319d, org.springframework.security.web.access.intercept.FilterSecurityInterceptor@2dc39b53]
2021-08-25 13:32:03 [main] INFO  o.s.cloud.commons.util.InetUtils - Cannot determine local hostname
2021-08-25 13:32:08 [main] INFO  o.a.coyote.http11.Http11NioProtocol - Starting ProtocolHandler ["http-nio-8888"]
2021-08-25 13:32:08 [main] INFO  o.s.b.w.e.tomcat.TomcatWebServer - Tomcat started on port(s): 8888 (http) with context path ''
2021-08-25 13:32:09 [main] INFO  o.s.cloud.commons.util.InetUtils - Cannot determine local hostname
2021-08-25 13:32:09 [main] INFO  c.m.demo.config.server.ConfigServer - Started ConfigServer in 9.434 seconds (JVM running for 10.336)
2021-08-25 13:32:14 [http-nio-8888-exec-1] INFO  o.a.c.c.C.[Tomcat].[localhost].[/] - Initializing Spring DispatcherServlet 'dispatcherServlet'
2021-08-25 13:32:14 [http-nio-8888-exec-1] INFO  o.s.web.servlet.DispatcherServlet - Initializing Servlet 'dispatcherServlet'
2021-08-25 13:32:14 [http-nio-8888-exec-1] INFO  o.s.web.servlet.DispatcherServlet - Completed initialization in 1 ms
2021-08-25 13:32:18 [http-nio-8888-exec-1] INFO  o.s.c.c.s.e.NativeEnvironmentRepository - Adding property source: Config resource 'file [/tmp/config-repo-13246471274100084003/config-client-elastic_query.yml]' via location 'file:/tmp/config-repo-13246471274100084003/'
2021-08-25 13:32:18 [http-nio-8888-exec-1] INFO  o.s.c.c.s.e.NativeEnvironmentRepository - Adding property source: Config resource 'file [/tmp/config-repo-13246471274100084003/config-client.yml]' via location 'file:/tmp/config-repo-13246471274100084003/'
2021-08-25 13:32:37 [http-nio-8888-exec-2] INFO  o.s.c.c.s.e.NativeEnvironmentRepository - Adding property source: Config resource 'file [/tmp/config-repo-13246471274100084003/config-client-elastic_query_web.yml]' via location 'file:/tmp/config-repo-13246471274100084003/'
2021-08-25 13:32:37 [http-nio-8888-exec-2] INFO  o.s.c.c.s.e.NativeEnvironmentRepository - Adding property source: Config resource 'file [/tmp/config-repo-13246471274100084003/config-client.yml]' via location 'file:/tmp/config-repo-13246471274100084003/'
2021-08-25 14:00:33 [background-preinit] INFO  o.h.validator.internal.util.Version - HV000001: Hibernate Validator 6.2.0.Final
2021-08-25 14:00:33 [main] INFO  c.m.demo.config.server.ConfigServer - Starting ConfigServer using Java 11.0.12 on mathleyneutron with PID 98608 (/home/mathleyneutron/Documents/Java/Microservices/microservices-demo/config-server/target/classes started by mathleyneutron in /home/mathleyneutron/Documents/Java/Microservices/microservices-demo)
2021-08-25 14:00:33 [main] INFO  c.m.demo.config.server.ConfigServer - No active profile set, falling back to default profiles: default
2021-08-25 14:00:33 [main] INFO  o.s.cloud.context.scope.GenericScope - BeanFactory id=17454470-01fd-3dd3-94c5-c5c5c6213728
2021-08-25 14:00:34 [main] INFO  o.s.b.w.e.tomcat.TomcatWebServer - Tomcat initialized with port(s): 8888 (http)
2021-08-25 14:00:34 [main] INFO  o.a.coyote.http11.Http11NioProtocol - Initializing ProtocolHandler ["http-nio-8888"]
2021-08-25 14:00:34 [main] INFO  o.a.catalina.core.StandardService - Starting service [Tomcat]
2021-08-25 14:00:34 [main] INFO  o.a.catalina.core.StandardEngine - Starting Servlet engine: [Apache Tomcat/9.0.48]
2021-08-25 14:00:34 [main] INFO  o.a.c.c.C.[Tomcat].[localhost].[/] - Initializing Spring embedded WebApplicationContext
2021-08-25 14:00:34 [main] INFO  o.s.b.w.s.c.ServletWebServerApplicationContext - Root WebApplicationContext: initialization completed in 845 ms
2021-08-25 14:00:34 [main] INFO  o.s.s.web.DefaultSecurityFilterChain - Will secure Ant [pattern='/actuator/**'] with []
2021-08-25 14:00:34 [main] INFO  o.s.s.web.DefaultSecurityFilterChain - Will secure Ant [pattern='/encrypt/**'] with []
2021-08-25 14:00:34 [main] INFO  o.s.s.web.DefaultSecurityFilterChain - Will secure Ant [pattern='/decrypt/**'] with []
2021-08-25 14:00:34 [main] INFO  o.s.s.web.DefaultSecurityFilterChain - Will secure any request with [org.springframework.security.web.context.request.async.WebAsyncManagerIntegrationFilter@6380e9e9, org.springframework.security.web.context.SecurityContextPersistenceFilter@281b2dfd, org.springframework.security.web.header.HeaderWriterFilter@30f28b5, org.springframework.security.web.csrf.CsrfFilter@1e6060f1, org.springframework.security.web.authentication.logout.LogoutFilter@38732364, org.springframework.security.web.authentication.UsernamePasswordAuthenticationFilter@de77146, org.springframework.security.web.authentication.ui.DefaultLoginPageGeneratingFilter@2871ac91, org.springframework.security.web.authentication.ui.DefaultLogoutPageGeneratingFilter@350da119, org.springframework.security.web.authentication.www.BasicAuthenticationFilter@4ce25e47, org.springframework.security.web.savedrequest.RequestCacheAwareFilter@1cd2143b, org.springframework.security.web.servletapi.SecurityContextHolderAwareRequestFilter@66f16742, org.springframework.security.web.authentication.AnonymousAuthenticationFilter@6a09484c, org.springframework.security.web.session.SessionManagementFilter@6aa7e176, org.springframework.security.web.access.ExceptionTranslationFilter@59c43561, org.springframework.security.web.access.intercept.FilterSecurityInterceptor@3b0d3a63]
2021-08-25 14:00:35 [main] INFO  o.s.cloud.commons.util.InetUtils - Cannot determine local hostname
2021-08-25 14:00:40 [main] INFO  o.a.coyote.http11.Http11NioProtocol - Starting ProtocolHandler ["http-nio-8888"]
2021-08-25 14:00:40 [main] INFO  o.s.b.w.e.tomcat.TomcatWebServer - Tomcat started on port(s): 8888 (http) with context path ''
2021-08-25 14:00:41 [main] INFO  o.s.cloud.commons.util.InetUtils - Cannot determine local hostname
2021-08-25 14:00:41 [main] INFO  c.m.demo.config.server.ConfigServer - Started ConfigServer in 9.705 seconds (JVM running for 10.419)
2021-08-25 14:00:44 [http-nio-8888-exec-1] INFO  o.a.c.c.C.[Tomcat].[localhost].[/] - Initializing Spring DispatcherServlet 'dispatcherServlet'
2021-08-25 14:00:44 [http-nio-8888-exec-1] INFO  o.s.web.servlet.DispatcherServlet - Initializing Servlet 'dispatcherServlet'
2021-08-25 14:00:44 [http-nio-8888-exec-1] INFO  o.s.web.servlet.DispatcherServlet - Completed initialization in 0 ms
2021-08-25 14:00:47 [http-nio-8888-exec-1] INFO  o.s.c.c.s.e.NativeEnvironmentRepository - Adding property source: Config resource 'file [/tmp/config-repo-5191785075241160031/config-client-elastic_query.yml]' via location 'file:/tmp/config-repo-5191785075241160031/'
2021-08-25 14:00:47 [http-nio-8888-exec-1] INFO  o.s.c.c.s.e.NativeEnvironmentRepository - Adding property source: Config resource 'file [/tmp/config-repo-5191785075241160031/config-client.yml]' via location 'file:/tmp/config-repo-5191785075241160031/'
2021-08-25 14:01:02 [http-nio-8888-exec-2] INFO  o.s.c.c.s.e.NativeEnvironmentRepository - Adding property source: Config resource 'file [/tmp/config-repo-5191785075241160031/config-client-elastic_query_web.yml]' via location 'file:/tmp/config-repo-5191785075241160031/'
2021-08-25 14:01:02 [http-nio-8888-exec-2] INFO  o.s.c.c.s.e.NativeEnvironmentRepository - Adding property source: Config resource 'file [/tmp/config-repo-5191785075241160031/config-client.yml]' via location 'file:/tmp/config-repo-5191785075241160031/'
2021-08-25 14:03:02 [http-nio-8888-exec-5] INFO  o.s.c.c.s.e.NativeEnvironmentRepository - Adding property source: Config resource 'file [/tmp/config-repo-5191785075241160031/config-client-elastic_query_web.yml]' via location 'file:/tmp/config-repo-5191785075241160031/'
2021-08-25 14:03:02 [http-nio-8888-exec-5] INFO  o.s.c.c.s.e.NativeEnvironmentRepository - Adding property source: Config resource 'file [/tmp/config-repo-5191785075241160031/config-client.yml]' via location 'file:/tmp/config-repo-5191785075241160031/'
2021-08-25 14:06:51 [http-nio-8888-exec-7] INFO  o.s.c.c.s.e.NativeEnvironmentRepository - Adding property source: Config resource 'file [/tmp/config-repo-5191785075241160031/config-client-kafka_streams.yml]' via location 'file:/tmp/config-repo-5191785075241160031/'
2021-08-25 14:06:51 [http-nio-8888-exec-7] INFO  o.s.c.c.s.e.NativeEnvironmentRepository - Adding property source: Config resource 'file [/tmp/config-repo-5191785075241160031/config-client.yml]' via location 'file:/tmp/config-repo-5191785075241160031/'
2021-08-25 14:08:54 [http-nio-8888-exec-9] INFO  o.s.c.c.s.e.NativeEnvironmentRepository - Adding property source: Config resource 'file [/tmp/config-repo-5191785075241160031/config-client-elastic_query_web.yml]' via location 'file:/tmp/config-repo-5191785075241160031/'
2021-08-25 14:08:54 [http-nio-8888-exec-9] INFO  o.s.c.c.s.e.NativeEnvironmentRepository - Adding property source: Config resource 'file [/tmp/config-repo-5191785075241160031/config-client.yml]' via location 'file:/tmp/config-repo-5191785075241160031/'
2021-08-25 14:10:34 [http-nio-8888-exec-1] INFO  o.s.c.c.s.e.NativeEnvironmentRepository - Adding property source: Config resource 'file [/tmp/config-repo-5191785075241160031/config-client-kafka_streams.yml]' via location 'file:/tmp/config-repo-5191785075241160031/'
2021-08-25 14:10:34 [http-nio-8888-exec-1] INFO  o.s.c.c.s.e.NativeEnvironmentRepository - Adding property source: Config resource 'file [/tmp/config-repo-5191785075241160031/config-client.yml]' via location 'file:/tmp/config-repo-5191785075241160031/'
2021-08-25 14:30:47 [background-preinit] INFO  o.h.validator.internal.util.Version - HV000001: Hibernate Validator 6.2.0.Final
2021-08-25 14:30:47 [main] INFO  c.m.demo.config.server.ConfigServer - Starting ConfigServer using Java 11.0.12 on mathleyneutron with PID 119627 (/home/mathleyneutron/Documents/Java/Microservices/microservices-demo/config-server/target/classes started by mathleyneutron in /home/mathleyneutron/Documents/Java/Microservices/microservices-demo)
2021-08-25 14:30:47 [main] INFO  c.m.demo.config.server.ConfigServer - No active profile set, falling back to default profiles: default
2021-08-25 14:30:47 [main] INFO  o.s.cloud.context.scope.GenericScope - BeanFactory id=17454470-01fd-3dd3-94c5-c5c5c6213728
2021-08-25 14:30:48 [main] INFO  o.s.b.w.e.tomcat.TomcatWebServer - Tomcat initialized with port(s): 8888 (http)
2021-08-25 14:30:48 [main] INFO  o.a.coyote.http11.Http11NioProtocol - Initializing ProtocolHandler ["http-nio-8888"]
2021-08-25 14:30:48 [main] INFO  o.a.catalina.core.StandardService - Starting service [Tomcat]
2021-08-25 14:30:48 [main] INFO  o.a.catalina.core.StandardEngine - Starting Servlet engine: [Apache Tomcat/9.0.48]
2021-08-25 14:30:48 [main] INFO  o.a.c.c.C.[Tomcat].[localhost].[/] - Initializing Spring embedded WebApplicationContext
2021-08-25 14:30:48 [main] INFO  o.s.b.w.s.c.ServletWebServerApplicationContext - Root WebApplicationContext: initialization completed in 1034 ms
2021-08-25 14:30:48 [main] INFO  o.s.s.web.DefaultSecurityFilterChain - Will secure Ant [pattern='/actuator/**'] with []
2021-08-25 14:30:48 [main] INFO  o.s.s.web.DefaultSecurityFilterChain - Will secure Ant [pattern='/encrypt/**'] with []
2021-08-25 14:30:48 [main] INFO  o.s.s.web.DefaultSecurityFilterChain - Will secure Ant [pattern='/decrypt/**'] with []
2021-08-25 14:30:48 [main] INFO  o.s.s.web.DefaultSecurityFilterChain - Will secure any request with [org.springframework.security.web.context.request.async.WebAsyncManagerIntegrationFilter@6380e9e9, org.springframework.security.web.context.SecurityContextPersistenceFilter@281b2dfd, org.springframework.security.web.header.HeaderWriterFilter@30f28b5, org.springframework.security.web.csrf.CsrfFilter@1e6060f1, org.springframework.security.web.authentication.logout.LogoutFilter@38732364, org.springframework.security.web.authentication.UsernamePasswordAuthenticationFilter@de77146, org.springframework.security.web.authentication.ui.DefaultLoginPageGeneratingFilter@2871ac91, org.springframework.security.web.authentication.ui.DefaultLogoutPageGeneratingFilter@350da119, org.springframework.security.web.authentication.www.BasicAuthenticationFilter@4ce25e47, org.springframework.security.web.savedrequest.RequestCacheAwareFilter@1cd2143b, org.springframework.security.web.servletapi.SecurityContextHolderAwareRequestFilter@66f16742, org.springframework.security.web.authentication.AnonymousAuthenticationFilter@6a09484c, org.springframework.security.web.session.SessionManagementFilter@6aa7e176, org.springframework.security.web.access.ExceptionTranslationFilter@59c43561, org.springframework.security.web.access.intercept.FilterSecurityInterceptor@3b0d3a63]
2021-08-25 14:30:49 [main] INFO  o.s.cloud.commons.util.InetUtils - Cannot determine local hostname
2021-08-25 14:30:53 [main] INFO  o.a.coyote.http11.Http11NioProtocol - Starting ProtocolHandler ["http-nio-8888"]
2021-08-25 14:30:53 [main] INFO  o.s.b.w.e.tomcat.TomcatWebServer - Tomcat started on port(s): 8888 (http) with context path ''
2021-08-25 14:30:54 [main] INFO  o.s.cloud.commons.util.InetUtils - Cannot determine local hostname
2021-08-25 14:30:54 [main] INFO  c.m.demo.config.server.ConfigServer - Started ConfigServer in 8.224 seconds (JVM running for 9.076)
2021-08-25 15:15:53 [background-preinit] INFO  o.h.validator.internal.util.Version - HV000001: Hibernate Validator 6.2.0.Final
2021-08-25 15:15:53 [main] INFO  c.m.demo.config.server.ConfigServer - Starting ConfigServer using Java 11.0.12 on mathleyneutron with PID 196105 (/home/mathleyneutron/Documents/Java/Microservices/microservices-demo/config-server/target/classes started by mathleyneutron in /home/mathleyneutron/Documents/Java/Microservices/microservices-demo)
2021-08-25 15:15:53 [main] INFO  c.m.demo.config.server.ConfigServer - No active profile set, falling back to default profiles: default
2021-08-25 15:15:55 [main] INFO  o.s.cloud.context.scope.GenericScope - BeanFactory id=17454470-01fd-3dd3-94c5-c5c5c6213728
2021-08-25 15:15:56 [main] INFO  o.s.b.w.e.tomcat.TomcatWebServer - Tomcat initialized with port(s): 8888 (http)
2021-08-25 15:15:56 [main] INFO  o.a.coyote.http11.Http11NioProtocol - Initializing ProtocolHandler ["http-nio-8888"]
2021-08-25 15:15:56 [main] INFO  o.a.catalina.core.StandardService - Starting service [Tomcat]
2021-08-25 15:15:56 [main] INFO  o.a.catalina.core.StandardEngine - Starting Servlet engine: [Apache Tomcat/9.0.48]
2021-08-25 15:15:56 [main] INFO  o.a.c.c.C.[Tomcat].[localhost].[/] - Initializing Spring embedded WebApplicationContext
2021-08-25 15:15:56 [main] INFO  o.s.b.w.s.c.ServletWebServerApplicationContext - Root WebApplicationContext: initialization completed in 2798 ms
2021-08-25 15:15:57 [main] INFO  o.s.s.web.DefaultSecurityFilterChain - Will secure Ant [pattern='/actuator/**'] with []
2021-08-25 15:15:57 [main] INFO  o.s.s.web.DefaultSecurityFilterChain - Will secure Ant [pattern='/encrypt/**'] with []
2021-08-25 15:15:57 [main] INFO  o.s.s.web.DefaultSecurityFilterChain - Will secure Ant [pattern='/decrypt/**'] with []
2021-08-25 15:15:57 [main] INFO  o.s.s.web.DefaultSecurityFilterChain - Will secure any request with [org.springframework.security.web.context.request.async.WebAsyncManagerIntegrationFilter@463afa6e, org.springframework.security.web.context.SecurityContextPersistenceFilter@73f6e07, org.springframework.security.web.header.HeaderWriterFilter@53dd42d6, org.springframework.security.web.csrf.CsrfFilter@6806468e, org.springframework.security.web.authentication.logout.LogoutFilter@39023dbf, org.springframework.security.web.authentication.UsernamePasswordAuthenticationFilter@22f02996, org.springframework.security.web.authentication.ui.DefaultLoginPageGeneratingFilter@5a4d4f9c, org.springframework.security.web.authentication.ui.DefaultLogoutPageGeneratingFilter@7b96de8d, org.springframework.security.web.authentication.www.BasicAuthenticationFilter@51ac12ac, org.springframework.security.web.savedrequest.RequestCacheAwareFilter@1511d157, org.springframework.security.web.servletapi.SecurityContextHolderAwareRequestFilter@73a6cc79, org.springframework.security.web.authentication.AnonymousAuthenticationFilter@7ccd611e, org.springframework.security.web.session.SessionManagementFilter@447fa959, org.springframework.security.web.access.ExceptionTranslationFilter@3313d477, org.springframework.security.web.access.intercept.FilterSecurityInterceptor@6544899b]
2021-08-25 15:15:58 [main] INFO  o.s.cloud.commons.util.InetUtils - Cannot determine local hostname
2021-08-25 15:16:02 [main] INFO  o.a.coyote.http11.Http11NioProtocol - Starting ProtocolHandler ["http-nio-8888"]
2021-08-25 15:16:02 [main] INFO  o.s.b.w.e.tomcat.TomcatWebServer - Tomcat started on port(s): 8888 (http) with context path ''
2021-08-25 15:16:03 [main] INFO  o.s.cloud.commons.util.InetUtils - Cannot determine local hostname
2021-08-25 15:16:03 [main] INFO  c.m.demo.config.server.ConfigServer - Started ConfigServer in 11.929 seconds (JVM running for 14.931)
2021-08-25 15:16:29 [http-nio-8888-exec-1] INFO  o.a.c.c.C.[Tomcat].[localhost].[/] - Initializing Spring DispatcherServlet 'dispatcherServlet'
2021-08-25 15:16:29 [http-nio-8888-exec-1] INFO  o.s.web.servlet.DispatcherServlet - Initializing Servlet 'dispatcherServlet'
2021-08-25 15:16:29 [http-nio-8888-exec-1] INFO  o.s.web.servlet.DispatcherServlet - Completed initialization in 1 ms
2021-08-25 15:16:31 [http-nio-8888-exec-1] INFO  o.s.c.c.s.e.NativeEnvironmentRepository - Adding property source: Config resource 'file [/tmp/config-repo-15674795676193692730/config-client-elastic_query.yml]' via location 'file:/tmp/config-repo-15674795676193692730/'
2021-08-25 15:16:31 [http-nio-8888-exec-1] INFO  o.s.c.c.s.e.NativeEnvironmentRepository - Adding property source: Config resource 'file [/tmp/config-repo-15674795676193692730/config-client.yml]' via location 'file:/tmp/config-repo-15674795676193692730/'
2021-08-25 15:16:49 [http-nio-8888-exec-2] INFO  o.s.c.c.s.e.NativeEnvironmentRepository - Adding property source: Config resource 'file [/tmp/config-repo-15674795676193692730/config-client-elastic_query_web.yml]' via location 'file:/tmp/config-repo-15674795676193692730/'
2021-08-25 15:16:49 [http-nio-8888-exec-2] INFO  o.s.c.c.s.e.NativeEnvironmentRepository - Adding property source: Config resource 'file [/tmp/config-repo-15674795676193692730/config-client.yml]' via location 'file:/tmp/config-repo-15674795676193692730/'
2021-08-25 15:18:10 [http-nio-8888-exec-7] INFO  o.s.c.c.s.e.NativeEnvironmentRepository - Adding property source: Config resource 'file [/tmp/config-repo-15674795676193692730/config-client-kafka_streams.yml]' via location 'file:/tmp/config-repo-15674795676193692730/'
2021-08-25 15:18:10 [http-nio-8888-exec-7] INFO  o.s.c.c.s.e.NativeEnvironmentRepository - Adding property source: Config resource 'file [/tmp/config-repo-15674795676193692730/config-client.yml]' via location 'file:/tmp/config-repo-15674795676193692730/'
2021-08-25 15:19:13 [http-nio-8888-exec-5] INFO  o.s.c.c.s.e.NativeEnvironmentRepository - Adding property source: Config resource 'file [/tmp/config-repo-15674795676193692730/config-client-twitter_to_kafka.yml]' via location 'file:/tmp/config-repo-15674795676193692730/'
2021-08-25 15:19:13 [http-nio-8888-exec-5] INFO  o.s.c.c.s.e.NativeEnvironmentRepository - Adding property source: Config resource 'file [/tmp/config-repo-15674795676193692730/config-client.yml]' via location 'file:/tmp/config-repo-15674795676193692730/'
2021-08-25 15:20:52 [http-nio-8888-exec-9] INFO  o.s.c.c.s.e.NativeEnvironmentRepository - Adding property source: Config resource 'file [/tmp/config-repo-15674795676193692730/config-client-twitter_to_kafka.yml]' via location 'file:/tmp/config-repo-15674795676193692730/'
2021-08-25 15:20:52 [http-nio-8888-exec-9] INFO  o.s.c.c.s.e.NativeEnvironmentRepository - Adding property source: Config resource 'file [/tmp/config-repo-15674795676193692730/config-client.yml]' via location 'file:/tmp/config-repo-15674795676193692730/'
2021-08-25 15:21:04 [http-nio-8888-exec-10] INFO  o.s.c.c.s.e.NativeEnvironmentRepository - Adding property source: Config resource 'file [/tmp/config-repo-15674795676193692730/config-client-kafka_streams.yml]' via location 'file:/tmp/config-repo-15674795676193692730/'
2021-08-25 15:21:04 [http-nio-8888-exec-10] INFO  o.s.c.c.s.e.NativeEnvironmentRepository - Adding property source: Config resource 'file [/tmp/config-repo-15674795676193692730/config-client.yml]' via location 'file:/tmp/config-repo-15674795676193692730/'
2021-08-25 15:23:58 [http-nio-8888-exec-3] INFO  o.s.c.c.s.e.NativeEnvironmentRepository - Adding property source: Config resource 'file [/tmp/config-repo-15674795676193692730/config-client-twitter_to_kafka.yml]' via location 'file:/tmp/config-repo-15674795676193692730/'
2021-08-25 15:23:58 [http-nio-8888-exec-3] INFO  o.s.c.c.s.e.NativeEnvironmentRepository - Adding property source: Config resource 'file [/tmp/config-repo-15674795676193692730/config-client.yml]' via location 'file:/tmp/config-repo-15674795676193692730/'
2021-08-25 15:24:06 [http-nio-8888-exec-6] INFO  o.s.c.c.s.e.NativeEnvironmentRepository - Adding property source: Config resource 'file [/tmp/config-repo-15674795676193692730/config-client-kafka_streams.yml]' via location 'file:/tmp/config-repo-15674795676193692730/'
2021-08-25 15:24:06 [http-nio-8888-exec-6] INFO  o.s.c.c.s.e.NativeEnvironmentRepository - Adding property source: Config resource 'file [/tmp/config-repo-15674795676193692730/config-client.yml]' via location 'file:/tmp/config-repo-15674795676193692730/'
