2021-09-01 00:06:59 [background-preinit] INFO  o.h.validator.internal.util.Version - HV000001: Hibernate Validator 6.2.0.Final
2021-09-01 00:06:59 [main] INFO  c.m.demo.config.server.ConfigServer - Starting ConfigServer using Java 11.0.12 on mathleyneutron with PID 131868 (/home/mathleyneutron/Documents/Java/Microservices/microservices-demo/config-server/target/classes started by mathleyneutron in /home/mathleyneutron/Documents/Java/Microservices/microservices-demo)
2021-09-01 00:06:59 [main] INFO  c.m.demo.config.server.ConfigServer - No active profile set, falling back to default profiles: default
2021-09-01 00:06:59 [main] INFO  o.s.cloud.context.scope.GenericScope - BeanFactory id=17454470-01fd-3dd3-94c5-c5c5c6213728
2021-09-01 00:07:00 [main] INFO  o.s.b.w.e.tomcat.TomcatWebServer - Tomcat initialized with port(s): 8888 (http)
2021-09-01 00:07:00 [main] INFO  o.a.coyote.http11.Http11NioProtocol - Initializing ProtocolHandler ["http-nio-8888"]
2021-09-01 00:07:00 [main] INFO  o.a.catalina.core.StandardService - Starting service [Tomcat]
2021-09-01 00:07:00 [main] INFO  o.a.catalina.core.StandardEngine - Starting Servlet engine: [Apache Tomcat/9.0.48]
2021-09-01 00:07:00 [main] INFO  o.a.c.c.C.[Tomcat].[localhost].[/] - Initializing Spring embedded WebApplicationContext
2021-09-01 00:07:00 [main] INFO  o.s.b.w.s.c.ServletWebServerApplicationContext - Root WebApplicationContext: initialization completed in 1035 ms
2021-09-01 00:07:00 [main] INFO  o.s.s.web.DefaultSecurityFilterChain - Will secure Ant [pattern='/actuator/**'] with []
2021-09-01 00:07:00 [main] INFO  o.s.s.web.DefaultSecurityFilterChain - Will secure Ant [pattern='/encrypt/**'] with []
2021-09-01 00:07:00 [main] INFO  o.s.s.web.DefaultSecurityFilterChain - Will secure Ant [pattern='/decrypt/**'] with []
2021-09-01 00:07:00 [main] INFO  o.s.s.web.DefaultSecurityFilterChain - Will secure any request with [org.springframework.security.web.context.request.async.WebAsyncManagerIntegrationFilter@2313db84, org.springframework.security.web.context.SecurityContextPersistenceFilter@7c70aae1, org.springframework.security.web.header.HeaderWriterFilter@2a8dd942, org.springframework.security.web.csrf.CsrfFilter@2db86a7c, org.springframework.security.web.authentication.logout.LogoutFilter@7c8874ef, org.springframework.security.web.authentication.UsernamePasswordAuthenticationFilter@6de43bc1, org.springframework.security.web.authentication.ui.DefaultLoginPageGeneratingFilter@4f1afe8f, org.springframework.security.web.authentication.ui.DefaultLogoutPageGeneratingFilter@216372b7, org.springframework.security.web.authentication.www.BasicAuthenticationFilter@508ad266, org.springframework.security.web.savedrequest.RequestCacheAwareFilter@6f38f084, org.springframework.security.web.servletapi.SecurityContextHolderAwareRequestFilter@526f6427, org.springframework.security.web.authentication.AnonymousAuthenticationFilter@14b4340c, org.springframework.security.web.session.SessionManagementFilter@35025a0a, org.springframework.security.web.access.ExceptionTranslationFilter@75882261, org.springframework.security.web.access.intercept.FilterSecurityInterceptor@578a5ce8]
2021-09-01 00:07:01 [main] INFO  o.s.cloud.commons.util.InetUtils - Cannot determine local hostname
2021-09-01 00:07:05 [main] INFO  o.a.coyote.http11.Http11NioProtocol - Starting ProtocolHandler ["http-nio-8888"]
2021-09-01 00:07:05 [main] INFO  o.s.b.w.e.tomcat.TomcatWebServer - Tomcat started on port(s): 8888 (http) with context path ''
2021-09-01 00:07:06 [main] INFO  o.s.cloud.commons.util.InetUtils - Cannot determine local hostname
2021-09-01 00:07:06 [main] INFO  c.m.demo.config.server.ConfigServer - Started ConfigServer in 8.918 seconds (JVM running for 9.891)
2021-09-01 00:24:20 [background-preinit] INFO  o.h.validator.internal.util.Version - HV000001: Hibernate Validator 6.2.0.Final
2021-09-01 00:24:20 [main] INFO  c.m.demo.config.server.ConfigServer - Starting ConfigServer using Java 11.0.12 on mathleyneutron with PID 133596 (/home/mathleyneutron/Documents/Java/Microservices/microservices-demo/config-server/target/classes started by mathleyneutron in /home/mathleyneutron/Documents/Java/Microservices/microservices-demo)
2021-09-01 00:24:20 [main] INFO  c.m.demo.config.server.ConfigServer - No active profile set, falling back to default profiles: default
2021-09-01 00:24:21 [main] INFO  o.s.cloud.context.scope.GenericScope - BeanFactory id=17454470-01fd-3dd3-94c5-c5c5c6213728
2021-09-01 00:24:21 [main] INFO  o.s.b.w.e.tomcat.TomcatWebServer - Tomcat initialized with port(s): 8888 (http)
2021-09-01 00:24:21 [main] INFO  o.a.coyote.http11.Http11NioProtocol - Initializing ProtocolHandler ["http-nio-8888"]
2021-09-01 00:24:21 [main] INFO  o.a.catalina.core.StandardService - Starting service [Tomcat]
2021-09-01 00:24:21 [main] INFO  o.a.catalina.core.StandardEngine - Starting Servlet engine: [Apache Tomcat/9.0.48]
2021-09-01 00:24:21 [main] INFO  o.a.c.c.C.[Tomcat].[localhost].[/] - Initializing Spring embedded WebApplicationContext
2021-09-01 00:24:21 [main] INFO  o.s.b.w.s.c.ServletWebServerApplicationContext - Root WebApplicationContext: initialization completed in 849 ms
2021-09-01 00:24:22 [main] INFO  o.s.s.web.DefaultSecurityFilterChain - Will secure Ant [pattern='/actuator/**'] with []
2021-09-01 00:24:22 [main] INFO  o.s.s.web.DefaultSecurityFilterChain - Will secure Ant [pattern='/encrypt/**'] with []
2021-09-01 00:24:22 [main] INFO  o.s.s.web.DefaultSecurityFilterChain - Will secure Ant [pattern='/decrypt/**'] with []
2021-09-01 00:24:22 [main] INFO  o.s.s.web.DefaultSecurityFilterChain - Will secure any request with [org.springframework.security.web.context.request.async.WebAsyncManagerIntegrationFilter@2f2e4bde, org.springframework.security.web.context.SecurityContextPersistenceFilter@1e226bcd, org.springframework.security.web.header.HeaderWriterFilter@3b088163, org.springframework.security.web.csrf.CsrfFilter@1cd2143b, org.springframework.security.web.authentication.logout.LogoutFilter@6da54910, org.springframework.security.web.authentication.UsernamePasswordAuthenticationFilter@578a5ce8, org.springframework.security.web.authentication.ui.DefaultLoginPageGeneratingFilter@33ec2c0c, org.springframework.security.web.authentication.ui.DefaultLogoutPageGeneratingFilter@6222391a, org.springframework.security.web.authentication.www.BasicAuthenticationFilter@45037e16, org.springframework.security.web.savedrequest.RequestCacheAwareFilter@2322e56f, org.springframework.security.web.servletapi.SecurityContextHolderAwareRequestFilter@7c588adc, org.springframework.security.web.authentication.AnonymousAuthenticationFilter@538a2f0e, org.springframework.security.web.session.SessionManagementFilter@611d0763, org.springframework.security.web.access.ExceptionTranslationFilter@257f30f7, org.springframework.security.web.access.intercept.FilterSecurityInterceptor@16d431b4]
2021-09-01 00:24:23 [main] INFO  o.s.cloud.commons.util.InetUtils - Cannot determine local hostname
2021-09-01 00:24:27 [main] INFO  o.a.coyote.http11.Http11NioProtocol - Starting ProtocolHandler ["http-nio-8888"]
2021-09-01 00:24:27 [main] INFO  o.s.b.w.e.tomcat.TomcatWebServer - Tomcat started on port(s): 8888 (http) with context path ''
2021-09-01 00:24:28 [main] INFO  o.s.cloud.commons.util.InetUtils - Cannot determine local hostname
2021-09-01 00:24:28 [main] INFO  c.m.demo.config.server.ConfigServer - Started ConfigServer in 9.033 seconds (JVM running for 9.725)
2021-09-01 00:27:39 [http-nio-8888-exec-1] INFO  o.a.c.c.C.[Tomcat].[localhost].[/] - Initializing Spring DispatcherServlet 'dispatcherServlet'
2021-09-01 00:27:39 [http-nio-8888-exec-1] INFO  o.s.web.servlet.DispatcherServlet - Initializing Servlet 'dispatcherServlet'
2021-09-01 00:27:39 [http-nio-8888-exec-1] INFO  o.s.web.servlet.DispatcherServlet - Completed initialization in 0 ms
2021-09-01 00:27:40 [http-nio-8888-exec-1] INFO  o.s.c.c.s.e.NativeEnvironmentRepository - Adding property source: Config resource 'file [/tmp/config-repo-14311334301619670370/config-client-twitter_to_kafka.yml]' via location 'file:/tmp/config-repo-14311334301619670370/'
2021-09-01 00:27:40 [http-nio-8888-exec-1] INFO  o.s.c.c.s.e.NativeEnvironmentRepository - Adding property source: Config resource 'file [/tmp/config-repo-14311334301619670370/config-client.yml]' via location 'file:/tmp/config-repo-14311334301619670370/'
2021-09-01 00:35:18 [background-preinit] INFO  o.h.validator.internal.util.Version - HV000001: Hibernate Validator 6.2.0.Final
2021-09-01 00:35:18 [main] INFO  c.m.demo.config.server.ConfigServer - Starting ConfigServer using Java 11.0.12 on mathleyneutron with PID 135431 (/home/mathleyneutron/Documents/Java/Microservices/microservices-demo/config-server/target/classes started by mathleyneutron in /home/mathleyneutron/Documents/Java/Microservices/microservices-demo)
2021-09-01 00:35:18 [main] INFO  c.m.demo.config.server.ConfigServer - No active profile set, falling back to default profiles: default
2021-09-01 00:35:19 [main] INFO  o.s.cloud.context.scope.GenericScope - BeanFactory id=17454470-01fd-3dd3-94c5-c5c5c6213728
2021-09-01 00:35:19 [main] INFO  o.s.b.w.e.tomcat.TomcatWebServer - Tomcat initialized with port(s): 8888 (http)
2021-09-01 00:35:19 [main] INFO  o.a.coyote.http11.Http11NioProtocol - Initializing ProtocolHandler ["http-nio-8888"]
2021-09-01 00:35:19 [main] INFO  o.a.catalina.core.StandardService - Starting service [Tomcat]
2021-09-01 00:35:19 [main] INFO  o.a.catalina.core.StandardEngine - Starting Servlet engine: [Apache Tomcat/9.0.48]
2021-09-01 00:35:19 [main] INFO  o.a.c.c.C.[Tomcat].[localhost].[/] - Initializing Spring embedded WebApplicationContext
2021-09-01 00:35:19 [main] INFO  o.s.b.w.s.c.ServletWebServerApplicationContext - Root WebApplicationContext: initialization completed in 843 ms
2021-09-01 00:35:19 [main] INFO  o.s.s.web.DefaultSecurityFilterChain - Will secure Ant [pattern='/actuator/**'] with []
2021-09-01 00:35:19 [main] INFO  o.s.s.web.DefaultSecurityFilterChain - Will secure Ant [pattern='/encrypt/**'] with []
2021-09-01 00:35:19 [main] INFO  o.s.s.web.DefaultSecurityFilterChain - Will secure Ant [pattern='/decrypt/**'] with []
2021-09-01 00:35:19 [main] INFO  o.s.s.web.DefaultSecurityFilterChain - Will secure any request with [org.springframework.security.web.context.request.async.WebAsyncManagerIntegrationFilter@34c7232c, org.springframework.security.web.context.SecurityContextPersistenceFilter@1118d539, org.springframework.security.web.header.HeaderWriterFilter@52abed9d, org.springframework.security.web.csrf.CsrfFilter@2478b629, org.springframework.security.web.authentication.logout.LogoutFilter@6f38f084, org.springframework.security.web.authentication.UsernamePasswordAuthenticationFilter@5c8d58ed, org.springframework.security.web.authentication.ui.DefaultLoginPageGeneratingFilter@4f114b, org.springframework.security.web.authentication.ui.DefaultLogoutPageGeneratingFilter@50ec4bfc, org.springframework.security.web.authentication.www.BasicAuthenticationFilter@6a09484c, org.springframework.security.web.savedrequest.RequestCacheAwareFilter@76216830, org.springframework.security.web.servletapi.SecurityContextHolderAwareRequestFilter@6d69a0d3, org.springframework.security.web.authentication.AnonymousAuthenticationFilter@8b13d91, org.springframework.security.web.session.SessionManagementFilter@492be039, org.springframework.security.web.access.ExceptionTranslationFilter@7b18658a, org.springframework.security.web.access.intercept.FilterSecurityInterceptor@437ed416]
2021-09-01 00:35:20 [main] INFO  o.s.cloud.commons.util.InetUtils - Cannot determine local hostname
2021-09-01 00:35:31 [main] WARN  o.s.c.c.s.e.MultipleJGitEnvironmentRepository - Error occured cloning to base directory.
org.eclipse.jgit.api.errors.TransportException: Read timed out after 5,000 ms
	at org.eclipse.jgit.api.FetchCommand.call(FetchCommand.java:254)
	at org.eclipse.jgit.api.CloneCommand.fetch(CloneCommand.java:306)
	at org.eclipse.jgit.api.CloneCommand.call(CloneCommand.java:200)
	at org.springframework.cloud.config.server.environment.JGitEnvironmentRepository.cloneToBasedir(JGitEnvironmentRepository.java:612)
	at org.springframework.cloud.config.server.environment.JGitEnvironmentRepository.initClonedRepository(JGitEnvironmentRepository.java:334)
	at org.springframework.cloud.config.server.environment.JGitEnvironmentRepository.afterPropertiesSet(JGitEnvironmentRepository.java:255)
	at org.springframework.cloud.config.server.environment.MultipleJGitEnvironmentRepository.afterPropertiesSet(MultipleJGitEnvironmentRepository.java:66)
	at org.springframework.beans.factory.support.AbstractAutowireCapableBeanFactory.invokeInitMethods(AbstractAutowireCapableBeanFactory.java:1845)
	at org.springframework.beans.factory.support.AbstractAutowireCapableBeanFactory.initializeBean(AbstractAutowireCapableBeanFactory.java:1782)
	at org.springframework.beans.factory.support.AbstractAutowireCapableBeanFactory.doCreateBean(AbstractAutowireCapableBeanFactory.java:602)
	at org.springframework.beans.factory.support.AbstractAutowireCapableBeanFactory.createBean(AbstractAutowireCapableBeanFactory.java:524)
	at org.springframework.beans.factory.support.AbstractBeanFactory.lambda$doGetBean$0(AbstractBeanFactory.java:335)
	at org.springframework.beans.factory.support.DefaultSingletonBeanRegistry.getSingleton(DefaultSingletonBeanRegistry.java:234)
	at org.springframework.beans.factory.support.AbstractBeanFactory.doGetBean(AbstractBeanFactory.java:333)
	at org.springframework.beans.factory.support.AbstractBeanFactory.getBean(AbstractBeanFactory.java:208)
	at org.springframework.beans.factory.support.DefaultListableBeanFactory.preInstantiateSingletons(DefaultListableBeanFactory.java:944)
	at org.springframework.context.support.AbstractApplicationContext.finishBeanFactoryInitialization(AbstractApplicationContext.java:918)
	at org.springframework.context.support.AbstractApplicationContext.refresh(AbstractApplicationContext.java:583)
	at org.springframework.boot.web.servlet.context.ServletWebServerApplicationContext.refresh(ServletWebServerApplicationContext.java:145)
	at org.springframework.boot.SpringApplication.refresh(SpringApplication.java:754)
	at org.springframework.boot.SpringApplication.refreshContext(SpringApplication.java:434)
	at org.springframework.boot.SpringApplication.run(SpringApplication.java:338)
	at org.springframework.boot.SpringApplication.run(SpringApplication.java:1343)
	at org.springframework.boot.SpringApplication.run(SpringApplication.java:1332)
	at com.microservices.demo.config.server.ConfigServer.main(ConfigServer.java:11)
Caused by: org.eclipse.jgit.errors.TransportException: Read timed out after 5,000 ms
	at org.eclipse.jgit.transport.BasePackFetchConnection.doFetch(BasePackFetchConnection.java:400)
	at org.eclipse.jgit.transport.TransportHttp$SmartHttpFetchConnection.doFetch(TransportHttp.java:1084)
	at org.eclipse.jgit.transport.BasePackFetchConnection.fetch(BasePackFetchConnection.java:323)
	at org.eclipse.jgit.transport.BasePackFetchConnection.fetch(BasePackFetchConnection.java:314)
	at org.eclipse.jgit.transport.FetchProcess.fetchObjects(FetchProcess.java:264)
	at org.eclipse.jgit.transport.FetchProcess.executeImp(FetchProcess.java:162)
	at org.eclipse.jgit.transport.FetchProcess.execute(FetchProcess.java:123)
	at org.eclipse.jgit.transport.Transport.fetch(Transport.java:1271)
	at org.eclipse.jgit.api.FetchCommand.call(FetchCommand.java:243)
	... 24 common frames omitted
Caused by: java.io.InterruptedIOException: Read timed out after 5,000 ms
	at org.eclipse.jgit.util.io.TimeoutInputStream.readTimedOut(TimeoutInputStream.java:153)
	at org.eclipse.jgit.util.io.TimeoutInputStream.read(TimeoutInputStream.java:125)
	at org.eclipse.jgit.util.IO.readFully(IO.java:233)
	at org.eclipse.jgit.transport.PacketLineIn.readLength(PacketLineIn.java:238)
	at org.eclipse.jgit.transport.SideBandInputStream.needDataPacket(SideBandInputStream.java:157)
	at org.eclipse.jgit.transport.SideBandInputStream.read(SideBandInputStream.java:139)
	at org.eclipse.jgit.transport.PackParser.fill(PackParser.java:1261)
	at org.eclipse.jgit.transport.PackParser.readPackHeader(PackParser.java:933)
	at org.eclipse.jgit.transport.PackParser.parse(PackParser.java:557)
	at org.eclipse.jgit.internal.storage.file.ObjectDirectoryPackParser.parse(ObjectDirectoryPackParser.java:197)
	at org.eclipse.jgit.transport.PackParser.parse(PackParser.java:529)
	at org.eclipse.jgit.transport.BasePackFetchConnection.receivePack(BasePackFetchConnection.java:823)
	at org.eclipse.jgit.transport.BasePackFetchConnection.doFetch(BasePackFetchConnection.java:393)
	... 32 common frames omitted
2021-09-01 00:35:31 [main] WARN  o.s.b.w.s.c.AnnotationConfigServletWebServerApplicationContext - Exception encountered during context initialization - cancelling refresh attempt: org.springframework.beans.factory.BeanCreationException: Error creating bean with name 'defaultEnvironmentRepository' defined in class path resource [org/springframework/cloud/config/server/config/DefaultRepositoryConfiguration.class]: Invocation of init method failed; nested exception is org.eclipse.jgit.api.errors.TransportException: Read timed out after 5,000 ms
2021-09-01 00:35:31 [main] INFO  o.a.catalina.core.StandardService - Stopping service [Tomcat]
2021-09-01 00:35:31 [main] INFO  o.s.b.a.l.ConditionEvaluationReportLoggingListener - 

Error starting ApplicationContext. To display the conditions report re-run your application with 'debug' enabled.
2021-09-01 00:35:31 [main] ERROR o.s.boot.SpringApplication - Application run failed
org.springframework.beans.factory.BeanCreationException: Error creating bean with name 'defaultEnvironmentRepository' defined in class path resource [org/springframework/cloud/config/server/config/DefaultRepositoryConfiguration.class]: Invocation of init method failed; nested exception is org.eclipse.jgit.api.errors.TransportException: Read timed out after 5,000 ms
	at org.springframework.beans.factory.support.AbstractAutowireCapableBeanFactory.initializeBean(AbstractAutowireCapableBeanFactory.java:1786)
	at org.springframework.beans.factory.support.AbstractAutowireCapableBeanFactory.doCreateBean(AbstractAutowireCapableBeanFactory.java:602)
	at org.springframework.beans.factory.support.AbstractAutowireCapableBeanFactory.createBean(AbstractAutowireCapableBeanFactory.java:524)
	at org.springframework.beans.factory.support.AbstractBeanFactory.lambda$doGetBean$0(AbstractBeanFactory.java:335)
	at org.springframework.beans.factory.support.DefaultSingletonBeanRegistry.getSingleton(DefaultSingletonBeanRegistry.java:234)
	at org.springframework.beans.factory.support.AbstractBeanFactory.doGetBean(AbstractBeanFactory.java:333)
	at org.springframework.beans.factory.support.AbstractBeanFactory.getBean(AbstractBeanFactory.java:208)
	at org.springframework.beans.factory.support.DefaultListableBeanFactory.preInstantiateSingletons(DefaultListableBeanFactory.java:944)
	at org.springframework.context.support.AbstractApplicationContext.finishBeanFactoryInitialization(AbstractApplicationContext.java:918)
	at org.springframework.context.support.AbstractApplicationContext.refresh(AbstractApplicationContext.java:583)
	at org.springframework.boot.web.servlet.context.ServletWebServerApplicationContext.refresh(ServletWebServerApplicationContext.java:145)
	at org.springframework.boot.SpringApplication.refresh(SpringApplication.java:754)
	at org.springframework.boot.SpringApplication.refreshContext(SpringApplication.java:434)
	at org.springframework.boot.SpringApplication.run(SpringApplication.java:338)
	at org.springframework.boot.SpringApplication.run(SpringApplication.java:1343)
	at org.springframework.boot.SpringApplication.run(SpringApplication.java:1332)
	at com.microservices.demo.config.server.ConfigServer.main(ConfigServer.java:11)
Caused by: org.eclipse.jgit.api.errors.TransportException: Read timed out after 5,000 ms
	at org.eclipse.jgit.api.FetchCommand.call(FetchCommand.java:254)
	at org.eclipse.jgit.api.CloneCommand.fetch(CloneCommand.java:306)
	at org.eclipse.jgit.api.CloneCommand.call(CloneCommand.java:200)
	at org.springframework.cloud.config.server.environment.JGitEnvironmentRepository.cloneToBasedir(JGitEnvironmentRepository.java:612)
	at org.springframework.cloud.config.server.environment.JGitEnvironmentRepository.initClonedRepository(JGitEnvironmentRepository.java:334)
	at org.springframework.cloud.config.server.environment.JGitEnvironmentRepository.afterPropertiesSet(JGitEnvironmentRepository.java:255)
	at org.springframework.cloud.config.server.environment.MultipleJGitEnvironmentRepository.afterPropertiesSet(MultipleJGitEnvironmentRepository.java:66)
	at org.springframework.beans.factory.support.AbstractAutowireCapableBeanFactory.invokeInitMethods(AbstractAutowireCapableBeanFactory.java:1845)
	at org.springframework.beans.factory.support.AbstractAutowireCapableBeanFactory.initializeBean(AbstractAutowireCapableBeanFactory.java:1782)
	... 16 common frames omitted
Caused by: org.eclipse.jgit.errors.TransportException: Read timed out after 5,000 ms
	at org.eclipse.jgit.transport.BasePackFetchConnection.doFetch(BasePackFetchConnection.java:400)
	at org.eclipse.jgit.transport.TransportHttp$SmartHttpFetchConnection.doFetch(TransportHttp.java:1084)
	at org.eclipse.jgit.transport.BasePackFetchConnection.fetch(BasePackFetchConnection.java:323)
	at org.eclipse.jgit.transport.BasePackFetchConnection.fetch(BasePackFetchConnection.java:314)
	at org.eclipse.jgit.transport.FetchProcess.fetchObjects(FetchProcess.java:264)
	at org.eclipse.jgit.transport.FetchProcess.executeImp(FetchProcess.java:162)
	at org.eclipse.jgit.transport.FetchProcess.execute(FetchProcess.java:123)
	at org.eclipse.jgit.transport.Transport.fetch(Transport.java:1271)
	at org.eclipse.jgit.api.FetchCommand.call(FetchCommand.java:243)
	... 24 common frames omitted
Caused by: java.io.InterruptedIOException: Read timed out after 5,000 ms
	at org.eclipse.jgit.util.io.TimeoutInputStream.readTimedOut(TimeoutInputStream.java:153)
	at org.eclipse.jgit.util.io.TimeoutInputStream.read(TimeoutInputStream.java:125)
	at org.eclipse.jgit.util.IO.readFully(IO.java:233)
	at org.eclipse.jgit.transport.PacketLineIn.readLength(PacketLineIn.java:238)
	at org.eclipse.jgit.transport.SideBandInputStream.needDataPacket(SideBandInputStream.java:157)
	at org.eclipse.jgit.transport.SideBandInputStream.read(SideBandInputStream.java:139)
	at org.eclipse.jgit.transport.PackParser.fill(PackParser.java:1261)
	at org.eclipse.jgit.transport.PackParser.readPackHeader(PackParser.java:933)
	at org.eclipse.jgit.transport.PackParser.parse(PackParser.java:557)
	at org.eclipse.jgit.internal.storage.file.ObjectDirectoryPackParser.parse(ObjectDirectoryPackParser.java:197)
	at org.eclipse.jgit.transport.PackParser.parse(PackParser.java:529)
	at org.eclipse.jgit.transport.BasePackFetchConnection.receivePack(BasePackFetchConnection.java:823)
	at org.eclipse.jgit.transport.BasePackFetchConnection.doFetch(BasePackFetchConnection.java:393)
	... 32 common frames omitted
2021-09-01 00:40:41 [background-preinit] INFO  o.h.validator.internal.util.Version - HV000001: Hibernate Validator 6.2.0.Final
2021-09-01 00:40:41 [main] INFO  c.m.demo.config.server.ConfigServer - Starting ConfigServer using Java 11.0.12 on mathleyneutron with PID 136241 (/home/mathleyneutron/Documents/Java/Microservices/microservices-demo/config-server/target/classes started by mathleyneutron in /home/mathleyneutron/Documents/Java/Microservices/microservices-demo)
2021-09-01 00:40:41 [main] INFO  c.m.demo.config.server.ConfigServer - No active profile set, falling back to default profiles: default
2021-09-01 00:40:42 [main] INFO  o.s.cloud.context.scope.GenericScope - BeanFactory id=17454470-01fd-3dd3-94c5-c5c5c6213728
2021-09-01 00:40:42 [main] INFO  o.s.b.w.e.tomcat.TomcatWebServer - Tomcat initialized with port(s): 8888 (http)
2021-09-01 00:40:42 [main] INFO  o.a.coyote.http11.Http11NioProtocol - Initializing ProtocolHandler ["http-nio-8888"]
2021-09-01 00:40:42 [main] INFO  o.a.catalina.core.StandardService - Starting service [Tomcat]
2021-09-01 00:40:42 [main] INFO  o.a.catalina.core.StandardEngine - Starting Servlet engine: [Apache Tomcat/9.0.48]
2021-09-01 00:40:42 [main] INFO  o.a.c.c.C.[Tomcat].[localhost].[/] - Initializing Spring embedded WebApplicationContext
2021-09-01 00:40:42 [main] INFO  o.s.b.w.s.c.ServletWebServerApplicationContext - Root WebApplicationContext: initialization completed in 802 ms
2021-09-01 00:40:42 [main] INFO  o.s.s.web.DefaultSecurityFilterChain - Will secure Ant [pattern='/actuator/**'] with []
2021-09-01 00:40:42 [main] INFO  o.s.s.web.DefaultSecurityFilterChain - Will secure Ant [pattern='/encrypt/**'] with []
2021-09-01 00:40:42 [main] INFO  o.s.s.web.DefaultSecurityFilterChain - Will secure Ant [pattern='/decrypt/**'] with []
2021-09-01 00:40:42 [main] INFO  o.s.s.web.DefaultSecurityFilterChain - Will secure any request with [org.springframework.security.web.context.request.async.WebAsyncManagerIntegrationFilter@16cb9989, org.springframework.security.web.context.SecurityContextPersistenceFilter@4f114b, org.springframework.security.web.header.HeaderWriterFilter@66f16742, org.springframework.security.web.csrf.CsrfFilter@634f58d2, org.springframework.security.web.authentication.logout.LogoutFilter@443a06ad, org.springframework.security.web.authentication.UsernamePasswordAuthenticationFilter@8b13d91, org.springframework.security.web.authentication.ui.DefaultLoginPageGeneratingFilter@38732364, org.springframework.security.web.authentication.ui.DefaultLogoutPageGeneratingFilter@3dfd6220, org.springframework.security.web.authentication.www.BasicAuthenticationFilter@7c453c34, org.springframework.security.web.savedrequest.RequestCacheAwareFilter@3fde2209, org.springframework.security.web.servletapi.SecurityContextHolderAwareRequestFilter@35025a0a, org.springframework.security.web.authentication.AnonymousAuthenticationFilter@3815146b, org.springframework.security.web.session.SessionManagementFilter@3c54ddec, org.springframework.security.web.access.ExceptionTranslationFilter@261f359f, org.springframework.security.web.access.intercept.FilterSecurityInterceptor@6380e9e9]
2021-09-01 00:40:43 [main] INFO  o.s.cloud.commons.util.InetUtils - Cannot determine local hostname
2021-09-01 00:40:58 [main] WARN  o.s.c.c.s.e.MultipleJGitEnvironmentRepository - Error occured cloning to base directory.
org.eclipse.jgit.api.errors.TransportException: https://github.com/OnceUponATimeMathley/spring-cloud-config-server-repository-3: authentication not supported
	at org.eclipse.jgit.api.FetchCommand.call(FetchCommand.java:254)
	at org.eclipse.jgit.api.CloneCommand.fetch(CloneCommand.java:306)
	at org.eclipse.jgit.api.CloneCommand.call(CloneCommand.java:200)
	at org.springframework.cloud.config.server.environment.JGitEnvironmentRepository.cloneToBasedir(JGitEnvironmentRepository.java:612)
	at org.springframework.cloud.config.server.environment.JGitEnvironmentRepository.initClonedRepository(JGitEnvironmentRepository.java:334)
	at org.springframework.cloud.config.server.environment.JGitEnvironmentRepository.afterPropertiesSet(JGitEnvironmentRepository.java:255)
	at org.springframework.cloud.config.server.environment.MultipleJGitEnvironmentRepository.afterPropertiesSet(MultipleJGitEnvironmentRepository.java:66)
	at org.springframework.beans.factory.support.AbstractAutowireCapableBeanFactory.invokeInitMethods(AbstractAutowireCapableBeanFactory.java:1845)
	at org.springframework.beans.factory.support.AbstractAutowireCapableBeanFactory.initializeBean(AbstractAutowireCapableBeanFactory.java:1782)
	at org.springframework.beans.factory.support.AbstractAutowireCapableBeanFactory.doCreateBean(AbstractAutowireCapableBeanFactory.java:602)
	at org.springframework.beans.factory.support.AbstractAutowireCapableBeanFactory.createBean(AbstractAutowireCapableBeanFactory.java:524)
	at org.springframework.beans.factory.support.AbstractBeanFactory.lambda$doGetBean$0(AbstractBeanFactory.java:335)
	at org.springframework.beans.factory.support.DefaultSingletonBeanRegistry.getSingleton(DefaultSingletonBeanRegistry.java:234)
	at org.springframework.beans.factory.support.AbstractBeanFactory.doGetBean(AbstractBeanFactory.java:333)
	at org.springframework.beans.factory.support.AbstractBeanFactory.getBean(AbstractBeanFactory.java:208)
	at org.springframework.beans.factory.support.DefaultListableBeanFactory.preInstantiateSingletons(DefaultListableBeanFactory.java:944)
	at org.springframework.context.support.AbstractApplicationContext.finishBeanFactoryInitialization(AbstractApplicationContext.java:918)
	at org.springframework.context.support.AbstractApplicationContext.refresh(AbstractApplicationContext.java:583)
	at org.springframework.boot.web.servlet.context.ServletWebServerApplicationContext.refresh(ServletWebServerApplicationContext.java:145)
	at org.springframework.boot.SpringApplication.refresh(SpringApplication.java:754)
	at org.springframework.boot.SpringApplication.refreshContext(SpringApplication.java:434)
	at org.springframework.boot.SpringApplication.run(SpringApplication.java:338)
	at org.springframework.boot.SpringApplication.run(SpringApplication.java:1343)
	at org.springframework.boot.SpringApplication.run(SpringApplication.java:1332)
	at com.microservices.demo.config.server.ConfigServer.main(ConfigServer.java:11)
Caused by: org.eclipse.jgit.errors.TransportException: https://github.com/OnceUponATimeMathley/spring-cloud-config-server-repository-3: authentication not supported
	at org.eclipse.jgit.transport.BasePackFetchConnection.doFetch(BasePackFetchConnection.java:400)
	at org.eclipse.jgit.transport.TransportHttp$SmartHttpFetchConnection.doFetch(TransportHttp.java:1084)
	at org.eclipse.jgit.transport.BasePackFetchConnection.fetch(BasePackFetchConnection.java:323)
	at org.eclipse.jgit.transport.BasePackFetchConnection.fetch(BasePackFetchConnection.java:314)
	at org.eclipse.jgit.transport.FetchProcess.fetchObjects(FetchProcess.java:264)
	at org.eclipse.jgit.transport.FetchProcess.executeImp(FetchProcess.java:162)
	at org.eclipse.jgit.transport.FetchProcess.execute(FetchProcess.java:123)
	at org.eclipse.jgit.transport.Transport.fetch(Transport.java:1271)
	at org.eclipse.jgit.api.FetchCommand.call(FetchCommand.java:243)
	... 24 common frames omitted
Caused by: org.eclipse.jgit.errors.TransportException: https://github.com/OnceUponATimeMathley/spring-cloud-config-server-repository-3: authentication not supported
	at org.eclipse.jgit.transport.TransportHttp$Service.sendRequest(TransportHttp.java:1233)
	at org.eclipse.jgit.transport.TransportHttp$MultiRequestService.execute(TransportHttp.java:1421)
	at org.eclipse.jgit.transport.TransportHttp$Service$HttpExecuteStream.read(TransportHttp.java:1351)
	at org.eclipse.jgit.util.io.UnionInputStream.read(UnionInputStream.java:149)
	at java.base/java.io.FilterInputStream.read(FilterInputStream.java:133)
	at org.eclipse.jgit.util.io.TimeoutInputStream.read(TimeoutInputStream.java:123)
	at org.eclipse.jgit.util.IO.readFully(IO.java:233)
	at org.eclipse.jgit.transport.PacketLineIn.readLength(PacketLineIn.java:238)
	at org.eclipse.jgit.transport.PacketLineIn.readString(PacketLineIn.java:164)
	at org.eclipse.jgit.transport.PacketLineIn.readACK(PacketLineIn.java:127)
	at org.eclipse.jgit.transport.BasePackFetchConnection.negotiate(BasePackFetchConnection.java:716)
	at org.eclipse.jgit.transport.BasePackFetchConnection.doFetch(BasePackFetchConnection.java:386)
	... 32 common frames omitted
2021-09-01 00:40:58 [main] WARN  o.s.b.w.s.c.AnnotationConfigServletWebServerApplicationContext - Exception encountered during context initialization - cancelling refresh attempt: org.springframework.beans.factory.BeanCreationException: Error creating bean with name 'defaultEnvironmentRepository' defined in class path resource [org/springframework/cloud/config/server/config/DefaultRepositoryConfiguration.class]: Invocation of init method failed; nested exception is org.eclipse.jgit.api.errors.TransportException: https://github.com/OnceUponATimeMathley/spring-cloud-config-server-repository-3: authentication not supported
2021-09-01 00:40:58 [main] INFO  o.a.catalina.core.StandardService - Stopping service [Tomcat]
2021-09-01 00:40:58 [main] INFO  o.s.b.a.l.ConditionEvaluationReportLoggingListener - 

Error starting ApplicationContext. To display the conditions report re-run your application with 'debug' enabled.
2021-09-01 00:40:58 [main] ERROR o.s.boot.SpringApplication - Application run failed
org.springframework.beans.factory.BeanCreationException: Error creating bean with name 'defaultEnvironmentRepository' defined in class path resource [org/springframework/cloud/config/server/config/DefaultRepositoryConfiguration.class]: Invocation of init method failed; nested exception is org.eclipse.jgit.api.errors.TransportException: https://github.com/OnceUponATimeMathley/spring-cloud-config-server-repository-3: authentication not supported
	at org.springframework.beans.factory.support.AbstractAutowireCapableBeanFactory.initializeBean(AbstractAutowireCapableBeanFactory.java:1786)
	at org.springframework.beans.factory.support.AbstractAutowireCapableBeanFactory.doCreateBean(AbstractAutowireCapableBeanFactory.java:602)
	at org.springframework.beans.factory.support.AbstractAutowireCapableBeanFactory.createBean(AbstractAutowireCapableBeanFactory.java:524)
	at org.springframework.beans.factory.support.AbstractBeanFactory.lambda$doGetBean$0(AbstractBeanFactory.java:335)
	at org.springframework.beans.factory.support.DefaultSingletonBeanRegistry.getSingleton(DefaultSingletonBeanRegistry.java:234)
	at org.springframework.beans.factory.support.AbstractBeanFactory.doGetBean(AbstractBeanFactory.java:333)
	at org.springframework.beans.factory.support.AbstractBeanFactory.getBean(AbstractBeanFactory.java:208)
	at org.springframework.beans.factory.support.DefaultListableBeanFactory.preInstantiateSingletons(DefaultListableBeanFactory.java:944)
	at org.springframework.context.support.AbstractApplicationContext.finishBeanFactoryInitialization(AbstractApplicationContext.java:918)
	at org.springframework.context.support.AbstractApplicationContext.refresh(AbstractApplicationContext.java:583)
	at org.springframework.boot.web.servlet.context.ServletWebServerApplicationContext.refresh(ServletWebServerApplicationContext.java:145)
	at org.springframework.boot.SpringApplication.refresh(SpringApplication.java:754)
	at org.springframework.boot.SpringApplication.refreshContext(SpringApplication.java:434)
	at org.springframework.boot.SpringApplication.run(SpringApplication.java:338)
	at org.springframework.boot.SpringApplication.run(SpringApplication.java:1343)
	at org.springframework.boot.SpringApplication.run(SpringApplication.java:1332)
	at com.microservices.demo.config.server.ConfigServer.main(ConfigServer.java:11)
Caused by: org.eclipse.jgit.api.errors.TransportException: https://github.com/OnceUponATimeMathley/spring-cloud-config-server-repository-3: authentication not supported
	at org.eclipse.jgit.api.FetchCommand.call(FetchCommand.java:254)
	at org.eclipse.jgit.api.CloneCommand.fetch(CloneCommand.java:306)
	at org.eclipse.jgit.api.CloneCommand.call(CloneCommand.java:200)
	at org.springframework.cloud.config.server.environment.JGitEnvironmentRepository.cloneToBasedir(JGitEnvironmentRepository.java:612)
	at org.springframework.cloud.config.server.environment.JGitEnvironmentRepository.initClonedRepository(JGitEnvironmentRepository.java:334)
	at org.springframework.cloud.config.server.environment.JGitEnvironmentRepository.afterPropertiesSet(JGitEnvironmentRepository.java:255)
	at org.springframework.cloud.config.server.environment.MultipleJGitEnvironmentRepository.afterPropertiesSet(MultipleJGitEnvironmentRepository.java:66)
	at org.springframework.beans.factory.support.AbstractAutowireCapableBeanFactory.invokeInitMethods(AbstractAutowireCapableBeanFactory.java:1845)
	at org.springframework.beans.factory.support.AbstractAutowireCapableBeanFactory.initializeBean(AbstractAutowireCapableBeanFactory.java:1782)
	... 16 common frames omitted
Caused by: org.eclipse.jgit.errors.TransportException: https://github.com/OnceUponATimeMathley/spring-cloud-config-server-repository-3: authentication not supported
	at org.eclipse.jgit.transport.BasePackFetchConnection.doFetch(BasePackFetchConnection.java:400)
	at org.eclipse.jgit.transport.TransportHttp$SmartHttpFetchConnection.doFetch(TransportHttp.java:1084)
	at org.eclipse.jgit.transport.BasePackFetchConnection.fetch(BasePackFetchConnection.java:323)
	at org.eclipse.jgit.transport.BasePackFetchConnection.fetch(BasePackFetchConnection.java:314)
	at org.eclipse.jgit.transport.FetchProcess.fetchObjects(FetchProcess.java:264)
	at org.eclipse.jgit.transport.FetchProcess.executeImp(FetchProcess.java:162)
	at org.eclipse.jgit.transport.FetchProcess.execute(FetchProcess.java:123)
	at org.eclipse.jgit.transport.Transport.fetch(Transport.java:1271)
	at org.eclipse.jgit.api.FetchCommand.call(FetchCommand.java:243)
	... 24 common frames omitted
Caused by: org.eclipse.jgit.errors.TransportException: https://github.com/OnceUponATimeMathley/spring-cloud-config-server-repository-3: authentication not supported
	at org.eclipse.jgit.transport.TransportHttp$Service.sendRequest(TransportHttp.java:1233)
	at org.eclipse.jgit.transport.TransportHttp$MultiRequestService.execute(TransportHttp.java:1421)
	at org.eclipse.jgit.transport.TransportHttp$Service$HttpExecuteStream.read(TransportHttp.java:1351)
	at org.eclipse.jgit.util.io.UnionInputStream.read(UnionInputStream.java:149)
	at java.base/java.io.FilterInputStream.read(FilterInputStream.java:133)
	at org.eclipse.jgit.util.io.TimeoutInputStream.read(TimeoutInputStream.java:123)
	at org.eclipse.jgit.util.IO.readFully(IO.java:233)
	at org.eclipse.jgit.transport.PacketLineIn.readLength(PacketLineIn.java:238)
	at org.eclipse.jgit.transport.PacketLineIn.readString(PacketLineIn.java:164)
	at org.eclipse.jgit.transport.PacketLineIn.readACK(PacketLineIn.java:127)
	at org.eclipse.jgit.transport.BasePackFetchConnection.negotiate(BasePackFetchConnection.java:716)
	at org.eclipse.jgit.transport.BasePackFetchConnection.doFetch(BasePackFetchConnection.java:386)
	... 32 common frames omitted
2021-09-01 00:41:37 [background-preinit] INFO  o.h.validator.internal.util.Version - HV000001: Hibernate Validator 6.2.0.Final
2021-09-01 00:41:37 [main] INFO  c.m.demo.config.server.ConfigServer - Starting ConfigServer using Java 11.0.12 on mathleyneutron with PID 136579 (/home/mathleyneutron/Documents/Java/Microservices/microservices-demo/config-server/target/classes started by mathleyneutron in /home/mathleyneutron/Documents/Java/Microservices/microservices-demo)
2021-09-01 00:41:37 [main] INFO  c.m.demo.config.server.ConfigServer - No active profile set, falling back to default profiles: default
2021-09-01 00:41:37 [main] INFO  o.s.cloud.context.scope.GenericScope - BeanFactory id=17454470-01fd-3dd3-94c5-c5c5c6213728
2021-09-01 00:41:38 [main] INFO  o.s.b.w.e.tomcat.TomcatWebServer - Tomcat initialized with port(s): 8888 (http)
2021-09-01 00:41:38 [main] INFO  o.a.coyote.http11.Http11NioProtocol - Initializing ProtocolHandler ["http-nio-8888"]
2021-09-01 00:41:38 [main] INFO  o.a.catalina.core.StandardService - Starting service [Tomcat]
2021-09-01 00:41:38 [main] INFO  o.a.catalina.core.StandardEngine - Starting Servlet engine: [Apache Tomcat/9.0.48]
2021-09-01 00:41:38 [main] INFO  o.a.c.c.C.[Tomcat].[localhost].[/] - Initializing Spring embedded WebApplicationContext
2021-09-01 00:41:38 [main] INFO  o.s.b.w.s.c.ServletWebServerApplicationContext - Root WebApplicationContext: initialization completed in 809 ms
2021-09-01 00:41:38 [main] INFO  o.s.s.web.DefaultSecurityFilterChain - Will secure Ant [pattern='/actuator/**'] with []
2021-09-01 00:41:38 [main] INFO  o.s.s.web.DefaultSecurityFilterChain - Will secure Ant [pattern='/encrypt/**'] with []
2021-09-01 00:41:38 [main] INFO  o.s.s.web.DefaultSecurityFilterChain - Will secure Ant [pattern='/decrypt/**'] with []
2021-09-01 00:41:38 [main] INFO  o.s.s.web.DefaultSecurityFilterChain - Will secure any request with [org.springframework.security.web.context.request.async.WebAsyncManagerIntegrationFilter@16cb9989, org.springframework.security.web.context.SecurityContextPersistenceFilter@4f114b, org.springframework.security.web.header.HeaderWriterFilter@66f16742, org.springframework.security.web.csrf.CsrfFilter@634f58d2, org.springframework.security.web.authentication.logout.LogoutFilter@443a06ad, org.springframework.security.web.authentication.UsernamePasswordAuthenticationFilter@8b13d91, org.springframework.security.web.authentication.ui.DefaultLoginPageGeneratingFilter@38732364, org.springframework.security.web.authentication.ui.DefaultLogoutPageGeneratingFilter@3dfd6220, org.springframework.security.web.authentication.www.BasicAuthenticationFilter@7c453c34, org.springframework.security.web.savedrequest.RequestCacheAwareFilter@3fde2209, org.springframework.security.web.servletapi.SecurityContextHolderAwareRequestFilter@35025a0a, org.springframework.security.web.authentication.AnonymousAuthenticationFilter@3815146b, org.springframework.security.web.session.SessionManagementFilter@3c54ddec, org.springframework.security.web.access.ExceptionTranslationFilter@261f359f, org.springframework.security.web.access.intercept.FilterSecurityInterceptor@6380e9e9]
2021-09-01 00:41:39 [main] INFO  o.s.cloud.commons.util.InetUtils - Cannot determine local hostname
2021-09-01 00:41:42 [main] INFO  o.a.coyote.http11.Http11NioProtocol - Starting ProtocolHandler ["http-nio-8888"]
2021-09-01 00:41:42 [main] INFO  o.s.b.w.e.tomcat.TomcatWebServer - Tomcat started on port(s): 8888 (http) with context path ''
2021-09-01 00:41:43 [main] INFO  o.s.cloud.commons.util.InetUtils - Cannot determine local hostname
2021-09-01 00:41:43 [main] INFO  c.m.demo.config.server.ConfigServer - Started ConfigServer in 7.577 seconds (JVM running for 8.441)
2021-09-01 00:41:48 [http-nio-8888-exec-1] INFO  o.a.c.c.C.[Tomcat].[localhost].[/] - Initializing Spring DispatcherServlet 'dispatcherServlet'
2021-09-01 00:41:48 [http-nio-8888-exec-1] INFO  o.s.web.servlet.DispatcherServlet - Initializing Servlet 'dispatcherServlet'
2021-09-01 00:41:48 [http-nio-8888-exec-1] INFO  o.s.web.servlet.DispatcherServlet - Completed initialization in 0 ms
2021-09-01 00:41:57 [http-nio-8888-exec-1] INFO  o.s.c.c.s.e.NativeEnvironmentRepository - Adding property source: Config resource 'file [/tmp/config-repo-9414964978061581228/config-client-gateway.yml]' via location 'file:/tmp/config-repo-9414964978061581228/'
2021-09-01 00:41:57 [http-nio-8888-exec-1] INFO  o.s.c.c.s.e.NativeEnvironmentRepository - Adding property source: Config resource 'file [/tmp/config-repo-9414964978061581228/config-client.yml]' via location 'file:/tmp/config-repo-9414964978061581228/'
2021-09-01 00:42:53 [http-nio-8888-exec-3] INFO  o.s.c.c.s.e.NativeEnvironmentRepository - Adding property source: Config resource 'file [/tmp/config-repo-9414964978061581228/config-client-gateway.yml]' via location 'file:/tmp/config-repo-9414964978061581228/'
2021-09-01 00:42:53 [http-nio-8888-exec-3] INFO  o.s.c.c.s.e.NativeEnvironmentRepository - Adding property source: Config resource 'file [/tmp/config-repo-9414964978061581228/config-client.yml]' via location 'file:/tmp/config-repo-9414964978061581228/'
