2021-07-27 16:12:25 [background-preinit] INFO  o.h.validator.internal.util.Version - HV000001: Hibernate Validator 6.2.0.Final
2021-07-27 16:12:25 [main] INFO  c.m.demo.config.server.ConfigServer - Starting ConfigServer using Java 11.0.11 on onceuponatime-LeLong-S15-X510UF with PID 20639 (/home/onceuponatime/Documents/Java/Microservices/microservices-demo/config-server/target/classes started by onceuponatime in /home/onceuponatime/Documents/Java/Microservices/microservices-demo)
2021-07-27 16:12:25 [main] INFO  c.m.demo.config.server.ConfigServer - No active profile set, falling back to default profiles: default
2021-07-27 16:12:27 [main] INFO  o.s.cloud.context.scope.GenericScope - BeanFactory id=8dbd9f49-dd61-3375-9383-8c4959f79b95
2021-07-27 16:12:27 [main] INFO  o.s.b.w.e.tomcat.TomcatWebServer - Tomcat initialized with port(s): 8888 (http)
2021-07-27 16:12:27 [main] INFO  o.a.coyote.http11.Http11NioProtocol - Initializing ProtocolHandler ["http-nio-8888"]
2021-07-27 16:12:27 [main] INFO  o.a.catalina.core.StandardService - Starting service [Tomcat]
2021-07-27 16:12:27 [main] INFO  o.a.catalina.core.StandardEngine - Starting Servlet engine: [Apache Tomcat/9.0.48]
2021-07-27 16:12:27 [main] INFO  o.a.c.c.C.[Tomcat].[localhost].[/] - Initializing Spring embedded WebApplicationContext
2021-07-27 16:12:27 [main] INFO  o.s.b.w.s.c.ServletWebServerApplicationContext - Root WebApplicationContext: initialization completed in 1936 ms
2021-07-27 16:12:28 [main] INFO  o.s.s.web.DefaultSecurityFilterChain - Will secure Ant [pattern='/actuator/**'] with []
2021-07-27 16:12:28 [main] INFO  o.s.s.web.DefaultSecurityFilterChain - Will secure Ant [pattern='/encrypt/**'] with []
2021-07-27 16:12:28 [main] INFO  o.s.s.web.DefaultSecurityFilterChain - Will secure Ant [pattern='/decrypt/**'] with []
2021-07-27 16:12:28 [main] INFO  o.s.s.web.DefaultSecurityFilterChain - Will secure any request with [org.springframework.security.web.context.request.async.WebAsyncManagerIntegrationFilter@74f280bd, org.springframework.security.web.context.SecurityContextPersistenceFilter@4c18516, org.springframework.security.web.header.HeaderWriterFilter@6ddd1c51, org.springframework.security.web.csrf.CsrfFilter@2322e56f, org.springframework.security.web.authentication.logout.LogoutFilter@515ab3f2, org.springframework.security.web.authentication.UsernamePasswordAuthenticationFilter@48d739f, org.springframework.security.web.authentication.ui.DefaultLoginPageGeneratingFilter@77a0dd63, org.springframework.security.web.authentication.ui.DefaultLogoutPageGeneratingFilter@675b18ff, org.springframework.security.web.authentication.www.BasicAuthenticationFilter@11e9ac24, org.springframework.security.web.savedrequest.RequestCacheAwareFilter@3d104c9b, org.springframework.security.web.servletapi.SecurityContextHolderAwareRequestFilter@42c0a16e, org.springframework.security.web.authentication.AnonymousAuthenticationFilter@34279b8a, org.springframework.security.web.session.SessionManagementFilter@15605d83, org.springframework.security.web.access.ExceptionTranslationFilter@492521c4, org.springframework.security.web.access.intercept.FilterSecurityInterceptor@20349058]
2021-07-27 16:12:29 [main] INFO  o.s.cloud.commons.util.InetUtils - Cannot determine local hostname
2021-07-27 16:12:32 [main] INFO  o.a.coyote.http11.Http11NioProtocol - Starting ProtocolHandler ["http-nio-8888"]
2021-07-27 16:12:32 [main] INFO  o.s.b.w.e.tomcat.TomcatWebServer - Tomcat started on port(s): 8888 (http) with context path ''
2021-07-27 16:12:33 [main] INFO  o.s.cloud.commons.util.InetUtils - Cannot determine local hostname
2021-07-27 16:12:33 [main] INFO  c.m.demo.config.server.ConfigServer - Started ConfigServer in 9.831 seconds (JVM running for 11.359)
2021-07-27 16:22:41 [http-nio-8888-exec-1] INFO  o.a.c.c.C.[Tomcat].[localhost].[/] - Initializing Spring DispatcherServlet 'dispatcherServlet'
2021-07-27 16:22:41 [http-nio-8888-exec-1] INFO  o.s.web.servlet.DispatcherServlet - Initializing Servlet 'dispatcherServlet'
2021-07-27 16:22:41 [http-nio-8888-exec-1] INFO  o.s.web.servlet.DispatcherServlet - Completed initialization in 1 ms
2021-07-27 16:22:41 [http-nio-8888-exec-1] WARN  o.a.c.util.SessionIdGeneratorBase - Creation of SecureRandom instance for session ID generation using [SHA1PRNG] took [131] milliseconds.
2021-07-27 16:22:43 [http-nio-8888-exec-1] INFO  o.s.c.c.s.e.NativeEnvironmentRepository - Adding property source: Config resource 'file [/tmp/config-repo-2230338801266556870/config-client-elastic_query.yml]' via location 'file:/tmp/config-repo-2230338801266556870/'
2021-07-27 16:22:43 [http-nio-8888-exec-1] INFO  o.s.c.c.s.e.NativeEnvironmentRepository - Adding property source: Config resource 'file [/tmp/config-repo-2230338801266556870/config-client.yml]' via location 'file:/tmp/config-repo-2230338801266556870/'
2021-07-27 16:25:02 [http-nio-8888-exec-3] INFO  o.s.c.c.s.e.NativeEnvironmentRepository - Adding property source: Config resource 'file [/tmp/config-repo-2230338801266556870/config-client-elastic_query.yml]' via location 'file:/tmp/config-repo-2230338801266556870/'
2021-07-27 16:25:02 [http-nio-8888-exec-3] INFO  o.s.c.c.s.e.NativeEnvironmentRepository - Adding property source: Config resource 'file [/tmp/config-repo-2230338801266556870/config-client.yml]' via location 'file:/tmp/config-repo-2230338801266556870/'
2021-07-27 16:30:51 [http-nio-8888-exec-5] INFO  o.s.c.c.s.e.NativeEnvironmentRepository - Adding property source: Config resource 'file [/tmp/config-repo-2230338801266556870/config-client-kafka_to_elastic.yml]' via location 'file:/tmp/config-repo-2230338801266556870/'
2021-07-27 16:30:51 [http-nio-8888-exec-5] INFO  o.s.c.c.s.e.NativeEnvironmentRepository - Adding property source: Config resource 'file [/tmp/config-repo-2230338801266556870/config-client.yml]' via location 'file:/tmp/config-repo-2230338801266556870/'
2021-07-27 16:33:09 [http-nio-8888-exec-7] INFO  o.s.c.c.s.e.NativeEnvironmentRepository - Adding property source: Config resource 'file [/tmp/config-repo-2230338801266556870/config-client-kafka_to_elastic.yml]' via location 'file:/tmp/config-repo-2230338801266556870/'
2021-07-27 16:33:09 [http-nio-8888-exec-7] INFO  o.s.c.c.s.e.NativeEnvironmentRepository - Adding property source: Config resource 'file [/tmp/config-repo-2230338801266556870/config-client.yml]' via location 'file:/tmp/config-repo-2230338801266556870/'
2021-07-27 16:39:42 [background-preinit] INFO  o.h.validator.internal.util.Version - HV000001: Hibernate Validator 6.2.0.Final
2021-07-27 16:39:43 [main] INFO  c.m.demo.config.server.ConfigServer - Starting ConfigServer using Java 11.0.11 on onceuponatime-LeLong-S15-X510UF with PID 27454 (/home/onceuponatime/Documents/Java/Microservices/microservices-demo/config-server/target/classes started by onceuponatime in /home/onceuponatime/Documents/Java/Microservices/microservices-demo)
2021-07-27 16:39:43 [main] INFO  c.m.demo.config.server.ConfigServer - No active profile set, falling back to default profiles: default
2021-07-27 16:39:47 [main] INFO  o.s.cloud.context.scope.GenericScope - BeanFactory id=8dbd9f49-dd61-3375-9383-8c4959f79b95
2021-07-27 16:39:49 [main] INFO  o.s.b.w.e.tomcat.TomcatWebServer - Tomcat initialized with port(s): 8888 (http)
2021-07-27 16:39:49 [main] INFO  o.a.coyote.http11.Http11NioProtocol - Initializing ProtocolHandler ["http-nio-8888"]
2021-07-27 16:39:49 [main] INFO  o.a.catalina.core.StandardService - Starting service [Tomcat]
2021-07-27 16:39:49 [main] INFO  o.a.catalina.core.StandardEngine - Starting Servlet engine: [Apache Tomcat/9.0.48]
2021-07-27 16:39:49 [main] INFO  o.a.c.c.C.[Tomcat].[localhost].[/] - Initializing Spring embedded WebApplicationContext
2021-07-27 16:39:49 [main] INFO  o.s.b.w.s.c.ServletWebServerApplicationContext - Root WebApplicationContext: initialization completed in 6332 ms
2021-07-27 16:39:50 [main] INFO  o.s.s.web.DefaultSecurityFilterChain - Will secure Ant [pattern='/actuator/**'] with []
2021-07-27 16:39:50 [main] INFO  o.s.s.web.DefaultSecurityFilterChain - Will secure Ant [pattern='/encrypt/**'] with []
2021-07-27 16:39:50 [main] INFO  o.s.s.web.DefaultSecurityFilterChain - Will secure Ant [pattern='/decrypt/**'] with []
2021-07-27 16:39:50 [main] INFO  o.s.s.web.DefaultSecurityFilterChain - Will secure any request with [org.springframework.security.web.context.request.async.WebAsyncManagerIntegrationFilter@3d104c9b, org.springframework.security.web.context.SecurityContextPersistenceFilter@a0c5be, org.springframework.security.web.header.HeaderWriterFilter@6806468e, org.springframework.security.web.csrf.CsrfFilter@66f5b8fe, org.springframework.security.web.authentication.logout.LogoutFilter@1eca3ea7, org.springframework.security.web.authentication.UsernamePasswordAuthenticationFilter@b1b471, org.springframework.security.web.authentication.ui.DefaultLoginPageGeneratingFilter@3313d477, org.springframework.security.web.authentication.ui.DefaultLogoutPageGeneratingFilter@6544899b, org.springframework.security.web.authentication.www.BasicAuthenticationFilter@2a0b901c, org.springframework.security.web.savedrequest.RequestCacheAwareFilter@14efa279, org.springframework.security.web.servletapi.SecurityContextHolderAwareRequestFilter@3a11c0eb, org.springframework.security.web.authentication.AnonymousAuthenticationFilter@6da54910, org.springframework.security.web.session.SessionManagementFilter@68631b1d, org.springframework.security.web.access.ExceptionTranslationFilter@7c950b3b, org.springframework.security.web.access.intercept.FilterSecurityInterceptor@3e5beab5]
2021-07-27 16:39:57 [main] INFO  o.a.coyote.http11.Http11NioProtocol - Starting ProtocolHandler ["http-nio-8888"]
2021-07-27 16:39:57 [main] INFO  o.s.b.w.e.tomcat.TomcatWebServer - Tomcat started on port(s): 8888 (http) with context path ''
2021-07-27 16:39:58 [main] INFO  o.s.cloud.commons.util.InetUtils - Cannot determine local hostname
2021-07-27 16:39:58 [main] INFO  c.m.demo.config.server.ConfigServer - Started ConfigServer in 18.936 seconds (JVM running for 24.534)
2021-07-27 16:40:07 [http-nio-8888-exec-1] INFO  o.a.c.c.C.[Tomcat].[localhost].[/] - Initializing Spring DispatcherServlet 'dispatcherServlet'
2021-07-27 16:40:07 [http-nio-8888-exec-1] INFO  o.s.web.servlet.DispatcherServlet - Initializing Servlet 'dispatcherServlet'
2021-07-27 16:40:07 [http-nio-8888-exec-1] INFO  o.s.web.servlet.DispatcherServlet - Completed initialization in 1 ms
2021-07-27 16:40:12 [http-nio-8888-exec-1] INFO  o.s.c.c.s.e.NativeEnvironmentRepository - Adding property source: Config resource 'file [/tmp/config-repo-14266214006611063524/config-client-kafka_to_elastic.yml]' via location 'file:/tmp/config-repo-14266214006611063524/'
2021-07-27 16:40:12 [http-nio-8888-exec-1] INFO  o.s.c.c.s.e.NativeEnvironmentRepository - Adding property source: Config resource 'file [/tmp/config-repo-14266214006611063524/config-client.yml]' via location 'file:/tmp/config-repo-14266214006611063524/'
2021-07-27 16:43:10 [http-nio-8888-exec-3] WARN  o.s.c.c.s.e.MultipleJGitEnvironmentRepository - Could not fetch remote for main remote: https://github.com/OnceUponATimeMathley/spring-cloud-config-server-repository-3
2021-07-27 16:43:11 [http-nio-8888-exec-3] INFO  o.s.c.c.s.e.NativeEnvironmentRepository - Adding property source: Config resource 'file [/tmp/config-repo-14266214006611063524/config-client-kafka_to_elastic.yml]' via location 'file:/tmp/config-repo-14266214006611063524/'
2021-07-27 16:43:11 [http-nio-8888-exec-3] INFO  o.s.c.c.s.e.NativeEnvironmentRepository - Adding property source: Config resource 'file [/tmp/config-repo-14266214006611063524/config-client.yml]' via location 'file:/tmp/config-repo-14266214006611063524/'
2021-07-27 16:44:09 [http-nio-8888-exec-5] INFO  o.s.c.c.s.e.NativeEnvironmentRepository - Adding property source: Config resource 'file [/tmp/config-repo-14266214006611063524/config-client-kafka_to_elastic.yml]' via location 'file:/tmp/config-repo-14266214006611063524/'
2021-07-27 16:44:09 [http-nio-8888-exec-5] INFO  o.s.c.c.s.e.NativeEnvironmentRepository - Adding property source: Config resource 'file [/tmp/config-repo-14266214006611063524/config-client.yml]' via location 'file:/tmp/config-repo-14266214006611063524/'
2021-07-27 16:47:51 [http-nio-8888-exec-7] INFO  o.s.c.c.s.e.NativeEnvironmentRepository - Adding property source: Config resource 'file [/tmp/config-repo-14266214006611063524/config-client-twitter_to_kafka.yml]' via location 'file:/tmp/config-repo-14266214006611063524/'
2021-07-27 16:47:51 [http-nio-8888-exec-7] INFO  o.s.c.c.s.e.NativeEnvironmentRepository - Adding property source: Config resource 'file [/tmp/config-repo-14266214006611063524/config-client.yml]' via location 'file:/tmp/config-repo-14266214006611063524/'
2021-07-27 16:48:43 [http-nio-8888-exec-8] INFO  o.s.c.c.s.e.NativeEnvironmentRepository - Adding property source: Config resource 'file [/tmp/config-repo-14266214006611063524/config-client-kafka_to_elastic.yml]' via location 'file:/tmp/config-repo-14266214006611063524/'
2021-07-27 16:48:43 [http-nio-8888-exec-8] INFO  o.s.c.c.s.e.NativeEnvironmentRepository - Adding property source: Config resource 'file [/tmp/config-repo-14266214006611063524/config-client.yml]' via location 'file:/tmp/config-repo-14266214006611063524/'
2021-07-27 16:51:57 [http-nio-8888-exec-1] INFO  o.s.c.c.s.e.NativeEnvironmentRepository - Adding property source: Config resource 'file [/tmp/config-repo-14266214006611063524/config-client-kafka_to_elastic.yml]' via location 'file:/tmp/config-repo-14266214006611063524/'
2021-07-27 16:51:57 [http-nio-8888-exec-1] INFO  o.s.c.c.s.e.NativeEnvironmentRepository - Adding property source: Config resource 'file [/tmp/config-repo-14266214006611063524/config-client.yml]' via location 'file:/tmp/config-repo-14266214006611063524/'
2021-07-27 16:58:38 [http-nio-8888-exec-3] INFO  o.s.c.c.s.e.NativeEnvironmentRepository - Adding property source: Config resource 'file [/tmp/config-repo-14266214006611063524/config-client-kafka_to_elastic.yml]' via location 'file:/tmp/config-repo-14266214006611063524/'
2021-07-27 16:58:38 [http-nio-8888-exec-3] INFO  o.s.c.c.s.e.NativeEnvironmentRepository - Adding property source: Config resource 'file [/tmp/config-repo-14266214006611063524/config-client.yml]' via location 'file:/tmp/config-repo-14266214006611063524/'
2021-07-27 17:06:16 [http-nio-8888-exec-5] WARN  o.s.c.c.s.e.MultipleJGitEnvironmentRepository - Could not fetch remote for main remote: https://github.com/OnceUponATimeMathley/spring-cloud-config-server-repository-3
2021-07-27 17:06:16 [http-nio-8888-exec-5] INFO  o.s.c.c.s.e.NativeEnvironmentRepository - Adding property source: Config resource 'file [/tmp/config-repo-14266214006611063524/config-client-kafka_to_elastic.yml]' via location 'file:/tmp/config-repo-14266214006611063524/'
2021-07-27 17:06:16 [http-nio-8888-exec-5] INFO  o.s.c.c.s.e.NativeEnvironmentRepository - Adding property source: Config resource 'file [/tmp/config-repo-14266214006611063524/config-client.yml]' via location 'file:/tmp/config-repo-14266214006611063524/'
2021-07-27 17:15:36 [http-nio-8888-exec-7] INFO  o.s.c.c.s.e.NativeEnvironmentRepository - Adding property source: Config resource 'file [/tmp/config-repo-14266214006611063524/config-client-kafka_to_elastic.yml]' via location 'file:/tmp/config-repo-14266214006611063524/'
2021-07-27 17:15:36 [http-nio-8888-exec-7] INFO  o.s.c.c.s.e.NativeEnvironmentRepository - Adding property source: Config resource 'file [/tmp/config-repo-14266214006611063524/config-client.yml]' via location 'file:/tmp/config-repo-14266214006611063524/'
2021-07-27 17:16:55 [http-nio-8888-exec-9] INFO  o.s.c.c.s.e.NativeEnvironmentRepository - Adding property source: Config resource 'file [/tmp/config-repo-14266214006611063524/config-client-kafka_to_elastic.yml]' via location 'file:/tmp/config-repo-14266214006611063524/'
2021-07-27 17:16:55 [http-nio-8888-exec-9] INFO  o.s.c.c.s.e.NativeEnvironmentRepository - Adding property source: Config resource 'file [/tmp/config-repo-14266214006611063524/config-client.yml]' via location 'file:/tmp/config-repo-14266214006611063524/'
2021-07-27 17:20:45 [http-nio-8888-exec-1] INFO  o.s.c.c.s.e.NativeEnvironmentRepository - Adding property source: Config resource 'file [/tmp/config-repo-14266214006611063524/config-client-kafka_to_elastic.yml]' via location 'file:/tmp/config-repo-14266214006611063524/'
2021-07-27 17:20:45 [http-nio-8888-exec-1] INFO  o.s.c.c.s.e.NativeEnvironmentRepository - Adding property source: Config resource 'file [/tmp/config-repo-14266214006611063524/config-client.yml]' via location 'file:/tmp/config-repo-14266214006611063524/'
2021-07-27 17:41:33 [main] INFO  c.m.demo.config.server.ConfigServer - Starting ConfigServer using Java 11.0.11 on onceuponatime-LeLong-S15-X510UF with PID 43655 (/home/onceuponatime/Documents/Java/Microservices/microservices-demo/config-server/target/classes started by onceuponatime in /home/onceuponatime/Documents/Java/Microservices/microservices-demo)
2021-07-27 17:41:33 [background-preinit] INFO  o.h.validator.internal.util.Version - HV000001: Hibernate Validator 6.2.0.Final
2021-07-27 17:41:33 [main] INFO  c.m.demo.config.server.ConfigServer - No active profile set, falling back to default profiles: default
2021-07-27 17:41:34 [main] INFO  o.s.cloud.context.scope.GenericScope - BeanFactory id=8dbd9f49-dd61-3375-9383-8c4959f79b95
2021-07-27 17:41:35 [main] INFO  o.s.b.w.e.tomcat.TomcatWebServer - Tomcat initialized with port(s): 8888 (http)
2021-07-27 17:41:35 [main] INFO  o.a.coyote.http11.Http11NioProtocol - Initializing ProtocolHandler ["http-nio-8888"]
2021-07-27 17:41:35 [main] INFO  o.a.catalina.core.StandardService - Starting service [Tomcat]
2021-07-27 17:41:35 [main] INFO  o.a.catalina.core.StandardEngine - Starting Servlet engine: [Apache Tomcat/9.0.48]
2021-07-27 17:41:35 [main] INFO  o.a.c.c.C.[Tomcat].[localhost].[/] - Initializing Spring embedded WebApplicationContext
2021-07-27 17:41:35 [main] INFO  o.s.b.w.s.c.ServletWebServerApplicationContext - Root WebApplicationContext: initialization completed in 1766 ms
2021-07-27 17:41:35 [main] INFO  o.s.s.web.DefaultSecurityFilterChain - Will secure Ant [pattern='/actuator/**'] with []
2021-07-27 17:41:35 [main] INFO  o.s.s.web.DefaultSecurityFilterChain - Will secure Ant [pattern='/encrypt/**'] with []
2021-07-27 17:41:35 [main] INFO  o.s.s.web.DefaultSecurityFilterChain - Will secure Ant [pattern='/decrypt/**'] with []
2021-07-27 17:41:35 [main] INFO  o.s.s.web.DefaultSecurityFilterChain - Will secure any request with [org.springframework.security.web.context.request.async.WebAsyncManagerIntegrationFilter@64f4f12, org.springframework.security.web.context.SecurityContextPersistenceFilter@382d71c7, org.springframework.security.web.header.HeaderWriterFilter@2e6d76ba, org.springframework.security.web.csrf.CsrfFilter@51ac12ac, org.springframework.security.web.authentication.logout.LogoutFilter@34c7232c, org.springframework.security.web.authentication.UsernamePasswordAuthenticationFilter@2c9306d3, org.springframework.security.web.authentication.ui.DefaultLoginPageGeneratingFilter@50598a1a, org.springframework.security.web.authentication.ui.DefaultLogoutPageGeneratingFilter@37d28938, org.springframework.security.web.authentication.www.BasicAuthenticationFilter@22791b75, org.springframework.security.web.savedrequest.RequestCacheAwareFilter@34a20f16, org.springframework.security.web.servletapi.SecurityContextHolderAwareRequestFilter@3b0d3a63, org.springframework.security.web.authentication.AnonymousAuthenticationFilter@7d0cd23c, org.springframework.security.web.session.SessionManagementFilter@5a9840f3, org.springframework.security.web.access.ExceptionTranslationFilter@256bb5be, org.springframework.security.web.access.intercept.FilterSecurityInterceptor@2dd178f3]
2021-07-27 17:41:36 [main] INFO  o.s.cloud.commons.util.InetUtils - Cannot determine local hostname
2021-07-27 17:41:52 [main] INFO  o.a.coyote.http11.Http11NioProtocol - Starting ProtocolHandler ["http-nio-8888"]
2021-07-27 17:41:52 [main] INFO  o.s.b.w.e.tomcat.TomcatWebServer - Tomcat started on port(s): 8888 (http) with context path ''
2021-07-27 17:41:53 [main] INFO  o.s.cloud.commons.util.InetUtils - Cannot determine local hostname
2021-07-27 17:41:53 [main] INFO  c.m.demo.config.server.ConfigServer - Started ConfigServer in 22.241 seconds (JVM running for 23.236)
2021-07-27 17:45:35 [http-nio-8888-exec-1] INFO  o.a.c.c.C.[Tomcat].[localhost].[/] - Initializing Spring DispatcherServlet 'dispatcherServlet'
2021-07-27 17:45:35 [http-nio-8888-exec-1] INFO  o.s.web.servlet.DispatcherServlet - Initializing Servlet 'dispatcherServlet'
2021-07-27 17:45:35 [http-nio-8888-exec-1] INFO  o.s.web.servlet.DispatcherServlet - Completed initialization in 1 ms
2021-07-27 17:45:37 [http-nio-8888-exec-1] INFO  o.s.c.c.s.e.NativeEnvironmentRepository - Adding property source: Config resource 'file [/tmp/config-repo-1193003993807400687/config-client-elastic_query.yml]' via location 'file:/tmp/config-repo-1193003993807400687/'
2021-07-27 17:45:37 [http-nio-8888-exec-1] INFO  o.s.c.c.s.e.NativeEnvironmentRepository - Adding property source: Config resource 'file [/tmp/config-repo-1193003993807400687/config-client.yml]' via location 'file:/tmp/config-repo-1193003993807400687/'
2021-07-27 17:46:13 [http-nio-8888-exec-3] INFO  o.s.c.c.s.e.NativeEnvironmentRepository - Adding property source: Config resource 'file [/tmp/config-repo-1193003993807400687/config-client-kafka_to_elastic.yml]' via location 'file:/tmp/config-repo-1193003993807400687/'
2021-07-27 17:46:13 [http-nio-8888-exec-3] INFO  o.s.c.c.s.e.NativeEnvironmentRepository - Adding property source: Config resource 'file [/tmp/config-repo-1193003993807400687/config-client.yml]' via location 'file:/tmp/config-repo-1193003993807400687/'
2021-07-27 17:47:58 [http-nio-8888-exec-5] INFO  o.s.c.c.s.e.NativeEnvironmentRepository - Adding property source: Config resource 'file [/tmp/config-repo-1193003993807400687/config-client-kafka_to_elastic.yml]' via location 'file:/tmp/config-repo-1193003993807400687/'
2021-07-27 17:47:58 [http-nio-8888-exec-5] INFO  o.s.c.c.s.e.NativeEnvironmentRepository - Adding property source: Config resource 'file [/tmp/config-repo-1193003993807400687/config-client.yml]' via location 'file:/tmp/config-repo-1193003993807400687/'
2021-07-27 17:49:41 [http-nio-8888-exec-7] INFO  o.s.c.c.s.e.NativeEnvironmentRepository - Adding property source: Config resource 'file [/tmp/config-repo-1193003993807400687/config-client-kafka_to_elastic.yml]' via location 'file:/tmp/config-repo-1193003993807400687/'
2021-07-27 17:49:41 [http-nio-8888-exec-7] INFO  o.s.c.c.s.e.NativeEnvironmentRepository - Adding property source: Config resource 'file [/tmp/config-repo-1193003993807400687/config-client.yml]' via location 'file:/tmp/config-repo-1193003993807400687/'
2021-07-27 17:51:32 [http-nio-8888-exec-9] INFO  o.s.c.c.s.e.NativeEnvironmentRepository - Adding property source: Config resource 'file [/tmp/config-repo-1193003993807400687/config-client-twitter_to_kafka.yml]' via location 'file:/tmp/config-repo-1193003993807400687/'
2021-07-27 17:51:32 [http-nio-8888-exec-9] INFO  o.s.c.c.s.e.NativeEnvironmentRepository - Adding property source: Config resource 'file [/tmp/config-repo-1193003993807400687/config-client.yml]' via location 'file:/tmp/config-repo-1193003993807400687/'
2021-07-27 17:52:07 [http-nio-8888-exec-10] INFO  o.s.c.c.s.e.NativeEnvironmentRepository - Adding property source: Config resource 'file [/tmp/config-repo-1193003993807400687/config-client-kafka_to_elastic.yml]' via location 'file:/tmp/config-repo-1193003993807400687/'
2021-07-27 17:52:07 [http-nio-8888-exec-10] INFO  o.s.c.c.s.e.NativeEnvironmentRepository - Adding property source: Config resource 'file [/tmp/config-repo-1193003993807400687/config-client.yml]' via location 'file:/tmp/config-repo-1193003993807400687/'
2021-07-27 17:53:41 [http-nio-8888-exec-3] INFO  o.s.c.c.s.e.NativeEnvironmentRepository - Adding property source: Config resource 'file [/tmp/config-repo-1193003993807400687/config-client-elastic_query.yml]' via location 'file:/tmp/config-repo-1193003993807400687/'
2021-07-27 17:53:41 [http-nio-8888-exec-3] INFO  o.s.c.c.s.e.NativeEnvironmentRepository - Adding property source: Config resource 'file [/tmp/config-repo-1193003993807400687/config-client.yml]' via location 'file:/tmp/config-repo-1193003993807400687/'
2021-07-27 18:15:35 [http-nio-8888-exec-5] INFO  o.s.c.c.s.e.NativeEnvironmentRepository - Adding property source: Config resource 'file [/tmp/config-repo-1193003993807400687/config-client-elastic_query.yml]' via location 'file:/tmp/config-repo-1193003993807400687/'
2021-07-27 18:15:35 [http-nio-8888-exec-5] INFO  o.s.c.c.s.e.NativeEnvironmentRepository - Adding property source: Config resource 'file [/tmp/config-repo-1193003993807400687/config-client.yml]' via location 'file:/tmp/config-repo-1193003993807400687/'
2021-07-27 18:18:17 [http-nio-8888-exec-7] INFO  o.s.c.c.s.e.MultipleJGitEnvironmentRepository - Fetched for remote main and found 1 updates
2021-07-27 18:18:17 [http-nio-8888-exec-7] INFO  o.s.c.c.s.e.NativeEnvironmentRepository - Adding property source: Config resource 'file [/tmp/config-repo-1193003993807400687/config-client-elastic_query.yml]' via location 'file:/tmp/config-repo-1193003993807400687/'
2021-07-27 18:18:17 [http-nio-8888-exec-7] INFO  o.s.c.c.s.e.NativeEnvironmentRepository - Adding property source: Config resource 'file [/tmp/config-repo-1193003993807400687/config-client.yml]' via location 'file:/tmp/config-repo-1193003993807400687/'
2021-07-27 19:03:16 [http-nio-8888-exec-9] INFO  o.s.c.c.s.e.NativeEnvironmentRepository - Adding property source: Config resource 'file [/tmp/config-repo-1193003993807400687/config-client-elastic_query.yml]' via location 'file:/tmp/config-repo-1193003993807400687/'
2021-07-27 19:03:16 [http-nio-8888-exec-9] INFO  o.s.c.c.s.e.NativeEnvironmentRepository - Adding property source: Config resource 'file [/tmp/config-repo-1193003993807400687/config-client.yml]' via location 'file:/tmp/config-repo-1193003993807400687/'
