2021-07-23 15:12:19 [background-preinit] INFO  o.h.validator.internal.util.Version - HV000001: Hibernate Validator 6.2.0.Final
2021-07-23 15:12:20 [main] INFO  c.m.demo.config.server.ConfigServer - Starting ConfigServer using Java 11.0.11 on onceuponatime-LeLong-S15-X510UF with PID 32959 (/home/onceuponatime/Documents/Java/Microservices/microservices-demo/config-server/target/classes started by onceuponatime in /home/onceuponatime/Documents/Java/Microservices/microservices-demo)
2021-07-23 15:12:20 [main] INFO  c.m.demo.config.server.ConfigServer - No active profile set, falling back to default profiles: default
2021-07-23 15:12:23 [main] INFO  o.s.cloud.context.scope.GenericScope - BeanFactory id=8dbd9f49-dd61-3375-9383-8c4959f79b95
2021-07-23 15:12:23 [main] INFO  o.s.b.w.e.tomcat.TomcatWebServer - Tomcat initialized with port(s): 8888 (http)
2021-07-23 15:12:23 [main] INFO  o.a.coyote.http11.Http11NioProtocol - Initializing ProtocolHandler ["http-nio-8888"]
2021-07-23 15:12:23 [main] INFO  o.a.catalina.core.StandardService - Starting service [Tomcat]
2021-07-23 15:12:23 [main] INFO  o.a.catalina.core.StandardEngine - Starting Servlet engine: [Apache Tomcat/9.0.48]
2021-07-23 15:12:24 [main] INFO  o.a.c.c.C.[Tomcat].[localhost].[/] - Initializing Spring embedded WebApplicationContext
2021-07-23 15:12:24 [main] INFO  o.s.b.w.s.c.ServletWebServerApplicationContext - Root WebApplicationContext: initialization completed in 3599 ms
2021-07-23 15:12:24 [main] INFO  o.s.s.web.DefaultSecurityFilterChain - Will secure Ant [pattern='/actuator/**'] with []
2021-07-23 15:12:24 [main] INFO  o.s.s.web.DefaultSecurityFilterChain - Will secure Ant [pattern='/encrypt/**'] with []
2021-07-23 15:12:24 [main] INFO  o.s.s.web.DefaultSecurityFilterChain - Will secure Ant [pattern='/decrypt/**'] with []
2021-07-23 15:12:24 [main] INFO  o.s.s.web.DefaultSecurityFilterChain - Will secure any request with [org.springframework.security.web.context.request.async.WebAsyncManagerIntegrationFilter@3887c7d7, org.springframework.security.web.context.SecurityContextPersistenceFilter@2aa14ae6, org.springframework.security.web.header.HeaderWriterFilter@6986f93e, org.springframework.security.web.csrf.CsrfFilter@f5bf288, org.springframework.security.web.authentication.logout.LogoutFilter@447fa959, org.springframework.security.web.authentication.UsernamePasswordAuthenticationFilter@38732364, org.springframework.security.web.authentication.ui.DefaultLoginPageGeneratingFilter@5a48da4f, org.springframework.security.web.authentication.ui.DefaultLogoutPageGeneratingFilter@b1b471, org.springframework.security.web.authentication.www.BasicAuthenticationFilter@5968800d, org.springframework.security.web.savedrequest.RequestCacheAwareFilter@4168f3d9, org.springframework.security.web.servletapi.SecurityContextHolderAwareRequestFilter@68631b1d, org.springframework.security.web.authentication.AnonymousAuthenticationFilter@526f6427, org.springframework.security.web.session.SessionManagementFilter@39266403, org.springframework.security.web.access.ExceptionTranslationFilter@b768a65, org.springframework.security.web.access.intercept.FilterSecurityInterceptor@615efd1c]
2021-07-23 15:12:25 [main] INFO  o.s.cloud.commons.util.InetUtils - Cannot determine local hostname
2021-07-23 15:12:30 [main] INFO  o.a.coyote.http11.Http11NioProtocol - Starting ProtocolHandler ["http-nio-8888"]
2021-07-23 15:12:30 [main] INFO  o.s.b.w.e.tomcat.TomcatWebServer - Tomcat started on port(s): 8888 (http) with context path ''
2021-07-23 15:12:31 [main] INFO  o.s.cloud.commons.util.InetUtils - Cannot determine local hostname
2021-07-23 15:12:31 [main] INFO  c.m.demo.config.server.ConfigServer - Started ConfigServer in 16.307 seconds (JVM running for 21.038)
2021-07-23 15:12:54 [http-nio-8888-exec-1] INFO  o.a.c.c.C.[Tomcat].[localhost].[/] - Initializing Spring DispatcherServlet 'dispatcherServlet'
2021-07-23 15:12:54 [http-nio-8888-exec-1] INFO  o.s.web.servlet.DispatcherServlet - Initializing Servlet 'dispatcherServlet'
2021-07-23 15:12:54 [http-nio-8888-exec-1] INFO  o.s.web.servlet.DispatcherServlet - Completed initialization in 1 ms
2021-07-23 15:12:55 [http-nio-8888-exec-1] INFO  o.s.c.c.s.e.NativeEnvironmentRepository - Adding property source: Config resource 'file [/tmp/config-repo-7908547682805988954/config-client-kafka_to_elastic.yml]' via location 'file:/tmp/config-repo-7908547682805988954/'
2021-07-23 15:12:55 [http-nio-8888-exec-1] INFO  o.s.c.c.s.e.NativeEnvironmentRepository - Adding property source: Config resource 'file [/tmp/config-repo-7908547682805988954/config-client.yml]' via location 'file:/tmp/config-repo-7908547682805988954/'
2021-07-23 15:13:05 [http-nio-8888-exec-2] INFO  o.s.c.c.s.e.NativeEnvironmentRepository - Adding property source: Config resource 'file [/tmp/config-repo-7908547682805988954/config-client-twitter_to_kafka.yml]' via location 'file:/tmp/config-repo-7908547682805988954/'
2021-07-23 15:13:05 [http-nio-8888-exec-2] INFO  o.s.c.c.s.e.NativeEnvironmentRepository - Adding property source: Config resource 'file [/tmp/config-repo-7908547682805988954/config-client.yml]' via location 'file:/tmp/config-repo-7908547682805988954/'
2021-07-23 15:13:37 [http-nio-8888-exec-4] INFO  o.s.c.c.s.e.NativeEnvironmentRepository - Adding property source: Config resource 'file [/tmp/config-repo-7908547682805988954/config-client-kafka_to_elastic.yml]' via location 'file:/tmp/config-repo-7908547682805988954/'
2021-07-23 15:13:37 [http-nio-8888-exec-4] INFO  o.s.c.c.s.e.NativeEnvironmentRepository - Adding property source: Config resource 'file [/tmp/config-repo-7908547682805988954/config-client.yml]' via location 'file:/tmp/config-repo-7908547682805988954/'
2021-07-23 15:14:58 [http-nio-8888-exec-7] INFO  o.s.c.c.s.e.NativeEnvironmentRepository - Adding property source: Config resource 'file [/tmp/config-repo-7908547682805988954/config-client-kafka_to_elastic.yml]' via location 'file:/tmp/config-repo-7908547682805988954/'
2021-07-23 15:14:58 [http-nio-8888-exec-7] INFO  o.s.c.c.s.e.NativeEnvironmentRepository - Adding property source: Config resource 'file [/tmp/config-repo-7908547682805988954/config-client.yml]' via location 'file:/tmp/config-repo-7908547682805988954/'
2021-07-23 15:16:03 [http-nio-8888-exec-9] INFO  o.s.c.c.s.e.NativeEnvironmentRepository - Adding property source: Config resource 'file [/tmp/config-repo-7908547682805988954/config-client-kafka_to_elastic.yml]' via location 'file:/tmp/config-repo-7908547682805988954/'
2021-07-23 15:16:03 [http-nio-8888-exec-9] INFO  o.s.c.c.s.e.NativeEnvironmentRepository - Adding property source: Config resource 'file [/tmp/config-repo-7908547682805988954/config-client.yml]' via location 'file:/tmp/config-repo-7908547682805988954/'
2021-07-23 15:16:43 [http-nio-8888-exec-1] INFO  o.s.c.c.s.e.NativeEnvironmentRepository - Adding property source: Config resource 'file [/tmp/config-repo-7908547682805988954/config-client-kafka_to_elastic.yml]' via location 'file:/tmp/config-repo-7908547682805988954/'
2021-07-23 15:16:43 [http-nio-8888-exec-1] INFO  o.s.c.c.s.e.NativeEnvironmentRepository - Adding property source: Config resource 'file [/tmp/config-repo-7908547682805988954/config-client.yml]' via location 'file:/tmp/config-repo-7908547682805988954/'
2021-07-23 15:20:30 [background-preinit] INFO  o.h.validator.internal.util.Version - HV000001: Hibernate Validator 6.2.0.Final
2021-07-23 15:20:30 [main] INFO  c.m.demo.config.server.ConfigServer - Starting ConfigServer using Java 11.0.11 on onceuponatime-LeLong-S15-X510UF with PID 35696 (/home/onceuponatime/Documents/Java/Microservices/microservices-demo/config-server/target/classes started by onceuponatime in /home/onceuponatime/Documents/Java/Microservices/microservices-demo)
2021-07-23 15:20:30 [main] INFO  c.m.demo.config.server.ConfigServer - No active profile set, falling back to default profiles: default
2021-07-23 15:20:33 [main] INFO  o.s.cloud.context.scope.GenericScope - BeanFactory id=8dbd9f49-dd61-3375-9383-8c4959f79b95
2021-07-23 15:20:34 [main] INFO  o.s.b.w.e.tomcat.TomcatWebServer - Tomcat initialized with port(s): 8888 (http)
2021-07-23 15:20:34 [main] INFO  o.a.coyote.http11.Http11NioProtocol - Initializing ProtocolHandler ["http-nio-8888"]
2021-07-23 15:20:34 [main] INFO  o.a.catalina.core.StandardService - Starting service [Tomcat]
2021-07-23 15:20:34 [main] INFO  o.a.catalina.core.StandardEngine - Starting Servlet engine: [Apache Tomcat/9.0.48]
2021-07-23 15:20:34 [main] INFO  o.a.c.c.C.[Tomcat].[localhost].[/] - Initializing Spring embedded WebApplicationContext
2021-07-23 15:20:34 [main] INFO  o.s.b.w.s.c.ServletWebServerApplicationContext - Root WebApplicationContext: initialization completed in 3642 ms
2021-07-23 15:20:35 [main] INFO  o.s.s.web.DefaultSecurityFilterChain - Will secure Ant [pattern='/actuator/**'] with []
2021-07-23 15:20:35 [main] INFO  o.s.s.web.DefaultSecurityFilterChain - Will secure Ant [pattern='/encrypt/**'] with []
2021-07-23 15:20:35 [main] INFO  o.s.s.web.DefaultSecurityFilterChain - Will secure Ant [pattern='/decrypt/**'] with []
2021-07-23 15:20:35 [main] INFO  o.s.s.web.DefaultSecurityFilterChain - Will secure any request with [org.springframework.security.web.context.request.async.WebAsyncManagerIntegrationFilter@687389a6, org.springframework.security.web.context.SecurityContextPersistenceFilter@6544899b, org.springframework.security.web.header.HeaderWriterFilter@1fb2eec, org.springframework.security.web.csrf.CsrfFilter@7c70aae1, org.springframework.security.web.authentication.logout.LogoutFilter@7aa01bd9, org.springframework.security.web.authentication.UsernamePasswordAuthenticationFilter@42c12b3e, org.springframework.security.web.authentication.ui.DefaultLoginPageGeneratingFilter@2ca3d826, org.springframework.security.web.authentication.ui.DefaultLogoutPageGeneratingFilter@8641b7d, org.springframework.security.web.authentication.www.BasicAuthenticationFilter@34279b8a, org.springframework.security.web.savedrequest.RequestCacheAwareFilter@1bd8afc8, org.springframework.security.web.servletapi.SecurityContextHolderAwareRequestFilter@6b2fdffc, org.springframework.security.web.authentication.AnonymousAuthenticationFilter@37c7766e, org.springframework.security.web.session.SessionManagementFilter@2a0b901c, org.springframework.security.web.access.ExceptionTranslationFilter@752b69e3, org.springframework.security.web.access.intercept.FilterSecurityInterceptor@37606fee]
2021-07-23 15:20:36 [main] INFO  o.s.cloud.commons.util.InetUtils - Cannot determine local hostname
2021-07-23 15:20:39 [main] INFO  o.a.coyote.http11.Http11NioProtocol - Starting ProtocolHandler ["http-nio-8888"]
2021-07-23 15:20:39 [main] INFO  o.s.b.w.e.tomcat.TomcatWebServer - Tomcat started on port(s): 8888 (http) with context path ''
2021-07-23 15:20:40 [main] INFO  o.s.cloud.commons.util.InetUtils - Cannot determine local hostname
2021-07-23 15:20:40 [main] INFO  c.m.demo.config.server.ConfigServer - Started ConfigServer in 12.857 seconds (JVM running for 14.554)
2021-07-23 15:21:27 [http-nio-8888-exec-1] INFO  o.a.c.c.C.[Tomcat].[localhost].[/] - Initializing Spring DispatcherServlet 'dispatcherServlet'
2021-07-23 15:21:27 [http-nio-8888-exec-1] INFO  o.s.web.servlet.DispatcherServlet - Initializing Servlet 'dispatcherServlet'
2021-07-23 15:21:27 [http-nio-8888-exec-1] INFO  o.s.web.servlet.DispatcherServlet - Completed initialization in 1 ms
2021-07-23 15:21:31 [http-nio-8888-exec-1] INFO  o.s.c.c.s.e.NativeEnvironmentRepository - Adding property source: Config resource 'file [/tmp/config-repo-7620442689382112442/config-client-twitter_to_kafka.yml]' via location 'file:/tmp/config-repo-7620442689382112442/'
2021-07-23 15:21:31 [http-nio-8888-exec-1] INFO  o.s.c.c.s.e.NativeEnvironmentRepository - Adding property source: Config resource 'file [/tmp/config-repo-7620442689382112442/config-client.yml]' via location 'file:/tmp/config-repo-7620442689382112442/'
2021-07-23 15:22:10 [http-nio-8888-exec-2] INFO  o.s.c.c.s.e.NativeEnvironmentRepository - Adding property source: Config resource 'file [/tmp/config-repo-7620442689382112442/config-client-kafka_to_elastic.yml]' via location 'file:/tmp/config-repo-7620442689382112442/'
2021-07-23 15:22:10 [http-nio-8888-exec-2] INFO  o.s.c.c.s.e.NativeEnvironmentRepository - Adding property source: Config resource 'file [/tmp/config-repo-7620442689382112442/config-client.yml]' via location 'file:/tmp/config-repo-7620442689382112442/'
2021-07-23 15:23:37 [http-nio-8888-exec-5] INFO  o.s.c.c.s.e.NativeEnvironmentRepository - Adding property source: Config resource 'file [/tmp/config-repo-7620442689382112442/config-client-kafka_to_elastic.yml]' via location 'file:/tmp/config-repo-7620442689382112442/'
2021-07-23 15:23:37 [http-nio-8888-exec-5] INFO  o.s.c.c.s.e.NativeEnvironmentRepository - Adding property source: Config resource 'file [/tmp/config-repo-7620442689382112442/config-client.yml]' via location 'file:/tmp/config-repo-7620442689382112442/'
2021-07-23 15:24:46 [http-nio-8888-exec-7] INFO  o.s.c.c.s.e.NativeEnvironmentRepository - Adding property source: Config resource 'file [/tmp/config-repo-7620442689382112442/config-client-kafka_to_elastic.yml]' via location 'file:/tmp/config-repo-7620442689382112442/'
2021-07-23 15:24:46 [http-nio-8888-exec-7] INFO  o.s.c.c.s.e.NativeEnvironmentRepository - Adding property source: Config resource 'file [/tmp/config-repo-7620442689382112442/config-client.yml]' via location 'file:/tmp/config-repo-7620442689382112442/'
2021-07-23 15:28:51 [http-nio-8888-exec-9] INFO  o.s.c.c.s.e.NativeEnvironmentRepository - Adding property source: Config resource 'file [/tmp/config-repo-7620442689382112442/config-client-kafka_to_elastic.yml]' via location 'file:/tmp/config-repo-7620442689382112442/'
2021-07-23 15:28:51 [http-nio-8888-exec-9] INFO  o.s.c.c.s.e.NativeEnvironmentRepository - Adding property source: Config resource 'file [/tmp/config-repo-7620442689382112442/config-client.yml]' via location 'file:/tmp/config-repo-7620442689382112442/'
2021-07-23 15:32:42 [http-nio-8888-exec-1] INFO  o.s.c.c.s.e.MultipleJGitEnvironmentRepository - Fetched for remote main and found 1 updates
2021-07-23 15:32:42 [http-nio-8888-exec-1] INFO  o.s.c.c.s.e.NativeEnvironmentRepository - Adding property source: Config resource 'file [/tmp/config-repo-7620442689382112442/config-client-kafka_to_elastic.yml]' via location 'file:/tmp/config-repo-7620442689382112442/'
2021-07-23 15:32:42 [http-nio-8888-exec-1] INFO  o.s.c.c.s.e.NativeEnvironmentRepository - Adding property source: Config resource 'file [/tmp/config-repo-7620442689382112442/config-client.yml]' via location 'file:/tmp/config-repo-7620442689382112442/'
2021-07-23 15:34:26 [http-nio-8888-exec-3] INFO  o.s.c.c.s.e.NativeEnvironmentRepository - Adding property source: Config resource 'file [/tmp/config-repo-7620442689382112442/config-client-kafka_to_elastic.yml]' via location 'file:/tmp/config-repo-7620442689382112442/'
2021-07-23 15:34:26 [http-nio-8888-exec-3] INFO  o.s.c.c.s.e.NativeEnvironmentRepository - Adding property source: Config resource 'file [/tmp/config-repo-7620442689382112442/config-client.yml]' via location 'file:/tmp/config-repo-7620442689382112442/'
2021-07-23 15:35:07 [http-nio-8888-exec-5] INFO  o.s.c.c.s.e.NativeEnvironmentRepository - Adding property source: Config resource 'file [/tmp/config-repo-7620442689382112442/config-client-kafka_to_elastic.yml]' via location 'file:/tmp/config-repo-7620442689382112442/'
2021-07-23 15:35:07 [http-nio-8888-exec-5] INFO  o.s.c.c.s.e.NativeEnvironmentRepository - Adding property source: Config resource 'file [/tmp/config-repo-7620442689382112442/config-client.yml]' via location 'file:/tmp/config-repo-7620442689382112442/'
2021-07-23 15:40:19 [http-nio-8888-exec-7] INFO  o.s.c.c.s.e.NativeEnvironmentRepository - Adding property source: Config resource 'file [/tmp/config-repo-7620442689382112442/config-client-kafka_to_elastic.yml]' via location 'file:/tmp/config-repo-7620442689382112442/'
2021-07-23 15:40:19 [http-nio-8888-exec-7] INFO  o.s.c.c.s.e.NativeEnvironmentRepository - Adding property source: Config resource 'file [/tmp/config-repo-7620442689382112442/config-client.yml]' via location 'file:/tmp/config-repo-7620442689382112442/'
2021-07-23 15:41:24 [http-nio-8888-exec-9] INFO  o.s.c.c.s.e.NativeEnvironmentRepository - Adding property source: Config resource 'file [/tmp/config-repo-7620442689382112442/config-client-kafka_to_elastic.yml]' via location 'file:/tmp/config-repo-7620442689382112442/'
2021-07-23 15:41:24 [http-nio-8888-exec-9] INFO  o.s.c.c.s.e.NativeEnvironmentRepository - Adding property source: Config resource 'file [/tmp/config-repo-7620442689382112442/config-client.yml]' via location 'file:/tmp/config-repo-7620442689382112442/'
2021-07-23 15:42:26 [http-nio-8888-exec-1] INFO  o.s.c.c.s.e.NativeEnvironmentRepository - Adding property source: Config resource 'file [/tmp/config-repo-7620442689382112442/config-client-kafka_to_elastic.yml]' via location 'file:/tmp/config-repo-7620442689382112442/'
2021-07-23 15:42:26 [http-nio-8888-exec-1] INFO  o.s.c.c.s.e.NativeEnvironmentRepository - Adding property source: Config resource 'file [/tmp/config-repo-7620442689382112442/config-client.yml]' via location 'file:/tmp/config-repo-7620442689382112442/'
2021-07-23 15:43:44 [http-nio-8888-exec-3] INFO  o.s.c.c.s.e.NativeEnvironmentRepository - Adding property source: Config resource 'file [/tmp/config-repo-7620442689382112442/config-client-kafka_to_elastic.yml]' via location 'file:/tmp/config-repo-7620442689382112442/'
2021-07-23 15:43:44 [http-nio-8888-exec-3] INFO  o.s.c.c.s.e.NativeEnvironmentRepository - Adding property source: Config resource 'file [/tmp/config-repo-7620442689382112442/config-client.yml]' via location 'file:/tmp/config-repo-7620442689382112442/'
2021-07-23 15:45:22 [http-nio-8888-exec-5] INFO  o.s.c.c.s.e.NativeEnvironmentRepository - Adding property source: Config resource 'file [/tmp/config-repo-7620442689382112442/config-client-twitter_to_kafka.yml]' via location 'file:/tmp/config-repo-7620442689382112442/'
2021-07-23 15:45:22 [http-nio-8888-exec-5] INFO  o.s.c.c.s.e.NativeEnvironmentRepository - Adding property source: Config resource 'file [/tmp/config-repo-7620442689382112442/config-client.yml]' via location 'file:/tmp/config-repo-7620442689382112442/'
2021-07-23 15:46:19 [http-nio-8888-exec-6] INFO  o.s.c.c.s.e.NativeEnvironmentRepository - Adding property source: Config resource 'file [/tmp/config-repo-7620442689382112442/config-client-kafka_to_elastic.yml]' via location 'file:/tmp/config-repo-7620442689382112442/'
2021-07-23 15:46:19 [http-nio-8888-exec-6] INFO  o.s.c.c.s.e.NativeEnvironmentRepository - Adding property source: Config resource 'file [/tmp/config-repo-7620442689382112442/config-client.yml]' via location 'file:/tmp/config-repo-7620442689382112442/'
2021-07-23 15:47:22 [http-nio-8888-exec-9] INFO  o.s.c.c.s.e.NativeEnvironmentRepository - Adding property source: Config resource 'file [/tmp/config-repo-7620442689382112442/config-client-kafka_to_elastic.yml]' via location 'file:/tmp/config-repo-7620442689382112442/'
2021-07-23 15:47:22 [http-nio-8888-exec-9] INFO  o.s.c.c.s.e.NativeEnvironmentRepository - Adding property source: Config resource 'file [/tmp/config-repo-7620442689382112442/config-client.yml]' via location 'file:/tmp/config-repo-7620442689382112442/'
2021-07-23 15:47:59 [http-nio-8888-exec-1] INFO  o.s.c.c.s.e.NativeEnvironmentRepository - Adding property source: Config resource 'file [/tmp/config-repo-7620442689382112442/config-client-twitter_to_kafka.yml]' via location 'file:/tmp/config-repo-7620442689382112442/'
2021-07-23 15:47:59 [http-nio-8888-exec-1] INFO  o.s.c.c.s.e.NativeEnvironmentRepository - Adding property source: Config resource 'file [/tmp/config-repo-7620442689382112442/config-client.yml]' via location 'file:/tmp/config-repo-7620442689382112442/'
2021-07-23 15:48:08 [http-nio-8888-exec-2] INFO  o.s.c.c.s.e.NativeEnvironmentRepository - Adding property source: Config resource 'file [/tmp/config-repo-7620442689382112442/config-client-kafka_to_elastic.yml]' via location 'file:/tmp/config-repo-7620442689382112442/'
2021-07-23 15:48:08 [http-nio-8888-exec-2] INFO  o.s.c.c.s.e.NativeEnvironmentRepository - Adding property source: Config resource 'file [/tmp/config-repo-7620442689382112442/config-client.yml]' via location 'file:/tmp/config-repo-7620442689382112442/'
2021-07-23 15:50:57 [http-nio-8888-exec-5] INFO  o.s.c.c.s.e.NativeEnvironmentRepository - Adding property source: Config resource 'file [/tmp/config-repo-7620442689382112442/config-client-kafka_to_elastic.yml]' via location 'file:/tmp/config-repo-7620442689382112442/'
2021-07-23 15:50:57 [http-nio-8888-exec-5] INFO  o.s.c.c.s.e.NativeEnvironmentRepository - Adding property source: Config resource 'file [/tmp/config-repo-7620442689382112442/config-client.yml]' via location 'file:/tmp/config-repo-7620442689382112442/'
2021-07-23 15:51:29 [http-nio-8888-exec-7] INFO  o.s.c.c.s.e.NativeEnvironmentRepository - Adding property source: Config resource 'file [/tmp/config-repo-7620442689382112442/config-client-kafka_to_elastic.yml]' via location 'file:/tmp/config-repo-7620442689382112442/'
2021-07-23 15:51:29 [http-nio-8888-exec-7] INFO  o.s.c.c.s.e.NativeEnvironmentRepository - Adding property source: Config resource 'file [/tmp/config-repo-7620442689382112442/config-client.yml]' via location 'file:/tmp/config-repo-7620442689382112442/'
2021-07-23 15:53:49 [http-nio-8888-exec-9] INFO  o.s.c.c.s.e.NativeEnvironmentRepository - Adding property source: Config resource 'file [/tmp/config-repo-7620442689382112442/config-client-kafka_to_elastic.yml]' via location 'file:/tmp/config-repo-7620442689382112442/'
2021-07-23 15:53:49 [http-nio-8888-exec-9] INFO  o.s.c.c.s.e.NativeEnvironmentRepository - Adding property source: Config resource 'file [/tmp/config-repo-7620442689382112442/config-client.yml]' via location 'file:/tmp/config-repo-7620442689382112442/'
2021-07-23 15:54:25 [http-nio-8888-exec-1] INFO  o.s.c.c.s.e.NativeEnvironmentRepository - Adding property source: Config resource 'file [/tmp/config-repo-7620442689382112442/config-client-kafka_to_elastic.yml]' via location 'file:/tmp/config-repo-7620442689382112442/'
2021-07-23 15:54:25 [http-nio-8888-exec-1] INFO  o.s.c.c.s.e.NativeEnvironmentRepository - Adding property source: Config resource 'file [/tmp/config-repo-7620442689382112442/config-client.yml]' via location 'file:/tmp/config-repo-7620442689382112442/'
2021-07-23 15:58:49 [background-preinit] INFO  o.h.validator.internal.util.Version - HV000001: Hibernate Validator 6.2.0.Final
2021-07-23 15:58:49 [main] INFO  c.m.demo.config.server.ConfigServer - Starting ConfigServer using Java 11.0.11 on onceuponatime-LeLong-S15-X510UF with PID 42252 (/home/onceuponatime/Documents/Java/Microservices/microservices-demo/config-server/target/classes started by onceuponatime in /home/onceuponatime/Documents/Java/Microservices/microservices-demo)
2021-07-23 15:58:49 [main] INFO  c.m.demo.config.server.ConfigServer - No active profile set, falling back to default profiles: default
2021-07-23 15:58:50 [main] INFO  o.s.cloud.context.scope.GenericScope - BeanFactory id=8dbd9f49-dd61-3375-9383-8c4959f79b95
2021-07-23 15:58:51 [main] INFO  o.s.b.w.e.tomcat.TomcatWebServer - Tomcat initialized with port(s): 8888 (http)
2021-07-23 15:58:51 [main] INFO  o.a.coyote.http11.Http11NioProtocol - Initializing ProtocolHandler ["http-nio-8888"]
2021-07-23 15:58:51 [main] INFO  o.a.catalina.core.StandardService - Starting service [Tomcat]
2021-07-23 15:58:51 [main] INFO  o.a.catalina.core.StandardEngine - Starting Servlet engine: [Apache Tomcat/9.0.48]
2021-07-23 15:58:51 [main] INFO  o.a.c.c.C.[Tomcat].[localhost].[/] - Initializing Spring embedded WebApplicationContext
2021-07-23 15:58:51 [main] INFO  o.s.b.w.s.c.ServletWebServerApplicationContext - Root WebApplicationContext: initialization completed in 1443 ms
2021-07-23 15:58:51 [main] INFO  o.s.s.web.DefaultSecurityFilterChain - Will secure Ant [pattern='/actuator/**'] with []
2021-07-23 15:58:51 [main] INFO  o.s.s.web.DefaultSecurityFilterChain - Will secure Ant [pattern='/encrypt/**'] with []
2021-07-23 15:58:51 [main] INFO  o.s.s.web.DefaultSecurityFilterChain - Will secure Ant [pattern='/decrypt/**'] with []
2021-07-23 15:58:51 [main] INFO  o.s.s.web.DefaultSecurityFilterChain - Will secure any request with [org.springframework.security.web.context.request.async.WebAsyncManagerIntegrationFilter@2f2e4bde, org.springframework.security.web.context.SecurityContextPersistenceFilter@611d0763, org.springframework.security.web.header.HeaderWriterFilter@1f916219, org.springframework.security.web.csrf.CsrfFilter@281b2dfd, org.springframework.security.web.authentication.logout.LogoutFilter@3d104c9b, org.springframework.security.web.authentication.UsernamePasswordAuthenticationFilter@578a5ce8, org.springframework.security.web.authentication.ui.DefaultLoginPageGeneratingFilter@372f0a99, org.springframework.security.web.authentication.ui.DefaultLogoutPageGeneratingFilter@6222391a, org.springframework.security.web.authentication.www.BasicAuthenticationFilter@45037e16, org.springframework.security.web.savedrequest.RequestCacheAwareFilter@1e226bcd, org.springframework.security.web.servletapi.SecurityContextHolderAwareRequestFilter@4ef18604, org.springframework.security.web.authentication.AnonymousAuthenticationFilter@538a2f0e, org.springframework.security.web.session.SessionManagementFilter@3b088163, org.springframework.security.web.access.ExceptionTranslationFilter@257f30f7, org.springframework.security.web.access.intercept.FilterSecurityInterceptor@16d431b4]
2021-07-23 15:58:52 [main] INFO  o.s.cloud.commons.util.InetUtils - Cannot determine local hostname
2021-07-23 15:58:55 [main] INFO  o.a.coyote.http11.Http11NioProtocol - Starting ProtocolHandler ["http-nio-8888"]
2021-07-23 15:58:55 [main] INFO  o.s.b.w.e.tomcat.TomcatWebServer - Tomcat started on port(s): 8888 (http) with context path ''
2021-07-23 15:58:56 [main] INFO  o.s.cloud.commons.util.InetUtils - Cannot determine local hostname
2021-07-23 15:58:56 [main] INFO  c.m.demo.config.server.ConfigServer - Started ConfigServer in 9.204 seconds (JVM running for 9.877)
2021-07-23 15:59:02 [http-nio-8888-exec-1] INFO  o.a.c.c.C.[Tomcat].[localhost].[/] - Initializing Spring DispatcherServlet 'dispatcherServlet'
2021-07-23 15:59:02 [http-nio-8888-exec-1] INFO  o.s.web.servlet.DispatcherServlet - Initializing Servlet 'dispatcherServlet'
2021-07-23 15:59:02 [http-nio-8888-exec-1] INFO  o.s.web.servlet.DispatcherServlet - Completed initialization in 2 ms
2021-07-23 15:59:04 [http-nio-8888-exec-1] INFO  o.s.c.c.s.e.NativeEnvironmentRepository - Adding property source: Config resource 'file [/tmp/config-repo-11537815938337643040/config-client-twitter_to_kafka.yml]' via location 'file:/tmp/config-repo-11537815938337643040/'
2021-07-23 15:59:04 [http-nio-8888-exec-1] INFO  o.s.c.c.s.e.NativeEnvironmentRepository - Adding property source: Config resource 'file [/tmp/config-repo-11537815938337643040/config-client.yml]' via location 'file:/tmp/config-repo-11537815938337643040/'
2021-07-23 15:59:46 [http-nio-8888-exec-2] INFO  o.s.c.c.s.e.NativeEnvironmentRepository - Adding property source: Config resource 'file [/tmp/config-repo-11537815938337643040/config-client-kafka_to_elastic.yml]' via location 'file:/tmp/config-repo-11537815938337643040/'
2021-07-23 15:59:46 [http-nio-8888-exec-2] INFO  o.s.c.c.s.e.NativeEnvironmentRepository - Adding property source: Config resource 'file [/tmp/config-repo-11537815938337643040/config-client.yml]' via location 'file:/tmp/config-repo-11537815938337643040/'
2021-07-23 16:05:46 [background-preinit] INFO  o.h.validator.internal.util.Version - HV000001: Hibernate Validator 6.2.0.Final
2021-07-23 16:05:46 [main] INFO  c.m.demo.config.server.ConfigServer - Starting ConfigServer using Java 11.0.11 on onceuponatime-LeLong-S15-X510UF with PID 47507 (/home/onceuponatime/Documents/Java/Microservices/microservices-demo/config-server/target/classes started by onceuponatime in /home/onceuponatime/Documents/Java/Microservices/microservices-demo)
2021-07-23 16:05:46 [main] INFO  c.m.demo.config.server.ConfigServer - No active profile set, falling back to default profiles: default
2021-07-23 16:05:47 [main] INFO  o.s.cloud.context.scope.GenericScope - BeanFactory id=8dbd9f49-dd61-3375-9383-8c4959f79b95
2021-07-23 16:05:48 [main] INFO  o.s.b.w.e.tomcat.TomcatWebServer - Tomcat initialized with port(s): 8888 (http)
2021-07-23 16:05:48 [main] INFO  o.a.coyote.http11.Http11NioProtocol - Initializing ProtocolHandler ["http-nio-8888"]
2021-07-23 16:05:48 [main] INFO  o.a.catalina.core.StandardService - Starting service [Tomcat]
2021-07-23 16:05:48 [main] INFO  o.a.catalina.core.StandardEngine - Starting Servlet engine: [Apache Tomcat/9.0.48]
2021-07-23 16:05:48 [main] INFO  o.a.c.c.C.[Tomcat].[localhost].[/] - Initializing Spring embedded WebApplicationContext
2021-07-23 16:05:48 [main] INFO  o.s.b.w.s.c.ServletWebServerApplicationContext - Root WebApplicationContext: initialization completed in 1944 ms
2021-07-23 16:05:49 [main] INFO  o.s.s.web.DefaultSecurityFilterChain - Will secure Ant [pattern='/actuator/**'] with []
2021-07-23 16:05:49 [main] INFO  o.s.s.web.DefaultSecurityFilterChain - Will secure Ant [pattern='/encrypt/**'] with []
2021-07-23 16:05:49 [main] INFO  o.s.s.web.DefaultSecurityFilterChain - Will secure Ant [pattern='/decrypt/**'] with []
2021-07-23 16:05:49 [main] INFO  o.s.s.web.DefaultSecurityFilterChain - Will secure any request with [org.springframework.security.web.context.request.async.WebAsyncManagerIntegrationFilter@41aebbb4, org.springframework.security.web.context.SecurityContextPersistenceFilter@443a06ad, org.springframework.security.web.header.HeaderWriterFilter@b1b471, org.springframework.security.web.csrf.CsrfFilter@75882261, org.springframework.security.web.authentication.logout.LogoutFilter@119290b9, org.springframework.security.web.authentication.UsernamePasswordAuthenticationFilter@20349058, org.springframework.security.web.authentication.ui.DefaultLoginPageGeneratingFilter@24134cbc, org.springframework.security.web.authentication.ui.DefaultLogoutPageGeneratingFilter@afde064, org.springframework.security.web.authentication.www.BasicAuthenticationFilter@46f73ffa, org.springframework.security.web.savedrequest.RequestCacheAwareFilter@752b69e3, org.springframework.security.web.servletapi.SecurityContextHolderAwareRequestFilter@1bd8afc8, org.springframework.security.web.authentication.AnonymousAuthenticationFilter@5a592c70, org.springframework.security.web.session.SessionManagementFilter@4f1afe8f, org.springframework.security.web.access.ExceptionTranslationFilter@5968800d, org.springframework.security.web.access.intercept.FilterSecurityInterceptor@216372b7]
2021-07-23 16:05:50 [main] INFO  o.s.cloud.commons.util.InetUtils - Cannot determine local hostname
2021-07-23 16:05:57 [main] INFO  o.a.coyote.http11.Http11NioProtocol - Starting ProtocolHandler ["http-nio-8888"]
2021-07-23 16:05:57 [main] INFO  o.s.b.w.e.tomcat.TomcatWebServer - Tomcat started on port(s): 8888 (http) with context path ''
2021-07-23 16:05:58 [main] INFO  o.s.cloud.commons.util.InetUtils - Cannot determine local hostname
2021-07-23 16:05:58 [main] INFO  c.m.demo.config.server.ConfigServer - Started ConfigServer in 16.419 seconds (JVM running for 17.764)
2021-07-23 16:05:59 [http-nio-8888-exec-1] INFO  o.a.c.c.C.[Tomcat].[localhost].[/] - Initializing Spring DispatcherServlet 'dispatcherServlet'
2021-07-23 16:05:59 [http-nio-8888-exec-1] INFO  o.s.web.servlet.DispatcherServlet - Initializing Servlet 'dispatcherServlet'
2021-07-23 16:05:59 [http-nio-8888-exec-1] INFO  o.s.web.servlet.DispatcherServlet - Completed initialization in 2 ms
2021-07-23 16:06:02 [http-nio-8888-exec-1] INFO  o.s.c.c.s.e.NativeEnvironmentRepository - Adding property source: Config resource 'file [/tmp/config-repo-13934055171578410101/config-client-twitter_to_kafka.yml]' via location 'file:/tmp/config-repo-13934055171578410101/'
2021-07-23 16:06:02 [http-nio-8888-exec-1] INFO  o.s.c.c.s.e.NativeEnvironmentRepository - Adding property source: Config resource 'file [/tmp/config-repo-13934055171578410101/config-client.yml]' via location 'file:/tmp/config-repo-13934055171578410101/'
2021-07-23 16:07:36 [http-nio-8888-exec-3] WARN  o.s.c.c.s.e.MultipleJGitEnvironmentRepository - Could not fetch remote for main remote: https://github.com/OnceUponATimeMathley/spring-cloud-config-server-repository-3
2021-07-23 16:07:36 [http-nio-8888-exec-3] INFO  o.s.c.c.s.e.NativeEnvironmentRepository - Adding property source: Config resource 'file [/tmp/config-repo-13934055171578410101/config-client-kafka_to_elastic.yml]' via location 'file:/tmp/config-repo-13934055171578410101/'
2021-07-23 16:07:36 [http-nio-8888-exec-3] INFO  o.s.c.c.s.e.NativeEnvironmentRepository - Adding property source: Config resource 'file [/tmp/config-repo-13934055171578410101/config-client.yml]' via location 'file:/tmp/config-repo-13934055171578410101/'
2021-07-23 16:10:31 [background-preinit] INFO  o.h.validator.internal.util.Version - HV000001: Hibernate Validator 6.2.0.Final
2021-07-23 16:10:31 [main] INFO  c.m.demo.config.server.ConfigServer - Starting ConfigServer using Java 11.0.11 on onceuponatime-LeLong-S15-X510UF with PID 50269 (/home/onceuponatime/Documents/Java/Microservices/microservices-demo/config-server/target/classes started by onceuponatime in /home/onceuponatime/Documents/Java/Microservices/microservices-demo)
2021-07-23 16:10:31 [main] INFO  c.m.demo.config.server.ConfigServer - No active profile set, falling back to default profiles: default
2021-07-23 16:10:32 [main] INFO  o.s.cloud.context.scope.GenericScope - BeanFactory id=8dbd9f49-dd61-3375-9383-8c4959f79b95
2021-07-23 16:10:33 [main] INFO  o.s.b.w.e.tomcat.TomcatWebServer - Tomcat initialized with port(s): 8888 (http)
2021-07-23 16:10:33 [main] INFO  o.a.coyote.http11.Http11NioProtocol - Initializing ProtocolHandler ["http-nio-8888"]
2021-07-23 16:10:33 [main] INFO  o.a.catalina.core.StandardService - Starting service [Tomcat]
2021-07-23 16:10:33 [main] INFO  o.a.catalina.core.StandardEngine - Starting Servlet engine: [Apache Tomcat/9.0.48]
2021-07-23 16:10:33 [main] INFO  o.a.c.c.C.[Tomcat].[localhost].[/] - Initializing Spring embedded WebApplicationContext
2021-07-23 16:10:33 [main] INFO  o.s.b.w.s.c.ServletWebServerApplicationContext - Root WebApplicationContext: initialization completed in 1275 ms
2021-07-23 16:10:33 [main] INFO  o.s.s.web.DefaultSecurityFilterChain - Will secure Ant [pattern='/actuator/**'] with []
2021-07-23 16:10:33 [main] INFO  o.s.s.web.DefaultSecurityFilterChain - Will secure Ant [pattern='/encrypt/**'] with []
2021-07-23 16:10:33 [main] INFO  o.s.s.web.DefaultSecurityFilterChain - Will secure Ant [pattern='/decrypt/**'] with []
2021-07-23 16:10:33 [main] INFO  o.s.s.web.DefaultSecurityFilterChain - Will secure any request with [org.springframework.security.web.context.request.async.WebAsyncManagerIntegrationFilter@51e7589f, org.springframework.security.web.context.SecurityContextPersistenceFilter@3887c7d7, org.springframework.security.web.header.HeaderWriterFilter@3e5beab5, org.springframework.security.web.csrf.CsrfFilter@257f30f7, org.springframework.security.web.authentication.logout.LogoutFilter@463afa6e, org.springframework.security.web.authentication.UsernamePasswordAuthenticationFilter@216372b7, org.springframework.security.web.authentication.ui.DefaultLoginPageGeneratingFilter@2a0b901c, org.springframework.security.web.authentication.ui.DefaultLogoutPageGeneratingFilter@65cc5252, org.springframework.security.web.authentication.www.BasicAuthenticationFilter@48d739f, org.springframework.security.web.savedrequest.RequestCacheAwareFilter@526f6427, org.springframework.security.web.servletapi.SecurityContextHolderAwareRequestFilter@4c18516, org.springframework.security.web.authentication.AnonymousAuthenticationFilter@42c12b3e, org.springframework.security.web.session.SessionManagementFilter@33ec2c0c, org.springframework.security.web.access.ExceptionTranslationFilter@372f0a99, org.springframework.security.web.access.intercept.FilterSecurityInterceptor@6222391a]
2021-07-23 16:10:34 [main] INFO  o.s.cloud.commons.util.InetUtils - Cannot determine local hostname
2021-07-23 16:10:43 [main] INFO  o.a.coyote.http11.Http11NioProtocol - Starting ProtocolHandler ["http-nio-8888"]
2021-07-23 16:10:43 [main] INFO  o.s.b.w.e.tomcat.TomcatWebServer - Tomcat started on port(s): 8888 (http) with context path ''
2021-07-23 16:10:44 [main] INFO  o.s.cloud.commons.util.InetUtils - Cannot determine local hostname
2021-07-23 16:10:44 [main] INFO  c.m.demo.config.server.ConfigServer - Started ConfigServer in 14.189 seconds (JVM running for 14.836)
2021-07-23 16:10:47 [http-nio-8888-exec-1] INFO  o.a.c.c.C.[Tomcat].[localhost].[/] - Initializing Spring DispatcherServlet 'dispatcherServlet'
2021-07-23 16:10:47 [http-nio-8888-exec-1] INFO  o.s.web.servlet.DispatcherServlet - Initializing Servlet 'dispatcherServlet'
2021-07-23 16:10:47 [http-nio-8888-exec-1] INFO  o.s.web.servlet.DispatcherServlet - Completed initialization in 1 ms
2021-07-23 16:10:49 [http-nio-8888-exec-1] INFO  o.s.c.c.s.e.NativeEnvironmentRepository - Adding property source: Config resource 'file [/tmp/config-repo-8064367808801095551/config-client-kafka_to_elastic.yml]' via location 'file:/tmp/config-repo-8064367808801095551/'
2021-07-23 16:10:49 [http-nio-8888-exec-1] INFO  o.s.c.c.s.e.NativeEnvironmentRepository - Adding property source: Config resource 'file [/tmp/config-repo-8064367808801095551/config-client.yml]' via location 'file:/tmp/config-repo-8064367808801095551/'
2021-07-23 16:21:28 [http-nio-8888-exec-3] INFO  o.s.c.c.s.e.NativeEnvironmentRepository - Adding property source: Config resource 'file [/tmp/config-repo-8064367808801095551/config-client-kafka_to_elastic.yml]' via location 'file:/tmp/config-repo-8064367808801095551/'
2021-07-23 16:21:28 [http-nio-8888-exec-3] INFO  o.s.c.c.s.e.NativeEnvironmentRepository - Adding property source: Config resource 'file [/tmp/config-repo-8064367808801095551/config-client.yml]' via location 'file:/tmp/config-repo-8064367808801095551/'
2021-07-23 16:27:34 [http-nio-8888-exec-5] INFO  o.s.c.c.s.e.NativeEnvironmentRepository - Adding property source: Config resource 'file [/tmp/config-repo-8064367808801095551/config-client-kafka_to_elastic.yml]' via location 'file:/tmp/config-repo-8064367808801095551/'
2021-07-23 16:27:34 [http-nio-8888-exec-5] INFO  o.s.c.c.s.e.NativeEnvironmentRepository - Adding property source: Config resource 'file [/tmp/config-repo-8064367808801095551/config-client.yml]' via location 'file:/tmp/config-repo-8064367808801095551/'
2021-07-23 16:33:55 [http-nio-8888-exec-7] INFO  o.s.c.c.s.e.NativeEnvironmentRepository - Adding property source: Config resource 'file [/tmp/config-repo-8064367808801095551/config-client-kafka_to_elastic.yml]' via location 'file:/tmp/config-repo-8064367808801095551/'
2021-07-23 16:33:55 [http-nio-8888-exec-7] INFO  o.s.c.c.s.e.NativeEnvironmentRepository - Adding property source: Config resource 'file [/tmp/config-repo-8064367808801095551/config-client.yml]' via location 'file:/tmp/config-repo-8064367808801095551/'
2021-07-23 16:34:18 [http-nio-8888-exec-10] INFO  o.s.c.c.s.e.NativeEnvironmentRepository - Adding property source: Config resource 'file [/tmp/config-repo-8064367808801095551/config-client-kafka_to_elastic.yml]' via location 'file:/tmp/config-repo-8064367808801095551/'
2021-07-23 16:34:18 [http-nio-8888-exec-10] INFO  o.s.c.c.s.e.NativeEnvironmentRepository - Adding property source: Config resource 'file [/tmp/config-repo-8064367808801095551/config-client.yml]' via location 'file:/tmp/config-repo-8064367808801095551/'
2021-07-23 16:37:44 [http-nio-8888-exec-1] INFO  o.s.c.c.s.e.NativeEnvironmentRepository - Adding property source: Config resource 'file [/tmp/config-repo-8064367808801095551/config-client-kafka_to_elastic.yml]' via location 'file:/tmp/config-repo-8064367808801095551/'
2021-07-23 16:37:44 [http-nio-8888-exec-1] INFO  o.s.c.c.s.e.NativeEnvironmentRepository - Adding property source: Config resource 'file [/tmp/config-repo-8064367808801095551/config-client.yml]' via location 'file:/tmp/config-repo-8064367808801095551/'
2021-07-23 16:39:33 [http-nio-8888-exec-3] INFO  o.s.c.c.s.e.NativeEnvironmentRepository - Adding property source: Config resource 'file [/tmp/config-repo-8064367808801095551/config-client-kafka_to_elastic.yml]' via location 'file:/tmp/config-repo-8064367808801095551/'
2021-07-23 16:39:33 [http-nio-8888-exec-3] INFO  o.s.c.c.s.e.NativeEnvironmentRepository - Adding property source: Config resource 'file [/tmp/config-repo-8064367808801095551/config-client.yml]' via location 'file:/tmp/config-repo-8064367808801095551/'
2021-07-23 16:44:27 [http-nio-8888-exec-5] INFO  o.s.c.c.s.e.NativeEnvironmentRepository - Adding property source: Config resource 'file [/tmp/config-repo-8064367808801095551/config-client-kafka_to_elastic.yml]' via location 'file:/tmp/config-repo-8064367808801095551/'
2021-07-23 16:44:27 [http-nio-8888-exec-5] INFO  o.s.c.c.s.e.NativeEnvironmentRepository - Adding property source: Config resource 'file [/tmp/config-repo-8064367808801095551/config-client.yml]' via location 'file:/tmp/config-repo-8064367808801095551/'
2021-07-23 16:45:13 [http-nio-8888-exec-7] INFO  o.s.c.c.s.e.NativeEnvironmentRepository - Adding property source: Config resource 'file [/tmp/config-repo-8064367808801095551/config-client-kafka_to_elastic.yml]' via location 'file:/tmp/config-repo-8064367808801095551/'
2021-07-23 16:45:13 [http-nio-8888-exec-7] INFO  o.s.c.c.s.e.NativeEnvironmentRepository - Adding property source: Config resource 'file [/tmp/config-repo-8064367808801095551/config-client.yml]' via location 'file:/tmp/config-repo-8064367808801095551/'
2021-07-23 16:46:33 [http-nio-8888-exec-10] INFO  o.s.c.c.s.e.NativeEnvironmentRepository - Adding property source: Config resource 'file [/tmp/config-repo-8064367808801095551/config-client-kafka_to_elastic.yml]' via location 'file:/tmp/config-repo-8064367808801095551/'
2021-07-23 16:46:33 [http-nio-8888-exec-10] INFO  o.s.c.c.s.e.NativeEnvironmentRepository - Adding property source: Config resource 'file [/tmp/config-repo-8064367808801095551/config-client.yml]' via location 'file:/tmp/config-repo-8064367808801095551/'
2021-07-23 16:48:56 [http-nio-8888-exec-1] INFO  o.s.c.c.s.e.NativeEnvironmentRepository - Adding property source: Config resource 'file [/tmp/config-repo-8064367808801095551/config-client-kafka_to_elastic.yml]' via location 'file:/tmp/config-repo-8064367808801095551/'
2021-07-23 16:48:56 [http-nio-8888-exec-1] INFO  o.s.c.c.s.e.NativeEnvironmentRepository - Adding property source: Config resource 'file [/tmp/config-repo-8064367808801095551/config-client.yml]' via location 'file:/tmp/config-repo-8064367808801095551/'
2021-07-23 16:53:34 [http-nio-8888-exec-3] INFO  o.s.c.c.s.e.NativeEnvironmentRepository - Adding property source: Config resource 'file [/tmp/config-repo-8064367808801095551/config-client-kafka_to_elastic.yml]' via location 'file:/tmp/config-repo-8064367808801095551/'
2021-07-23 16:53:34 [http-nio-8888-exec-3] INFO  o.s.c.c.s.e.NativeEnvironmentRepository - Adding property source: Config resource 'file [/tmp/config-repo-8064367808801095551/config-client.yml]' via location 'file:/tmp/config-repo-8064367808801095551/'
2021-07-23 16:54:15 [http-nio-8888-exec-5] INFO  o.s.c.c.s.e.NativeEnvironmentRepository - Adding property source: Config resource 'file [/tmp/config-repo-8064367808801095551/config-client-kafka_to_elastic.yml]' via location 'file:/tmp/config-repo-8064367808801095551/'
2021-07-23 16:54:15 [http-nio-8888-exec-5] INFO  o.s.c.c.s.e.NativeEnvironmentRepository - Adding property source: Config resource 'file [/tmp/config-repo-8064367808801095551/config-client.yml]' via location 'file:/tmp/config-repo-8064367808801095551/'
2021-07-23 16:55:15 [http-nio-8888-exec-7] INFO  o.s.c.c.s.e.NativeEnvironmentRepository - Adding property source: Config resource 'file [/tmp/config-repo-8064367808801095551/config-client-kafka_to_elastic.yml]' via location 'file:/tmp/config-repo-8064367808801095551/'
2021-07-23 16:55:15 [http-nio-8888-exec-7] INFO  o.s.c.c.s.e.NativeEnvironmentRepository - Adding property source: Config resource 'file [/tmp/config-repo-8064367808801095551/config-client.yml]' via location 'file:/tmp/config-repo-8064367808801095551/'
2021-07-23 16:59:16 [http-nio-8888-exec-10] INFO  o.s.c.c.s.e.NativeEnvironmentRepository - Adding property source: Config resource 'file [/tmp/config-repo-8064367808801095551/config-client-kafka_to_elastic.yml]' via location 'file:/tmp/config-repo-8064367808801095551/'
2021-07-23 16:59:16 [http-nio-8888-exec-10] INFO  o.s.c.c.s.e.NativeEnvironmentRepository - Adding property source: Config resource 'file [/tmp/config-repo-8064367808801095551/config-client.yml]' via location 'file:/tmp/config-repo-8064367808801095551/'
2021-07-23 17:01:01 [http-nio-8888-exec-1] INFO  o.s.c.c.s.e.NativeEnvironmentRepository - Adding property source: Config resource 'file [/tmp/config-repo-8064367808801095551/config-client-kafka_to_elastic.yml]' via location 'file:/tmp/config-repo-8064367808801095551/'
2021-07-23 17:01:01 [http-nio-8888-exec-1] INFO  o.s.c.c.s.e.NativeEnvironmentRepository - Adding property source: Config resource 'file [/tmp/config-repo-8064367808801095551/config-client.yml]' via location 'file:/tmp/config-repo-8064367808801095551/'
2021-07-23 17:02:01 [http-nio-8888-exec-3] INFO  o.s.c.c.s.e.NativeEnvironmentRepository - Adding property source: Config resource 'file [/tmp/config-repo-8064367808801095551/config-client-kafka_to_elastic.yml]' via location 'file:/tmp/config-repo-8064367808801095551/'
2021-07-23 17:02:01 [http-nio-8888-exec-3] INFO  o.s.c.c.s.e.NativeEnvironmentRepository - Adding property source: Config resource 'file [/tmp/config-repo-8064367808801095551/config-client.yml]' via location 'file:/tmp/config-repo-8064367808801095551/'
2021-07-23 17:02:32 [http-nio-8888-exec-5] INFO  o.s.c.c.s.e.NativeEnvironmentRepository - Adding property source: Config resource 'file [/tmp/config-repo-8064367808801095551/config-client-kafka_to_elastic.yml]' via location 'file:/tmp/config-repo-8064367808801095551/'
2021-07-23 17:02:32 [http-nio-8888-exec-5] INFO  o.s.c.c.s.e.NativeEnvironmentRepository - Adding property source: Config resource 'file [/tmp/config-repo-8064367808801095551/config-client.yml]' via location 'file:/tmp/config-repo-8064367808801095551/'
