2021-07-06 01:53:09 [main] INFO  c.m.d.t.t.k.s.TwitterToKafkaServiceApplication - Starting TwitterToKafkaServiceApplication using Java 11.0.11 on onceuponatime-LeLong-S15-X510UF with PID 63802 (/home/onceuponatime/Documents/Java/Microservices/microservices-demo/twitter-to-kafka-service/target/classes started by onceuponatime in /home/onceuponatime/Documents/Java/Microservices/microservices-demo)
2021-07-06 01:53:09 [main] INFO  c.m.d.t.t.k.s.TwitterToKafkaServiceApplication - No active profile set, falling back to default profiles: default
2021-07-06 01:53:10 [main] INFO  c.m.d.t.t.k.s.TwitterToKafkaServiceApplication - Started TwitterToKafkaServiceApplication in 1.043 seconds (JVM running for 1.658)
2021-07-06 01:53:10 [main] INFO  c.m.d.t.t.k.s.TwitterToKafkaServiceApplication - App starts...
2021-07-06 01:53:10 [main] INFO  c.m.d.t.t.k.s.TwitterToKafkaServiceApplication - [Java, Microservices, Spring, Kafka, Elasticsearch]
2021-07-06 01:55:05 [main] INFO  c.m.d.t.t.k.s.TwitterToKafkaServiceApplication - Starting TwitterToKafkaServiceApplication using Java 11.0.11 on onceuponatime-LeLong-S15-X510UF with PID 64172 (/home/onceuponatime/Documents/Java/Microservices/microservices-demo/twitter-to-kafka-service/target/classes started by onceuponatime in /home/onceuponatime/Documents/Java/Microservices/microservices-demo)
2021-07-06 01:55:05 [main] INFO  c.m.d.t.t.k.s.TwitterToKafkaServiceApplication - No active profile set, falling back to default profiles: default
2021-07-06 01:55:05 [main] INFO  c.m.d.t.t.k.s.TwitterToKafkaServiceApplication - Started TwitterToKafkaServiceApplication in 1.002 seconds (JVM running for 1.597)
2021-07-06 01:55:05 [main] INFO  c.m.d.t.t.k.s.TwitterToKafkaServiceApplication - App starts...
2021-07-06 01:55:05 [main] INFO  c.m.d.t.t.k.s.TwitterToKafkaServiceApplication - [Java, Microservices, Spring, Kafka, Elasticsearch]
2021-07-06 01:59:42 [main] INFO  c.m.d.t.t.k.s.TwitterToKafkaServiceApplication - Starting TwitterToKafkaServiceApplication using Java 11.0.11 on onceuponatime-LeLong-S15-X510UF with PID 64573 (/home/onceuponatime/Documents/Java/Microservices/microservices-demo/twitter-to-kafka-service/target/classes started by onceuponatime in /home/onceuponatime/Documents/Java/Microservices/microservices-demo)
2021-07-06 01:59:42 [main] INFO  c.m.d.t.t.k.s.TwitterToKafkaServiceApplication - No active profile set, falling back to default profiles: default
2021-07-06 01:59:43 [main] INFO  c.m.d.t.t.k.s.TwitterToKafkaServiceApplication - Started TwitterToKafkaServiceApplication in 0.973 seconds (JVM running for 1.539)
2021-07-06 01:59:43 [main] INFO  c.m.d.t.t.k.s.TwitterToKafkaServiceApplication - App starts...
2021-07-06 01:59:43 [main] INFO  c.m.d.t.t.k.s.TwitterToKafkaServiceApplication - [Java, Microservices, Spring, Kafka, Elasticsearch]
2021-07-06 01:59:43 [main] INFO  c.m.d.t.t.k.s.TwitterToKafkaServiceApplication - Hello microservices
2021-07-06 13:05:14 [main] INFO  c.m.d.t.t.k.s.TwitterToKafkaServiceApplication - Starting TwitterToKafkaServiceApplication using Java 11.0.11 on onceuponatime-LeLong-S15-X510UF with PID 21557 (/home/onceuponatime/Documents/Java/Microservices/microservices-demo/twitter-to-kafka-service/target/classes started by onceuponatime in /home/onceuponatime/Documents/Java/Microservices/microservices-demo)
2021-07-06 13:05:14 [main] INFO  c.m.d.t.t.k.s.TwitterToKafkaServiceApplication - No active profile set, falling back to default profiles: default
2021-07-06 13:05:15 [main] INFO  c.m.d.t.t.k.s.TwitterToKafkaServiceApplication - Started TwitterToKafkaServiceApplication in 1.138 seconds (JVM running for 2.067)
2021-07-06 13:05:15 [main] INFO  c.m.d.t.t.k.s.TwitterToKafkaServiceApplication - App starts...
2021-07-06 13:05:15 [main] INFO  c.m.d.t.t.k.s.TwitterToKafkaServiceApplication - [Java, Microservices, Spring, Kafka, Elasticsearch]
2021-07-06 13:05:15 [main] INFO  c.m.d.t.t.k.s.TwitterToKafkaServiceApplication - Hello microservices
2021-07-06 13:05:15 [main] INFO  c.m.d.t.t.k.s.r.i.MockKafkaStreamRunner - Starting mock filtering twitter streams for keywords [Java, Microservices, Spring, Kafka, Elasticsearch]
2021-07-06 13:05:15 [pool-1-thread-1] INFO  c.m.d.t.t.k.s.l.TwitterKafkaStatusListener - Twitter status with text porttitor ipsum posuere adipiscing ipsum posuere Elasticsearch consectetuer ipsum magna consectetuer
2021-07-06 13:05:25 [pool-1-thread-1] INFO  c.m.d.t.t.k.s.l.TwitterKafkaStatusListener - Twitter status with text magna libero elit posuere Maecenas Kafka Maecenas lectus ultricies
2021-07-06 13:05:35 [pool-1-thread-1] INFO  c.m.d.t.t.k.s.l.TwitterKafkaStatusListener - Twitter status with text sit posuere amet magna dolor sed purus ipsum Spring Lorem pulvinar Lorem Fusce Lorem adipiscing
2021-07-06 13:05:45 [pool-1-thread-1] INFO  c.m.d.t.t.k.s.l.TwitterKafkaStatusListener - Twitter status with text dolor porttitor adipiscing purus malesuada lectus ultricies Spring ipsum consectetuer amet massa congue sed
2021-07-06 13:05:55 [pool-1-thread-1] INFO  c.m.d.t.t.k.s.l.TwitterKafkaStatusListener - Twitter status with text adipiscing lectus amet posuere porttitor Kafka massa Maecenas ultricies adipiscing
2021-07-06 13:06:05 [pool-1-thread-1] INFO  c.m.d.t.t.k.s.l.TwitterKafkaStatusListener - Twitter status with text posuere posuere Lorem sit Fusce Java massa pulvinar amet
2021-07-06 13:18:27 [main] INFO  c.m.d.t.t.k.s.TwitterToKafkaServiceApplication - Starting TwitterToKafkaServiceApplication using Java 11.0.11 on onceuponatime-LeLong-S15-X510UF with PID 21850 (/home/onceuponatime/Documents/Java/Microservices/microservices-demo/twitter-to-kafka-service/target/classes started by onceuponatime in /home/onceuponatime/Documents/Java/Microservices/microservices-demo)
2021-07-06 13:18:27 [main] INFO  c.m.d.t.t.k.s.TwitterToKafkaServiceApplication - No active profile set, falling back to default profiles: default
2021-07-06 13:18:27 [main] INFO  c.m.d.t.t.k.s.TwitterToKafkaServiceApplication - Started TwitterToKafkaServiceApplication in 1.0 seconds (JVM running for 1.613)
2021-07-06 13:18:27 [main] INFO  c.m.d.t.t.k.s.TwitterToKafkaServiceApplication - App starts...
2021-07-06 13:18:27 [main] INFO  c.m.d.t.t.k.s.TwitterToKafkaServiceApplication - [Java, Microservices, Spring, Kafka, Elasticsearch]
2021-07-06 13:18:27 [main] INFO  c.m.d.t.t.k.s.TwitterToKafkaServiceApplication - Hello microservices
2021-07-06 13:18:27 [Twitter Stream consumer /  [1][initializing]] INFO  twitter4j.TwitterStreamImpl - Establishing connection.
2021-07-06 13:18:27 [main] INFO  c.m.d.t.t.k.s.r.i.TwitterKafkaStreamRunner - Started filtering twitter stream for keywords [Java, Microservices, Spring, Kafka, Elasticsearch]
2021-07-06 13:18:28 [Twitter Stream consumer /  [1][Establishing connection]] INFO  twitter4j.TwitterStreamImpl - 401:Authentication credentials (https://dev.twitter.com/pages/auth) were missing or incorrect. Ensure that you have set valid consumer key/secret, access token/secret, and the system clock is in sync.
<html>\n<head>\n<meta http-equiv="Content-Type" content="text/html; charset=utf-8"/>\n<title>Error 401 Unauthorized</title>
</head>
<body>
<h2>HTTP ERROR: 401</h2>
<p>Problem accessing '/1.1/statuses/filter.json'. Reason:
<pre>    Unauthorized</pre>
</body>
</html>

2021-07-06 13:18:28 [Twitter Stream consumer /  [1][Establishing connection]] INFO  twitter4j.TwitterStreamImpl - Waiting for 10000 milliseconds
2021-07-06 13:18:38 [Twitter Stream consumer /  [1][Waiting for 10000 milliseconds]] INFO  twitter4j.TwitterStreamImpl - Establishing connection.
2021-07-06 13:18:40 [Twitter Stream consumer /  [1][Establishing connection]] INFO  twitter4j.TwitterStreamImpl - 401:Authentication credentials (https://dev.twitter.com/pages/auth) were missing or incorrect. Ensure that you have set valid consumer key/secret, access token/secret, and the system clock is in sync.
<html>\n<head>\n<meta http-equiv="Content-Type" content="text/html; charset=utf-8"/>\n<title>Error 401 Unauthorized</title>
</head>
<body>
<h2>HTTP ERROR: 401</h2>
<p>Problem accessing '/1.1/statuses/filter.json'. Reason:
<pre>    Unauthorized</pre>
</body>
</html>

2021-07-06 13:18:40 [Twitter Stream consumer /  [1][Establishing connection]] INFO  twitter4j.TwitterStreamImpl - Waiting for 20000 milliseconds
2021-07-06 13:19:00 [Twitter Stream consumer /  [1][Waiting for 20000 milliseconds]] INFO  twitter4j.TwitterStreamImpl - Establishing connection.
2021-07-06 13:19:01 [Twitter Stream consumer /  [1][Establishing connection]] INFO  twitter4j.TwitterStreamImpl - 401:Authentication credentials (https://dev.twitter.com/pages/auth) were missing or incorrect. Ensure that you have set valid consumer key/secret, access token/secret, and the system clock is in sync.
<html>\n<head>\n<meta http-equiv="Content-Type" content="text/html; charset=utf-8"/>\n<title>Error 401 Unauthorized</title>
</head>
<body>
<h2>HTTP ERROR: 401</h2>
<p>Problem accessing '/1.1/statuses/filter.json'. Reason:
<pre>    Unauthorized</pre>
</body>
</html>

2021-07-06 13:19:01 [Twitter Stream consumer /  [1][Establishing connection]] INFO  twitter4j.TwitterStreamImpl - Waiting for 40000 milliseconds
2021-07-06 13:19:41 [Twitter Stream consumer /  [1][Waiting for 40000 milliseconds]] INFO  twitter4j.TwitterStreamImpl - Establishing connection.
2021-07-06 13:19:42 [Twitter Stream consumer /  [1][Establishing connection]] INFO  twitter4j.TwitterStreamImpl - 401:Authentication credentials (https://dev.twitter.com/pages/auth) were missing or incorrect. Ensure that you have set valid consumer key/secret, access token/secret, and the system clock is in sync.
<html>\n<head>\n<meta http-equiv="Content-Type" content="text/html; charset=utf-8"/>\n<title>Error 401 Unauthorized</title>
</head>
<body>
<h2>HTTP ERROR: 401</h2>
<p>Problem accessing '/1.1/statuses/filter.json'. Reason:
<pre>    Unauthorized</pre>
</body>
</html>

2021-07-06 13:19:42 [Twitter Stream consumer /  [1][Establishing connection]] INFO  twitter4j.TwitterStreamImpl - Waiting for 80000 milliseconds
2021-07-06 13:20:46 [SpringApplicationShutdownHook] INFO  c.m.d.t.t.k.s.r.i.TwitterKafkaStreamRunner - Closing twitter stream!
2021-07-06 13:20:48 [main] INFO  c.m.d.t.t.k.s.TwitterToKafkaServiceApplication - Starting TwitterToKafkaServiceApplication using Java 11.0.11 on onceuponatime-LeLong-S15-X510UF with PID 22000 (/home/onceuponatime/Documents/Java/Microservices/microservices-demo/twitter-to-kafka-service/target/classes started by onceuponatime in /home/onceuponatime/Documents/Java/Microservices/microservices-demo)
2021-07-06 13:20:48 [main] INFO  c.m.d.t.t.k.s.TwitterToKafkaServiceApplication - No active profile set, falling back to default profiles: default
2021-07-06 13:20:49 [main] INFO  c.m.d.t.t.k.s.TwitterToKafkaServiceApplication - Started TwitterToKafkaServiceApplication in 1.008 seconds (JVM running for 1.574)
2021-07-06 13:20:49 [main] INFO  c.m.d.t.t.k.s.TwitterToKafkaServiceApplication - App starts...
2021-07-06 13:20:49 [main] INFO  c.m.d.t.t.k.s.TwitterToKafkaServiceApplication - [Java, Microservices, Spring, Kafka, Elasticsearch]
2021-07-06 13:20:49 [main] INFO  c.m.d.t.t.k.s.TwitterToKafkaServiceApplication - Hello microservices
2021-07-06 13:20:49 [main] INFO  c.m.d.t.t.k.s.r.i.MockKafkaStreamRunner - Starting mock filtering twitter streams for keywords [Java, Microservices, Spring, Kafka, Elasticsearch]
2021-07-06 13:20:49 [pool-1-thread-1] INFO  c.m.d.t.t.k.s.l.TwitterKafkaStatusListener - Twitter status with text porttitor libero amet malesuada Microservices dolor elit
2021-07-06 13:20:59 [pool-1-thread-1] INFO  c.m.d.t.t.k.s.l.TwitterKafkaStatusListener - Twitter status with text sit malesuada amet malesuada massa malesuada porttitor Elasticsearch elit ultricies congue congue elit sed
2021-07-07 16:31:44 [main] INFO  c.m.d.t.t.k.s.TwitterToKafkaServiceApplication - Starting TwitterToKafkaServiceApplication using Java 11.0.11 on onceuponatime-LeLong-S15-X510UF with PID 30902 (/home/onceuponatime/Documents/Java/Microservices/microservices-demo/twitter-to-kafka-service/target/classes started by onceuponatime in /home/onceuponatime/Documents/Java/Microservices/microservices-demo)
2021-07-07 16:31:44 [main] INFO  c.m.d.t.t.k.s.TwitterToKafkaServiceApplication - No active profile set, falling back to default profiles: default
2021-07-07 16:31:45 [main] INFO  c.m.d.t.t.k.s.TwitterToKafkaServiceApplication - Started TwitterToKafkaServiceApplication in 1.125 seconds (JVM running for 1.887)
2021-07-07 16:31:45 [main] INFO  c.m.d.t.t.k.s.TwitterToKafkaServiceApplication - App starts...
2021-07-07 16:31:45 [main] INFO  c.m.d.t.t.k.s.TwitterToKafkaServiceApplication - [Java, Microservices, Spring, Kafka, Elasticsearch]
2021-07-07 16:31:45 [main] INFO  c.m.d.t.t.k.s.TwitterToKafkaServiceApplication - Hello microservices
2021-07-07 16:31:45 [main] INFO  c.m.d.t.t.k.s.r.i.MockKafkaStreamRunner - Starting mock filtering twitter streams for keywords [Java, Microservices, Spring, Kafka, Elasticsearch]
2021-07-07 16:31:45 [pool-1-thread-1] INFO  c.m.d.t.t.k.s.l.TwitterKafkaStatusListener - Twitter status with text posuere massa magna Lorem dolor sed Elasticsearch magna congue ipsum massa
2021-07-07 16:36:55 [main] INFO  c.m.d.t.t.k.s.TwitterToKafkaServiceApplication - Starting TwitterToKafkaServiceApplication using Java 11.0.11 on onceuponatime-LeLong-S15-X510UF with PID 31394 (/home/onceuponatime/Documents/Java/Microservices/microservices-demo/twitter-to-kafka-service/target/classes started by onceuponatime in /home/onceuponatime/Documents/Java/Microservices/microservices-demo)
2021-07-07 16:36:55 [main] INFO  c.m.d.t.t.k.s.TwitterToKafkaServiceApplication - No active profile set, falling back to default profiles: default
2021-07-07 16:36:55 [main] WARN  o.s.c.a.AnnotationConfigApplicationContext - Exception encountered during context initialization - cancelling refresh attempt: org.springframework.beans.factory.UnsatisfiedDependencyException: Error creating bean with name 'twitterToKafkaServiceApplication': Unsatisfied dependency expressed through constructor parameter 0; nested exception is org.springframework.beans.factory.NoSuchBeanDefinitionException: No qualifying bean of type 'com.microservices.demo.config.TwitterToKafkaServiceConfigData' available: expected at least 1 bean which qualifies as autowire candidate. Dependency annotations: {}
2021-07-07 16:36:55 [main] INFO  o.s.b.a.l.ConditionEvaluationReportLoggingListener - 

Error starting ApplicationContext. To display the conditions report re-run your application with 'debug' enabled.
2021-07-07 16:36:55 [main] ERROR o.s.b.d.LoggingFailureAnalysisReporter - 

***************************
APPLICATION FAILED TO START
***************************

Description:

Parameter 0 of constructor in com.microservices.demo.twitter.to.kafka.service.TwitterToKafkaServiceApplication required a bean of type 'com.microservices.demo.config.TwitterToKafkaServiceConfigData' that could not be found.


Action:

Consider defining a bean of type 'com.microservices.demo.config.TwitterToKafkaServiceConfigData' in your configuration.

2021-07-07 16:38:11 [main] INFO  c.m.d.t.t.k.s.TwitterToKafkaServiceApplication - Starting TwitterToKafkaServiceApplication using Java 11.0.11 on onceuponatime-LeLong-S15-X510UF with PID 31531 (/home/onceuponatime/Documents/Java/Microservices/microservices-demo/twitter-to-kafka-service/target/classes started by onceuponatime in /home/onceuponatime/Documents/Java/Microservices/microservices-demo)
2021-07-07 16:38:11 [main] INFO  c.m.d.t.t.k.s.TwitterToKafkaServiceApplication - No active profile set, falling back to default profiles: default
2021-07-07 16:38:12 [main] WARN  o.s.c.a.AnnotationConfigApplicationContext - Exception encountered during context initialization - cancelling refresh attempt: org.springframework.beans.factory.UnsatisfiedDependencyException: Error creating bean with name 'twitterToKafkaServiceApplication': Unsatisfied dependency expressed through constructor parameter 0; nested exception is org.springframework.beans.factory.NoSuchBeanDefinitionException: No qualifying bean of type 'com.microservices.demo.config.TwitterToKafkaServiceConfigData' available: expected at least 1 bean which qualifies as autowire candidate. Dependency annotations: {}
2021-07-07 16:38:12 [main] INFO  o.s.b.a.l.ConditionEvaluationReportLoggingListener - 

Error starting ApplicationContext. To display the conditions report re-run your application with 'debug' enabled.
2021-07-07 16:38:12 [main] ERROR o.s.b.d.LoggingFailureAnalysisReporter - 

***************************
APPLICATION FAILED TO START
***************************

Description:

Parameter 0 of constructor in com.microservices.demo.twitter.to.kafka.service.TwitterToKafkaServiceApplication required a bean of type 'com.microservices.demo.config.TwitterToKafkaServiceConfigData' that could not be found.


Action:

Consider defining a bean of type 'com.microservices.demo.config.TwitterToKafkaServiceConfigData' in your configuration.

2021-07-07 16:38:32 [main] INFO  c.m.d.t.t.k.s.TwitterToKafkaServiceApplication - Starting TwitterToKafkaServiceApplication using Java 11.0.11 on onceuponatime-LeLong-S15-X510UF with PID 31606 (/home/onceuponatime/Documents/Java/Microservices/microservices-demo/twitter-to-kafka-service/target/classes started by onceuponatime in /home/onceuponatime/Documents/Java/Microservices/microservices-demo)
2021-07-07 16:38:32 [main] INFO  c.m.d.t.t.k.s.TwitterToKafkaServiceApplication - No active profile set, falling back to default profiles: default
2021-07-07 16:38:33 [main] INFO  c.m.d.t.t.k.s.TwitterToKafkaServiceApplication - Started TwitterToKafkaServiceApplication in 1.203 seconds (JVM running for 1.8)
2021-07-07 16:38:33 [main] INFO  c.m.d.t.t.k.s.TwitterToKafkaServiceApplication - App starts...
2021-07-07 16:38:33 [main] INFO  c.m.d.t.t.k.s.TwitterToKafkaServiceApplication - [Java, Microservices, Spring, Kafka, Elasticsearch]
2021-07-07 16:38:33 [main] INFO  c.m.d.t.t.k.s.TwitterToKafkaServiceApplication - Hello microservices
2021-07-07 16:38:33 [main] INFO  c.m.d.t.t.k.s.r.i.MockKafkaStreamRunner - Starting mock filtering twitter streams for keywords [Java, Microservices, Spring, Kafka, Elasticsearch]
2021-07-07 16:38:33 [pool-1-thread-1] INFO  c.m.d.t.t.k.s.l.TwitterKafkaStatusListener - Twitter status with text malesuada sit elit dolor dolor sit pulvinar Kafka ipsum congue pulvinar libero consectetuer
2021-07-07 21:50:19 [main] INFO  c.m.d.t.t.k.s.TwitterToKafkaServiceApplication - Starting TwitterToKafkaServiceApplication using Java 11.0.11 on onceuponatime-LeLong-S15-X510UF with PID 49062 (/home/onceuponatime/Documents/Java/Microservices/microservices-demo/twitter-to-kafka-service/target/classes started by onceuponatime in /home/onceuponatime/Documents/Java/Microservices/microservices-demo)
2021-07-07 21:50:19 [main] INFO  c.m.d.t.t.k.s.TwitterToKafkaServiceApplication - No active profile set, falling back to default profiles: default
2021-07-07 21:50:20 [main] INFO  c.m.d.t.t.k.s.TwitterToKafkaServiceApplication - Started TwitterToKafkaServiceApplication in 1.105 seconds (JVM running for 1.726)
2021-07-07 21:50:20 [main] INFO  c.m.d.t.t.k.s.TwitterToKafkaServiceApplication - App starts...
2021-07-07 21:50:20 [main] INFO  c.m.d.t.t.k.s.TwitterToKafkaServiceApplication - [Java, Microservices, Spring, Kafka, Elasticsearch]
2021-07-07 21:50:20 [main] INFO  c.m.d.t.t.k.s.TwitterToKafkaServiceApplication - Hello microservices
2021-07-07 21:50:20 [main] INFO  c.m.d.t.t.k.s.r.i.MockKafkaStreamRunner - Starting mock filtering twitter streams for keywords [Java, Microservices, Spring, Kafka, Elasticsearch]
2021-07-07 21:50:20 [pool-1-thread-1] INFO  c.m.d.t.t.k.s.l.TwitterKafkaStatusListener - Twitter status with text pulvinar dolor malesuada ipsum Lorem dolor lectus Spring consectetuer congue pulvinar porttitor malesuada
2021-07-07 21:50:37 [main] INFO  c.m.d.t.t.k.s.TwitterToKafkaServiceApplication - Starting TwitterToKafkaServiceApplication using Java 11.0.11 on onceuponatime-LeLong-S15-X510UF with PID 49135 (/home/onceuponatime/Documents/Java/Microservices/microservices-demo/twitter-to-kafka-service/target/classes started by onceuponatime in /home/onceuponatime/Documents/Java/Microservices/microservices-demo)
2021-07-07 21:50:37 [main] INFO  c.m.d.t.t.k.s.TwitterToKafkaServiceApplication - No active profile set, falling back to default profiles: default
2021-07-07 21:50:38 [main] INFO  c.m.d.t.t.k.s.TwitterToKafkaServiceApplication - Started TwitterToKafkaServiceApplication in 1.054 seconds (JVM running for 1.608)
2021-07-07 21:50:38 [main] INFO  c.m.d.t.t.k.s.TwitterToKafkaServiceApplication - App starts...
2021-07-07 21:50:38 [main] INFO  c.m.d.t.t.k.s.TwitterToKafkaServiceApplication - [Java, Microservices, Spring, Kafka, Elasticsearch]
2021-07-07 21:50:38 [main] INFO  c.m.d.t.t.k.s.TwitterToKafkaServiceApplication - Hello microservices
2021-07-07 21:50:38 [Twitter Stream consumer /  [1][initializing]] INFO  twitter4j.TwitterStreamImpl - Establishing connection.
2021-07-07 21:50:38 [main] INFO  c.m.d.t.t.k.s.r.i.TwitterKafkaStreamRunner - Started filtering twitter stream for keywords [Java, Microservices, Spring, Kafka, Elasticsearch]
2021-07-07 21:50:46 [Twitter Stream consumer /  [1][Establishing connection]] INFO  twitter4j.TwitterStreamImpl - 401:Authentication credentials (https://dev.twitter.com/pages/auth) were missing or incorrect. Ensure that you have set valid consumer key/secret, access token/secret, and the system clock is in sync.
<html>\n<head>\n<meta http-equiv="Content-Type" content="text/html; charset=utf-8"/>\n<title>Error 401 Unauthorized</title>
</head>
<body>
<h2>HTTP ERROR: 401</h2>
<p>Problem accessing '/1.1/statuses/filter.json'. Reason:
<pre>    Unauthorized</pre>
</body>
</html>

2021-07-07 21:50:46 [Twitter Stream consumer /  [1][Establishing connection]] INFO  twitter4j.TwitterStreamImpl - Waiting for 10000 milliseconds
2021-07-07 21:50:56 [Twitter Stream consumer /  [1][Waiting for 10000 milliseconds]] INFO  twitter4j.TwitterStreamImpl - Establishing connection.
2021-07-07 21:50:58 [Twitter Stream consumer /  [1][Establishing connection]] INFO  twitter4j.TwitterStreamImpl - 401:Authentication credentials (https://dev.twitter.com/pages/auth) were missing or incorrect. Ensure that you have set valid consumer key/secret, access token/secret, and the system clock is in sync.
<html>\n<head>\n<meta http-equiv="Content-Type" content="text/html; charset=utf-8"/>\n<title>Error 401 Unauthorized</title>
</head>
<body>
<h2>HTTP ERROR: 401</h2>
<p>Problem accessing '/1.1/statuses/filter.json'. Reason:
<pre>    Unauthorized</pre>
</body>
</html>

2021-07-07 21:50:58 [Twitter Stream consumer /  [1][Establishing connection]] INFO  twitter4j.TwitterStreamImpl - Waiting for 20000 milliseconds
2021-07-07 21:51:18 [Twitter Stream consumer /  [1][Waiting for 20000 milliseconds]] INFO  twitter4j.TwitterStreamImpl - Establishing connection.
2021-07-07 21:51:20 [Twitter Stream consumer /  [1][Establishing connection]] INFO  twitter4j.TwitterStreamImpl - 401:Authentication credentials (https://dev.twitter.com/pages/auth) were missing or incorrect. Ensure that you have set valid consumer key/secret, access token/secret, and the system clock is in sync.
<html>\n<head>\n<meta http-equiv="Content-Type" content="text/html; charset=utf-8"/>\n<title>Error 401 Unauthorized</title>
</head>
<body>
<h2>HTTP ERROR: 401</h2>
<p>Problem accessing '/1.1/statuses/filter.json'. Reason:
<pre>    Unauthorized</pre>
</body>
</html>

2021-07-07 21:51:20 [Twitter Stream consumer /  [1][Establishing connection]] INFO  twitter4j.TwitterStreamImpl - Waiting for 40000 milliseconds
2021-07-07 21:52:00 [Twitter Stream consumer /  [1][Waiting for 40000 milliseconds]] INFO  twitter4j.TwitterStreamImpl - Establishing connection.
2021-07-07 21:52:03 [Twitter Stream consumer /  [1][Establishing connection]] INFO  twitter4j.TwitterStreamImpl - 401:Authentication credentials (https://dev.twitter.com/pages/auth) were missing or incorrect. Ensure that you have set valid consumer key/secret, access token/secret, and the system clock is in sync.
<html>\n<head>\n<meta http-equiv="Content-Type" content="text/html; charset=utf-8"/>\n<title>Error 401 Unauthorized</title>
</head>
<body>
<h2>HTTP ERROR: 401</h2>
<p>Problem accessing '/1.1/statuses/filter.json'. Reason:
<pre>    Unauthorized</pre>
</body>
</html>

2021-07-07 21:52:03 [Twitter Stream consumer /  [1][Establishing connection]] INFO  twitter4j.TwitterStreamImpl - Waiting for 80000 milliseconds
2021-07-07 21:53:23 [Twitter Stream consumer /  [1][Waiting for 80000 milliseconds]] INFO  twitter4j.TwitterStreamImpl - Establishing connection.
2021-07-07 21:53:27 [Twitter Stream consumer /  [1][Establishing connection]] INFO  twitter4j.TwitterStreamImpl - 401:Authentication credentials (https://dev.twitter.com/pages/auth) were missing or incorrect. Ensure that you have set valid consumer key/secret, access token/secret, and the system clock is in sync.
<html>\n<head>\n<meta http-equiv="Content-Type" content="text/html; charset=utf-8"/>\n<title>Error 401 Unauthorized</title>
</head>
<body>
<h2>HTTP ERROR: 401</h2>
<p>Problem accessing '/1.1/statuses/filter.json'. Reason:
<pre>    Unauthorized</pre>
</body>
</html>

2021-07-07 21:53:27 [Twitter Stream consumer /  [1][Establishing connection]] INFO  twitter4j.TwitterStreamImpl - Waiting for 160000 milliseconds
2021-07-07 21:56:07 [Twitter Stream consumer /  [1][Waiting for 160000 milliseconds]] INFO  twitter4j.TwitterStreamImpl - Establishing connection.
2021-07-07 21:56:10 [Twitter Stream consumer /  [1][Establishing connection]] INFO  twitter4j.TwitterStreamImpl - 401:Authentication credentials (https://dev.twitter.com/pages/auth) were missing or incorrect. Ensure that you have set valid consumer key/secret, access token/secret, and the system clock is in sync.
<html>\n<head>\n<meta http-equiv="Content-Type" content="text/html; charset=utf-8"/>\n<title>Error 401 Unauthorized</title>
</head>
<body>
<h2>HTTP ERROR: 401</h2>
<p>Problem accessing '/1.1/statuses/filter.json'. Reason:
<pre>    Unauthorized</pre>
</body>
</html>

2021-07-07 21:56:10 [Twitter Stream consumer /  [1][Establishing connection]] INFO  twitter4j.TwitterStreamImpl - Waiting for 240000 milliseconds
2021-07-07 22:00:10 [Twitter Stream consumer /  [1][Waiting for 240000 milliseconds]] INFO  twitter4j.TwitterStreamImpl - Establishing connection.
2021-07-07 22:00:13 [Twitter Stream consumer /  [1][Establishing connection]] INFO  twitter4j.TwitterStreamImpl - 401:Authentication credentials (https://dev.twitter.com/pages/auth) were missing or incorrect. Ensure that you have set valid consumer key/secret, access token/secret, and the system clock is in sync.
<html>\n<head>\n<meta http-equiv="Content-Type" content="text/html; charset=utf-8"/>\n<title>Error 401 Unauthorized</title>
</head>
<body>
<h2>HTTP ERROR: 401</h2>
<p>Problem accessing '/1.1/statuses/filter.json'. Reason:
<pre>    Unauthorized</pre>
</body>
</html>

2021-07-07 22:00:13 [Twitter Stream consumer /  [1][Establishing connection]] INFO  twitter4j.TwitterStreamImpl - Waiting for 240000 milliseconds
2021-07-07 22:04:13 [Twitter Stream consumer /  [1][Waiting for 240000 milliseconds]] INFO  twitter4j.TwitterStreamImpl - Establishing connection.
2021-07-07 22:04:14 [Twitter Stream consumer /  [1][Establishing connection]] INFO  twitter4j.TwitterStreamImpl - 401:Authentication credentials (https://dev.twitter.com/pages/auth) were missing or incorrect. Ensure that you have set valid consumer key/secret, access token/secret, and the system clock is in sync.
<html>\n<head>\n<meta http-equiv="Content-Type" content="text/html; charset=utf-8"/>\n<title>Error 401 Unauthorized</title>
</head>
<body>
<h2>HTTP ERROR: 401</h2>
<p>Problem accessing '/1.1/statuses/filter.json'. Reason:
<pre>    Unauthorized</pre>
</body>
</html>

2021-07-07 22:04:14 [Twitter Stream consumer /  [1][Establishing connection]] INFO  twitter4j.TwitterStreamImpl - Waiting for 240000 milliseconds
2021-07-07 22:08:14 [Twitter Stream consumer /  [1][Waiting for 240000 milliseconds]] INFO  twitter4j.TwitterStreamImpl - Establishing connection.
2021-07-07 22:08:18 [Twitter Stream consumer /  [1][Establishing connection]] INFO  twitter4j.TwitterStreamImpl - 401:Authentication credentials (https://dev.twitter.com/pages/auth) were missing or incorrect. Ensure that you have set valid consumer key/secret, access token/secret, and the system clock is in sync.
<html>\n<head>\n<meta http-equiv="Content-Type" content="text/html; charset=utf-8"/>\n<title>Error 401 Unauthorized</title>
</head>
<body>
<h2>HTTP ERROR: 401</h2>
<p>Problem accessing '/1.1/statuses/filter.json'. Reason:
<pre>    Unauthorized</pre>
</body>
</html>

2021-07-07 22:08:18 [Twitter Stream consumer /  [1][Establishing connection]] INFO  twitter4j.TwitterStreamImpl - Waiting for 240000 milliseconds
2021-07-07 22:11:52 [SpringApplicationShutdownHook] INFO  c.m.d.t.t.k.s.r.i.TwitterKafkaStreamRunner - Closing twitter stream!
2021-07-07 22:14:12 [main] INFO  c.m.d.t.t.k.s.TwitterToKafkaServiceApplication - Starting TwitterToKafkaServiceApplication using Java 11.0.11 on onceuponatime-LeLong-S15-X510UF with PID 50404 (/home/onceuponatime/Documents/Java/Microservices/microservices-demo/twitter-to-kafka-service/target/classes started by onceuponatime in /home/onceuponatime/Documents/Java/Microservices/microservices-demo)
2021-07-07 22:14:12 [main] INFO  c.m.d.t.t.k.s.TwitterToKafkaServiceApplication - No active profile set, falling back to default profiles: default
2021-07-07 22:14:13 [main] INFO  c.m.d.t.t.k.s.TwitterToKafkaServiceApplication - Started TwitterToKafkaServiceApplication in 1.169 seconds (JVM running for 1.758)
2021-07-07 22:14:13 [main] INFO  c.m.d.t.t.k.s.TwitterToKafkaServiceApplication - App starts...
2021-07-07 22:14:13 [main] INFO  c.m.d.t.t.k.s.TwitterToKafkaServiceApplication - [Java, Microservices, Spring, Kafka, Elasticsearch]
2021-07-07 22:14:13 [main] INFO  c.m.d.t.t.k.s.TwitterToKafkaServiceApplication - Hello microservices
2021-07-07 22:14:13 [Twitter Stream consumer /  [1][initializing]] INFO  twitter4j.TwitterStreamImpl - Establishing connection.
2021-07-07 22:14:13 [main] INFO  c.m.d.t.t.k.s.r.i.TwitterKafkaStreamRunner - Started filtering twitter stream for keywords [Java, Microservices, Spring, Kafka, Elasticsearch]
2021-07-07 22:14:14 [Twitter Stream consumer /  [1][Establishing connection]] INFO  twitter4j.TwitterStreamImpl - 401:Authentication credentials (https://dev.twitter.com/pages/auth) were missing or incorrect. Ensure that you have set valid consumer key/secret, access token/secret, and the system clock is in sync.
<html>\n<head>\n<meta http-equiv="Content-Type" content="text/html; charset=utf-8"/>\n<title>Error 401 Unauthorized</title>
</head>
<body>
<h2>HTTP ERROR: 401</h2>
<p>Problem accessing '/1.1/statuses/filter.json'. Reason:
<pre>    Unauthorized</pre>
</body>
</html>

2021-07-07 22:14:14 [Twitter Stream consumer /  [1][Establishing connection]] INFO  twitter4j.TwitterStreamImpl - Waiting for 10000 milliseconds
2021-07-07 22:14:24 [Twitter Stream consumer /  [1][Waiting for 10000 milliseconds]] INFO  twitter4j.TwitterStreamImpl - Establishing connection.
2021-07-07 22:14:27 [Twitter Stream consumer /  [1][Establishing connection]] INFO  twitter4j.TwitterStreamImpl - 401:Authentication credentials (https://dev.twitter.com/pages/auth) were missing or incorrect. Ensure that you have set valid consumer key/secret, access token/secret, and the system clock is in sync.
<html>\n<head>\n<meta http-equiv="Content-Type" content="text/html; charset=utf-8"/>\n<title>Error 401 Unauthorized</title>
</head>
<body>
<h2>HTTP ERROR: 401</h2>
<p>Problem accessing '/1.1/statuses/filter.json'. Reason:
<pre>    Unauthorized</pre>
</body>
</html>

2021-07-07 22:14:27 [Twitter Stream consumer /  [1][Establishing connection]] INFO  twitter4j.TwitterStreamImpl - Waiting for 20000 milliseconds
2021-07-07 22:14:33 [SpringApplicationShutdownHook] INFO  c.m.d.t.t.k.s.r.i.TwitterKafkaStreamRunner - Closing twitter stream!
2021-07-07 22:16:13 [main] INFO  c.m.d.t.t.k.s.TwitterToKafkaServiceApplication - Starting TwitterToKafkaServiceApplication using Java 11.0.11 on onceuponatime-LeLong-S15-X510UF with PID 50530 (/home/onceuponatime/Documents/Java/Microservices/microservices-demo/twitter-to-kafka-service/target/classes started by onceuponatime in /home/onceuponatime/Documents/Java/Microservices/microservices-demo)
2021-07-07 22:16:13 [main] INFO  c.m.d.t.t.k.s.TwitterToKafkaServiceApplication - No active profile set, falling back to default profiles: default
2021-07-07 22:16:14 [main] INFO  c.m.d.t.t.k.s.TwitterToKafkaServiceApplication - Started TwitterToKafkaServiceApplication in 1.035 seconds (JVM running for 1.589)
2021-07-07 22:16:14 [main] INFO  c.m.d.t.t.k.s.TwitterToKafkaServiceApplication - App starts...
2021-07-07 22:16:14 [main] INFO  c.m.d.t.t.k.s.TwitterToKafkaServiceApplication - [Java, Microservices, Spring, Kafka, Elasticsearch]
2021-07-07 22:16:14 [main] INFO  c.m.d.t.t.k.s.TwitterToKafkaServiceApplication - Hello microservices
2021-07-07 22:16:14 [Twitter Stream consumer /  [1][initializing]] INFO  twitter4j.TwitterStreamImpl - Establishing connection.
2021-07-07 22:16:14 [main] INFO  c.m.d.t.t.k.s.r.i.TwitterKafkaStreamRunner - Started filtering twitter stream for keywords [Java, Microservices, Spring, Kafka, Elasticsearch]
2021-07-07 22:16:17 [Twitter Stream consumer /  [1][Establishing connection]] INFO  twitter4j.TwitterStreamImpl - 401:Authentication credentials (https://dev.twitter.com/pages/auth) were missing or incorrect. Ensure that you have set valid consumer key/secret, access token/secret, and the system clock is in sync.
<html>\n<head>\n<meta http-equiv="Content-Type" content="text/html; charset=utf-8"/>\n<title>Error 401 Unauthorized</title>
</head>
<body>
<h2>HTTP ERROR: 401</h2>
<p>Problem accessing '/1.1/statuses/filter.json'. Reason:
<pre>    Unauthorized</pre>
</body>
</html>

2021-07-07 22:16:17 [Twitter Stream consumer /  [1][Establishing connection]] INFO  twitter4j.TwitterStreamImpl - Waiting for 10000 milliseconds
2021-07-07 22:16:20 [SpringApplicationShutdownHook] INFO  c.m.d.t.t.k.s.r.i.TwitterKafkaStreamRunner - Closing twitter stream!
2021-07-07 22:19:16 [main] INFO  c.m.d.t.t.k.s.TwitterToKafkaServiceApplication - Starting TwitterToKafkaServiceApplication using Java 11.0.11 on onceuponatime-LeLong-S15-X510UF with PID 50808 (/home/onceuponatime/Documents/Java/Microservices/microservices-demo/twitter-to-kafka-service/target/classes started by onceuponatime in /home/onceuponatime/Documents/Java/Microservices/microservices-demo)
2021-07-07 22:19:16 [main] INFO  c.m.d.t.t.k.s.TwitterToKafkaServiceApplication - No active profile set, falling back to default profiles: default
2021-07-07 22:19:16 [main] INFO  c.m.d.t.t.k.s.TwitterToKafkaServiceApplication - Started TwitterToKafkaServiceApplication in 1.011 seconds (JVM running for 1.562)
2021-07-07 22:19:16 [main] INFO  c.m.d.t.t.k.s.TwitterToKafkaServiceApplication - App starts...
2021-07-07 22:19:16 [main] INFO  c.m.d.t.t.k.s.TwitterToKafkaServiceApplication - [Java, Microservices, Spring, Kafka, Elasticsearch]
2021-07-07 22:19:16 [main] INFO  c.m.d.t.t.k.s.TwitterToKafkaServiceApplication - Hello microservices
2021-07-07 22:19:16 [Twitter Stream consumer /  [1][initializing]] INFO  twitter4j.TwitterStreamImpl - Establishing connection.
2021-07-07 22:19:16 [main] INFO  c.m.d.t.t.k.s.r.i.TwitterKafkaStreamRunner - Started filtering twitter stream for keywords [Java, Microservices, Spring, Kafka, Elasticsearch]
2021-07-07 22:19:20 [Twitter Stream consumer /  [1][Establishing connection]] INFO  twitter4j.TwitterStreamImpl - 401:Authentication credentials (https://dev.twitter.com/pages/auth) were missing or incorrect. Ensure that you have set valid consumer key/secret, access token/secret, and the system clock is in sync.
<html>\n<head>\n<meta http-equiv="Content-Type" content="text/html; charset=utf-8"/>\n<title>Error 401 Unauthorized</title>
</head>
<body>
<h2>HTTP ERROR: 401</h2>
<p>Problem accessing '/1.1/statuses/filter.json'. Reason:
<pre>    Unauthorized</pre>
</body>
</html>

2021-07-07 22:19:20 [Twitter Stream consumer /  [1][Establishing connection]] INFO  twitter4j.TwitterStreamImpl - Waiting for 10000 milliseconds
2021-07-07 22:19:30 [Twitter Stream consumer /  [1][Waiting for 10000 milliseconds]] INFO  twitter4j.TwitterStreamImpl - Establishing connection.
2021-07-07 22:19:34 [Twitter Stream consumer /  [1][Establishing connection]] INFO  twitter4j.TwitterStreamImpl - 401:Authentication credentials (https://dev.twitter.com/pages/auth) were missing or incorrect. Ensure that you have set valid consumer key/secret, access token/secret, and the system clock is in sync.
<html>\n<head>\n<meta http-equiv="Content-Type" content="text/html; charset=utf-8"/>\n<title>Error 401 Unauthorized</title>
</head>
<body>
<h2>HTTP ERROR: 401</h2>
<p>Problem accessing '/1.1/statuses/filter.json'. Reason:
<pre>    Unauthorized</pre>
</body>
</html>

2021-07-07 22:19:34 [Twitter Stream consumer /  [1][Establishing connection]] INFO  twitter4j.TwitterStreamImpl - Waiting for 20000 milliseconds
2021-07-07 22:19:44 [SpringApplicationShutdownHook] INFO  c.m.d.t.t.k.s.r.i.TwitterKafkaStreamRunner - Closing twitter stream!
2021-07-07 22:24:38 [main] INFO  c.m.d.t.t.k.s.TwitterToKafkaServiceApplication - Starting TwitterToKafkaServiceApplication using Java 11.0.11 on onceuponatime-LeLong-S15-X510UF with PID 51170 (/home/onceuponatime/Documents/Java/Microservices/microservices-demo/twitter-to-kafka-service/target/classes started by onceuponatime in /home/onceuponatime/Documents/Java/Microservices/microservices-demo)
2021-07-07 22:24:38 [main] INFO  c.m.d.t.t.k.s.TwitterToKafkaServiceApplication - No active profile set, falling back to default profiles: default
2021-07-07 22:24:38 [main] INFO  c.m.d.t.t.k.s.TwitterToKafkaServiceApplication - Started TwitterToKafkaServiceApplication in 1.122 seconds (JVM running for 1.669)
2021-07-07 22:24:38 [main] INFO  c.m.d.t.t.k.s.TwitterToKafkaServiceApplication - App starts...
2021-07-07 22:24:38 [main] INFO  c.m.d.t.t.k.s.TwitterToKafkaServiceApplication - [Java, Microservices, Spring, Kafka, Elasticsearch]
2021-07-07 22:24:38 [main] INFO  c.m.d.t.t.k.s.TwitterToKafkaServiceApplication - Hello microservices
2021-07-07 22:24:38 [Twitter Stream consumer /  [1][initializing]] INFO  twitter4j.TwitterStreamImpl - Establishing connection.
2021-07-07 22:24:38 [main] INFO  c.m.d.t.t.k.s.r.i.TwitterKafkaStreamRunner - Started filtering twitter stream for keywords [Java, Microservices, Spring, Kafka, Elasticsearch]
2021-07-07 22:24:42 [Twitter Stream consumer /  [1][Establishing connection]] INFO  twitter4j.TwitterStreamImpl - 401:Authentication credentials (https://dev.twitter.com/pages/auth) were missing or incorrect. Ensure that you have set valid consumer key/secret, access token/secret, and the system clock is in sync.
<html>\n<head>\n<meta http-equiv="Content-Type" content="text/html; charset=utf-8"/>\n<title>Error 401 Unauthorized</title>
</head>
<body>
<h2>HTTP ERROR: 401</h2>
<p>Problem accessing '/1.1/statuses/filter.json'. Reason:
<pre>    Unauthorized</pre>
</body>
</html>

2021-07-07 22:24:42 [Twitter Stream consumer /  [1][Establishing connection]] INFO  twitter4j.TwitterStreamImpl - Waiting for 10000 milliseconds
2021-07-07 22:24:52 [Twitter Stream consumer /  [1][Waiting for 10000 milliseconds]] INFO  twitter4j.TwitterStreamImpl - Establishing connection.
2021-07-07 22:24:53 [Twitter Stream consumer /  [1][Establishing connection]] INFO  twitter4j.TwitterStreamImpl - 401:Authentication credentials (https://dev.twitter.com/pages/auth) were missing or incorrect. Ensure that you have set valid consumer key/secret, access token/secret, and the system clock is in sync.
<html>\n<head>\n<meta http-equiv="Content-Type" content="text/html; charset=utf-8"/>\n<title>Error 401 Unauthorized</title>
</head>
<body>
<h2>HTTP ERROR: 401</h2>
<p>Problem accessing '/1.1/statuses/filter.json'. Reason:
<pre>    Unauthorized</pre>
</body>
</html>

2021-07-07 22:24:53 [Twitter Stream consumer /  [1][Establishing connection]] INFO  twitter4j.TwitterStreamImpl - Waiting for 20000 milliseconds
2021-07-07 22:25:13 [Twitter Stream consumer /  [1][Waiting for 20000 milliseconds]] INFO  twitter4j.TwitterStreamImpl - Establishing connection.
2021-07-07 22:25:15 [Twitter Stream consumer /  [1][Establishing connection]] INFO  twitter4j.TwitterStreamImpl - 401:Authentication credentials (https://dev.twitter.com/pages/auth) were missing or incorrect. Ensure that you have set valid consumer key/secret, access token/secret, and the system clock is in sync.
<html>\n<head>\n<meta http-equiv="Content-Type" content="text/html; charset=utf-8"/>\n<title>Error 401 Unauthorized</title>
</head>
<body>
<h2>HTTP ERROR: 401</h2>
<p>Problem accessing '/1.1/statuses/filter.json'. Reason:
<pre>    Unauthorized</pre>
</body>
</html>

2021-07-07 22:25:15 [Twitter Stream consumer /  [1][Establishing connection]] INFO  twitter4j.TwitterStreamImpl - Waiting for 40000 milliseconds
2021-07-07 22:25:55 [Twitter Stream consumer /  [1][Waiting for 40000 milliseconds]] INFO  twitter4j.TwitterStreamImpl - Establishing connection.
2021-07-07 22:25:58 [Twitter Stream consumer /  [1][Establishing connection]] INFO  twitter4j.TwitterStreamImpl - 401:Authentication credentials (https://dev.twitter.com/pages/auth) were missing or incorrect. Ensure that you have set valid consumer key/secret, access token/secret, and the system clock is in sync.
<html>\n<head>\n<meta http-equiv="Content-Type" content="text/html; charset=utf-8"/>\n<title>Error 401 Unauthorized</title>
</head>
<body>
<h2>HTTP ERROR: 401</h2>
<p>Problem accessing '/1.1/statuses/filter.json'. Reason:
<pre>    Unauthorized</pre>
</body>
</html>

2021-07-07 22:25:58 [Twitter Stream consumer /  [1][Establishing connection]] INFO  twitter4j.TwitterStreamImpl - Waiting for 80000 milliseconds
2021-07-07 22:27:18 [Twitter Stream consumer /  [1][Waiting for 80000 milliseconds]] INFO  twitter4j.TwitterStreamImpl - Establishing connection.
2021-07-07 22:27:21 [Twitter Stream consumer /  [1][Establishing connection]] INFO  twitter4j.TwitterStreamImpl - 401:Authentication credentials (https://dev.twitter.com/pages/auth) were missing or incorrect. Ensure that you have set valid consumer key/secret, access token/secret, and the system clock is in sync.
<html>\n<head>\n<meta http-equiv="Content-Type" content="text/html; charset=utf-8"/>\n<title>Error 401 Unauthorized</title>
</head>
<body>
<h2>HTTP ERROR: 401</h2>
<p>Problem accessing '/1.1/statuses/filter.json'. Reason:
<pre>    Unauthorized</pre>
</body>
</html>

2021-07-07 22:27:21 [Twitter Stream consumer /  [1][Establishing connection]] INFO  twitter4j.TwitterStreamImpl - Waiting for 160000 milliseconds
2021-07-07 22:29:49 [SpringApplicationShutdownHook] INFO  c.m.d.t.t.k.s.r.i.TwitterKafkaStreamRunner - Closing twitter stream!
2021-07-07 22:29:52 [main] INFO  c.m.d.t.t.k.s.TwitterToKafkaServiceApplication - Starting TwitterToKafkaServiceApplication using Java 11.0.11 on onceuponatime-LeLong-S15-X510UF with PID 52014 (/home/onceuponatime/Documents/Java/Microservices/microservices-demo/twitter-to-kafka-service/target/classes started by onceuponatime in /home/onceuponatime/Documents/Java/Microservices/microservices-demo)
2021-07-07 22:29:52 [main] INFO  c.m.d.t.t.k.s.TwitterToKafkaServiceApplication - No active profile set, falling back to default profiles: default
2021-07-07 22:29:52 [main] INFO  c.m.d.t.t.k.s.TwitterToKafkaServiceApplication - Started TwitterToKafkaServiceApplication in 1.086 seconds (JVM running for 1.592)
2021-07-07 22:29:52 [main] INFO  c.m.d.t.t.k.s.TwitterToKafkaServiceApplication - App starts...
2021-07-07 22:29:52 [main] INFO  c.m.d.t.t.k.s.TwitterToKafkaServiceApplication - [Java, Microservices, Spring, Kafka, Elasticsearch]
2021-07-07 22:29:52 [main] INFO  c.m.d.t.t.k.s.TwitterToKafkaServiceApplication - Hello microservices
2021-07-07 22:29:53 [Twitter Stream consumer /  [1][initializing]] INFO  twitter4j.TwitterStreamImpl - Establishing connection.
2021-07-07 22:29:53 [main] INFO  c.m.d.t.t.k.s.r.i.TwitterKafkaStreamRunner - Started filtering twitter stream for keywords [Java, Microservices, Spring, Kafka, Elasticsearch]
2021-07-07 22:29:56 [Twitter Stream consumer /  [1][Establishing connection]] INFO  twitter4j.TwitterStreamImpl - 401:Authentication credentials (https://dev.twitter.com/pages/auth) were missing or incorrect. Ensure that you have set valid consumer key/secret, access token/secret, and the system clock is in sync.
<html>\n<head>\n<meta http-equiv="Content-Type" content="text/html; charset=utf-8"/>\n<title>Error 401 Unauthorized</title>
</head>
<body>
<h2>HTTP ERROR: 401</h2>
<p>Problem accessing '/1.1/statuses/filter.json'. Reason:
<pre>    Unauthorized</pre>
</body>
</html>

2021-07-07 22:29:56 [Twitter Stream consumer /  [1][Establishing connection]] INFO  twitter4j.TwitterStreamImpl - Waiting for 10000 milliseconds
2021-07-07 22:30:00 [SpringApplicationShutdownHook] INFO  c.m.d.t.t.k.s.r.i.TwitterKafkaStreamRunner - Closing twitter stream!
2021-07-07 22:34:39 [main] INFO  c.m.d.t.t.k.s.TwitterToKafkaServiceApplication - Starting TwitterToKafkaServiceApplication using Java 11.0.11 on onceuponatime-LeLong-S15-X510UF with PID 52667 (/home/onceuponatime/Documents/Java/Microservices/microservices-demo/twitter-to-kafka-service/target/classes started by onceuponatime in /home/onceuponatime/Documents/Java/Microservices/microservices-demo)
2021-07-07 22:34:39 [main] INFO  c.m.d.t.t.k.s.TwitterToKafkaServiceApplication - No active profile set, falling back to default profiles: default
2021-07-07 22:34:39 [main] INFO  c.m.d.t.t.k.s.TwitterToKafkaServiceApplication - Started TwitterToKafkaServiceApplication in 1.016 seconds (JVM running for 1.526)
2021-07-07 22:34:39 [main] INFO  c.m.d.t.t.k.s.TwitterToKafkaServiceApplication - App starts...
2021-07-07 22:34:39 [main] INFO  c.m.d.t.t.k.s.TwitterToKafkaServiceApplication - [Java, Microservices, Spring, Kafka, Elasticsearch]
2021-07-07 22:34:39 [main] INFO  c.m.d.t.t.k.s.TwitterToKafkaServiceApplication - Hello microservices
2021-07-07 22:34:39 [Twitter Stream consumer /  [1][initializing]] INFO  twitter4j.TwitterStreamImpl - Establishing connection.
2021-07-07 22:34:39 [main] INFO  c.m.d.t.t.k.s.r.i.TwitterKafkaStreamRunner - Started filtering twitter stream for keywords [Java, Microservices, Spring, Kafka, Elasticsearch]
2021-07-07 22:34:41 [Twitter Stream consumer /  [1][Establishing connection]] INFO  twitter4j.TwitterStreamImpl - 401:Authentication credentials (https://dev.twitter.com/pages/auth) were missing or incorrect. Ensure that you have set valid consumer key/secret, access token/secret, and the system clock is in sync.
<html>\n<head>\n<meta http-equiv="Content-Type" content="text/html; charset=utf-8"/>\n<title>Error 401 Unauthorized</title>
</head>
<body>
<h2>HTTP ERROR: 401</h2>
<p>Problem accessing '/1.1/statuses/filter.json'. Reason:
<pre>    Unauthorized</pre>
</body>
</html>

2021-07-07 22:34:41 [Twitter Stream consumer /  [1][Establishing connection]] INFO  twitter4j.TwitterStreamImpl - Waiting for 10000 milliseconds
2021-07-07 22:34:51 [Twitter Stream consumer /  [1][Waiting for 10000 milliseconds]] INFO  twitter4j.TwitterStreamImpl - Establishing connection.
2021-07-07 22:34:53 [Twitter Stream consumer /  [1][Establishing connection]] INFO  twitter4j.TwitterStreamImpl - 401:Authentication credentials (https://dev.twitter.com/pages/auth) were missing or incorrect. Ensure that you have set valid consumer key/secret, access token/secret, and the system clock is in sync.
<html>\n<head>\n<meta http-equiv="Content-Type" content="text/html; charset=utf-8"/>\n<title>Error 401 Unauthorized</title>
</head>
<body>
<h2>HTTP ERROR: 401</h2>
<p>Problem accessing '/1.1/statuses/filter.json'. Reason:
<pre>    Unauthorized</pre>
</body>
</html>

2021-07-07 22:34:53 [Twitter Stream consumer /  [1][Establishing connection]] INFO  twitter4j.TwitterStreamImpl - Waiting for 20000 milliseconds
2021-07-07 22:35:05 [SpringApplicationShutdownHook] INFO  c.m.d.t.t.k.s.r.i.TwitterKafkaStreamRunner - Closing twitter stream!
2021-07-07 22:41:15 [main] INFO  c.m.d.t.t.k.s.TwitterToKafkaServiceApplication - Starting TwitterToKafkaServiceApplication using Java 11.0.11 on onceuponatime-LeLong-S15-X510UF with PID 53149 (/home/onceuponatime/Documents/Java/Microservices/microservices-demo/twitter-to-kafka-service/target/classes started by onceuponatime in /home/onceuponatime/Documents/Java/Microservices/microservices-demo)
2021-07-07 22:41:15 [main] INFO  c.m.d.t.t.k.s.TwitterToKafkaServiceApplication - No active profile set, falling back to default profiles: default
2021-07-07 22:41:16 [main] INFO  c.m.d.t.t.k.s.TwitterToKafkaServiceApplication - Started TwitterToKafkaServiceApplication in 0.98 seconds (JVM running for 2.309)
2021-07-07 22:41:16 [main] INFO  c.m.d.t.t.k.s.TwitterToKafkaServiceApplication - App starts...
2021-07-07 22:41:16 [main] INFO  c.m.d.t.t.k.s.TwitterToKafkaServiceApplication - [Java, Microservices, Spring, Kafka, Elasticsearch]
2021-07-07 22:41:16 [main] INFO  c.m.d.t.t.k.s.TwitterToKafkaServiceApplication - Hello microservices
2021-07-07 22:41:45 [Twitter Stream consumer /  [1][initializing]] INFO  twitter4j.TwitterStreamImpl - Establishing connection.
2021-07-07 22:41:45 [main] INFO  c.m.d.t.t.k.s.r.i.TwitterKafkaStreamRunner - Started filtering twitter stream for keywords [Java, Microservices, Spring, Kafka, Elasticsearch]
2021-07-07 22:42:34 [SpringApplicationShutdownHook] INFO  c.m.d.t.t.k.s.r.i.TwitterKafkaStreamRunner - Closing twitter stream!
2021-07-07 22:42:37 [main] INFO  c.m.d.t.t.k.s.TwitterToKafkaServiceApplication - Starting TwitterToKafkaServiceApplication using Java 11.0.11 on onceuponatime-LeLong-S15-X510UF with PID 53352 (/home/onceuponatime/Documents/Java/Microservices/microservices-demo/twitter-to-kafka-service/target/classes started by onceuponatime in /home/onceuponatime/Documents/Java/Microservices/microservices-demo)
2021-07-07 22:42:37 [main] INFO  c.m.d.t.t.k.s.TwitterToKafkaServiceApplication - No active profile set, falling back to default profiles: default
2021-07-07 22:42:37 [main] INFO  c.m.d.t.t.k.s.TwitterToKafkaServiceApplication - Started TwitterToKafkaServiceApplication in 1.226 seconds (JVM running for 2.001)
2021-07-07 22:42:37 [main] INFO  c.m.d.t.t.k.s.TwitterToKafkaServiceApplication - App starts...
2021-07-07 22:42:37 [main] INFO  c.m.d.t.t.k.s.TwitterToKafkaServiceApplication - [Java, Microservices, Spring, Kafka, Elasticsearch]
2021-07-07 22:42:55 [main] INFO  c.m.d.t.t.k.s.TwitterToKafkaServiceApplication - Hello microservices
2021-07-07 22:42:57 [main] INFO  c.m.d.t.t.k.s.TwitterToKafkaServiceApplication - Starting TwitterToKafkaServiceApplication using Java 11.0.11 on onceuponatime-LeLong-S15-X510UF with PID 53424 (/home/onceuponatime/Documents/Java/Microservices/microservices-demo/twitter-to-kafka-service/target/classes started by onceuponatime in /home/onceuponatime/Documents/Java/Microservices/microservices-demo)
2021-07-07 22:42:57 [main] INFO  c.m.d.t.t.k.s.TwitterToKafkaServiceApplication - No active profile set, falling back to default profiles: default
2021-07-07 22:42:58 [main] INFO  c.m.d.t.t.k.s.TwitterToKafkaServiceApplication - Started TwitterToKafkaServiceApplication in 1.155 seconds (JVM running for 1.91)
2021-07-07 22:43:12 [main] INFO  c.m.d.t.t.k.s.TwitterToKafkaServiceApplication - App starts...
2021-07-07 22:43:41 [main] INFO  c.m.d.t.t.k.s.TwitterToKafkaServiceApplication - [Java, Microservices, Spring, Kafka, Elasticsearch]
2021-07-07 22:43:43 [main] INFO  c.m.d.t.t.k.s.TwitterToKafkaServiceApplication - Hello microservices
2021-07-07 22:44:31 [Twitter Stream consumer /  [1][initializing]] INFO  twitter4j.TwitterStreamImpl - Establishing connection.
2021-07-07 22:44:36 [main] INFO  c.m.d.t.t.k.s.r.i.TwitterKafkaStreamRunner - Started filtering twitter stream for keywords [Java, Microservices, Spring, Kafka, Elasticsearch]
2021-07-07 22:45:10 [SpringApplicationShutdownHook] INFO  c.m.d.t.t.k.s.r.i.TwitterKafkaStreamRunner - Closing twitter stream!
2021-07-07 22:45:13 [main] INFO  c.m.d.t.t.k.s.TwitterToKafkaServiceApplication - Starting TwitterToKafkaServiceApplication using Java 11.0.11 on onceuponatime-LeLong-S15-X510UF with PID 53582 (/home/onceuponatime/Documents/Java/Microservices/microservices-demo/twitter-to-kafka-service/target/classes started by onceuponatime in /home/onceuponatime/Documents/Java/Microservices/microservices-demo)
2021-07-07 22:45:13 [main] INFO  c.m.d.t.t.k.s.TwitterToKafkaServiceApplication - No active profile set, falling back to default profiles: default
2021-07-07 22:45:13 [main] INFO  c.m.d.t.t.k.s.TwitterToKafkaServiceApplication - Started TwitterToKafkaServiceApplication in 1.338 seconds (JVM running for 2.051)
2021-07-07 22:45:16 [main] INFO  c.m.d.t.t.k.s.TwitterToKafkaServiceApplication - App starts...
2021-07-07 22:45:17 [main] INFO  c.m.d.t.t.k.s.TwitterToKafkaServiceApplication - [Java, Microservices, Spring, Kafka, Elasticsearch]
2021-07-07 22:45:18 [main] INFO  c.m.d.t.t.k.s.TwitterToKafkaServiceApplication - Hello microservices
2021-07-07 22:45:22 [Twitter Stream consumer /  [1][initializing]] INFO  twitter4j.TwitterStreamImpl - Establishing connection.
2021-07-07 22:45:22 [main] INFO  c.m.d.t.t.k.s.r.i.TwitterKafkaStreamRunner - Started filtering twitter stream for keywords [Java, Microservices, Spring, Kafka, Elasticsearch]
2021-07-07 22:45:30 [SpringApplicationShutdownHook] INFO  c.m.d.t.t.k.s.r.i.TwitterKafkaStreamRunner - Closing twitter stream!
2021-07-07 22:48:23 [main] INFO  c.m.d.t.t.k.s.TwitterToKafkaServiceApplication - Starting TwitterToKafkaServiceApplication using Java 11.0.11 on onceuponatime-LeLong-S15-X510UF with PID 53747 (/home/onceuponatime/Documents/Java/Microservices/microservices-demo/twitter-to-kafka-service/target/classes started by onceuponatime in /home/onceuponatime/Documents/Java/Microservices/microservices-demo)
2021-07-07 22:48:23 [main] INFO  c.m.d.t.t.k.s.TwitterToKafkaServiceApplication - No active profile set, falling back to default profiles: default
2021-07-07 22:48:23 [main] INFO  c.m.d.t.t.k.s.TwitterToKafkaServiceApplication - Started TwitterToKafkaServiceApplication in 1.022 seconds (JVM running for 1.803)
2021-07-07 22:48:23 [main] INFO  c.m.d.t.t.k.s.TwitterToKafkaServiceApplication - App starts...
2021-07-07 22:48:23 [main] INFO  c.m.d.t.t.k.s.TwitterToKafkaServiceApplication - [Java, Microservices, Spring, Kafka, Elasticsearch]
2021-07-07 22:48:23 [main] INFO  c.m.d.t.t.k.s.TwitterToKafkaServiceApplication - Hello microservices
2021-07-07 22:48:23 [Twitter Stream consumer /  [1][initializing]] INFO  twitter4j.TwitterStreamImpl - Establishing connection.
2021-07-07 22:48:23 [main] INFO  c.m.d.t.t.k.s.r.i.TwitterKafkaStreamRunner - Started filtering twitter stream for keywords [Java, Microservices, Spring, Kafka, Elasticsearch]
2021-07-07 22:48:28 [Twitter Stream consumer /  [1][Establishing connection]] INFO  twitter4j.TwitterStreamImpl - 401:Authentication credentials (https://dev.twitter.com/pages/auth) were missing or incorrect. Ensure that you have set valid consumer key/secret, access token/secret, and the system clock is in sync.
<html>\n<head>\n<meta http-equiv="Content-Type" content="text/html; charset=utf-8"/>\n<title>Error 401 Unauthorized</title>
</head>
<body>
<h2>HTTP ERROR: 401</h2>
<p>Problem accessing '/1.1/statuses/filter.json'. Reason:
<pre>    Unauthorized</pre>
</body>
</html>

2021-07-07 22:48:28 [Twitter Stream consumer /  [1][Establishing connection]] INFO  twitter4j.TwitterStreamImpl - Waiting for 10000 milliseconds
2021-07-07 22:48:32 [SpringApplicationShutdownHook] INFO  c.m.d.t.t.k.s.r.i.TwitterKafkaStreamRunner - Closing twitter stream!
2021-07-07 22:52:08 [main] INFO  c.m.d.t.t.k.s.TwitterToKafkaServiceApplication - Starting TwitterToKafkaServiceApplication using Java 11.0.11 on onceuponatime-LeLong-S15-X510UF with PID 54074 (/home/onceuponatime/Documents/Java/Microservices/microservices-demo/twitter-to-kafka-service/target/classes started by onceuponatime in /home/onceuponatime/Documents/Java/Microservices/microservices-demo)
2021-07-07 22:52:08 [main] INFO  c.m.d.t.t.k.s.TwitterToKafkaServiceApplication - No active profile set, falling back to default profiles: default
2021-07-07 22:52:08 [main] INFO  c.m.d.t.t.k.s.TwitterToKafkaServiceApplication - Started TwitterToKafkaServiceApplication in 1.065 seconds (JVM running for 1.665)
2021-07-07 22:52:08 [main] INFO  c.m.d.t.t.k.s.TwitterToKafkaServiceApplication - App starts...
2021-07-07 22:52:08 [main] INFO  c.m.d.t.t.k.s.TwitterToKafkaServiceApplication - [Java, Microservices, Spring, Kafka, Elasticsearch]
2021-07-07 22:52:08 [main] INFO  c.m.d.t.t.k.s.TwitterToKafkaServiceApplication - Hello microservices
2021-07-07 22:52:08 [Twitter Stream consumer /  [1][initializing]] INFO  twitter4j.TwitterStreamImpl - Establishing connection.
2021-07-07 22:52:08 [main] INFO  c.m.d.t.t.k.s.r.i.TwitterKafkaStreamRunner - Started filtering twitter stream for keywords [Java, Microservices, Spring, Kafka, Elasticsearch]
2021-07-07 22:52:11 [Twitter Stream consumer /  [1][Establishing connection]] INFO  twitter4j.TwitterStreamImpl - 401:Authentication credentials (https://dev.twitter.com/pages/auth) were missing or incorrect. Ensure that you have set valid consumer key/secret, access token/secret, and the system clock is in sync.
<html>\n<head>\n<meta http-equiv="Content-Type" content="text/html; charset=utf-8"/>\n<title>Error 401 Unauthorized</title>
</head>
<body>
<h2>HTTP ERROR: 401</h2>
<p>Problem accessing '/1.1/statuses/filter.json'. Reason:
<pre>    Unauthorized</pre>
</body>
</html>

2021-07-07 22:52:11 [Twitter Stream consumer /  [1][Establishing connection]] INFO  twitter4j.TwitterStreamImpl - Waiting for 10000 milliseconds
2021-07-07 22:52:21 [Twitter Stream consumer /  [1][Waiting for 10000 milliseconds]] INFO  twitter4j.TwitterStreamImpl - Establishing connection.
2021-07-07 22:52:25 [Twitter Stream consumer /  [1][Establishing connection]] INFO  twitter4j.TwitterStreamImpl - 401:Authentication credentials (https://dev.twitter.com/pages/auth) were missing or incorrect. Ensure that you have set valid consumer key/secret, access token/secret, and the system clock is in sync.
<html>\n<head>\n<meta http-equiv="Content-Type" content="text/html; charset=utf-8"/>\n<title>Error 401 Unauthorized</title>
</head>
<body>
<h2>HTTP ERROR: 401</h2>
<p>Problem accessing '/1.1/statuses/filter.json'. Reason:
<pre>    Unauthorized</pre>
</body>
</html>

2021-07-07 22:52:25 [Twitter Stream consumer /  [1][Establishing connection]] INFO  twitter4j.TwitterStreamImpl - Waiting for 20000 milliseconds
2021-07-07 22:52:45 [Twitter Stream consumer /  [1][Waiting for 20000 milliseconds]] INFO  twitter4j.TwitterStreamImpl - Establishing connection.
2021-07-07 22:52:49 [Twitter Stream consumer /  [1][Establishing connection]] INFO  twitter4j.TwitterStreamImpl - 401:Authentication credentials (https://dev.twitter.com/pages/auth) were missing or incorrect. Ensure that you have set valid consumer key/secret, access token/secret, and the system clock is in sync.
<html>\n<head>\n<meta http-equiv="Content-Type" content="text/html; charset=utf-8"/>\n<title>Error 401 Unauthorized</title>
</head>
<body>
<h2>HTTP ERROR: 401</h2>
<p>Problem accessing '/1.1/statuses/filter.json'. Reason:
<pre>    Unauthorized</pre>
</body>
</html>

2021-07-07 22:52:49 [Twitter Stream consumer /  [1][Establishing connection]] INFO  twitter4j.TwitterStreamImpl - Waiting for 40000 milliseconds
2021-07-07 22:53:29 [Twitter Stream consumer /  [1][Waiting for 40000 milliseconds]] INFO  twitter4j.TwitterStreamImpl - Establishing connection.
2021-07-07 22:53:33 [Twitter Stream consumer /  [1][Establishing connection]] INFO  twitter4j.TwitterStreamImpl - 401:Authentication credentials (https://dev.twitter.com/pages/auth) were missing or incorrect. Ensure that you have set valid consumer key/secret, access token/secret, and the system clock is in sync.
<html>\n<head>\n<meta http-equiv="Content-Type" content="text/html; charset=utf-8"/>\n<title>Error 401 Unauthorized</title>
</head>
<body>
<h2>HTTP ERROR: 401</h2>
<p>Problem accessing '/1.1/statuses/filter.json'. Reason:
<pre>    Unauthorized</pre>
</body>
</html>

2021-07-07 22:53:33 [Twitter Stream consumer /  [1][Establishing connection]] INFO  twitter4j.TwitterStreamImpl - Waiting for 80000 milliseconds
2021-07-07 22:54:53 [Twitter Stream consumer /  [1][Waiting for 80000 milliseconds]] INFO  twitter4j.TwitterStreamImpl - Establishing connection.
2021-07-07 22:54:53 [Twitter Stream consumer /  [1][Establishing connection]] INFO  twitter4j.TwitterStreamImpl - 401:Authentication credentials (https://dev.twitter.com/pages/auth) were missing or incorrect. Ensure that you have set valid consumer key/secret, access token/secret, and the system clock is in sync.
<html>\n<head>\n<meta http-equiv="Content-Type" content="text/html; charset=utf-8"/>\n<title>Error 401 Unauthorized</title>
</head>
<body>
<h2>HTTP ERROR: 401</h2>
<p>Problem accessing '/1.1/statuses/filter.json'. Reason:
<pre>    Unauthorized</pre>
</body>
</html>

2021-07-07 22:54:53 [Twitter Stream consumer /  [1][Establishing connection]] INFO  twitter4j.TwitterStreamImpl - Waiting for 160000 milliseconds
2021-07-07 22:57:33 [Twitter Stream consumer /  [1][Waiting for 160000 milliseconds]] INFO  twitter4j.TwitterStreamImpl - Establishing connection.
2021-07-07 22:57:35 [Twitter Stream consumer /  [1][Establishing connection]] INFO  twitter4j.TwitterStreamImpl - 401:Authentication credentials (https://dev.twitter.com/pages/auth) were missing or incorrect. Ensure that you have set valid consumer key/secret, access token/secret, and the system clock is in sync.
<html>\n<head>\n<meta http-equiv="Content-Type" content="text/html; charset=utf-8"/>\n<title>Error 401 Unauthorized</title>
</head>
<body>
<h2>HTTP ERROR: 401</h2>
<p>Problem accessing '/1.1/statuses/filter.json'. Reason:
<pre>    Unauthorized</pre>
</body>
</html>

2021-07-07 22:57:35 [Twitter Stream consumer /  [1][Establishing connection]] INFO  twitter4j.TwitterStreamImpl - Waiting for 240000 milliseconds
2021-07-07 22:59:39 [SpringApplicationShutdownHook] INFO  c.m.d.t.t.k.s.r.i.TwitterKafkaStreamRunner - Closing twitter stream!
2021-07-07 23:01:24 [main] INFO  c.m.d.t.t.k.s.TwitterToKafkaServiceApplication - Starting TwitterToKafkaServiceApplication using Java 11.0.11 on onceuponatime-LeLong-S15-X510UF with PID 55990 (/home/onceuponatime/Documents/Java/Microservices/microservices-demo/twitter-to-kafka-service/target/classes started by onceuponatime in /home/onceuponatime/Documents/Java/Microservices/microservices-demo)
2021-07-07 23:01:24 [main] INFO  c.m.d.t.t.k.s.TwitterToKafkaServiceApplication - No active profile set, falling back to default profiles: default
2021-07-07 23:01:24 [main] INFO  c.m.d.t.t.k.s.TwitterToKafkaServiceApplication - Started TwitterToKafkaServiceApplication in 1.168 seconds (JVM running for 1.815)
2021-07-07 23:01:24 [main] INFO  c.m.d.t.t.k.s.TwitterToKafkaServiceApplication - App starts...
2021-07-07 23:01:24 [main] INFO  c.m.d.t.t.k.s.TwitterToKafkaServiceApplication - [Java, Microservices, Spring, Kafka, Elasticsearch]
2021-07-07 23:01:24 [main] INFO  c.m.d.t.t.k.s.TwitterToKafkaServiceApplication - Hello microservices
2021-07-07 23:01:24 [main] INFO  o.s.b.a.l.ConditionEvaluationReportLoggingListener - 

Error starting ApplicationContext. To display the conditions report re-run your application with 'debug' enabled.
2021-07-07 23:01:24 [main] ERROR o.s.boot.SpringApplication - Application run failed
java.lang.IllegalStateException: Failed to execute CommandLineRunner
	at org.springframework.boot.SpringApplication.callRunner(SpringApplication.java:794)
	at org.springframework.boot.SpringApplication.callRunners(SpringApplication.java:775)
	at org.springframework.boot.SpringApplication.run(SpringApplication.java:345)
	at org.springframework.boot.SpringApplication.run(SpringApplication.java:1343)
	at org.springframework.boot.SpringApplication.run(SpringApplication.java:1332)
	at com.microservices.demo.twitter.to.kafka.service.TwitterToKafkaServiceApplication.main(TwitterToKafkaServiceApplication.java:31)
Caused by: java.lang.IllegalStateException: Authentication credentials are missing. See http://twitter4j.org/en/configuration.html for details. See and register at http://apps.twitter.com/
	at twitter4j.TwitterBaseImpl.ensureAuthorizationEnabled(TwitterBaseImpl.java:219)
	at twitter4j.TwitterStreamImpl.filter(TwitterStreamImpl.java:325)
	at com.microservices.demo.twitter.to.kafka.service.runner.impl.TwitterKafkaStreamRunner.addFilter(TwitterKafkaStreamRunner.java:54)
	at com.microservices.demo.twitter.to.kafka.service.runner.impl.TwitterKafkaStreamRunner.start(TwitterKafkaStreamRunner.java:40)
	at com.microservices.demo.twitter.to.kafka.service.TwitterToKafkaServiceApplication.run(TwitterToKafkaServiceApplication.java:40)
	at org.springframework.boot.SpringApplication.callRunner(SpringApplication.java:791)
	... 5 common frames omitted
2021-07-07 23:01:24 [main] INFO  c.m.d.t.t.k.s.r.i.TwitterKafkaStreamRunner - Closing twitter stream!
2021-07-07 23:02:03 [main] INFO  c.m.d.t.t.k.s.TwitterToKafkaServiceApplication - Starting TwitterToKafkaServiceApplication using Java 11.0.11 on onceuponatime-LeLong-S15-X510UF with PID 56158 (/home/onceuponatime/Documents/Java/Microservices/microservices-demo/twitter-to-kafka-service/target/classes started by onceuponatime in /home/onceuponatime/Documents/Java/Microservices/microservices-demo)
2021-07-07 23:02:03 [main] INFO  c.m.d.t.t.k.s.TwitterToKafkaServiceApplication - No active profile set, falling back to default profiles: default
2021-07-07 23:02:03 [main] INFO  c.m.d.t.t.k.s.TwitterToKafkaServiceApplication - Started TwitterToKafkaServiceApplication in 0.99 seconds (JVM running for 1.551)
2021-07-07 23:02:03 [main] INFO  c.m.d.t.t.k.s.TwitterToKafkaServiceApplication - App starts...
2021-07-07 23:02:03 [main] INFO  c.m.d.t.t.k.s.TwitterToKafkaServiceApplication - [Java, Microservices, Spring, Kafka, Elasticsearch]
2021-07-07 23:02:03 [main] INFO  c.m.d.t.t.k.s.TwitterToKafkaServiceApplication - Hello microservices
2021-07-07 23:02:03 [Twitter Stream consumer /  [1][initializing]] INFO  twitter4j.TwitterStreamImpl - Establishing connection.
2021-07-07 23:02:03 [main] INFO  c.m.d.t.t.k.s.r.i.TwitterKafkaStreamRunner - Started filtering twitter stream for keywords [Java, Microservices, Spring, Kafka, Elasticsearch]
2021-07-07 23:02:06 [Twitter Stream consumer /  [1][Establishing connection]] INFO  twitter4j.TwitterStreamImpl - 401:Authentication credentials (https://dev.twitter.com/pages/auth) were missing or incorrect. Ensure that you have set valid consumer key/secret, access token/secret, and the system clock is in sync.
<html>\n<head>\n<meta http-equiv="Content-Type" content="text/html; charset=utf-8"/>\n<title>Error 401 Unauthorized</title>
</head>
<body>
<h2>HTTP ERROR: 401</h2>
<p>Problem accessing '/1.1/statuses/filter.json'. Reason:
<pre>    Unauthorized</pre>
</body>
</html>

2021-07-07 23:02:06 [Twitter Stream consumer /  [1][Establishing connection]] INFO  twitter4j.TwitterStreamImpl - Waiting for 10000 milliseconds
2021-07-07 23:02:07 [SpringApplicationShutdownHook] INFO  c.m.d.t.t.k.s.r.i.TwitterKafkaStreamRunner - Closing twitter stream!
2021-07-07 23:08:55 [main] INFO  c.m.d.t.t.k.s.TwitterToKafkaServiceApplication - Starting TwitterToKafkaServiceApplication using Java 11.0.11 on onceuponatime-LeLong-S15-X510UF with PID 58162 (/home/onceuponatime/Documents/Java/Microservices/microservices-demo/twitter-to-kafka-service/target/classes started by onceuponatime in /home/onceuponatime/Documents/Java/Microservices/microservices-demo)
2021-07-07 23:08:55 [main] INFO  c.m.d.t.t.k.s.TwitterToKafkaServiceApplication - No active profile set, falling back to default profiles: default
2021-07-07 23:08:56 [main] INFO  c.m.d.t.t.k.s.TwitterToKafkaServiceApplication - Started TwitterToKafkaServiceApplication in 0.878 seconds (JVM running for 1.403)
2021-07-07 23:08:56 [main] INFO  c.m.d.t.t.k.s.TwitterToKafkaServiceApplication - App starts...
2021-07-07 23:08:56 [main] INFO  c.m.d.t.t.k.s.TwitterToKafkaServiceApplication - [Java, Microservices, Spring, Kafka, Elasticsearch]
2021-07-07 23:08:56 [main] INFO  c.m.d.t.t.k.s.TwitterToKafkaServiceApplication - Hello microservices
2021-07-07 23:08:56 [Twitter Stream consumer /  [1][initializing]] INFO  twitter4j.TwitterStreamImpl - Establishing connection.
2021-07-07 23:08:56 [main] INFO  c.m.d.t.t.k.s.r.i.TwitterKafkaStreamRunner - Started filtering twitter stream for keywords [Java, Microservices, Spring, Kafka, Elasticsearch]
2021-07-07 23:08:57 [Twitter Stream consumer /  [1][Establishing connection]] INFO  twitter4j.TwitterStreamImpl - 401:Authentication credentials (https://dev.twitter.com/pages/auth) were missing or incorrect. Ensure that you have set valid consumer key/secret, access token/secret, and the system clock is in sync.
<html>\n<head>\n<meta http-equiv="Content-Type" content="text/html; charset=utf-8"/>\n<title>Error 401 Unauthorized</title>
</head>
<body>
<h2>HTTP ERROR: 401</h2>
<p>Problem accessing '/1.1/statuses/filter.json'. Reason:
<pre>    Unauthorized</pre>
</body>
</html>

2021-07-07 23:08:57 [Twitter Stream consumer /  [1][Establishing connection]] INFO  twitter4j.TwitterStreamImpl - Waiting for 10000 milliseconds
2021-07-07 23:09:07 [Twitter Stream consumer /  [1][Waiting for 10000 milliseconds]] INFO  twitter4j.TwitterStreamImpl - Establishing connection.
2021-07-07 23:09:09 [Twitter Stream consumer /  [1][Establishing connection]] INFO  twitter4j.TwitterStreamImpl - 401:Authentication credentials (https://dev.twitter.com/pages/auth) were missing or incorrect. Ensure that you have set valid consumer key/secret, access token/secret, and the system clock is in sync.
<html>\n<head>\n<meta http-equiv="Content-Type" content="text/html; charset=utf-8"/>\n<title>Error 401 Unauthorized</title>
</head>
<body>
<h2>HTTP ERROR: 401</h2>
<p>Problem accessing '/1.1/statuses/filter.json'. Reason:
<pre>    Unauthorized</pre>
</body>
</html>

2021-07-07 23:09:09 [Twitter Stream consumer /  [1][Establishing connection]] INFO  twitter4j.TwitterStreamImpl - Waiting for 20000 milliseconds
2021-07-07 23:09:18 [SpringApplicationShutdownHook] INFO  c.m.d.t.t.k.s.r.i.TwitterKafkaStreamRunner - Closing twitter stream!
2021-07-07 23:26:08 [main] INFO  c.m.d.t.t.k.s.TwitterToKafkaServiceApplication - Starting TwitterToKafkaServiceApplication using Java 11.0.11 on onceuponatime-LeLong-S15-X510UF with PID 60502 (/home/onceuponatime/Documents/Java/Microservices/microservices-demo/twitter-to-kafka-service/target/classes started by onceuponatime in /home/onceuponatime/Documents/Java/Microservices/microservices-demo)
2021-07-07 23:26:08 [main] INFO  c.m.d.t.t.k.s.TwitterToKafkaServiceApplication - No active profile set, falling back to default profiles: default
2021-07-07 23:26:09 [main] INFO  c.m.d.t.t.k.s.TwitterToKafkaServiceApplication - Started TwitterToKafkaServiceApplication in 1.158 seconds (JVM running for 1.796)
2021-07-07 23:26:09 [main] INFO  c.m.d.t.t.k.s.TwitterToKafkaServiceApplication - App starts...
2021-07-07 23:26:09 [main] INFO  c.m.d.t.t.k.s.TwitterToKafkaServiceApplication - [Java, Microservices, Spring, Kafka, Elasticsearch]
2021-07-07 23:26:09 [main] INFO  c.m.d.t.t.k.s.TwitterToKafkaServiceApplication - Hello microservices
2021-07-07 23:26:09 [Twitter Stream consumer /  [1][initializing]] INFO  twitter4j.TwitterStreamImpl - Establishing connection.
2021-07-07 23:26:09 [main] INFO  c.m.d.t.t.k.s.r.i.TwitterKafkaStreamRunner - Started filtering twitter stream for keywords [Java, Microservices, Spring, Kafka, Elasticsearch]
2021-07-07 23:26:11 [Twitter Stream consumer /  [1][Establishing connection]] INFO  twitter4j.TwitterStreamImpl - 401:Authentication credentials (https://dev.twitter.com/pages/auth) were missing or incorrect. Ensure that you have set valid consumer key/secret, access token/secret, and the system clock is in sync.
<html>\n<head>\n<meta http-equiv="Content-Type" content="text/html; charset=utf-8"/>\n<title>Error 401 Unauthorized</title>
</head>
<body>
<h2>HTTP ERROR: 401</h2>
<p>Problem accessing '/1.1/statuses/filter.json'. Reason:
<pre>    Unauthorized</pre>
</body>
</html>

2021-07-07 23:26:11 [Twitter Stream consumer /  [1][Establishing connection]] INFO  twitter4j.TwitterStreamImpl - Waiting for 10000 milliseconds
2021-07-07 23:26:21 [Twitter Stream consumer /  [1][Waiting for 10000 milliseconds]] INFO  twitter4j.TwitterStreamImpl - Establishing connection.
2021-07-07 23:26:22 [SpringApplicationShutdownHook] INFO  c.m.d.t.t.k.s.r.i.TwitterKafkaStreamRunner - Closing twitter stream!
2021-07-07 23:59:00 [main] INFO  c.m.d.t.t.k.s.TwitterToKafkaServiceApplication - Starting TwitterToKafkaServiceApplication using Java 11.0.11 on onceuponatime-LeLong-S15-X510UF with PID 71815 (/home/onceuponatime/Documents/Java/Microservices/microservices-demo/twitter-to-kafka-service/target/classes started by onceuponatime in /home/onceuponatime/Documents/Java/Microservices/microservices-demo)
2021-07-07 23:59:00 [main] INFO  c.m.d.t.t.k.s.TwitterToKafkaServiceApplication - No active profile set, falling back to default profiles: default
2021-07-07 23:59:00 [main] INFO  c.m.d.t.t.k.s.TwitterToKafkaServiceApplication - Started TwitterToKafkaServiceApplication in 1.003 seconds (JVM running for 1.564)
2021-07-07 23:59:00 [main] INFO  c.m.d.t.t.k.s.TwitterToKafkaServiceApplication - App starts...
2021-07-07 23:59:00 [main] INFO  c.m.d.t.t.k.s.TwitterToKafkaServiceApplication - [Java, Microservices, Spring, Kafka, Elasticsearch]
2021-07-07 23:59:00 [main] INFO  c.m.d.t.t.k.s.TwitterToKafkaServiceApplication - Hello microservices
2021-07-07 23:59:00 [Twitter Stream consumer /  [1][initializing]] INFO  twitter4j.TwitterStreamImpl - Establishing connection.
2021-07-07 23:59:00 [main] INFO  c.m.d.t.t.k.s.r.i.TwitterKafkaStreamRunner - Started filtering twitter stream for keywords [Java, Microservices, Spring, Kafka, Elasticsearch]
2021-07-07 23:59:01 [Twitter Stream consumer /  [1][Establishing connection]] INFO  twitter4j.TwitterStreamImpl - 401:Authentication credentials (https://dev.twitter.com/pages/auth) were missing or incorrect. Ensure that you have set valid consumer key/secret, access token/secret, and the system clock is in sync.
<html>\n<head>\n<meta http-equiv="Content-Type" content="text/html; charset=utf-8"/>\n<title>Error 401 Unauthorized</title>
</head>
<body>
<h2>HTTP ERROR: 401</h2>
<p>Problem accessing '/1.1/statuses/filter.json'. Reason:
<pre>    Unauthorized</pre>
</body>
</html>

2021-07-07 23:59:01 [Twitter Stream consumer /  [1][Establishing connection]] INFO  twitter4j.TwitterStreamImpl - Waiting for 10000 milliseconds
2021-07-07 23:59:11 [Twitter Stream consumer /  [1][Waiting for 10000 milliseconds]] INFO  twitter4j.TwitterStreamImpl - Establishing connection.
2021-07-07 23:59:13 [Twitter Stream consumer /  [1][Establishing connection]] INFO  twitter4j.TwitterStreamImpl - 401:Authentication credentials (https://dev.twitter.com/pages/auth) were missing or incorrect. Ensure that you have set valid consumer key/secret, access token/secret, and the system clock is in sync.
<html>\n<head>\n<meta http-equiv="Content-Type" content="text/html; charset=utf-8"/>\n<title>Error 401 Unauthorized</title>
</head>
<body>
<h2>HTTP ERROR: 401</h2>
<p>Problem accessing '/1.1/statuses/filter.json'. Reason:
<pre>    Unauthorized</pre>
</body>
</html>

2021-07-07 23:59:13 [Twitter Stream consumer /  [1][Establishing connection]] INFO  twitter4j.TwitterStreamImpl - Waiting for 20000 milliseconds
2021-07-07 23:59:33 [Twitter Stream consumer /  [1][Waiting for 20000 milliseconds]] INFO  twitter4j.TwitterStreamImpl - Establishing connection.
2021-07-07 23:59:36 [Twitter Stream consumer /  [1][Establishing connection]] INFO  twitter4j.TwitterStreamImpl - 401:Authentication credentials (https://dev.twitter.com/pages/auth) were missing or incorrect. Ensure that you have set valid consumer key/secret, access token/secret, and the system clock is in sync.
<html>\n<head>\n<meta http-equiv="Content-Type" content="text/html; charset=utf-8"/>\n<title>Error 401 Unauthorized</title>
</head>
<body>
<h2>HTTP ERROR: 401</h2>
<p>Problem accessing '/1.1/statuses/filter.json'. Reason:
<pre>    Unauthorized</pre>
</body>
</html>

2021-07-07 23:59:36 [Twitter Stream consumer /  [1][Establishing connection]] INFO  twitter4j.TwitterStreamImpl - Waiting for 40000 milliseconds
