2021-07-22 14:22:39 [main] INFO  o.s.c.c.c.ConfigServicePropertySourceLocator - Fetching config from server at : http://localhost:8888
2021-07-22 14:22:41 [main] INFO  o.s.c.c.c.ConfigServicePropertySourceLocator - Located environment: name=twitter-to-kafka-service,config-client, profiles=[twitter_to_kafka], label=null, version=0b003a9b6cf11269077397cc726eb94bbde46bbd, state=null
2021-07-22 14:22:41 [main] INFO  o.s.c.b.c.PropertySourceBootstrapConfiguration - Located property source: [BootstrapPropertySource {name='bootstrapProperties-configClient'}, BootstrapPropertySource {name='bootstrapProperties-https://github.com/OnceUponATimeMathley/spring-cloud-config-server-repository-3/config-client-twitter_to_kafka.yml'}, BootstrapPropertySource {name='bootstrapProperties-https://github.com/OnceUponATimeMathley/spring-cloud-config-server-repository-3/config-client.yml'}]
2021-07-22 14:22:41 [main] INFO  c.m.d.t.t.k.s.TwitterToKafkaServiceApplication - The following profiles are active: twitter_to_kafka
2021-07-22 14:22:42 [main] INFO  o.s.cloud.context.scope.GenericScope - BeanFactory id=b283a2ca-0179-398b-a4cf-66395438add3
2021-07-22 14:22:42 [main] INFO  o.s.c.s.PostProcessorRegistrationDelegate$BeanPostProcessorChecker - Bean 'org.springframework.retry.annotation.RetryConfiguration' of type [org.springframework.retry.annotation.RetryConfiguration$$EnhancerBySpringCGLIB$$9794ffdb] is not eligible for getting processed by all BeanPostProcessors (for example: not eligible for auto-proxying)
2021-07-22 14:22:42 [main] INFO  o.a.k.c.admin.AdminClientConfig - AdminClientConfig values: 
	bootstrap.servers = [localhost:19092, localhost:29092, localhost:39092]
	client.dns.lookup = use_all_dns_ips
	client.id = 
	connections.max.idle.ms = 300000
	default.api.timeout.ms = 60000
	metadata.max.age.ms = 300000
	metric.reporters = []
	metrics.num.samples = 2
	metrics.recording.level = INFO
	metrics.sample.window.ms = 30000
	receive.buffer.bytes = 65536
	reconnect.backoff.max.ms = 1000
	reconnect.backoff.ms = 50
	request.timeout.ms = 30000
	retries = 2147483647
	retry.backoff.ms = 100
	sasl.client.callback.handler.class = null
	sasl.jaas.config = null
	sasl.kerberos.kinit.cmd = /usr/bin/kinit
	sasl.kerberos.min.time.before.relogin = 60000
	sasl.kerberos.service.name = null
	sasl.kerberos.ticket.renew.jitter = 0.05
	sasl.kerberos.ticket.renew.window.factor = 0.8
	sasl.login.callback.handler.class = null
	sasl.login.class = null
	sasl.login.refresh.buffer.seconds = 300
	sasl.login.refresh.min.period.seconds = 60
	sasl.login.refresh.window.factor = 0.8
	sasl.login.refresh.window.jitter = 0.05
	sasl.mechanism = GSSAPI
	security.protocol = PLAINTEXT
	security.providers = null
	send.buffer.bytes = 131072
	socket.connection.setup.timeout.max.ms = 127000
	socket.connection.setup.timeout.ms = 10000
	ssl.cipher.suites = null
	ssl.enabled.protocols = [TLSv1.2, TLSv1.3]
	ssl.endpoint.identification.algorithm = https
	ssl.engine.factory.class = null
	ssl.key.password = null
	ssl.keymanager.algorithm = SunX509
	ssl.keystore.certificate.chain = null
	ssl.keystore.key = null
	ssl.keystore.location = null
	ssl.keystore.password = null
	ssl.keystore.type = JKS
	ssl.protocol = TLSv1.3
	ssl.provider = null
	ssl.secure.random.implementation = null
	ssl.trustmanager.algorithm = PKIX
	ssl.truststore.certificates = null
	ssl.truststore.location = null
	ssl.truststore.password = null
	ssl.truststore.type = JKS

2021-07-22 14:22:43 [main] INFO  o.a.kafka.common.utils.AppInfoParser - Kafka version: 2.7.1
2021-07-22 14:22:43 [main] INFO  o.a.kafka.common.utils.AppInfoParser - Kafka commitId: 61dbce85d0d41457
2021-07-22 14:22:43 [main] INFO  o.a.kafka.common.utils.AppInfoParser - Kafka startTimeMs: 1626938563270
2021-07-22 14:22:43 [kafka-admin-client-thread | adminclient-1] WARN  o.apache.kafka.clients.NetworkClient - [AdminClient clientId=adminclient-1] Connection to node -3 (localhost/127.0.0.1:39092) could not be established. Broker may not be available.
2021-07-22 14:22:43 [main] INFO  o.s.b.a.s.r.ReactiveUserDetailsServiceAutoConfiguration - 

Using generated security password: 66bbc625-ca2d-4dbc-952b-248c2a1c46ce

2021-07-22 14:22:45 [main] INFO  o.s.cloud.commons.util.InetUtils - Cannot determine local hostname
2021-07-22 14:22:46 [main] INFO  o.s.cloud.commons.util.InetUtils - Cannot determine local hostname
2021-07-22 14:22:46 [main] INFO  o.s.b.w.e.netty.NettyWebServer - Netty started on port 8181
2021-07-22 14:22:47 [main] INFO  o.s.cloud.commons.util.InetUtils - Cannot determine local hostname
2021-07-22 14:22:48 [main] INFO  o.s.cloud.commons.util.InetUtils - Cannot determine local hostname
2021-07-22 14:22:48 [main] INFO  c.m.d.t.t.k.s.TwitterToKafkaServiceApplication - Started TwitterToKafkaServiceApplication in 12.375 seconds (JVM running for 13.163)
2021-07-22 14:22:48 [main] INFO  c.m.d.t.t.k.s.TwitterToKafkaServiceApplication - App starts...
2021-07-22 14:22:48 [main] INFO  c.m.d.k.a.client.KafkaAdminClient - Creating 1 topics(s), attempt 0
2021-07-22 14:22:48 [main] INFO  c.m.d.k.a.client.KafkaAdminClient - Create topic result [KafkaFuture{value=null,exception=null,done=false}]
2021-07-22 14:22:48 [main] INFO  c.m.d.k.a.client.KafkaAdminClient - Reading kafka topic [twitter-topic], attempt 0
2021-07-22 14:22:50 [main] INFO  c.m.d.k.a.client.KafkaAdminClient - Reading kafka topic [twitter-topic], attempt 0
2021-07-22 14:22:54 [main] INFO  c.m.d.k.a.client.KafkaAdminClient - Reading kafka topic [twitter-topic], attempt 0
2021-07-22 14:23:02 [main] INFO  c.m.d.k.a.client.KafkaAdminClient - Reading kafka topic [twitter-topic], attempt 0
2021-07-22 14:23:02 [main] INFO  o.s.b.a.l.ConditionEvaluationReportLoggingListener - 

Error starting ApplicationContext. To display the conditions report re-run your application with 'debug' enabled.
2021-07-22 14:23:02 [kafka-admin-client-thread | adminclient-1] INFO  o.a.kafka.common.utils.AppInfoParser - App info kafka.admin.client for adminclient-1 unregistered
2021-07-22 14:23:02 [kafka-admin-client-thread | adminclient-1] INFO  o.a.kafka.common.metrics.Metrics - Metrics scheduler closed
2021-07-22 14:23:02 [kafka-admin-client-thread | adminclient-1] INFO  o.a.kafka.common.metrics.Metrics - Closing reporter org.apache.kafka.common.metrics.JmxReporter
2021-07-22 14:23:02 [kafka-admin-client-thread | adminclient-1] INFO  o.a.kafka.common.metrics.Metrics - Metrics reporters closed
2021-07-22 14:23:02 [main] INFO  c.m.d.k.p.c.s.i.TwitterKafkaProducer - Closing kafka producer!
2021-07-22 14:23:04 [main] ERROR o.s.boot.SpringApplication - Application run failed
java.lang.IllegalStateException: Failed to execute CommandLineRunner
	at org.springframework.boot.SpringApplication.callRunner(SpringApplication.java:794)
	at org.springframework.boot.SpringApplication.callRunners(SpringApplication.java:775)
	at org.springframework.boot.SpringApplication.run(SpringApplication.java:345)
	at org.springframework.boot.SpringApplication.run(SpringApplication.java:1343)
	at org.springframework.boot.SpringApplication.run(SpringApplication.java:1332)
	at com.microservices.demo.twitter.to.kafka.service.TwitterToKafkaServiceApplication.main(TwitterToKafkaServiceApplication.java:31)
Caused by: com.microservices.demo.kafka.admin.exception.KafkaClientException: Reached max number of retry for reading kafka topic(s)!
	at com.microservices.demo.kafka.admin.client.KafkaAdminClient.checkMaxRetry(KafkaAdminClient.java:116)
	at com.microservices.demo.kafka.admin.client.KafkaAdminClient.checkTopicsCreated(KafkaAdminClient.java:72)
	at com.microservices.demo.kafka.admin.client.KafkaAdminClient.createTopics(KafkaAdminClient.java:61)
	at com.microservices.demo.twitter.to.kafka.service.init.impl.KafkaStreamInitializer.init(KafkaStreamInitializer.java:26)
	at com.microservices.demo.twitter.to.kafka.service.TwitterToKafkaServiceApplication.run(TwitterToKafkaServiceApplication.java:38)
	at org.springframework.boot.SpringApplication.callRunner(SpringApplication.java:791)
	... 5 common frames omitted
2021-07-22 14:23:54 [main] INFO  o.s.c.c.c.ConfigServicePropertySourceLocator - Fetching config from server at : http://localhost:8888
2021-07-22 14:23:57 [main] INFO  o.s.c.c.c.ConfigServicePropertySourceLocator - Located environment: name=twitter-to-kafka-service,config-client, profiles=[twitter_to_kafka], label=null, version=0b003a9b6cf11269077397cc726eb94bbde46bbd, state=null
2021-07-22 14:23:57 [main] INFO  o.s.c.b.c.PropertySourceBootstrapConfiguration - Located property source: [BootstrapPropertySource {name='bootstrapProperties-configClient'}, BootstrapPropertySource {name='bootstrapProperties-https://github.com/OnceUponATimeMathley/spring-cloud-config-server-repository-3/config-client-twitter_to_kafka.yml'}, BootstrapPropertySource {name='bootstrapProperties-https://github.com/OnceUponATimeMathley/spring-cloud-config-server-repository-3/config-client.yml'}]
2021-07-22 14:23:57 [main] INFO  c.m.d.t.t.k.s.TwitterToKafkaServiceApplication - The following profiles are active: twitter_to_kafka
2021-07-22 14:23:58 [main] INFO  o.s.cloud.context.scope.GenericScope - BeanFactory id=b283a2ca-0179-398b-a4cf-66395438add3
2021-07-22 14:23:58 [main] INFO  o.s.c.s.PostProcessorRegistrationDelegate$BeanPostProcessorChecker - Bean 'org.springframework.retry.annotation.RetryConfiguration' of type [org.springframework.retry.annotation.RetryConfiguration$$EnhancerBySpringCGLIB$$ee5876d1] is not eligible for getting processed by all BeanPostProcessors (for example: not eligible for auto-proxying)
2021-07-22 14:23:58 [main] INFO  o.a.k.c.admin.AdminClientConfig - AdminClientConfig values: 
	bootstrap.servers = [localhost:19092, localhost:29092, localhost:39092]
	client.dns.lookup = use_all_dns_ips
	client.id = 
	connections.max.idle.ms = 300000
	default.api.timeout.ms = 60000
	metadata.max.age.ms = 300000
	metric.reporters = []
	metrics.num.samples = 2
	metrics.recording.level = INFO
	metrics.sample.window.ms = 30000
	receive.buffer.bytes = 65536
	reconnect.backoff.max.ms = 1000
	reconnect.backoff.ms = 50
	request.timeout.ms = 30000
	retries = 2147483647
	retry.backoff.ms = 100
	sasl.client.callback.handler.class = null
	sasl.jaas.config = null
	sasl.kerberos.kinit.cmd = /usr/bin/kinit
	sasl.kerberos.min.time.before.relogin = 60000
	sasl.kerberos.service.name = null
	sasl.kerberos.ticket.renew.jitter = 0.05
	sasl.kerberos.ticket.renew.window.factor = 0.8
	sasl.login.callback.handler.class = null
	sasl.login.class = null
	sasl.login.refresh.buffer.seconds = 300
	sasl.login.refresh.min.period.seconds = 60
	sasl.login.refresh.window.factor = 0.8
	sasl.login.refresh.window.jitter = 0.05
	sasl.mechanism = GSSAPI
	security.protocol = PLAINTEXT
	security.providers = null
	send.buffer.bytes = 131072
	socket.connection.setup.timeout.max.ms = 127000
	socket.connection.setup.timeout.ms = 10000
	ssl.cipher.suites = null
	ssl.enabled.protocols = [TLSv1.2, TLSv1.3]
	ssl.endpoint.identification.algorithm = https
	ssl.engine.factory.class = null
	ssl.key.password = null
	ssl.keymanager.algorithm = SunX509
	ssl.keystore.certificate.chain = null
	ssl.keystore.key = null
	ssl.keystore.location = null
	ssl.keystore.password = null
	ssl.keystore.type = JKS
	ssl.protocol = TLSv1.3
	ssl.provider = null
	ssl.secure.random.implementation = null
	ssl.trustmanager.algorithm = PKIX
	ssl.truststore.certificates = null
	ssl.truststore.location = null
	ssl.truststore.password = null
	ssl.truststore.type = JKS

2021-07-22 14:23:59 [main] INFO  o.a.kafka.common.utils.AppInfoParser - Kafka version: 2.7.1
2021-07-22 14:23:59 [main] INFO  o.a.kafka.common.utils.AppInfoParser - Kafka commitId: 61dbce85d0d41457
2021-07-22 14:23:59 [main] INFO  o.a.kafka.common.utils.AppInfoParser - Kafka startTimeMs: 1626938639087
2021-07-22 14:23:59 [kafka-admin-client-thread | adminclient-1] WARN  o.apache.kafka.clients.NetworkClient - [AdminClient clientId=adminclient-1] Connection to node -1 (localhost/127.0.0.1:19092) could not be established. Broker may not be available.
2021-07-22 14:23:59 [kafka-admin-client-thread | adminclient-1] WARN  o.apache.kafka.clients.NetworkClient - [AdminClient clientId=adminclient-1] Connection to node -3 (localhost/127.0.0.1:39092) could not be established. Broker may not be available.
2021-07-22 14:23:59 [kafka-admin-client-thread | adminclient-1] WARN  o.apache.kafka.clients.NetworkClient - [AdminClient clientId=adminclient-1] Connection to node -2 (localhost/127.0.0.1:29092) could not be established. Broker may not be available.
2021-07-22 14:23:59 [kafka-admin-client-thread | adminclient-1] WARN  o.apache.kafka.clients.NetworkClient - [AdminClient clientId=adminclient-1] Connection to node -1 (localhost/127.0.0.1:19092) could not be established. Broker may not be available.
2021-07-22 14:23:59 [kafka-admin-client-thread | adminclient-1] WARN  o.apache.kafka.clients.NetworkClient - [AdminClient clientId=adminclient-1] Connection to node -3 (localhost/127.0.0.1:39092) could not be established. Broker may not be available.
2021-07-22 14:23:59 [kafka-admin-client-thread | adminclient-1] WARN  o.apache.kafka.clients.NetworkClient - [AdminClient clientId=adminclient-1] Connection to node -2 (localhost/127.0.0.1:29092) could not be established. Broker may not be available.
2021-07-22 14:23:59 [kafka-admin-client-thread | adminclient-1] WARN  o.apache.kafka.clients.NetworkClient - [AdminClient clientId=adminclient-1] Connection to node -1 (localhost/127.0.0.1:19092) could not be established. Broker may not be available.
2021-07-22 14:23:59 [kafka-admin-client-thread | adminclient-1] WARN  o.apache.kafka.clients.NetworkClient - [AdminClient clientId=adminclient-1] Connection to node -3 (localhost/127.0.0.1:39092) could not be established. Broker may not be available.
2021-07-22 14:23:59 [kafka-admin-client-thread | adminclient-1] WARN  o.apache.kafka.clients.NetworkClient - [AdminClient clientId=adminclient-1] Connection to node -2 (localhost/127.0.0.1:29092) could not be established. Broker may not be available.
2021-07-22 14:23:59 [kafka-admin-client-thread | adminclient-1] WARN  o.apache.kafka.clients.NetworkClient - [AdminClient clientId=adminclient-1] Connection to node -1 (localhost/127.0.0.1:19092) could not be established. Broker may not be available.
2021-07-22 14:23:59 [kafka-admin-client-thread | adminclient-1] WARN  o.apache.kafka.clients.NetworkClient - [AdminClient clientId=adminclient-1] Connection to node -3 (localhost/127.0.0.1:39092) could not be established. Broker may not be available.
2021-07-22 14:23:59 [main] INFO  o.s.b.a.s.r.ReactiveUserDetailsServiceAutoConfiguration - 

Using generated security password: f4c7c5a8-98c1-493f-86dc-a907d3ce0d28

2021-07-22 14:23:59 [kafka-admin-client-thread | adminclient-1] WARN  o.apache.kafka.clients.NetworkClient - [AdminClient clientId=adminclient-1] Connection to node -2 (localhost/127.0.0.1:29092) could not be established. Broker may not be available.
2021-07-22 14:23:59 [kafka-admin-client-thread | adminclient-1] WARN  o.apache.kafka.clients.NetworkClient - [AdminClient clientId=adminclient-1] Connection to node -3 (localhost/127.0.0.1:39092) could not be established. Broker may not be available.
2021-07-22 14:24:00 [kafka-admin-client-thread | adminclient-1] WARN  o.apache.kafka.clients.NetworkClient - [AdminClient clientId=adminclient-1] Connection to node -1 (localhost/127.0.0.1:19092) could not be established. Broker may not be available.
2021-07-22 14:24:00 [kafka-admin-client-thread | adminclient-1] WARN  o.apache.kafka.clients.NetworkClient - [AdminClient clientId=adminclient-1] Connection to node -2 (localhost/127.0.0.1:29092) could not be established. Broker may not be available.
2021-07-22 14:24:00 [kafka-admin-client-thread | adminclient-1] WARN  o.apache.kafka.clients.NetworkClient - [AdminClient clientId=adminclient-1] Connection to node -3 (localhost/127.0.0.1:39092) could not be established. Broker may not be available.
2021-07-22 14:24:01 [main] INFO  o.s.cloud.commons.util.InetUtils - Cannot determine local hostname
2021-07-22 14:24:02 [main] INFO  o.s.cloud.commons.util.InetUtils - Cannot determine local hostname
2021-07-22 14:24:02 [main] INFO  o.s.b.w.e.netty.NettyWebServer - Netty started on port 8181
2021-07-22 14:24:03 [main] INFO  o.s.cloud.commons.util.InetUtils - Cannot determine local hostname
2021-07-22 14:24:04 [main] INFO  o.s.cloud.commons.util.InetUtils - Cannot determine local hostname
2021-07-22 14:24:04 [main] INFO  c.m.d.t.t.k.s.TwitterToKafkaServiceApplication - Started TwitterToKafkaServiceApplication in 12.644 seconds (JVM running for 13.387)
2021-07-22 14:24:04 [main] INFO  c.m.d.t.t.k.s.TwitterToKafkaServiceApplication - App starts...
2021-07-22 14:24:04 [main] INFO  c.m.d.k.a.client.KafkaAdminClient - Creating 1 topics(s), attempt 0
2021-07-22 14:24:04 [main] INFO  c.m.d.k.a.client.KafkaAdminClient - Create topic result [KafkaFuture{value=null,exception=null,done=false}]
2021-07-22 14:24:04 [main] INFO  c.m.d.k.a.client.KafkaAdminClient - Reading kafka topic [twitter-topic], attempt 0
2021-07-22 14:24:14 [main] INFO  c.m.d.k.a.client.KafkaAdminClient - Reading kafka topic [twitter-topic], attempt 0
2021-07-22 14:24:15 [reactor-http-epoll-3] WARN  r.n.http.client.HttpClientConnect - [id:4a116797-1, L:/127.0.0.1:40800 ! R:localhost/127.0.0.1:8081] The connection observed an error
reactor.netty.http.client.PrematureCloseException: Connection prematurely closed BEFORE response
2021-07-22 14:24:17 [reactor-http-epoll-4] WARN  r.n.http.client.HttpClientConnect - [id:302f1fe8-1, L:/127.0.0.1:40806 ! R:localhost/127.0.0.1:8081] The connection observed an error
reactor.netty.http.client.PrematureCloseException: Connection prematurely closed BEFORE response
2021-07-22 14:24:21 [reactor-http-epoll-5] WARN  r.n.http.client.HttpClientConnect - [id:e5a2438d-1, L:/127.0.0.1:40852 ! R:localhost/127.0.0.1:8081] The connection observed an error
reactor.netty.http.client.PrematureCloseException: Connection prematurely closed BEFORE response
2021-07-22 14:24:29 [main] INFO  c.m.d.t.t.k.s.i.i.KafkaStreamInitializer - Topics with name twitter-topic is ready for operation!
2021-07-22 14:24:29 [main] INFO  c.m.d.t.t.k.s.r.i.MockKafkaStreamRunner - Starting mock filtering twitter streams for keywords [Twitter, Java, Microservices, Kafka, Elasticsearch]
2021-07-22 14:24:30 [pool-3-thread-1] INFO  c.m.d.t.t.k.s.l.TwitterKafkaStatusListener - Received status text amet posuere Lorem Lorem Fusce adipiscing sit Microservices Fusce Lorem sed ultricies adipiscing congue sending to kafka topic twitter-topic
2021-07-22 14:24:30 [pool-3-thread-1] INFO  c.m.d.k.p.c.s.i.TwitterKafkaProducer - Sending message='{"userId": 5469488918707330878, "id": 7492165830679830622, "text": "amet posuere Lorem Lorem Fusce adipiscing sit Microservices Fusce Lorem sed ultricies adipiscing congue", "createdAt": 1626938669000}' to topic='twitter-topic'
2021-07-22 14:24:30 [pool-3-thread-1] INFO  o.a.k.c.producer.ProducerConfig - ProducerConfig values: 
	acks = -1
	batch.size = 1638400
	bootstrap.servers = [localhost:19092, localhost:29092, localhost:39092]
	buffer.memory = 33554432
	client.dns.lookup = use_all_dns_ips
	client.id = producer-1
	compression.type = snappy
	connections.max.idle.ms = 540000
	delivery.timeout.ms = 120000
	enable.idempotence = false
	interceptor.classes = []
	internal.auto.downgrade.txn.commit = true
	key.serializer = class org.apache.kafka.common.serialization.LongSerializer
	linger.ms = 5
	max.block.ms = 60000
	max.in.flight.requests.per.connection = 5
	max.request.size = 1048576
	metadata.max.age.ms = 300000
	metadata.max.idle.ms = 300000
	metric.reporters = []
	metrics.num.samples = 2
	metrics.recording.level = INFO
	metrics.sample.window.ms = 30000
	partitioner.class = class org.apache.kafka.clients.producer.internals.DefaultPartitioner
	receive.buffer.bytes = 32768
	reconnect.backoff.max.ms = 1000
	reconnect.backoff.ms = 50
	request.timeout.ms = 60000
	retries = 5
	retry.backoff.ms = 100
	sasl.client.callback.handler.class = null
	sasl.jaas.config = null
	sasl.kerberos.kinit.cmd = /usr/bin/kinit
	sasl.kerberos.min.time.before.relogin = 60000
	sasl.kerberos.service.name = null
	sasl.kerberos.ticket.renew.jitter = 0.05
	sasl.kerberos.ticket.renew.window.factor = 0.8
	sasl.login.callback.handler.class = null
	sasl.login.class = null
	sasl.login.refresh.buffer.seconds = 300
	sasl.login.refresh.min.period.seconds = 60
	sasl.login.refresh.window.factor = 0.8
	sasl.login.refresh.window.jitter = 0.05
	sasl.mechanism = GSSAPI
	security.protocol = PLAINTEXT
	security.providers = null
	send.buffer.bytes = 131072
	socket.connection.setup.timeout.max.ms = 127000
	socket.connection.setup.timeout.ms = 10000
	ssl.cipher.suites = null
	ssl.enabled.protocols = [TLSv1.2, TLSv1.3]
	ssl.endpoint.identification.algorithm = https
	ssl.engine.factory.class = null
	ssl.key.password = null
	ssl.keymanager.algorithm = SunX509
	ssl.keystore.certificate.chain = null
	ssl.keystore.key = null
	ssl.keystore.location = null
	ssl.keystore.password = null
	ssl.keystore.type = JKS
	ssl.protocol = TLSv1.3
	ssl.provider = null
	ssl.secure.random.implementation = null
	ssl.trustmanager.algorithm = PKIX
	ssl.truststore.certificates = null
	ssl.truststore.location = null
	ssl.truststore.password = null
	ssl.truststore.type = JKS
	transaction.timeout.ms = 60000
	transactional.id = null
	value.serializer = class io.confluent.kafka.serializers.KafkaAvroSerializer

2021-07-22 14:24:30 [pool-3-thread-1] INFO  i.c.k.s.KafkaAvroSerializerConfig - KafkaAvroSerializerConfig values: 
	bearer.auth.token = [hidden]
	proxy.port = -1
	schema.reflection = false
	auto.register.schemas = true
	max.schemas.per.subject = 1000
	basic.auth.credentials.source = URL
	value.subject.name.strategy = class io.confluent.kafka.serializers.subject.TopicNameStrategy
	schema.registry.url = [http://localhost:8081]
	basic.auth.user.info = [hidden]
	proxy.host = 
	use.latest.version = false
	schema.registry.basic.auth.user.info = [hidden]
	bearer.auth.credentials.source = STATIC_TOKEN
	key.subject.name.strategy = class io.confluent.kafka.serializers.subject.TopicNameStrategy

2021-07-22 14:24:30 [pool-3-thread-1] INFO  o.a.kafka.common.utils.AppInfoParser - Kafka version: 2.7.1
2021-07-22 14:24:30 [pool-3-thread-1] INFO  o.a.kafka.common.utils.AppInfoParser - Kafka commitId: 61dbce85d0d41457
2021-07-22 14:24:30 [pool-3-thread-1] INFO  o.a.kafka.common.utils.AppInfoParser - Kafka startTimeMs: 1626938670383
2021-07-22 14:24:30 [kafka-producer-network-thread | producer-1] INFO  org.apache.kafka.clients.Metadata - [Producer clientId=producer-1] Cluster ID: l1fd4mXlRPW72-vyqXLAQQ
2021-07-22 14:24:40 [pool-3-thread-1] INFO  c.m.d.t.t.k.s.l.TwitterKafkaStatusListener - Received status text ipsum magna Fusce amet porttitor ultricies Maecenas Twitter lectus Maecenas congue Fusce ipsum libero sending to kafka topic twitter-topic
2021-07-22 14:24:40 [pool-3-thread-1] INFO  c.m.d.k.p.c.s.i.TwitterKafkaProducer - Sending message='{"userId": 3781220105824955906, "id": 197304947228243389, "text": "ipsum magna Fusce amet porttitor ultricies Maecenas Twitter lectus Maecenas congue Fusce ipsum libero", "createdAt": 1626938680000}' to topic='twitter-topic'
2021-07-22 14:24:50 [pool-3-thread-1] INFO  c.m.d.t.t.k.s.l.TwitterKafkaStatusListener - Received status text posuere elit magna massa congue libero Twitter porttitor magna ipsum ultricies libero sending to kafka topic twitter-topic
2021-07-22 14:24:50 [pool-3-thread-1] INFO  c.m.d.k.p.c.s.i.TwitterKafkaProducer - Sending message='{"userId": 2848581964384648239, "id": 3017159382518404087, "text": "posuere elit magna massa congue libero Twitter porttitor magna ipsum ultricies libero", "createdAt": 1626938690000}' to topic='twitter-topic'
2021-07-22 14:25:00 [pool-3-thread-1] INFO  c.m.d.t.t.k.s.l.TwitterKafkaStatusListener - Received status text lectus Lorem consectetuer congue sed Kafka pulvinar sed amet Maecenas sending to kafka topic twitter-topic
2021-07-22 14:25:00 [pool-3-thread-1] INFO  c.m.d.k.p.c.s.i.TwitterKafkaProducer - Sending message='{"userId": 1087242938284908880, "id": 4825211883958267600, "text": "lectus Lorem consectetuer congue sed Kafka pulvinar sed amet Maecenas", "createdAt": 1626938700000}' to topic='twitter-topic'
2021-07-22 14:25:11 [pool-3-thread-1] INFO  c.m.d.t.t.k.s.l.TwitterKafkaStatusListener - Received status text porttitor ultricies lectus Lorem malesuada posuere consectetuer ultricies Microservices ultricies elit Maecenas congue massa elit sending to kafka topic twitter-topic
2021-07-22 14:25:11 [pool-3-thread-1] INFO  c.m.d.k.p.c.s.i.TwitterKafkaProducer - Sending message='{"userId": 8249180544916722990, "id": 3982430382009889020, "text": "porttitor ultricies lectus Lorem malesuada posuere consectetuer ultricies Microservices ultricies elit Maecenas congue massa elit", "createdAt": 1626938711000}' to topic='twitter-topic'
2021-07-22 14:25:21 [pool-3-thread-1] INFO  c.m.d.t.t.k.s.l.TwitterKafkaStatusListener - Received status text lectus adipiscing posuere malesuada Elasticsearch consectetuer Lorem sending to kafka topic twitter-topic
2021-07-22 14:25:21 [pool-3-thread-1] INFO  c.m.d.k.p.c.s.i.TwitterKafkaProducer - Sending message='{"userId": 8227513226633128286, "id": 470808907866987267, "text": "lectus adipiscing posuere malesuada Elasticsearch consectetuer Lorem", "createdAt": 1626938721000}' to topic='twitter-topic'
2021-07-22 14:25:31 [pool-3-thread-1] INFO  c.m.d.t.t.k.s.l.TwitterKafkaStatusListener - Received status text adipiscing elit ipsum libero ultricies Maecenas Java sed amet sed massa sit sending to kafka topic twitter-topic
2021-07-22 14:25:31 [pool-3-thread-1] INFO  c.m.d.k.p.c.s.i.TwitterKafkaProducer - Sending message='{"userId": 6483178309853030198, "id": 6399146804082541032, "text": "adipiscing elit ipsum libero ultricies Maecenas Java sed amet sed massa sit", "createdAt": 1626938731000}' to topic='twitter-topic'
2021-07-22 14:25:41 [pool-3-thread-1] INFO  c.m.d.t.t.k.s.l.TwitterKafkaStatusListener - Received status text porttitor libero ipsum Maecenas sit sit Lorem dolor Microservices Maecenas elit amet adipiscing Maecenas ipsum ipsum sending to kafka topic twitter-topic
2021-07-22 14:25:41 [pool-3-thread-1] INFO  c.m.d.k.p.c.s.i.TwitterKafkaProducer - Sending message='{"userId": 2045947204465824939, "id": 2783038331462057210, "text": "porttitor libero ipsum Maecenas sit sit Lorem dolor Microservices Maecenas elit amet adipiscing Maecenas ipsum ipsum", "createdAt": 1626938741000}' to topic='twitter-topic'
2021-07-22 14:25:47 [kafka-admin-client-thread | adminclient-1] INFO  o.a.kafka.common.utils.AppInfoParser - App info kafka.admin.client for adminclient-1 unregistered
2021-07-22 14:25:47 [kafka-admin-client-thread | adminclient-1] INFO  o.a.kafka.common.metrics.Metrics - Metrics scheduler closed
2021-07-22 14:25:47 [kafka-admin-client-thread | adminclient-1] INFO  o.a.kafka.common.metrics.Metrics - Closing reporter org.apache.kafka.common.metrics.JmxReporter
2021-07-22 14:25:47 [kafka-admin-client-thread | adminclient-1] INFO  o.a.kafka.common.metrics.Metrics - Metrics reporters closed
2021-07-22 14:25:47 [SpringApplicationShutdownHook] INFO  c.m.d.k.p.c.s.i.TwitterKafkaProducer - Closing kafka producer!
2021-07-22 14:25:47 [SpringApplicationShutdownHook] INFO  o.a.k.clients.producer.KafkaProducer - [Producer clientId=producer-1] Closing the Kafka producer with timeoutMillis = 30000 ms.
2021-07-22 14:25:47 [SpringApplicationShutdownHook] INFO  o.a.kafka.common.metrics.Metrics - Metrics scheduler closed
2021-07-22 14:25:47 [SpringApplicationShutdownHook] INFO  o.a.kafka.common.metrics.Metrics - Closing reporter org.apache.kafka.common.metrics.JmxReporter
2021-07-22 14:25:47 [SpringApplicationShutdownHook] INFO  o.a.kafka.common.metrics.Metrics - Metrics reporters closed
2021-07-22 14:25:47 [SpringApplicationShutdownHook] INFO  o.a.kafka.common.utils.AppInfoParser - App info kafka.producer for producer-1 unregistered
