2021-08-05 18:00:43 [main] ERROR o.s.b.d.LoggingFailureAnalysisReporter - 

***************************
APPLICATION FAILED TO START
***************************

Description:

No spring.config.import property has been defined

Action:

Add a spring.config.import=configserver: property to your configuration.
	If configuration is not required add spring.config.import=optional:configserver: instead.
	To disable this check, set spring.cloud.config.enabled=false or 
	spring.cloud.config.import-check.enabled=false.

2021-08-05 18:01:18 [background-preinit] INFO  o.h.validator.internal.util.Version - HV000001: Hibernate Validator 6.2.0.Final
2021-08-05 18:01:19 [main] INFO  o.s.c.c.c.ConfigServicePropertySourceLocator - Fetching config from server at : http://localhost:8888
2021-08-05 18:01:21 [main] INFO  o.s.c.c.c.ConfigServicePropertySourceLocator - Located environment: name=reactive-elastic-query-web-client,config-client, profiles=[reactive_elastic_query_web], label=null, version=a60309826d759c4674a8904540d1da1a454d5f59, state=null
2021-08-05 18:01:21 [main] INFO  o.s.c.b.c.PropertySourceBootstrapConfiguration - Located property source: [BootstrapPropertySource {name='bootstrapProperties-configClient'}, BootstrapPropertySource {name='bootstrapProperties-https://github.com/OnceUponATimeMathley/spring-cloud-config-server-repository-3/config-client-reactive_elastic_query_web.yml'}, BootstrapPropertySource {name='bootstrapProperties-https://github.com/OnceUponATimeMathley/spring-cloud-config-server-repository-3/config-client.yml'}]
2021-08-05 18:01:21 [main] INFO  c.m.d.r.e.q.w.c.ReactiveElasticQueryWebClientApplication - The following profiles are active: reactive_elastic_query_web
2021-08-05 18:01:22 [main] INFO  o.s.cloud.context.scope.GenericScope - BeanFactory id=42100304-36b4-343d-857a-38ef326904cc
2021-08-05 18:01:23 [main] INFO  o.s.b.a.s.r.ReactiveUserDetailsServiceAutoConfiguration - 

Using generated security password: 7656c933-3a90-44d2-ac34-61a6883843a9

2021-08-05 18:01:24 [main] INFO  o.s.cloud.commons.util.InetUtils - Cannot determine local hostname
2021-08-05 18:01:25 [main] INFO  o.s.cloud.commons.util.InetUtils - Cannot determine local hostname
2021-08-05 18:01:25 [main] INFO  o.s.b.w.e.netty.NettyWebServer - Netty started on port 8184
2021-08-05 18:01:26 [main] INFO  o.s.cloud.commons.util.InetUtils - Cannot determine local hostname
2021-08-05 18:01:27 [main] INFO  o.s.cloud.commons.util.InetUtils - Cannot determine local hostname
2021-08-05 18:01:27 [main] INFO  c.m.d.r.e.q.w.c.ReactiveElasticQueryWebClientApplication - Started ReactiveElasticQueryWebClientApplication in 11.337 seconds (JVM running for 12.172)
2021-08-05 18:01:58 [reactor-http-epoll-2] INFO  c.m.d.r.e.q.w.c.s.i.TwitterElasticQueryWebClient - Querying by text kafka
2021-08-05 18:01:58 [reactor-http-epoll-2] INFO  c.m.d.r.e.q.w.c.api.QueryController - Returning from reactive client controller for text kafka !
2021-08-05 18:01:58 [reactor-http-epoll-2] INFO  reactor.Flux.MonoFlatMapMany.3 - onSubscribe(MonoFlatMapMany.FlatMapManyMain)
2021-08-05 18:01:58 [reactor-http-epoll-2] INFO  reactor.Flux.MonoFlatMapMany.3 - request(31)
2021-08-05 18:02:04 [reactor-tcp-epoll-2] INFO  reactor.Flux.MonoFlatMapMany.3 - onNext(ElasticQueryWebClientResponseModel(id=1422188594819600387, userId=2432015216, text=@bookishfables Kafka on the shore, createdAt=2021-08-02T13:32:38Z[UTC]))
2021-08-05 18:02:04 [reactor-tcp-epoll-2] INFO  reactor.Flux.MonoFlatMapMany.3 - onNext(ElasticQueryWebClientResponseModel(id=7935504013414237076, userId=9067018613546855045, text=consectetuer porttitor libero Kafka dolor pulvinar, createdAt=2021-07-26T07:35:19Z[UTC]))
2021-08-05 18:02:05 [reactor-tcp-epoll-2] INFO  reactor.Flux.MonoFlatMapMany.3 - onNext(ElasticQueryWebClientResponseModel(id=970362732458547060, userId=6511121256364764925, text=amet amet lectus Kafka ultricies magna, createdAt=2021-07-26T07:52:12Z[UTC]))
2021-08-05 18:02:06 [reactor-tcp-epoll-2] INFO  reactor.Flux.MonoFlatMapMany.3 - onNext(ElasticQueryWebClientResponseModel(id=144582643518054114, userId=1163347418374284971, text=malesuada massa consectetuer Kafka Lorem lectus, createdAt=2021-07-26T08:04:05Z[UTC]))
2021-08-05 18:02:06 [reactor-tcp-epoll-2] INFO  reactor.Flux.MonoFlatMapMany.3 - onNext(ElasticQueryWebClientResponseModel(id=4395427490013574756, userId=9050177874049412436, text=lectus massa Fusce Kafka ultricies pulvinar, createdAt=2021-07-26T08:07:16Z[UTC]))
2021-08-05 18:02:07 [reactor-tcp-epoll-2] INFO  reactor.Flux.MonoFlatMapMany.3 - onNext(ElasticQueryWebClientResponseModel(id=161266336498020395, userId=2447898248118699533, text=adipiscing pulvinar dolor Kafka Maecenas Maecenas, createdAt=2021-07-26T07:38:19Z[UTC]))
2021-08-05 18:02:07 [reactor-tcp-epoll-2] INFO  reactor.Flux.MonoFlatMapMany.3 - onNext(ElasticQueryWebClientResponseModel(id=453636222838194273, userId=8087472809104594091, text=adipiscing Maecenas magna Kafka Maecenas ipsum, createdAt=2021-07-26T08:05:36Z[UTC]))
2021-08-05 18:02:08 [reactor-tcp-epoll-2] INFO  reactor.Flux.MonoFlatMapMany.3 - onNext(ElasticQueryWebClientResponseModel(id=4450632076280244782, userId=6636173432506892473, text=malesuada malesuada porttitor Kafka ultricies massa, createdAt=2021-07-26T08:14:19Z[UTC]))
2021-08-05 18:02:08 [reactor-tcp-epoll-2] INFO  reactor.Flux.MonoFlatMapMany.3 - onNext(ElasticQueryWebClientResponseModel(id=243647193905508163, userId=1892070911316845250, text=adipiscing porttitor dolor Kafka purus Lorem, createdAt=2021-07-26T08:25:22Z[UTC]))
2021-08-05 18:02:09 [reactor-tcp-epoll-2] INFO  reactor.Flux.MonoFlatMapMany.3 - onNext(ElasticQueryWebClientResponseModel(id=5569144833852477134, userId=3021359567818212026, text=congue massa ultricies Kafka libero adipiscing, createdAt=2021-07-26T07:37:59Z[UTC]))
2021-08-05 18:02:09 [reactor-tcp-epoll-2] INFO  reactor.Flux.MonoFlatMapMany.3 - onNext(ElasticQueryWebClientResponseModel(id=4093968151609226290, userId=8192974543787419305, text=sit congue sed Kafka purus massa, createdAt=2021-07-26T07:43Z[UTC]))
2021-08-05 18:02:10 [reactor-tcp-epoll-2] INFO  reactor.Flux.MonoFlatMapMany.3 - onNext(ElasticQueryWebClientResponseModel(id=8510138514362550221, userId=1726216321429027976, text=ipsum Maecenas sit Kafka Lorem purus, createdAt=2021-07-26T09:41:50Z[UTC]))
2021-08-05 18:02:10 [reactor-tcp-epoll-2] INFO  reactor.Flux.MonoFlatMapMany.3 - onNext(ElasticQueryWebClientResponseModel(id=5089325387885561108, userId=1120944075323190247, text=libero amet libero Kafka Fusce Maecenas, createdAt=2021-07-30T10:04:39Z[UTC]))
2021-08-05 18:02:11 [reactor-tcp-epoll-2] INFO  reactor.Flux.MonoFlatMapMany.3 - onNext(ElasticQueryWebClientResponseModel(id=2571128835014305250, userId=850575373011826900, text=sit ultricies massa Kafka ipsum Fusce, createdAt=2021-07-30T10:32:22Z[UTC]))
2021-08-05 18:02:11 [reactor-tcp-epoll-2] INFO  reactor.Flux.MonoFlatMapMany.3 - onNext(ElasticQueryWebClientResponseModel(id=12687913972681737, userId=1026946484615377395, text=elit dolor massa consectetuer Kafka malesuada purus, createdAt=2021-07-26T08:09:17Z[UTC]))
2021-08-05 18:02:12 [reactor-tcp-epoll-2] INFO  reactor.Flux.MonoFlatMapMany.3 - onNext(ElasticQueryWebClientResponseModel(id=2243581543925972786, userId=7580404732176931509, text=amet Lorem malesuada Fusce Kafka magna elit, createdAt=2021-07-26T08:14:39Z[UTC]))
2021-08-05 18:02:12 [reactor-tcp-epoll-2] INFO  reactor.Flux.MonoFlatMapMany.3 - onNext(ElasticQueryWebClientResponseModel(id=2670794498696099680, userId=5733350334614675185, text=Maecenas consectetuer ultricies dolor Kafka posuere Maecenas, createdAt=2021-07-26T08:18:20Z[UTC]))
2021-08-05 18:02:13 [reactor-tcp-epoll-2] INFO  reactor.Flux.MonoFlatMapMany.3 - onNext(ElasticQueryWebClientResponseModel(id=7298767918109903776, userId=2179650342387538300, text=pulvinar ipsum ipsum congue Kafka sit pulvinar, createdAt=2021-07-26T07:29:08Z[UTC]))
2021-08-05 18:02:13 [reactor-tcp-epoll-2] INFO  reactor.Flux.MonoFlatMapMany.3 - onNext(ElasticQueryWebClientResponseModel(id=5500524529411575893, userId=2582561074637908908, text=lectus congue ipsum porttitor Kafka sed consectetuer, createdAt=2021-07-26T07:34:49Z[UTC]))
2021-08-05 18:02:14 [reactor-tcp-epoll-2] INFO  reactor.Flux.MonoFlatMapMany.3 - onNext(ElasticQueryWebClientResponseModel(id=8570330742704989871, userId=3627074620486574549, text=dolor posuere ipsum Maecenas Kafka congue elit, createdAt=2021-07-26T08:02:35Z[UTC]))
2021-08-05 18:02:14 [reactor-tcp-epoll-2] INFO  reactor.Flux.MonoFlatMapMany.3 - onNext(ElasticQueryWebClientResponseModel(id=1550784481632136040, userId=1538469012142802687, text=pulvinar porttitor ultricies porttitor Kafka congue Fusce, createdAt=2021-07-26T08:19:11Z[UTC]))
2021-08-05 18:02:15 [reactor-tcp-epoll-2] INFO  reactor.Flux.MonoFlatMapMany.3 - onNext(ElasticQueryWebClientResponseModel(id=6436486100303473288, userId=1638127533281526668, text=dolor porttitor massa dolor Kafka elit Fusce, createdAt=2021-07-26T08:33:34Z[UTC]))
2021-08-05 18:02:15 [reactor-tcp-epoll-2] INFO  reactor.Flux.MonoFlatMapMany.3 - onNext(ElasticQueryWebClientResponseModel(id=816752024160554394, userId=6603269068494629107, text=malesuada libero Lorem libero Kafka congue dolor, createdAt=2021-07-26T09:45Z[UTC]))
2021-08-05 18:02:15 [reactor-tcp-epoll-2] INFO  reactor.Flux.MonoFlatMapMany.3 - request(24)
2021-08-05 18:02:16 [reactor-tcp-epoll-2] INFO  reactor.Flux.MonoFlatMapMany.3 - onNext(ElasticQueryWebClientResponseModel(id=2608530918311994986, userId=736537647812659885, text=libero pulvinar sed elit Kafka Lorem magna sed, createdAt=2021-07-26T08:10:47Z[UTC]))
2021-08-05 18:02:16 [reactor-tcp-epoll-2] INFO  reactor.Flux.MonoFlatMapMany.3 - onNext(ElasticQueryWebClientResponseModel(id=5647614968859665430, userId=1920117532386996799, text=malesuada congue ipsum magna Kafka Maecenas posuere congue, createdAt=2021-07-26T07:59:44Z[UTC]))
2021-08-05 18:02:17 [reactor-tcp-epoll-2] INFO  reactor.Flux.MonoFlatMapMany.3 - onNext(ElasticQueryWebClientResponseModel(id=2187635374507147039, userId=3309695578628169255, text=congue sit congue lectus Kafka amet Maecenas ipsum, createdAt=2021-07-26T08:18:51Z[UTC]))
2021-08-05 18:02:17 [reactor-tcp-epoll-2] INFO  reactor.Flux.MonoFlatMapMany.3 - onNext(ElasticQueryWebClientResponseModel(id=1222064297714110326, userId=5255565729753437423, text=purus congue consectetuer lectus Kafka sed malesuada elit, createdAt=2021-07-26T08:17Z[UTC]))
2021-08-05 18:02:18 [reactor-tcp-epoll-2] INFO  reactor.Flux.MonoFlatMapMany.3 - onNext(ElasticQueryWebClientResponseModel(id=6984393853914813100, userId=1109038015006958318, text=Lorem dolor adipiscing purus Kafka sed porttitor purus, createdAt=2021-07-26T08:22:32Z[UTC]))
2021-08-05 18:02:18 [reactor-tcp-epoll-2] INFO  reactor.Flux.MonoFlatMapMany.3 - onNext(ElasticQueryWebClientResponseModel(id=1379815561212798684, userId=6694080825102144540, text=malesuada libero malesuada magna Kafka pulvinar malesuada posuere, createdAt=2021-07-26T08:34:54Z[UTC]))
2021-08-05 18:02:19 [reactor-tcp-epoll-2] INFO  reactor.Flux.MonoFlatMapMany.3 - onNext(ElasticQueryWebClientResponseModel(id=3895000499844196258, userId=8062208312900369045, text=ipsum sed purus sit Kafka pulvinar porttitor Maecenas, createdAt=2021-07-26T07:32:08Z[UTC]))
2021-08-05 18:02:19 [reactor-tcp-epoll-2] INFO  reactor.Flux.MonoFlatMapMany.3 - onNext(ElasticQueryWebClientResponseModel(id=6790575607235660761, userId=4442999735200209432, text=Fusce Maecenas Maecenas Lorem Kafka lectus elit ultricies, createdAt=2021-07-26T08:30:23Z[UTC]))
2021-08-05 18:02:20 [reactor-tcp-epoll-2] INFO  reactor.Flux.MonoFlatMapMany.3 - onNext(ElasticQueryWebClientResponseModel(id=3351791504231923291, userId=8005107336198916740, text=lectus massa Fusce sit Kafka massa purus magna, createdAt=2021-07-26T08:30:33Z[UTC]))
2021-08-05 18:02:20 [reactor-tcp-epoll-2] INFO  reactor.Flux.MonoFlatMapMany.3 - onNext(ElasticQueryWebClientResponseModel(id=2501876899854458924, userId=7654692692597648850, text=amet massa ultricies libero Kafka dolor elit consectetuer, createdAt=2021-07-26T09:45:20Z[UTC]))
2021-08-05 18:02:21 [reactor-tcp-epoll-2] INFO  reactor.Flux.MonoFlatMapMany.3 - onNext(ElasticQueryWebClientResponseModel(id=157598554127354424, userId=3856836065782627785, text=ultricies ultricies elit sit Kafka Maecenas dolor Lorem, createdAt=2021-07-30T10:06:11Z[UTC]))
2021-08-05 18:02:21 [reactor-tcp-epoll-2] INFO  reactor.Flux.MonoFlatMapMany.3 - onNext(ElasticQueryWebClientResponseModel(id=5321815132974402253, userId=8863131391158178029, text=pulvinar Fusce elit lectus libero Kafka Lorem adipiscing porttitor, createdAt=2021-07-26T07:56:22Z[UTC]))
2021-08-05 18:02:22 [reactor-tcp-epoll-2] INFO  reactor.Flux.MonoFlatMapMany.3 - onNext(ElasticQueryWebClientResponseModel(id=2771967807014667753, userId=6150773225029605494, text=sit dolor amet pulvinar congue Kafka malesuada lectus dolor, createdAt=2021-07-26T08:26:03Z[UTC]))
2021-08-05 18:02:22 [reactor-tcp-epoll-2] INFO  reactor.Flux.MonoFlatMapMany.3 - onNext(ElasticQueryWebClientResponseModel(id=7923629660206829460, userId=3060541225394060976, text=ipsum congue ultricies Lorem adipiscing Kafka purus posuere libero, createdAt=2021-07-26T08:00:34Z[UTC]))
2021-08-05 18:02:23 [reactor-tcp-epoll-2] INFO  reactor.Flux.MonoFlatMapMany.3 - onNext(ElasticQueryWebClientResponseModel(id=3456222801662574214, userId=8482753726495980302, text=lectus sed consectetuer porttitor dolor Kafka pulvinar massa amet, createdAt=2021-07-26T08:26:43Z[UTC]))
2021-08-05 18:02:23 [reactor-tcp-epoll-2] INFO  reactor.Flux.MonoFlatMapMany.3 - onNext(ElasticQueryWebClientResponseModel(id=3234009635015145118, userId=7388470279331706419, text=magna Lorem pulvinar Fusce sed Kafka dolor amet Fusce, createdAt=2021-07-26T09:44Z[UTC]))
2021-08-05 18:02:24 [reactor-tcp-epoll-2] INFO  reactor.Flux.MonoFlatMapMany.3 - onNext(ElasticQueryWebClientResponseModel(id=7814959751481028627, userId=7824066283859977023, text=purus massa sed amet ipsum Kafka elit Maecenas Fusce, createdAt=2021-07-30T10:07:01Z[UTC]))
2021-08-05 18:02:24 [reactor-tcp-epoll-2] INFO  reactor.Flux.MonoFlatMapMany.3 - onNext(ElasticQueryWebClientResponseModel(id=6430171541309095525, userId=5026411651797320844, text=massa elit Lorem amet Lorem Kafka elit elit Fusce, createdAt=2021-07-30T10:32:32Z[UTC]))
2021-08-05 18:02:25 [reactor-tcp-epoll-2] INFO  reactor.Flux.MonoFlatMapMany.3 - onNext(ElasticQueryWebClientResponseModel(id=9202533460243443363, userId=1628216668952273253, text=sed lectus elit posuere dolor Kafka amet posuere Lorem libero, createdAt=2021-07-26T07:53:22Z[UTC]))
2021-08-05 18:02:25 [reactor-tcp-epoll-2] INFO  reactor.Flux.MonoFlatMapMany.3 - onNext(ElasticQueryWebClientResponseModel(id=5845039887700473324, userId=1037217425713133746, text=sed purus pulvinar sit magna Kafka purus Lorem adipiscing dolor, createdAt=2021-07-26T08:19:21Z[UTC]))
2021-08-05 18:02:25 [reactor-http-epoll-3] INFO  c.m.d.r.e.q.w.c.s.i.TwitterElasticQueryWebClient - Querying by text test
2021-08-05 18:02:25 [reactor-http-epoll-3] INFO  c.m.d.r.e.q.w.c.api.QueryController - Returning from reactive client controller for text test !
2021-08-05 18:02:25 [reactor-http-epoll-3] INFO  reactor.Flux.MonoFlatMapMany.6 - onSubscribe(MonoFlatMapMany.FlatMapManyMain)
2021-08-05 18:02:25 [reactor-http-epoll-3] INFO  reactor.Flux.MonoFlatMapMany.6 - request(31)
2021-08-05 18:02:25 [reactor-http-epoll-2] INFO  reactor.Flux.MonoFlatMapMany.3 - cancel()
2021-08-05 18:02:28 [reactor-tcp-epoll-3] INFO  reactor.Flux.MonoFlatMapMany.6 - onNext(ElasticQueryWebClientResponseModel(id=1, userId=1, text=test multi word, createdAt=2020-01-01T23:00:50Z[UTC]))
2021-08-05 18:02:28 [reactor-tcp-epoll-3] INFO  reactor.Flux.MonoFlatMapMany.6 - onNext(ElasticQueryWebClientResponseModel(id=1421017389978853376, userId=1051516134204289024, text=10/10 yaptigim tek test, createdAt=2021-07-30T07:58:41Z[UTC]))
2021-08-05 18:02:29 [reactor-tcp-epoll-3] INFO  reactor.Flux.MonoFlatMapMany.6 - onNext(ElasticQueryWebClientResponseModel(id=1421017733999726593, userId=1398219737138561024, text=RT @jenniecullen18: ชุดตรวจ Antigen test kit ต่างจาก Antibody test kit อย่างไร
#โควิด19 #วัคซีนโควิด 
#กระทรวงสาธารณสุข
#กรมควบคุมโรค
#มณฑล…, createdAt=2021-07-30T08:00:03Z[UTC]))
2021-08-05 18:02:29 [reactor-tcp-epoll-3] INFO  reactor.Flux.MonoFlatMapMany.6 - onNext(ElasticQueryWebClientResponseModel(id=1422164519586078722, userId=2964413607, text=RT @Zitounenahnah: "Si elle me demande un test VIH je lui demande un test de virginité" https://t.co/SaZDjGbIOg, createdAt=2021-08-02T11:56:58Z[UTC]))
2021-08-05 18:02:30 [reactor-tcp-epoll-3] INFO  reactor.Flux.MonoFlatMapMany.6 - onNext(ElasticQueryWebClientResponseModel(id=1422163936552624129, userId=1358969828, text=RT @Go_CheshireWest: 🧪 Please continue to get a free twice-weekly COVID-19 lateral flow test - even if you’ve been vaccinated.

Pop-up test…, createdAt=2021-08-02T11:54:39Z[UTC]))
2021-08-05 18:02:30 [reactor-tcp-epoll-3] INFO  reactor.Flux.MonoFlatMapMany.6 - onNext(ElasticQueryWebClientResponseModel(id=1422168634126970881, userId=1296091443996524544, text=RT @FCBarcelona: MEDICAL TEST ✅
@Emerson_Royal22 https://t.co/7lo5I2xTIJ, createdAt=2021-08-02T12:13:19Z[UTC]))
2021-08-05 18:02:31 [reactor-tcp-epoll-3] INFO  reactor.Flux.MonoFlatMapMany.6 - onNext(ElasticQueryWebClientResponseModel(id=1422166054718029834, userId=1235210147640864769, text=RT @FCBarcelona: MEDICAL TEST ✅
@Emerson_Royal22 https://t.co/7lo5I2xTIJ, createdAt=2021-08-02T12:03:04Z[UTC]))
2021-08-05 18:02:31 [reactor-tcp-epoll-3] INFO  reactor.Flux.MonoFlatMapMany.6 - onNext(ElasticQueryWebClientResponseModel(id=1422188162839760896, userId=338261225, text=RT @tq3illl: ginting test cpns era https://t.co/ONTQuHi0vs, createdAt=2021-08-02T13:30:55Z[UTC]))
2021-08-05 18:02:32 [reactor-tcp-epoll-3] INFO  reactor.Flux.MonoFlatMapMany.6 - onNext(ElasticQueryWebClientResponseModel(id=1422524835322732544, userId=380268047, text=RT @tq3illl: ginting test cpns era https://t.co/ONTQuHi0vs, createdAt=2021-08-03T11:48:44Z[UTC]))
2021-08-05 18:02:32 [reactor-tcp-epoll-3] INFO  reactor.Flux.MonoFlatMapMany.6 - onNext(ElasticQueryWebClientResponseModel(id=1422189312016207873, userId=3143059206, text=RT @tq3illl: ginting test cpns era https://t.co/ONTQuHi0vs, createdAt=2021-08-02T13:35:29Z[UTC]))
2021-08-05 18:02:33 [reactor-tcp-epoll-3] INFO  reactor.Flux.MonoFlatMapMany.6 - onNext(ElasticQueryWebClientResponseModel(id=1421044313279053827, userId=1079641459987484672, text=RT @YinFinance: #YIN Finance will launch test-net ⏱on GMT 00:00 July 30th, welcome to our test-net and experience better liquidity manageme…, createdAt=2021-07-30T09:45:40Z[UTC]))
2021-08-05 18:02:33 [reactor-tcp-epoll-3] INFO  reactor.Flux.MonoFlatMapMany.6 - onNext(ElasticQueryWebClientResponseModel(id=1421045659633819649, userId=1413161363417882624, text=RT @YinFinance: #YIN Finance will launch test-net ⏱on GMT 00:00 July 30th, welcome to our test-net and experience better liquidity manageme…, createdAt=2021-07-30T09:51:01Z[UTC]))
2021-08-05 18:02:34 [reactor-tcp-epoll-3] INFO  reactor.Flux.MonoFlatMapMany.6 - onNext(ElasticQueryWebClientResponseModel(id=1421017251595964417, userId=1194090652713115648, text=RT @YinFinance: #YIN Finance will launch test-net ⏱on GMT 00:00 July 30th, welcome to our test-net and experience better liquidity manageme…, createdAt=2021-07-30T07:58:08Z[UTC]))
2021-08-05 18:02:34 [reactor-tcp-epoll-3] INFO  reactor.Flux.MonoFlatMapMany.6 - onNext(ElasticQueryWebClientResponseModel(id=1421017188677398528, userId=1145435359897096198, text=RT @YinFinance: #YIN Finance will launch test-net ⏱on GMT 00:00 July 30th, welcome to our test-net and experience better liquidity manageme…, createdAt=2021-07-30T07:57:53Z[UTC]))
2021-08-05 18:02:35 [reactor-tcp-epoll-3] INFO  reactor.Flux.MonoFlatMapMany.6 - onNext(ElasticQueryWebClientResponseModel(id=1421016685348233218, userId=224630719, text=RT @YinFinance: #YIN Finance will launch test-net ⏱on GMT 00:00 July 30th, welcome to our test-net and experience better liquidity manageme…, createdAt=2021-07-30T07:55:53Z[UTC]))
2021-08-05 18:02:35 [reactor-tcp-epoll-3] INFO  reactor.Flux.MonoFlatMapMany.6 - onNext(ElasticQueryWebClientResponseModel(id=1422163240331595778, userId=1406138108106641410, text=RT @YinFinance: #YIN Finance will launch test-net ⏱on GMT 00:00 July 30th, welcome to our test-net and experience better liquidity manageme…, createdAt=2021-08-02T11:51:53Z[UTC]))
2021-08-05 18:02:36 [reactor-tcp-epoll-3] INFO  reactor.Flux.MonoFlatMapMany.6 - onNext(ElasticQueryWebClientResponseModel(id=1422163668003819520, userId=870258396, text=RT @ansaffh: Anak pun kena test 🤣 https://t.co/06wMNN409g, createdAt=2021-08-02T11:53:35Z[UTC]))
2021-08-05 18:02:36 [reactor-tcp-epoll-3] INFO  reactor.Flux.MonoFlatMapMany.6 - onNext(ElasticQueryWebClientResponseModel(id=1422184580535234564, userId=1155367133028769792, text=RT @EEAccelerator: "The #ClimateCrisis is THE TEST of our time.", createdAt=2021-08-02T13:16:41Z[UTC]))
2021-08-05 18:02:37 [reactor-tcp-epoll-3] INFO  reactor.Flux.MonoFlatMapMany.6 - onNext(ElasticQueryWebClientResponseModel(id=1423201162816200707, userId=1416022400152465409, text=RT @4hr0min: Nobody:

Me in math test: https://t.co/tIUjdtHE0j, createdAt=2021-08-05T08:36:13Z[UTC]))
2021-08-05 18:02:37 [reactor-tcp-epoll-3] INFO  reactor.Flux.MonoFlatMapMany.6 - onNext(ElasticQueryWebClientResponseModel(id=1422164960008880130, userId=296283102, text=RT @Springboks: 🎥 A great performance in the second Test but it is all to play for in the third and final Test match against the @lionsoffi…, createdAt=2021-08-02T11:58:43Z[UTC]))
2021-08-05 18:02:38 [reactor-tcp-epoll-3] INFO  reactor.Flux.MonoFlatMapMany.6 - onNext(ElasticQueryWebClientResponseModel(id=1421044493604638722, userId=264803129, text=RT @maimeetangka327: ไม่รู้มีคนรู้มั้ย แทบตรวจ strip test ถ้าขึ้นจางๆ ก็นับเป็นบวกนะทุกคน ไม่จำเป็นต้องเข้มเท่าแถบ control อันนี้ญาติส่งมาถ…, createdAt=2021-07-30T09:46:23Z[UTC]))
2021-08-05 18:02:38 [reactor-tcp-epoll-3] INFO  reactor.Flux.MonoFlatMapMany.6 - onNext(ElasticQueryWebClientResponseModel(id=1421017771677294596, userId=1308105922850430976, text=Distinctio debitis error corrupti - True Anthem Test Content https://t.co/nEntTVlybu, createdAt=2021-07-30T08:00:12Z[UTC]))
2021-08-05 18:02:39 [reactor-tcp-epoll-3] INFO  reactor.Flux.MonoFlatMapMany.6 - onNext(ElasticQueryWebClientResponseModel(id=1421017125762732033, userId=539955840, text=RT @maimeetangka327: ไม่รู้มีคนรู้มั้ย แทบตรวจ strip test ถ้าขึ้นจางๆ ก็นับเป็นบวกนะทุกคน ไม่จำเป็นต้องเข้มเท่าแถบ control อันนี้ญาติส่งมาถ…, createdAt=2021-07-30T07:57:38Z[UTC]))
2021-08-05 18:02:39 [reactor-tcp-epoll-3] INFO  reactor.Flux.MonoFlatMapMany.6 - request(24)
2021-08-05 18:02:39 [reactor-tcp-epoll-3] INFO  reactor.Flux.MonoFlatMapMany.6 - onNext(ElasticQueryWebClientResponseModel(id=1421017067201855488, userId=1318173555171885056, text=RT @nanaicez: ขอแนะนำเทียนไม่เหม็นกะทิบ้าง adorescentbkk กลิ่นร้านนี้เราว่ามันเก๋ต่างจากกลิ่นร้านทั่วไป เช่น Bad love good test มีกลิ่นควัน…, createdAt=2021-07-30T07:57:24Z[UTC]))
2021-08-05 18:02:40 [reactor-tcp-epoll-3] INFO  reactor.Flux.MonoFlatMapMany.6 - onNext(ElasticQueryWebClientResponseModel(id=1421016672761114630, userId=800682685756649473, text=RT @nanaicez: ขอแนะนำเทียนไม่เหม็นกะทิบ้าง adorescentbkk กลิ่นร้านนี้เราว่ามันเก๋ต่างจากกลิ่นร้านทั่วไป เช่น Bad love good test มีกลิ่นควัน…, createdAt=2021-07-30T07:55:50Z[UTC]))
2021-08-05 18:02:40 [reactor-tcp-epoll-3] INFO  reactor.Flux.MonoFlatMapMany.6 - onNext(ElasticQueryWebClientResponseModel(id=1422184945494024193, userId=2209453538, text=Indian openers before every  major overseas test tour... https://t.co/OcdP7M1rdB, createdAt=2021-08-02T13:18:08Z[UTC]))
2021-08-05 18:02:41 [reactor-tcp-epoll-3] INFO  reactor.Flux.MonoFlatMapMany.6 - onNext(ElasticQueryWebClientResponseModel(id=1422168080550178821, userId=2718632805, text=RT @therealalisonw: when i do my own covid test https://t.co/vbvcMr4QEB, createdAt=2021-08-02T12:11:07Z[UTC]))
2021-08-05 18:02:41 [reactor-tcp-epoll-3] INFO  reactor.Flux.MonoFlatMapMany.6 - onNext(ElasticQueryWebClientResponseModel(id=1422168705396523008, userId=416186211, text=Punaise jvai devoir aller faire un test pour allez voir le film, createdAt=2021-08-02T12:13:36Z[UTC]))
2021-08-05 18:02:42 [reactor-tcp-epoll-3] INFO  reactor.Flux.MonoFlatMapMany.6 - onNext(ElasticQueryWebClientResponseModel(id=1421045097555062785, userId=1419909380330295296, text=RT @Evatwenty: Do you want to test my body?🍑 https://t.co/HYYGKiRNNY, createdAt=2021-07-30T09:48:47Z[UTC]))
2021-08-05 18:02:42 [reactor-tcp-epoll-3] INFO  reactor.Flux.MonoFlatMapMany.6 - onNext(ElasticQueryWebClientResponseModel(id=1422188775116058626, userId=2720823307, text=RT @formyths: style test for the comic i'm working on https://t.co/Wq4ctwUnfl, createdAt=2021-08-02T13:33:21Z[UTC]))
2021-08-05 18:02:43 [reactor-tcp-epoll-3] INFO  reactor.Flux.MonoFlatMapMany.6 - onNext(ElasticQueryWebClientResponseModel(id=1422525422663835671, userId=1191800877146877952, text=RT @espanamelon: La sonrisa de alguien que se libra de un test de orín., createdAt=2021-08-03T11:51:04Z[UTC]))
2021-08-05 18:02:43 [reactor-tcp-epoll-3] INFO  reactor.Flux.MonoFlatMapMany.6 - onNext(ElasticQueryWebClientResponseModel(id=1421045025572487172, userId=758017928151179264, text=@hellspawnlucky @archivedghost It's 2:48 am. But I needed to test it out https://t.co/PwlLsmFMiH, createdAt=2021-07-30T09:48:30Z[UTC]))
2021-08-05 18:02:44 [reactor-tcp-epoll-3] INFO  reactor.Flux.MonoFlatMapMany.6 - onNext(ElasticQueryWebClientResponseModel(id=1422164095889920003, userId=3064520108, text=RT @RudyRoedyanto: Prescon trus doping test utk semua semifinalis, runner up dan juara https://t.co/9B8mQdeuoE, createdAt=2021-08-02T11:55:17Z[UTC]))
2021-08-05 18:02:44 [reactor-tcp-epoll-3] INFO  reactor.Flux.MonoFlatMapMany.6 - onNext(ElasticQueryWebClientResponseModel(id=1422165526193704966, userId=2163280740, text=RT @lady_yyyyy: เลดี้วายเปิดร้านแล้วจ้า!!
#ชุดตรวจโควิด พร้อมส่ง**
📌ยี่ห้อ #Humasis นำเข้าจากเกาหลี [nasal swab,nasalpharyngeal]
📌Testละ 30…, createdAt=2021-08-02T12:00:58Z[UTC]))
2021-08-05 18:02:45 [reactor-tcp-epoll-3] INFO  reactor.Flux.MonoFlatMapMany.6 - onNext(ElasticQueryWebClientResponseModel(id=1422166721515847681, userId=1359411309616328711, text=RT @PikhaDina: 4Fingers midvalley jb ! Contact rapat still kerja harini & belum swab test https://t.co/mawyVKxcSi, createdAt=2021-08-02T12:05:43Z[UTC]))
2021-08-05 18:02:45 [reactor-tcp-epoll-3] INFO  reactor.Flux.MonoFlatMapMany.6 - onNext(ElasticQueryWebClientResponseModel(id=1422188875850649606, userId=2266171558, text=RT @shxmIess: what would she do if she never passed her driving test https://t.co/mkNLCCA3j8, createdAt=2021-08-02T13:33:45Z[UTC]))
2021-08-05 18:02:46 [reactor-tcp-epoll-3] INFO  reactor.Flux.MonoFlatMapMany.6 - onNext(ElasticQueryWebClientResponseModel(id=1422189316319551493, userId=1715128544, text=RT @poppyminp: ฝากรีหน่อยค้ามะกี่พิมพ์บ่ครบ เพื่อนฝากขาย Rapid test ชุดล่ะ 200 บาทต่อชิ้น ไม่เคยเจอที่ไหนถูกเท่านี้ / 1 กล่อง 25 ชุด ราคา 4…, createdAt=2021-08-02T13:35:30Z[UTC]))
2021-08-05 18:02:46 [reactor-tcp-epoll-3] INFO  reactor.Flux.MonoFlatMapMany.6 - onNext(ElasticQueryWebClientResponseModel(id=1422140817582575618, userId=1374849110923214852, text=RT @kaynaknese: Artık bildirileriniz, vesayetleriniz, darbeleriniz sökmez.!
Kimse, 
Bu milletin nabzını da, sabrını da test etmeye kalkması…, createdAt=2021-08-02T10:22:47Z[UTC]))
2021-08-05 18:02:47 [reactor-tcp-epoll-3] INFO  reactor.Flux.MonoFlatMapMany.6 - onNext(ElasticQueryWebClientResponseModel(id=1422186090799243267, userId=1766665758, text=RT @DWUhlfelderLaw: Four hour wait to get COVID-19 test in Orlando, Florida today https://t.co/V1AAGFYbhH, createdAt=2021-08-02T13:22:41Z[UTC]))
2021-08-05 18:02:47 [reactor-tcp-epoll-3] INFO  reactor.Flux.MonoFlatMapMany.6 - onNext(ElasticQueryWebClientResponseModel(id=1422184190607511556, userId=2835390941, text=RT @DWUhlfelderLaw: Four hour wait to get COVID-19 test in Orlando, Florida today https://t.co/V1AAGFYbhH, createdAt=2021-08-02T13:15:08Z[UTC]))
2021-08-05 18:02:48 [reactor-tcp-epoll-3] INFO  reactor.Flux.MonoFlatMapMany.6 - onNext(ElasticQueryWebClientResponseModel(id=1422187827278852099, userId=1415321748480921604, text=RT @kaynaknese: Artık bildirileriniz, vesayetleriniz, darbeleriniz sökmez.!
Kimse, 
Bu milletin nabzını da, sabrını da test etmeye kalkması…, createdAt=2021-08-02T13:29:35Z[UTC]))
2021-08-05 18:02:48 [reactor-tcp-epoll-3] INFO  reactor.Flux.MonoFlatMapMany.6 - onNext(ElasticQueryWebClientResponseModel(id=1423200944628568066, userId=2981444423, text=RT @cafe_borsa1: #asels 200g EMA 15.79 TL fiyatını test etti ve 16.09'a yükseldi. https://t.co/HPdX6LE3Cx, createdAt=2021-08-05T08:35:21Z[UTC]))
2021-08-05 18:02:49 [reactor-tcp-epoll-3] INFO  reactor.Flux.MonoFlatMapMany.6 - onNext(ElasticQueryWebClientResponseModel(id=1421045923845591045, userId=1336881787906101250, text=RT @detailsoftoday: ทุกคน ตรวจ lapid test ก็ใช่ว่าผลจะแม่นนะคะ มันตรวจเบื้องต้นเฉยๆ น้ำตรวจ4อัน ขึ้น2ขีดทั้ง4อัน(แต่เก็บมาแค่นี้) ตอนแรกคิด…, createdAt=2021-07-30T09:52:04Z[UTC]))
2021-08-05 18:02:49 [reactor-tcp-epoll-3] INFO  reactor.Flux.MonoFlatMapMany.6 - onNext(ElasticQueryWebClientResponseModel(id=1422178809579675648, userId=1351447613799759874, text=RT @CricNeelabh: Virat Kohli and Joe Root with the India-England Test series trophy.
#ENGvIND https://t.co/hVbG5waWKs, createdAt=2021-08-02T12:53:45Z[UTC]))
2021-08-05 18:02:50 [reactor-tcp-epoll-3] INFO  reactor.Flux.MonoFlatMapMany.6 - onNext(ElasticQueryWebClientResponseModel(id=1422163939949961224, userId=1397467629154099201, text=Theo Pourchaire will test a Formula One car for the first time later this week.

The F2 rookie and Sauber Academy driver will take part in a Pirelli 2022 tyre test in an Alfa Romeo at the Hungaroring.

#TheFormula / #F1 / #HungarianGP https://t.co/BCQVNqiuiP, createdAt=2021-08-02T11:54:40Z[UTC]))
2021-08-05 18:02:50 [reactor-tcp-epoll-3] INFO  reactor.Flux.MonoFlatMapMany.6 - onNext(ElasticQueryWebClientResponseModel(id=1421044455805652994, userId=340187272, text=RT @ImanAbdulRahim: Ohhh boleh beli Covid-19 self test kit dekat MySejahtera sekarang! Kena update dulu. https://t.co/saDP2HYlyS, createdAt=2021-07-30T09:46:14Z[UTC]))
2021-08-05 18:02:51 [reactor-tcp-epoll-3] INFO  reactor.Flux.MonoFlatMapMany.6 - onNext(ElasticQueryWebClientResponseModel(id=1421044485153202176, userId=300121544, text=RT @ImanAbdulRahim: Ohhh boleh beli Covid-19 self test kit dekat MySejahtera sekarang! Kena update dulu. https://t.co/saDP2HYlyS, createdAt=2021-07-30T09:46:21Z[UTC]))
2021-08-05 18:02:51 [reactor-tcp-epoll-3] INFO  reactor.Flux.MonoFlatMapMany.6 - request(24)
2021-08-05 18:02:51 [reactor-tcp-epoll-3] INFO  reactor.Flux.MonoFlatMapMany.6 - onNext(ElasticQueryWebClientResponseModel(id=1421044988528398353, userId=1058241019, text=RT @ImanAbdulRahim: Ohhh boleh beli Covid-19 self test kit dekat MySejahtera sekarang! Kena update dulu. https://t.co/saDP2HYlyS, createdAt=2021-07-30T09:48:21Z[UTC]))
2021-08-05 18:02:52 [reactor-tcp-epoll-3] INFO  reactor.Flux.MonoFlatMapMany.6 - onNext(ElasticQueryWebClientResponseModel(id=1421045374358200321, userId=1220784397, text=RT @ImanAbdulRahim: Ohhh boleh beli Covid-19 self test kit dekat MySejahtera sekarang! Kena update dulu. https://t.co/saDP2HYlyS, createdAt=2021-07-30T09:49:53Z[UTC]))
2021-08-05 18:02:52 [reactor-tcp-epoll-3] INFO  reactor.Flux.MonoFlatMapMany.6 - onNext(ElasticQueryWebClientResponseModel(id=1421017524221595650, userId=1215323558, text=RT @ImanAbdulRahim: Ohhh boleh beli Covid-19 self test kit dekat MySejahtera sekarang! Kena update dulu. https://t.co/saDP2HYlyS, createdAt=2021-07-30T07:59:13Z[UTC]))
2021-08-05 18:02:53 [reactor-tcp-epoll-3] INFO  reactor.Flux.MonoFlatMapMany.6 - onNext(ElasticQueryWebClientResponseModel(id=1421017092204089346, userId=463918614, text=RT @ImanAbdulRahim: Ohhh boleh beli Covid-19 self test kit dekat MySejahtera sekarang! Kena update dulu. https://t.co/saDP2HYlyS, createdAt=2021-07-30T07:57:30Z[UTC]))
2021-08-05 18:02:53 [reactor-tcp-epoll-3] INFO  reactor.Flux.MonoFlatMapMany.6 - onNext(ElasticQueryWebClientResponseModel(id=1422524759900786694, userId=1413925222881710082, text=RT @nnnancccy: ลูกอายุ1 เดือน ติดโควิด ตรวจเองที่บ้านแบบ ag test ตั้งแต่วันที่ 29/7/21 ติดต่อไป 1330 กับ 1668 ก็เงียบสนิท อยากให้ช่วยกันรีท…, createdAt=2021-08-03T11:48:26Z[UTC]))
2021-08-05 18:02:54 [reactor-tcp-epoll-3] INFO  reactor.Flux.MonoFlatMapMany.6 - onNext(ElasticQueryWebClientResponseModel(id=1422525149954281472, userId=3106791391, text=RT @nnnancccy: ลูกอายุ1 เดือน ติดโควิด ตรวจเองที่บ้านแบบ ag test ตั้งแต่วันที่ 29/7/21 ติดต่อไป 1330 กับ 1668 ก็เงียบสนิท อยากให้ช่วยกันรีท…, createdAt=2021-08-03T11:49:59Z[UTC]))
2021-08-05 18:02:54 [reactor-tcp-epoll-3] INFO  reactor.Flux.MonoFlatMapMany.6 - onNext(ElasticQueryWebClientResponseModel(id=1422525212751327234, userId=939061657929531393, text=RT @nnnancccy: ลูกอายุ1 เดือน ติดโควิด ตรวจเองที่บ้านแบบ ag test ตั้งแต่วันที่ 29/7/21 ติดต่อไป 1330 กับ 1668 ก็เงียบสนิท อยากให้ช่วยกันรีท…, createdAt=2021-08-03T11:50:14Z[UTC]))
2021-08-05 18:02:55 [reactor-tcp-epoll-3] INFO  reactor.Flux.MonoFlatMapMany.6 - onNext(ElasticQueryWebClientResponseModel(id=1422141287356985347, userId=4766680634, text=RT @RCBTweets: #OnThisDay in 2️⃣0️⃣1️⃣8️⃣, Captain Kohli scored his first Test century in 🏴󠁧󠁢󠁥󠁮󠁧󠁿, scoring a brilliant 1️⃣4️⃣9️⃣ in Edgbads…, createdAt=2021-08-02T10:24:39Z[UTC]))
2021-08-05 18:02:55 [reactor-tcp-epoll-3] INFO  reactor.Flux.MonoFlatMapMany.6 - onNext(ElasticQueryWebClientResponseModel(id=1421058645219889156, userId=47874909, text=RT @mansukhmandviya: National Medical Commission के साथ समीक्षा बैठक की। 
 
2023 की पहली छमाही में National Exit Test ( NExT) को सुनिश्चित…, createdAt=2021-07-30T10:42:37Z[UTC]))
2021-08-05 18:02:56 [reactor-tcp-epoll-3] INFO  reactor.Flux.MonoFlatMapMany.6 - onNext(ElasticQueryWebClientResponseModel(id=1422166381873745923, userId=1359895626591387650, text=RT @thehill: Hundreds of staffers at two San Francisco hospitals test positive for COVID-19 https://t.co/9mFBR5NvhK https://t.co/fZ1Nwwi70i, createdAt=2021-08-02T12:04:22Z[UTC]))
2021-08-05 18:02:56 [reactor-tcp-epoll-3] INFO  reactor.Flux.MonoFlatMapMany.6 - onNext(ElasticQueryWebClientResponseModel(id=1422167236941258760, userId=1228212887610515459, text=Virat Kohli's latest pictures in the Nets batting practice and training sessions ahead of Test Series against England. https://t.co/zvyvJJKHQP, createdAt=2021-08-02T12:07:46Z[UTC]))
2021-08-05 18:02:57 [reactor-tcp-epoll-3] INFO  reactor.Flux.MonoFlatMapMany.6 - onNext(ElasticQueryWebClientResponseModel(id=1422167346513211394, userId=211838729, text=RT @MichaelVaughan: Can’t wait for the Test series to start on Weds .. Should be a great series !! #ENGvIND https://t.co/5NErNh85C3, createdAt=2021-08-02T12:08:12Z[UTC]))
2021-08-05 18:02:57 [reactor-tcp-epoll-3] INFO  reactor.Flux.MonoFlatMapMany.6 - onNext(ElasticQueryWebClientResponseModel(id=1422184463363035146, userId=1178512596602736640, text=RT @man4_cricket: Captains Virat Kohli and Joe Root's picture with Test Series Trophy, and starting from 4th August. #INDvENG https://t.co/…, createdAt=2021-08-02T13:16:13Z[UTC]))
2021-08-05 18:02:58 [reactor-tcp-epoll-3] INFO  reactor.Flux.MonoFlatMapMany.6 - onNext(ElasticQueryWebClientResponseModel(id=1422187206660198411, userId=1254857304765333504, text=RT @Peryskop2: Dokument wydany przez Agencję ds. Żywności i Leków (FDA) przyznaje, że test PCR został opracowany nie na rzeczywistych próbk…, createdAt=2021-08-02T13:27:07Z[UTC]))
2021-08-05 18:02:58 [reactor-tcp-epoll-3] INFO  reactor.Flux.MonoFlatMapMany.6 - onNext(ElasticQueryWebClientResponseModel(id=1422187357436928004, userId=1306230604392878080, text=RT @man4_cricket: Virat Kohli's latest pictures in the Nets batting practice and training sessions ahead of Test Series against England. ht…, createdAt=2021-08-02T13:27:43Z[UTC]))
2021-08-05 18:02:59 [reactor-tcp-epoll-3] INFO  reactor.Flux.MonoFlatMapMany.6 - onNext(ElasticQueryWebClientResponseModel(id=1422524965488709638, userId=1343953559822376966, text=RT @thefield_in: #ENGvIND

India captain Virat Kohli is addressing a press conference ahead of the five-Test series against England.

Follo…, createdAt=2021-08-03T11:49:15Z[UTC]))
2021-08-05 18:02:59 [reactor-http-epoll-3] INFO  reactor.Flux.MonoFlatMapMany.6 - cancel()
2021-08-05 18:02:59 [reactor-tcp-epoll-3] ERROR reactor.Flux.MonoFlatMapMany.6 - onError(reactor.netty.http.client.PrematureCloseException: Connection prematurely closed DURING response)
2021-08-05 18:02:59 [reactor-tcp-epoll-3] ERROR reactor.Flux.MonoFlatMapMany.6 - 
reactor.netty.http.client.PrematureCloseException: Connection prematurely closed DURING response
	Suppressed: reactor.core.publisher.FluxOnAssembly$OnAssemblyException: 
Error has been observed at the following site(s):
	|_ checkpoint ⇢ Body from POST http://localhost:8183/reactive-elastic-query-service/documents/get-doc-by-text [DefaultClientResponse]
	|_ checkpoint ⇢ Body from POST http://localhost:8183/reactive-elastic-query-service/documents/get-doc-by-text [DefaultClientResponse]
Stack trace:
