2021-08-02 08:25:15 [background-preinit] INFO  o.h.validator.internal.util.Version - HV000001: Hibernate Validator 6.2.0.Final
2021-08-02 08:25:15 [background-preinit] INFO  o.h.validator.internal.util.Version - HV000001: Hibernate Validator 6.2.0.Final
2021-08-02 08:25:20 [main] INFO  o.s.c.c.c.ConfigServicePropertySourceLocator - Fetching config from server at : http://config-server:8888
2021-08-02 08:25:21 [main] INFO  o.s.c.c.c.ConfigServicePropertySourceLocator - Fetching config from server at : http://config-server:8888
2021-08-02 08:25:49 [main] INFO  o.s.c.c.c.ConfigServicePropertySourceLocator - Located environment: name=elastic-query-service,config-client, profiles=[elastic_query], label=null, version=24703720caf78fa266e8731ead4a58c92f6bd3c2, state=null
2021-08-02 08:25:49 [main] INFO  o.s.c.b.c.PropertySourceBootstrapConfiguration - Located property source: [BootstrapPropertySource {name='bootstrapProperties-configClient'}, BootstrapPropertySource {name='bootstrapProperties-https://github.com/OnceUponATimeMathley/spring-cloud-config-server-repository-3/config-client-elastic_query.yml'}, BootstrapPropertySource {name='bootstrapProperties-https://github.com/OnceUponATimeMathley/spring-cloud-config-server-repository-3/config-client.yml'}]
2021-08-02 08:25:49 [main] INFO  c.m.d.e.q.s.ElasticQueryServiceApplication - The following profiles are active: elastic_query
2021-08-02 08:25:54 [main] INFO  o.s.d.r.c.RepositoryConfigurationDelegate - Bootstrapping Spring Data Elasticsearch repositories in DEFAULT mode.
2021-08-02 08:25:54 [main] INFO  o.s.d.r.c.RepositoryConfigurationDelegate - Finished Spring Data repository scanning in 107 ms. Found 1 Elasticsearch repository interfaces.
2021-08-02 08:25:55 [main] INFO  o.s.d.r.c.RepositoryConfigurationDelegate - Bootstrapping Spring Data Reactive Elasticsearch repositories in DEFAULT mode.
2021-08-02 08:25:55 [main] INFO  o.s.d.r.c.RepositoryConfigurationDelegate - Finished Spring Data repository scanning in 2 ms. Found 0 Reactive Elasticsearch repository interfaces.
2021-08-02 08:25:55 [main] INFO  o.s.cloud.context.scope.GenericScope - BeanFactory id=80d0bf78-55b3-3c52-9f4f-25bbabf5c3bf
2021-08-02 08:25:56 [main] INFO  o.s.b.w.e.tomcat.TomcatWebServer - Tomcat initialized with port(s): 8183 (http)
2021-08-02 08:25:56 [main] INFO  o.a.coyote.http11.Http11NioProtocol - Initializing ProtocolHandler ["http-nio-8183"]
2021-08-02 08:25:56 [main] INFO  o.a.catalina.core.StandardService - Starting service [Tomcat]
2021-08-02 08:25:56 [main] INFO  o.a.catalina.core.StandardEngine - Starting Servlet engine: [Apache Tomcat/9.0.48]
2021-08-02 08:25:56 [main] INFO  o.a.c.c.C.[.[.[/elastic-query-service] - Initializing Spring embedded WebApplicationContext
2021-08-02 08:25:56 [main] INFO  o.s.b.w.s.c.ServletWebServerApplicationContext - Root WebApplicationContext: initialization completed in 5884 ms
2021-08-02 08:25:58 [main] INFO  o.s.d.e.support.VersionInfo - Version Spring Data Elasticsearch: 4.2.2
2021-08-02 08:25:58 [main] INFO  o.s.d.e.support.VersionInfo - Version Elasticsearch Client in build: 7.12.1
2021-08-02 08:25:58 [main] INFO  o.s.d.e.support.VersionInfo - Version Elasticsearch Client used: 7.9.1
2021-08-02 08:25:58 [main] WARN  o.s.d.e.support.VersionInfo - Version mismatch in between Elasticsearch Clients build/use: 7.12.1 - 7.9.1
2021-08-02 08:25:58 [main] INFO  o.s.d.e.support.VersionInfo - Version Elasticsearch cluster: 7.9.1
2021-08-02 08:25:59 [main] INFO  o.s.s.web.DefaultSecurityFilterChain - Will secure Ant [pattern='/api-docs'] with []
2021-08-02 08:25:59 [main] INFO  o.s.s.web.DefaultSecurityFilterChain - Will secure any request with [org.springframework.security.web.context.request.async.WebAsyncManagerIntegrationFilter@4a6facb0, org.springframework.security.web.context.SecurityContextPersistenceFilter@6879e983, org.springframework.security.web.header.HeaderWriterFilter@af3295f, org.springframework.security.web.authentication.logout.LogoutFilter@30665461, org.springframework.security.web.authentication.www.BasicAuthenticationFilter@11582db6, org.springframework.security.web.savedrequest.RequestCacheAwareFilter@45d38165, org.springframework.security.web.servletapi.SecurityContextHolderAwareRequestFilter@6eb5b9e7, org.springframework.security.web.authentication.AnonymousAuthenticationFilter@4feec184, org.springframework.security.web.session.SessionManagementFilter@4ae2c01b, org.springframework.security.web.access.ExceptionTranslationFilter@72ec16f8, org.springframework.security.web.access.intercept.FilterSecurityInterceptor@25f14e93]
2021-08-02 08:26:01 [main] INFO  o.s.c.c.c.ConfigServicePropertySourceLocator - Located environment: name=elastic-query-service,config-client, profiles=[elastic_query], label=null, version=24703720caf78fa266e8731ead4a58c92f6bd3c2, state=null
2021-08-02 08:26:01 [main] INFO  o.s.c.b.c.PropertySourceBootstrapConfiguration - Located property source: [BootstrapPropertySource {name='bootstrapProperties-configClient'}, BootstrapPropertySource {name='bootstrapProperties-https://github.com/OnceUponATimeMathley/spring-cloud-config-server-repository-3/config-client-elastic_query.yml'}, BootstrapPropertySource {name='bootstrapProperties-https://github.com/OnceUponATimeMathley/spring-cloud-config-server-repository-3/config-client.yml'}]
2021-08-02 08:26:01 [main] INFO  c.m.d.e.q.s.ElasticQueryServiceApplication - The following profiles are active: elastic_query
2021-08-02 08:26:02 [main] INFO  o.s.d.r.c.RepositoryConfigurationDelegate - Bootstrapping Spring Data Elasticsearch repositories in DEFAULT mode.
2021-08-02 08:26:02 [main] INFO  o.s.d.r.c.RepositoryConfigurationDelegate - Finished Spring Data repository scanning in 68 ms. Found 1 Elasticsearch repository interfaces.
2021-08-02 08:26:02 [main] INFO  o.s.d.r.c.RepositoryConfigurationDelegate - Bootstrapping Spring Data Reactive Elasticsearch repositories in DEFAULT mode.
2021-08-02 08:26:02 [main] INFO  o.s.d.r.c.RepositoryConfigurationDelegate - Finished Spring Data repository scanning in 5 ms. Found 0 Reactive Elasticsearch repository interfaces.
2021-08-02 08:26:03 [main] INFO  o.a.coyote.http11.Http11NioProtocol - Starting ProtocolHandler ["http-nio-8183"]
2021-08-02 08:26:03 [main] INFO  o.s.b.w.e.tomcat.TomcatWebServer - Tomcat started on port(s): 8183 (http) with context path '/elastic-query-service'
2021-08-02 08:26:03 [main] INFO  c.m.d.e.q.s.ElasticQueryServiceApplication - Started ElasticQueryServiceApplication in 51.792 seconds (JVM running for 53.925)
2021-08-02 08:26:03 [main] INFO  o.s.cloud.context.scope.GenericScope - BeanFactory id=80d0bf78-55b3-3c52-9f4f-25bbabf5c3bf
2021-08-02 08:26:03 [main] INFO  o.s.b.w.e.tomcat.TomcatWebServer - Tomcat initialized with port(s): 8185 (http)
2021-08-02 08:26:03 [main] INFO  o.a.coyote.http11.Http11NioProtocol - Initializing ProtocolHandler ["http-nio-8185"]
2021-08-02 08:26:03 [main] INFO  o.a.catalina.core.StandardService - Starting service [Tomcat]
2021-08-02 08:26:03 [main] INFO  o.a.catalina.core.StandardEngine - Starting Servlet engine: [Apache Tomcat/9.0.48]
2021-08-02 08:26:03 [main] INFO  o.a.c.c.C.[.[.[/elastic-query-service] - Initializing Spring embedded WebApplicationContext
2021-08-02 08:26:03 [main] INFO  o.s.b.w.s.c.ServletWebServerApplicationContext - Root WebApplicationContext: initialization completed in 2488 ms
2021-08-02 08:26:05 [main] INFO  o.s.d.e.support.VersionInfo - Version Spring Data Elasticsearch: 4.2.2
2021-08-02 08:26:05 [main] INFO  o.s.d.e.support.VersionInfo - Version Elasticsearch Client in build: 7.12.1
2021-08-02 08:26:05 [main] INFO  o.s.d.e.support.VersionInfo - Version Elasticsearch Client used: 7.9.1
2021-08-02 08:26:05 [main] WARN  o.s.d.e.support.VersionInfo - Version mismatch in between Elasticsearch Clients build/use: 7.12.1 - 7.9.1
2021-08-02 08:26:05 [main] INFO  o.s.d.e.support.VersionInfo - Version Elasticsearch cluster: 7.9.1
2021-08-02 08:26:05 [main] INFO  o.s.s.web.DefaultSecurityFilterChain - Will secure Ant [pattern='/api-docs'] with []
2021-08-02 08:26:05 [main] INFO  o.s.s.web.DefaultSecurityFilterChain - Will secure any request with [org.springframework.security.web.context.request.async.WebAsyncManagerIntegrationFilter@12a0d249, org.springframework.security.web.context.SecurityContextPersistenceFilter@627d35ff, org.springframework.security.web.header.HeaderWriterFilter@1ba7db2a, org.springframework.security.web.authentication.logout.LogoutFilter@662713b6, org.springframework.security.web.authentication.www.BasicAuthenticationFilter@424a152f, org.springframework.security.web.savedrequest.RequestCacheAwareFilter@3245efdb, org.springframework.security.web.servletapi.SecurityContextHolderAwareRequestFilter@1cab19e2, org.springframework.security.web.authentication.AnonymousAuthenticationFilter@3c62be3c, org.springframework.security.web.session.SessionManagementFilter@27dc81be, org.springframework.security.web.access.ExceptionTranslationFilter@5d7ff311, org.springframework.security.web.access.intercept.FilterSecurityInterceptor@35d4035f]
2021-08-02 08:26:07 [main] INFO  o.a.coyote.http11.Http11NioProtocol - Starting ProtocolHandler ["http-nio-8185"]
2021-08-02 08:26:07 [main] INFO  o.s.b.w.e.tomcat.TomcatWebServer - Tomcat started on port(s): 8185 (http) with context path '/elastic-query-service'
2021-08-02 08:26:07 [main] INFO  c.m.d.e.q.s.ElasticQueryServiceApplication - Started ElasticQueryServiceApplication in 56.304 seconds (JVM running for 64.108)
2021-08-02 12:34:06 [background-preinit] INFO  o.h.validator.internal.util.Version - HV000001: Hibernate Validator 6.2.0.Final
2021-08-02 12:34:11 [main] INFO  o.s.c.c.c.ConfigServicePropertySourceLocator - Fetching config from server at : http://config-server:8888
2021-08-02 12:34:14 [main] INFO  o.s.c.c.c.ConfigServicePropertySourceLocator - Located environment: name=elastic-query-service,config-client, profiles=[elastic_query], label=null, version=24703720caf78fa266e8731ead4a58c92f6bd3c2, state=null
2021-08-02 12:34:14 [main] INFO  o.s.c.b.c.PropertySourceBootstrapConfiguration - Located property source: [BootstrapPropertySource {name='bootstrapProperties-configClient'}, BootstrapPropertySource {name='bootstrapProperties-https://github.com/OnceUponATimeMathley/spring-cloud-config-server-repository-3/config-client-elastic_query.yml'}, BootstrapPropertySource {name='bootstrapProperties-https://github.com/OnceUponATimeMathley/spring-cloud-config-server-repository-3/config-client.yml'}]
2021-08-02 12:34:14 [main] INFO  c.m.d.e.q.s.ElasticQueryServiceApplication - The following profiles are active: elastic_query
2021-08-02 12:34:20 [main] INFO  o.s.d.r.c.RepositoryConfigurationDelegate - Bootstrapping Spring Data Elasticsearch repositories in DEFAULT mode.
2021-08-02 12:34:21 [main] INFO  o.s.d.r.c.RepositoryConfigurationDelegate - Finished Spring Data repository scanning in 426 ms. Found 1 Elasticsearch repository interfaces.
2021-08-02 12:34:23 [main] INFO  o.s.d.r.c.RepositoryConfigurationDelegate - Bootstrapping Spring Data Reactive Elasticsearch repositories in DEFAULT mode.
2021-08-02 12:34:23 [main] INFO  o.s.d.r.c.RepositoryConfigurationDelegate - Finished Spring Data repository scanning in 3 ms. Found 0 Reactive Elasticsearch repository interfaces.
2021-08-02 12:34:25 [main] INFO  o.s.cloud.context.scope.GenericScope - BeanFactory id=80d0bf78-55b3-3c52-9f4f-25bbabf5c3bf
2021-08-02 12:34:25 [main] INFO  o.s.b.w.e.tomcat.TomcatWebServer - Tomcat initialized with port(s): 8183 (http)
2021-08-02 12:34:25 [main] INFO  o.a.coyote.http11.Http11NioProtocol - Initializing ProtocolHandler ["http-nio-8183"]
2021-08-02 12:34:25 [main] INFO  o.a.catalina.core.StandardService - Starting service [Tomcat]
2021-08-02 12:34:25 [main] INFO  o.a.catalina.core.StandardEngine - Starting Servlet engine: [Apache Tomcat/9.0.48]
2021-08-02 12:34:25 [main] INFO  o.a.c.c.C.[.[.[/elastic-query-service] - Initializing Spring embedded WebApplicationContext
2021-08-02 12:34:25 [main] INFO  o.s.b.w.s.c.ServletWebServerApplicationContext - Root WebApplicationContext: initialization completed in 11138 ms
2021-08-02 12:34:32 [main] INFO  o.s.d.e.support.VersionInfo - Version Spring Data Elasticsearch: 4.2.2
2021-08-02 12:34:32 [main] INFO  o.s.d.e.support.VersionInfo - Version Elasticsearch Client in build: 7.12.1
2021-08-02 12:34:32 [main] INFO  o.s.d.e.support.VersionInfo - Version Elasticsearch Client used: 7.9.1
2021-08-02 12:34:32 [main] WARN  o.s.d.e.support.VersionInfo - Version mismatch in between Elasticsearch Clients build/use: 7.12.1 - 7.9.1
2021-08-02 12:34:32 [main] INFO  o.s.d.e.support.VersionInfo - Version Elasticsearch cluster: 7.9.1
2021-08-02 12:34:35 [main] INFO  o.s.s.web.DefaultSecurityFilterChain - Will secure Ant [pattern='/api-docs'] with []
2021-08-02 12:34:35 [main] INFO  o.s.s.web.DefaultSecurityFilterChain - Will secure any request with [org.springframework.security.web.context.request.async.WebAsyncManagerIntegrationFilter@56da8847, org.springframework.security.web.context.SecurityContextPersistenceFilter@2cff03cf, org.springframework.security.web.header.HeaderWriterFilter@1e50eb3f, org.springframework.security.web.authentication.logout.LogoutFilter@2d3c501b, org.springframework.security.web.authentication.www.BasicAuthenticationFilter@55e5415d, org.springframework.security.web.savedrequest.RequestCacheAwareFilter@19e2db7c, org.springframework.security.web.servletapi.SecurityContextHolderAwareRequestFilter@3595086b, org.springframework.security.web.authentication.AnonymousAuthenticationFilter@7323c38c, org.springframework.security.web.session.SessionManagementFilter@762cdf46, org.springframework.security.web.access.ExceptionTranslationFilter@35841d6, org.springframework.security.web.access.intercept.FilterSecurityInterceptor@27746c5e]
2021-08-02 12:34:43 [main] INFO  o.a.coyote.http11.Http11NioProtocol - Starting ProtocolHandler ["http-nio-8183"]
2021-08-02 12:34:43 [main] INFO  o.s.b.w.e.tomcat.TomcatWebServer - Tomcat started on port(s): 8183 (http) with context path '/elastic-query-service'
2021-08-02 12:34:43 [main] INFO  c.m.d.e.q.s.ElasticQueryServiceApplication - Started ElasticQueryServiceApplication in 39.067 seconds (JVM running for 49.495)
2021-08-02 12:52:20 [background-preinit] INFO  o.h.validator.internal.util.Version - HV000001: Hibernate Validator 6.2.0.Final
2021-08-02 12:52:22 [main] INFO  o.s.c.c.c.ConfigServicePropertySourceLocator - Fetching config from server at : http://config-server:8888
2021-08-02 12:52:26 [main] INFO  o.s.c.c.c.ConfigServicePropertySourceLocator - Located environment: name=elastic-query-service,config-client, profiles=[elastic_query], label=null, version=24703720caf78fa266e8731ead4a58c92f6bd3c2, state=null
2021-08-02 12:52:26 [main] INFO  o.s.c.b.c.PropertySourceBootstrapConfiguration - Located property source: [BootstrapPropertySource {name='bootstrapProperties-configClient'}, BootstrapPropertySource {name='bootstrapProperties-https://github.com/OnceUponATimeMathley/spring-cloud-config-server-repository-3/config-client-elastic_query.yml'}, BootstrapPropertySource {name='bootstrapProperties-https://github.com/OnceUponATimeMathley/spring-cloud-config-server-repository-3/config-client.yml'}]
2021-08-02 12:52:26 [main] INFO  c.m.d.e.q.s.ElasticQueryServiceApplication - The following profiles are active: elastic_query
2021-08-02 12:52:32 [main] INFO  o.s.d.r.c.RepositoryConfigurationDelegate - Bootstrapping Spring Data Elasticsearch repositories in DEFAULT mode.
2021-08-02 12:52:32 [main] INFO  o.s.d.r.c.RepositoryConfigurationDelegate - Finished Spring Data repository scanning in 138 ms. Found 1 Elasticsearch repository interfaces.
2021-08-02 12:52:33 [main] INFO  o.s.d.r.c.RepositoryConfigurationDelegate - Bootstrapping Spring Data Reactive Elasticsearch repositories in DEFAULT mode.
2021-08-02 12:52:33 [main] INFO  o.s.d.r.c.RepositoryConfigurationDelegate - Finished Spring Data repository scanning in 6 ms. Found 0 Reactive Elasticsearch repository interfaces.
2021-08-02 12:52:34 [main] INFO  o.s.cloud.context.scope.GenericScope - BeanFactory id=80d0bf78-55b3-3c52-9f4f-25bbabf5c3bf
2021-08-02 12:52:38 [main] INFO  o.s.b.w.e.tomcat.TomcatWebServer - Tomcat initialized with port(s): 8183 (http)
2021-08-02 12:52:39 [main] INFO  o.a.coyote.http11.Http11NioProtocol - Initializing ProtocolHandler ["http-nio-8183"]
2021-08-02 12:52:39 [main] INFO  o.a.catalina.core.StandardService - Starting service [Tomcat]
2021-08-02 12:52:39 [main] INFO  o.a.catalina.core.StandardEngine - Starting Servlet engine: [Apache Tomcat/9.0.48]
2021-08-02 12:52:39 [main] INFO  o.a.c.c.C.[.[.[/elastic-query-service] - Initializing Spring embedded WebApplicationContext
2021-08-02 12:52:39 [main] INFO  o.s.b.w.s.c.ServletWebServerApplicationContext - Root WebApplicationContext: initialization completed in 12181 ms
2021-08-02 12:52:46 [main] INFO  o.s.d.e.support.VersionInfo - Version Spring Data Elasticsearch: 4.2.2
2021-08-02 12:52:46 [main] INFO  o.s.d.e.support.VersionInfo - Version Elasticsearch Client in build: 7.12.1
2021-08-02 12:52:46 [main] INFO  o.s.d.e.support.VersionInfo - Version Elasticsearch Client used: 7.9.1
2021-08-02 12:52:46 [main] WARN  o.s.d.e.support.VersionInfo - Version mismatch in between Elasticsearch Clients build/use: 7.12.1 - 7.9.1
2021-08-02 12:52:46 [main] INFO  o.s.d.e.support.VersionInfo - Version Elasticsearch cluster: 7.9.1
2021-08-02 12:52:51 [main] INFO  o.s.s.web.DefaultSecurityFilterChain - Will secure Ant [pattern='/api-docs'] with []
2021-08-02 12:52:52 [main] INFO  o.s.s.web.DefaultSecurityFilterChain - Will secure any request with [org.springframework.security.web.context.request.async.WebAsyncManagerIntegrationFilter@56da8847, org.springframework.security.web.context.SecurityContextPersistenceFilter@2cff03cf, org.springframework.security.web.header.HeaderWriterFilter@1e50eb3f, org.springframework.security.web.authentication.logout.LogoutFilter@2d3c501b, org.springframework.security.web.authentication.www.BasicAuthenticationFilter@55e5415d, org.springframework.security.web.savedrequest.RequestCacheAwareFilter@19e2db7c, org.springframework.security.web.servletapi.SecurityContextHolderAwareRequestFilter@3595086b, org.springframework.security.web.authentication.AnonymousAuthenticationFilter@7323c38c, org.springframework.security.web.session.SessionManagementFilter@762cdf46, org.springframework.security.web.access.ExceptionTranslationFilter@35841d6, org.springframework.security.web.access.intercept.FilterSecurityInterceptor@27746c5e]
2021-08-02 12:52:59 [main] INFO  o.a.coyote.http11.Http11NioProtocol - Starting ProtocolHandler ["http-nio-8183"]
2021-08-02 12:52:59 [main] INFO  o.s.b.w.e.tomcat.TomcatWebServer - Tomcat started on port(s): 8183 (http) with context path '/elastic-query-service'
2021-08-02 12:52:59 [main] INFO  c.m.d.e.q.s.ElasticQueryServiceApplication - Started ElasticQueryServiceApplication in 39.816 seconds (JVM running for 45.522)
2021-08-02 12:53:49 [http-nio-8183-exec-1] INFO  o.a.c.c.C.[.[.[/elastic-query-service] - Initializing Spring DispatcherServlet 'dispatcherServlet'
2021-08-02 12:53:49 [http-nio-8183-exec-1] INFO  o.s.web.servlet.DispatcherServlet - Initializing Servlet 'dispatcherServlet'
2021-08-02 12:53:49 [http-nio-8183-exec-1] INFO  o.s.web.servlet.DispatcherServlet - Completed initialization in 1 ms
2021-08-02 12:54:04 [http-nio-8183-exec-2] INFO  c.m.d.e.q.s.b.i.TwitterElasticQueryService - Querying elasticsearch by id 1421016647792357381
2021-08-02 12:54:06 [http-nio-8183-exec-2] INFO  c.m.d.e.q.c.s.i.TwitterElasticRepositoryQueryClient - Document with id 1421016647792357381 retrieved successfully
2021-08-02 13:13:50 [background-preinit] INFO  o.h.validator.internal.util.Version - HV000001: Hibernate Validator 6.2.0.Final
2021-08-02 13:13:51 [background-preinit] INFO  o.h.validator.internal.util.Version - HV000001: Hibernate Validator 6.2.0.Final
2021-08-02 13:13:53 [main] INFO  o.s.c.c.c.ConfigServicePropertySourceLocator - Fetching config from server at : http://config-server:8888
2021-08-02 13:13:53 [main] INFO  o.s.c.c.c.ConfigServicePropertySourceLocator - Fetching config from server at : http://config-server:8888
2021-08-02 13:13:57 [main] INFO  o.s.c.c.c.ConfigServicePropertySourceLocator - Located environment: name=elastic-query-service,config-client, profiles=[elastic_query], label=null, version=24703720caf78fa266e8731ead4a58c92f6bd3c2, state=null
2021-08-02 13:13:57 [main] INFO  o.s.c.b.c.PropertySourceBootstrapConfiguration - Located property source: [BootstrapPropertySource {name='bootstrapProperties-configClient'}, BootstrapPropertySource {name='bootstrapProperties-https://github.com/OnceUponATimeMathley/spring-cloud-config-server-repository-3/config-client-elastic_query.yml'}, BootstrapPropertySource {name='bootstrapProperties-https://github.com/OnceUponATimeMathley/spring-cloud-config-server-repository-3/config-client.yml'}]
2021-08-02 13:13:57 [main] INFO  c.m.d.e.q.s.ElasticQueryServiceApplication - The following profiles are active: elastic_query
2021-08-02 13:13:59 [main] INFO  o.s.d.r.c.RepositoryConfigurationDelegate - Bootstrapping Spring Data Elasticsearch repositories in DEFAULT mode.
2021-08-02 13:14:00 [main] INFO  o.s.c.c.c.ConfigServicePropertySourceLocator - Located environment: name=elastic-query-service,config-client, profiles=[elastic_query], label=null, version=24703720caf78fa266e8731ead4a58c92f6bd3c2, state=null
2021-08-02 13:14:00 [main] INFO  o.s.c.b.c.PropertySourceBootstrapConfiguration - Located property source: [BootstrapPropertySource {name='bootstrapProperties-configClient'}, BootstrapPropertySource {name='bootstrapProperties-https://github.com/OnceUponATimeMathley/spring-cloud-config-server-repository-3/config-client-elastic_query.yml'}, BootstrapPropertySource {name='bootstrapProperties-https://github.com/OnceUponATimeMathley/spring-cloud-config-server-repository-3/config-client.yml'}]
2021-08-02 13:14:00 [main] INFO  c.m.d.e.q.s.ElasticQueryServiceApplication - The following profiles are active: elastic_query
2021-08-02 13:14:00 [main] INFO  o.s.d.r.c.RepositoryConfigurationDelegate - Bootstrapping Spring Data Elasticsearch repositories in DEFAULT mode.
2021-08-02 13:14:00 [main] INFO  o.s.d.r.c.RepositoryConfigurationDelegate - Finished Spring Data repository scanning in 714 ms. Found 1 Elasticsearch repository interfaces.
2021-08-02 13:14:00 [main] INFO  o.s.d.r.c.RepositoryConfigurationDelegate - Finished Spring Data repository scanning in 90 ms. Found 1 Elasticsearch repository interfaces.
2021-08-02 13:14:03 [main] INFO  o.s.d.r.c.RepositoryConfigurationDelegate - Bootstrapping Spring Data Reactive Elasticsearch repositories in DEFAULT mode.
2021-08-02 13:14:03 [main] INFO  o.s.d.r.c.RepositoryConfigurationDelegate - Bootstrapping Spring Data Reactive Elasticsearch repositories in DEFAULT mode.
2021-08-02 13:14:03 [main] INFO  o.s.d.r.c.RepositoryConfigurationDelegate - Finished Spring Data repository scanning in 4 ms. Found 0 Reactive Elasticsearch repository interfaces.
2021-08-02 13:14:03 [main] INFO  o.s.d.r.c.RepositoryConfigurationDelegate - Finished Spring Data repository scanning in 5 ms. Found 0 Reactive Elasticsearch repository interfaces.
2021-08-02 13:14:04 [main] INFO  o.s.cloud.context.scope.GenericScope - BeanFactory id=80d0bf78-55b3-3c52-9f4f-25bbabf5c3bf
2021-08-02 13:14:04 [main] INFO  o.s.cloud.context.scope.GenericScope - BeanFactory id=80d0bf78-55b3-3c52-9f4f-25bbabf5c3bf
2021-08-02 13:14:10 [main] INFO  o.s.b.w.e.tomcat.TomcatWebServer - Tomcat initialized with port(s): 8183 (http)
2021-08-02 13:14:10 [main] INFO  o.s.b.w.e.tomcat.TomcatWebServer - Tomcat initialized with port(s): 8185 (http)
2021-08-02 13:14:10 [main] INFO  o.a.coyote.http11.Http11NioProtocol - Initializing ProtocolHandler ["http-nio-8185"]
2021-08-02 13:14:10 [main] INFO  o.a.coyote.http11.Http11NioProtocol - Initializing ProtocolHandler ["http-nio-8183"]
2021-08-02 13:14:10 [main] INFO  o.a.catalina.core.StandardService - Starting service [Tomcat]
2021-08-02 13:14:10 [main] INFO  o.a.catalina.core.StandardService - Starting service [Tomcat]
2021-08-02 13:14:10 [main] INFO  o.a.catalina.core.StandardEngine - Starting Servlet engine: [Apache Tomcat/9.0.48]
2021-08-02 13:14:10 [main] INFO  o.a.catalina.core.StandardEngine - Starting Servlet engine: [Apache Tomcat/9.0.48]
2021-08-02 13:14:11 [main] INFO  o.a.c.c.C.[.[.[/elastic-query-service] - Initializing Spring embedded WebApplicationContext
2021-08-02 13:14:11 [main] INFO  o.s.b.w.s.c.ServletWebServerApplicationContext - Root WebApplicationContext: initialization completed in 13855 ms
2021-08-02 13:14:11 [main] INFO  o.a.c.c.C.[.[.[/elastic-query-service] - Initializing Spring embedded WebApplicationContext
2021-08-02 13:14:11 [main] INFO  o.s.b.w.s.c.ServletWebServerApplicationContext - Root WebApplicationContext: initialization completed in 10959 ms
2021-08-02 13:14:19 [main] INFO  o.s.d.e.support.VersionInfo - Version Spring Data Elasticsearch: 4.2.2
2021-08-02 13:14:19 [main] INFO  o.s.d.e.support.VersionInfo - Version Spring Data Elasticsearch: 4.2.2
2021-08-02 13:14:19 [main] INFO  o.s.d.e.support.VersionInfo - Version Elasticsearch Client in build: 7.12.1
2021-08-02 13:14:19 [main] INFO  o.s.d.e.support.VersionInfo - Version Elasticsearch Client in build: 7.12.1
2021-08-02 13:14:19 [main] INFO  o.s.d.e.support.VersionInfo - Version Elasticsearch Client used: 7.9.1
2021-08-02 13:14:19 [main] INFO  o.s.d.e.support.VersionInfo - Version Elasticsearch Client used: 7.9.1
2021-08-02 13:14:19 [main] WARN  o.s.d.e.support.VersionInfo - Version mismatch in between Elasticsearch Clients build/use: 7.12.1 - 7.9.1
2021-08-02 13:14:19 [main] WARN  o.s.d.e.support.VersionInfo - Version mismatch in between Elasticsearch Clients build/use: 7.12.1 - 7.9.1
2021-08-02 13:14:19 [main] INFO  o.s.d.e.support.VersionInfo - Version Elasticsearch cluster: 7.9.1
2021-08-02 13:14:19 [main] INFO  o.s.d.e.support.VersionInfo - Version Elasticsearch cluster: 7.9.1
2021-08-02 13:14:29 [main] INFO  o.s.s.web.DefaultSecurityFilterChain - Will secure Ant [pattern='/api-docs'] with []
2021-08-02 13:14:29 [main] INFO  o.s.s.web.DefaultSecurityFilterChain - Will secure Ant [pattern='/api-docs'] with []
2021-08-02 13:14:29 [main] INFO  o.s.s.web.DefaultSecurityFilterChain - Will secure any request with [org.springframework.security.web.context.request.async.WebAsyncManagerIntegrationFilter@63a72cc6, org.springframework.security.web.context.SecurityContextPersistenceFilter@77a4bac, org.springframework.security.web.header.HeaderWriterFilter@785d6a98, org.springframework.security.web.authentication.logout.LogoutFilter@7619fbe7, org.springframework.security.web.authentication.www.BasicAuthenticationFilter@4d75c604, org.springframework.security.web.savedrequest.RequestCacheAwareFilter@7d5a0b14, org.springframework.security.web.servletapi.SecurityContextHolderAwareRequestFilter@3245efdb, org.springframework.security.web.authentication.AnonymousAuthenticationFilter@61bd0845, org.springframework.security.web.session.SessionManagementFilter@924f3f1, org.springframework.security.web.access.ExceptionTranslationFilter@12e3f4ae, org.springframework.security.web.access.intercept.FilterSecurityInterceptor@50e1f3fc]
2021-08-02 13:14:29 [main] INFO  o.s.s.web.DefaultSecurityFilterChain - Will secure any request with [org.springframework.security.web.context.request.async.WebAsyncManagerIntegrationFilter@74231642, org.springframework.security.web.context.SecurityContextPersistenceFilter@1cab19e2, org.springframework.security.web.header.HeaderWriterFilter@279e1422, org.springframework.security.web.authentication.logout.LogoutFilter@2ed7978c, org.springframework.security.web.authentication.www.BasicAuthenticationFilter@5a8b42a3, org.springframework.security.web.savedrequest.RequestCacheAwareFilter@196d684b, org.springframework.security.web.servletapi.SecurityContextHolderAwareRequestFilter@96be1ae, org.springframework.security.web.authentication.AnonymousAuthenticationFilter@4a6facb0, org.springframework.security.web.session.SessionManagementFilter@312819ae, org.springframework.security.web.access.ExceptionTranslationFilter@7d5a0b14, org.springframework.security.web.access.intercept.FilterSecurityInterceptor@4d525897]
2021-08-02 13:14:49 [main] INFO  o.a.coyote.http11.Http11NioProtocol - Starting ProtocolHandler ["http-nio-8183"]
2021-08-02 13:14:49 [main] INFO  o.a.coyote.http11.Http11NioProtocol - Starting ProtocolHandler ["http-nio-8185"]
2021-08-02 13:14:49 [main] INFO  o.s.b.w.e.tomcat.TomcatWebServer - Tomcat started on port(s): 8185 (http) with context path '/elastic-query-service'
2021-08-02 13:14:49 [main] INFO  o.s.b.w.e.tomcat.TomcatWebServer - Tomcat started on port(s): 8183 (http) with context path '/elastic-query-service'
2021-08-02 13:14:50 [main] INFO  c.m.d.e.q.s.ElasticQueryServiceApplication - Started ElasticQueryServiceApplication in 63.063 seconds (JVM running for 64.974)
2021-08-02 13:14:50 [main] INFO  c.m.d.e.q.s.ElasticQueryServiceApplication - Started ElasticQueryServiceApplication in 63.088 seconds (JVM running for 65.932)
2021-08-02 14:17:11 [background-preinit] INFO  o.h.validator.internal.util.Version - HV000001: Hibernate Validator 6.2.0.Final
2021-08-02 14:17:11 [background-preinit] INFO  o.h.validator.internal.util.Version - HV000001: Hibernate Validator 6.2.0.Final
2021-08-02 14:17:31 [main] INFO  o.s.c.c.c.ConfigServicePropertySourceLocator - Fetching config from server at : http://config-server:8888
2021-08-02 14:17:32 [main] INFO  o.s.c.c.c.ConfigServicePropertySourceLocator - Fetching config from server at : http://config-server:8888
2021-08-02 14:17:51 [main] INFO  o.s.c.c.c.ConfigServicePropertySourceLocator - Located environment: name=elastic-query-service,config-client, profiles=[elastic_query], label=null, version=24703720caf78fa266e8731ead4a58c92f6bd3c2, state=null
2021-08-02 14:17:51 [main] INFO  o.s.c.b.c.PropertySourceBootstrapConfiguration - Located property source: [BootstrapPropertySource {name='bootstrapProperties-configClient'}, BootstrapPropertySource {name='bootstrapProperties-https://github.com/OnceUponATimeMathley/spring-cloud-config-server-repository-3/config-client-elastic_query.yml'}, BootstrapPropertySource {name='bootstrapProperties-https://github.com/OnceUponATimeMathley/spring-cloud-config-server-repository-3/config-client.yml'}]
2021-08-02 14:17:51 [main] INFO  c.m.d.e.q.s.ElasticQueryServiceApplication - The following profiles are active: elastic_query
2021-08-02 14:17:56 [main] INFO  o.s.c.c.c.ConfigServicePropertySourceLocator - Located environment: name=elastic-query-service,config-client, profiles=[elastic_query], label=null, version=24703720caf78fa266e8731ead4a58c92f6bd3c2, state=null
2021-08-02 14:17:56 [main] INFO  o.s.c.b.c.PropertySourceBootstrapConfiguration - Located property source: [BootstrapPropertySource {name='bootstrapProperties-configClient'}, BootstrapPropertySource {name='bootstrapProperties-https://github.com/OnceUponATimeMathley/spring-cloud-config-server-repository-3/config-client-elastic_query.yml'}, BootstrapPropertySource {name='bootstrapProperties-https://github.com/OnceUponATimeMathley/spring-cloud-config-server-repository-3/config-client.yml'}]
2021-08-02 14:17:56 [main] INFO  c.m.d.e.q.s.ElasticQueryServiceApplication - The following profiles are active: elastic_query
2021-08-02 14:18:00 [main] INFO  o.s.d.r.c.RepositoryConfigurationDelegate - Bootstrapping Spring Data Elasticsearch repositories in DEFAULT mode.
2021-08-02 14:18:00 [main] INFO  o.s.d.r.c.RepositoryConfigurationDelegate - Bootstrapping Spring Data Elasticsearch repositories in DEFAULT mode.
2021-08-02 14:18:00 [main] INFO  o.s.d.r.c.RepositoryConfigurationDelegate - Finished Spring Data repository scanning in 442 ms. Found 1 Elasticsearch repository interfaces.
2021-08-02 14:18:00 [main] INFO  o.s.d.r.c.RepositoryConfigurationDelegate - Finished Spring Data repository scanning in 459 ms. Found 1 Elasticsearch repository interfaces.
2021-08-02 14:18:04 [main] INFO  o.s.d.r.c.RepositoryConfigurationDelegate - Bootstrapping Spring Data Reactive Elasticsearch repositories in DEFAULT mode.
2021-08-02 14:18:04 [main] INFO  o.s.d.r.c.RepositoryConfigurationDelegate - Bootstrapping Spring Data Reactive Elasticsearch repositories in DEFAULT mode.
2021-08-02 14:18:04 [main] INFO  o.s.d.r.c.RepositoryConfigurationDelegate - Finished Spring Data repository scanning in 4 ms. Found 0 Reactive Elasticsearch repository interfaces.
2021-08-02 14:18:04 [main] INFO  o.s.d.r.c.RepositoryConfigurationDelegate - Finished Spring Data repository scanning in 11 ms. Found 0 Reactive Elasticsearch repository interfaces.
2021-08-02 14:18:06 [main] INFO  o.s.cloud.context.scope.GenericScope - BeanFactory id=80d0bf78-55b3-3c52-9f4f-25bbabf5c3bf
2021-08-02 14:18:06 [main] INFO  o.s.cloud.context.scope.GenericScope - BeanFactory id=80d0bf78-55b3-3c52-9f4f-25bbabf5c3bf
2021-08-02 14:18:08 [main] INFO  o.s.b.w.e.tomcat.TomcatWebServer - Tomcat initialized with port(s): 8185 (http)
2021-08-02 14:18:08 [main] INFO  o.s.b.w.e.tomcat.TomcatWebServer - Tomcat initialized with port(s): 8183 (http)
2021-08-02 14:18:08 [main] INFO  o.a.coyote.http11.Http11NioProtocol - Initializing ProtocolHandler ["http-nio-8183"]
2021-08-02 14:18:08 [main] INFO  o.a.catalina.core.StandardService - Starting service [Tomcat]
2021-08-02 14:18:08 [main] INFO  o.a.catalina.core.StandardEngine - Starting Servlet engine: [Apache Tomcat/9.0.48]
2021-08-02 14:18:08 [main] INFO  o.a.coyote.http11.Http11NioProtocol - Initializing ProtocolHandler ["http-nio-8185"]
2021-08-02 14:18:08 [main] INFO  o.a.catalina.core.StandardService - Starting service [Tomcat]
2021-08-02 14:18:08 [main] INFO  o.a.catalina.core.StandardEngine - Starting Servlet engine: [Apache Tomcat/9.0.48]
2021-08-02 14:18:08 [main] INFO  o.a.c.c.C.[.[.[/elastic-query-service] - Initializing Spring embedded WebApplicationContext
2021-08-02 14:18:08 [main] INFO  o.s.b.w.s.c.ServletWebServerApplicationContext - Root WebApplicationContext: initialization completed in 12420 ms
2021-08-02 14:18:09 [main] INFO  o.a.c.c.C.[.[.[/elastic-query-service] - Initializing Spring embedded WebApplicationContext
2021-08-02 14:18:09 [main] INFO  o.s.b.w.s.c.ServletWebServerApplicationContext - Root WebApplicationContext: initialization completed in 16761 ms
2021-08-02 14:18:17 [main] INFO  o.s.d.e.support.VersionInfo - Version Spring Data Elasticsearch: 4.2.2
2021-08-02 14:18:17 [main] INFO  o.s.d.e.support.VersionInfo - Version Spring Data Elasticsearch: 4.2.2
2021-08-02 14:18:17 [main] INFO  o.s.d.e.support.VersionInfo - Version Elasticsearch Client in build: 7.12.1
2021-08-02 14:18:17 [main] INFO  o.s.d.e.support.VersionInfo - Version Elasticsearch Client in build: 7.12.1
2021-08-02 14:18:17 [main] INFO  o.s.d.e.support.VersionInfo - Version Elasticsearch Client used: 7.9.1
2021-08-02 14:18:17 [main] INFO  o.s.d.e.support.VersionInfo - Version Elasticsearch Client used: 7.9.1
2021-08-02 14:18:17 [main] WARN  o.s.d.e.support.VersionInfo - Version mismatch in between Elasticsearch Clients build/use: 7.12.1 - 7.9.1
2021-08-02 14:18:17 [main] WARN  o.s.d.e.support.VersionInfo - Version mismatch in between Elasticsearch Clients build/use: 7.12.1 - 7.9.1
2021-08-02 14:18:17 [main] INFO  o.s.d.e.support.VersionInfo - Version Elasticsearch cluster: 7.9.1
2021-08-02 14:18:17 [main] INFO  o.s.d.e.support.VersionInfo - Version Elasticsearch cluster: 7.9.1
2021-08-02 14:18:19 [main] INFO  o.s.s.web.DefaultSecurityFilterChain - Will secure Ant [pattern='/api-docs'] with []
2021-08-02 14:18:19 [main] INFO  o.s.s.web.DefaultSecurityFilterChain - Will secure Ant [pattern='/api-docs'] with []
2021-08-02 14:18:19 [main] INFO  o.s.s.web.DefaultSecurityFilterChain - Will secure any request with [org.springframework.security.web.context.request.async.WebAsyncManagerIntegrationFilter@74231642, org.springframework.security.web.context.SecurityContextPersistenceFilter@1cab19e2, org.springframework.security.web.header.HeaderWriterFilter@279e1422, org.springframework.security.web.authentication.logout.LogoutFilter@2ed7978c, org.springframework.security.web.authentication.www.BasicAuthenticationFilter@5a8b42a3, org.springframework.security.web.savedrequest.RequestCacheAwareFilter@196d684b, org.springframework.security.web.servletapi.SecurityContextHolderAwareRequestFilter@96be1ae, org.springframework.security.web.authentication.AnonymousAuthenticationFilter@4a6facb0, org.springframework.security.web.session.SessionManagementFilter@312819ae, org.springframework.security.web.access.ExceptionTranslationFilter@7d5a0b14, org.springframework.security.web.access.intercept.FilterSecurityInterceptor@4d525897]
2021-08-02 14:18:19 [main] INFO  o.s.s.web.DefaultSecurityFilterChain - Will secure any request with [org.springframework.security.web.context.request.async.WebAsyncManagerIntegrationFilter@4a6facb0, org.springframework.security.web.context.SecurityContextPersistenceFilter@6879e983, org.springframework.security.web.header.HeaderWriterFilter@af3295f, org.springframework.security.web.authentication.logout.LogoutFilter@30665461, org.springframework.security.web.authentication.www.BasicAuthenticationFilter@11582db6, org.springframework.security.web.savedrequest.RequestCacheAwareFilter@45d38165, org.springframework.security.web.servletapi.SecurityContextHolderAwareRequestFilter@6eb5b9e7, org.springframework.security.web.authentication.AnonymousAuthenticationFilter@4feec184, org.springframework.security.web.session.SessionManagementFilter@4ae2c01b, org.springframework.security.web.access.ExceptionTranslationFilter@72ec16f8, org.springframework.security.web.access.intercept.FilterSecurityInterceptor@25f14e93]
2021-08-02 14:18:23 [main] INFO  o.a.coyote.http11.Http11NioProtocol - Starting ProtocolHandler ["http-nio-8183"]
2021-08-02 14:18:23 [main] INFO  o.a.coyote.http11.Http11NioProtocol - Starting ProtocolHandler ["http-nio-8185"]
2021-08-02 14:18:24 [main] INFO  o.s.b.w.e.tomcat.TomcatWebServer - Tomcat started on port(s): 8185 (http) with context path '/elastic-query-service'
2021-08-02 14:18:24 [main] INFO  o.s.b.w.e.tomcat.TomcatWebServer - Tomcat started on port(s): 8183 (http) with context path '/elastic-query-service'
2021-08-02 14:18:24 [main] INFO  c.m.d.e.q.s.ElasticQueryServiceApplication - Started ElasticQueryServiceApplication in 88.955 seconds (JVM running for 122.64)
2021-08-02 14:18:24 [main] INFO  c.m.d.e.q.s.ElasticQueryServiceApplication - Started ElasticQueryServiceApplication in 89.015 seconds (JVM running for 122.7)
