2021-07-22 07:37:25 [main] INFO  o.s.c.c.c.ConfigServicePropertySourceLocator - Fetching config from server at : http://config-server:8888
2021-07-22 07:37:27 [main] INFO  o.s.c.c.c.ConfigServicePropertySourceLocator - Located environment: name=twitter-to-kafka-service,config-client, profiles=[twitter_to_kafka], label=null, version=0b003a9b6cf11269077397cc726eb94bbde46bbd, state=null
2021-07-22 07:37:27 [main] INFO  o.s.c.b.c.PropertySourceBootstrapConfiguration - Located property source: [BootstrapPropertySource {name='bootstrapProperties-configClient'}, BootstrapPropertySource {name='bootstrapProperties-https://github.com/OnceUponATimeMathley/spring-cloud-config-server-repository-3/config-client-twitter_to_kafka.yml'}, BootstrapPropertySource {name='bootstrapProperties-https://github.com/OnceUponATimeMathley/spring-cloud-config-server-repository-3/config-client.yml'}]
2021-07-22 07:37:27 [main] INFO  c.m.d.t.t.k.s.TwitterToKafkaServiceApplication - The following profiles are active: twitter_to_kafka
2021-07-22 07:37:27 [main] INFO  o.s.cloud.context.scope.GenericScope - BeanFactory id=b283a2ca-0179-398b-a4cf-66395438add3
2021-07-22 07:37:27 [main] INFO  o.s.c.s.PostProcessorRegistrationDelegate$BeanPostProcessorChecker - Bean 'org.springframework.retry.annotation.RetryConfiguration' of type [org.springframework.retry.annotation.RetryConfiguration$$EnhancerBySpringCGLIB$$4a40e8a7] is not eligible for getting processed by all BeanPostProcessors (for example: not eligible for auto-proxying)
2021-07-22 07:37:28 [main] INFO  o.a.k.c.admin.AdminClientConfig - AdminClientConfig values: 
	bootstrap.servers = [kafka-broker-1:9092, kafka-broker-2:9092, kafka-broker-3:9092]
	client.dns.lookup = use_all_dns_ips
	client.id = 
	connections.max.idle.ms = 300000
	default.api.timeout.ms = 60000
	metadata.max.age.ms = 300000
	metric.reporters = []
	metrics.num.samples = 2
	metrics.recording.level = INFO
	metrics.sample.window.ms = 30000
	receive.buffer.bytes = 65536
	reconnect.backoff.max.ms = 1000
	reconnect.backoff.ms = 50
	request.timeout.ms = 30000
	retries = 2147483647
	retry.backoff.ms = 100
	sasl.client.callback.handler.class = null
	sasl.jaas.config = null
	sasl.kerberos.kinit.cmd = /usr/bin/kinit
	sasl.kerberos.min.time.before.relogin = 60000
	sasl.kerberos.service.name = null
	sasl.kerberos.ticket.renew.jitter = 0.05
	sasl.kerberos.ticket.renew.window.factor = 0.8
	sasl.login.callback.handler.class = null
	sasl.login.class = null
	sasl.login.refresh.buffer.seconds = 300
	sasl.login.refresh.min.period.seconds = 60
	sasl.login.refresh.window.factor = 0.8
	sasl.login.refresh.window.jitter = 0.05
	sasl.mechanism = GSSAPI
	security.protocol = PLAINTEXT
	security.providers = null
	send.buffer.bytes = 131072
	socket.connection.setup.timeout.max.ms = 127000
	socket.connection.setup.timeout.ms = 10000
	ssl.cipher.suites = null
	ssl.enabled.protocols = [TLSv1.2, TLSv1.3]
	ssl.endpoint.identification.algorithm = https
	ssl.engine.factory.class = null
	ssl.key.password = null
	ssl.keymanager.algorithm = SunX509
	ssl.keystore.certificate.chain = null
	ssl.keystore.key = null
	ssl.keystore.location = null
	ssl.keystore.password = null
	ssl.keystore.type = JKS
	ssl.protocol = TLSv1.3
	ssl.provider = null
	ssl.secure.random.implementation = null
	ssl.trustmanager.algorithm = PKIX
	ssl.truststore.certificates = null
	ssl.truststore.location = null
	ssl.truststore.password = null
	ssl.truststore.type = JKS

2021-07-22 07:37:28 [main] INFO  o.a.kafka.common.utils.AppInfoParser - Kafka version: 2.7.1
2021-07-22 07:37:28 [main] INFO  o.a.kafka.common.utils.AppInfoParser - Kafka commitId: 61dbce85d0d41457
2021-07-22 07:37:28 [main] INFO  o.a.kafka.common.utils.AppInfoParser - Kafka startTimeMs: 1626939448381
2021-07-22 07:37:28 [main] INFO  o.s.b.a.s.r.ReactiveUserDetailsServiceAutoConfiguration - 

Using generated security password: e57f16ce-ca99-4211-9dc1-6b9a58880355

2021-07-22 07:37:29 [main] INFO  o.s.b.w.e.netty.NettyWebServer - Netty started on port 8181
2021-07-22 07:37:29 [main] INFO  c.m.d.t.t.k.s.TwitterToKafkaServiceApplication - Started TwitterToKafkaServiceApplication in 5.246 seconds (JVM running for 5.995)
2021-07-22 07:37:29 [main] INFO  c.m.d.t.t.k.s.TwitterToKafkaServiceApplication - App starts...
2021-07-22 07:37:29 [main] INFO  c.m.d.k.a.client.KafkaAdminClient - Creating 1 topics(s), attempt 0
2021-07-22 07:37:29 [main] INFO  c.m.d.k.a.client.KafkaAdminClient - Create topic result [KafkaFuture{value=null,exception=null,done=false}]
2021-07-22 07:37:29 [main] INFO  c.m.d.k.a.client.KafkaAdminClient - Reading kafka topic [twitter-topic], attempt 0
2021-07-22 07:37:30 [main] INFO  c.m.d.t.t.k.s.i.i.KafkaStreamInitializer - Topics with name twitter-topic is ready for operation!
2021-07-22 07:37:30 [main] INFO  c.m.d.t.t.k.s.r.i.MockKafkaStreamRunner - Starting mock filtering twitter streams for keywords [Twitter, Java, Microservices, Kafka, Elasticsearch]
2021-07-22 07:37:30 [pool-3-thread-1] INFO  c.m.d.t.t.k.s.l.TwitterKafkaStatusListener - Received status text consectetuer libero ultricies sed lectus Lorem Twitter adipiscing libero adipiscing porttitor sit sending to kafka topic twitter-topic
2021-07-22 07:37:30 [pool-3-thread-1] INFO  c.m.d.k.p.c.s.i.TwitterKafkaProducer - Sending message='{"userId": 7684347421427687200, "id": 2198954391427062779, "text": "consectetuer libero ultricies sed lectus Lorem Twitter adipiscing libero adipiscing porttitor sit", "createdAt": 1626939450000}' to topic='twitter-topic'
2021-07-22 07:37:30 [pool-3-thread-1] INFO  o.a.k.c.producer.ProducerConfig - ProducerConfig values: 
	acks = -1
	batch.size = 1638400
	bootstrap.servers = [kafka-broker-1:9092, kafka-broker-2:9092, kafka-broker-3:9092]
	buffer.memory = 33554432
	client.dns.lookup = use_all_dns_ips
	client.id = producer-1
	compression.type = snappy
	connections.max.idle.ms = 540000
	delivery.timeout.ms = 120000
	enable.idempotence = false
	interceptor.classes = []
	internal.auto.downgrade.txn.commit = true
	key.serializer = class org.apache.kafka.common.serialization.LongSerializer
	linger.ms = 5
	max.block.ms = 60000
	max.in.flight.requests.per.connection = 5
	max.request.size = 1048576
	metadata.max.age.ms = 300000
	metadata.max.idle.ms = 300000
	metric.reporters = []
	metrics.num.samples = 2
	metrics.recording.level = INFO
	metrics.sample.window.ms = 30000
	partitioner.class = class org.apache.kafka.clients.producer.internals.DefaultPartitioner
	receive.buffer.bytes = 32768
	reconnect.backoff.max.ms = 1000
	reconnect.backoff.ms = 50
	request.timeout.ms = 60000
	retries = 5
	retry.backoff.ms = 100
	sasl.client.callback.handler.class = null
	sasl.jaas.config = null
	sasl.kerberos.kinit.cmd = /usr/bin/kinit
	sasl.kerberos.min.time.before.relogin = 60000
	sasl.kerberos.service.name = null
	sasl.kerberos.ticket.renew.jitter = 0.05
	sasl.kerberos.ticket.renew.window.factor = 0.8
	sasl.login.callback.handler.class = null
	sasl.login.class = null
	sasl.login.refresh.buffer.seconds = 300
	sasl.login.refresh.min.period.seconds = 60
	sasl.login.refresh.window.factor = 0.8
	sasl.login.refresh.window.jitter = 0.05
	sasl.mechanism = GSSAPI
	security.protocol = PLAINTEXT
	security.providers = null
	send.buffer.bytes = 131072
	socket.connection.setup.timeout.max.ms = 127000
	socket.connection.setup.timeout.ms = 10000
	ssl.cipher.suites = null
	ssl.enabled.protocols = [TLSv1.2, TLSv1.3]
	ssl.endpoint.identification.algorithm = https
	ssl.engine.factory.class = null
	ssl.key.password = null
	ssl.keymanager.algorithm = SunX509
	ssl.keystore.certificate.chain = null
	ssl.keystore.key = null
	ssl.keystore.location = null
	ssl.keystore.password = null
	ssl.keystore.type = JKS
	ssl.protocol = TLSv1.3
	ssl.provider = null
	ssl.secure.random.implementation = null
	ssl.trustmanager.algorithm = PKIX
	ssl.truststore.certificates = null
	ssl.truststore.location = null
	ssl.truststore.password = null
	ssl.truststore.type = JKS
	transaction.timeout.ms = 60000
	transactional.id = null
	value.serializer = class io.confluent.kafka.serializers.KafkaAvroSerializer

2021-07-22 07:37:30 [pool-3-thread-1] INFO  i.c.k.s.KafkaAvroSerializerConfig - KafkaAvroSerializerConfig values: 
	bearer.auth.token = [hidden]
	proxy.port = -1
	schema.reflection = false
	auto.register.schemas = true
	max.schemas.per.subject = 1000
	basic.auth.credentials.source = URL
	value.subject.name.strategy = class io.confluent.kafka.serializers.subject.TopicNameStrategy
	schema.registry.url = [http://schema-registry:8081]
	basic.auth.user.info = [hidden]
	proxy.host = 
	use.latest.version = false
	schema.registry.basic.auth.user.info = [hidden]
	bearer.auth.credentials.source = STATIC_TOKEN
	key.subject.name.strategy = class io.confluent.kafka.serializers.subject.TopicNameStrategy

2021-07-22 07:37:30 [pool-3-thread-1] INFO  o.a.kafka.common.utils.AppInfoParser - Kafka version: 2.7.1
2021-07-22 07:37:30 [pool-3-thread-1] INFO  o.a.kafka.common.utils.AppInfoParser - Kafka commitId: 61dbce85d0d41457
2021-07-22 07:37:30 [pool-3-thread-1] INFO  o.a.kafka.common.utils.AppInfoParser - Kafka startTimeMs: 1626939450410
2021-07-22 07:37:30 [kafka-producer-network-thread | producer-1] INFO  org.apache.kafka.clients.Metadata - [Producer clientId=producer-1] Cluster ID: c4nJMyg6S2-UrL7zb0hDDw
2021-07-22 07:37:40 [pool-3-thread-1] INFO  c.m.d.t.t.k.s.l.TwitterKafkaStatusListener - Received status text dolor libero adipiscing Fusce sit Elasticsearch adipiscing purus dolor sending to kafka topic twitter-topic
2021-07-22 07:37:40 [pool-3-thread-1] INFO  c.m.d.k.p.c.s.i.TwitterKafkaProducer - Sending message='{"userId": 8581157527823496273, "id": 7883776718583706455, "text": "dolor libero adipiscing Fusce sit Elasticsearch adipiscing purus dolor", "createdAt": 1626939460000}' to topic='twitter-topic'
2021-07-22 07:37:50 [pool-3-thread-1] INFO  c.m.d.t.t.k.s.l.TwitterKafkaStatusListener - Received status text adipiscing adipiscing libero Kafka purus ultricies sending to kafka topic twitter-topic
2021-07-22 07:37:50 [pool-3-thread-1] INFO  c.m.d.k.p.c.s.i.TwitterKafkaProducer - Sending message='{"userId": 6719479277861972464, "id": 3272691894171775787, "text": "adipiscing adipiscing libero Kafka purus ultricies", "createdAt": 1626939470000}' to topic='twitter-topic'
2021-07-22 07:38:00 [pool-3-thread-1] INFO  c.m.d.t.t.k.s.l.TwitterKafkaStatusListener - Received status text magna purus purus Elasticsearch Maecenas massa sending to kafka topic twitter-topic
2021-07-22 07:38:00 [pool-3-thread-1] INFO  c.m.d.k.p.c.s.i.TwitterKafkaProducer - Sending message='{"userId": 5238042513876008116, "id": 7832133697781067623, "text": "magna purus purus Elasticsearch Maecenas massa", "createdAt": 1626939480000}' to topic='twitter-topic'
2021-07-22 07:38:10 [pool-3-thread-1] INFO  c.m.d.t.t.k.s.l.TwitterKafkaStatusListener - Received status text porttitor porttitor massa dolor Java amet ultricies pulvinar sending to kafka topic twitter-topic
2021-07-22 07:38:10 [pool-3-thread-1] INFO  c.m.d.k.p.c.s.i.TwitterKafkaProducer - Sending message='{"userId": 3680704455888426618, "id": 1801262362003817054, "text": "porttitor porttitor massa dolor Java amet ultricies pulvinar", "createdAt": 1626939490000}' to topic='twitter-topic'
2021-07-22 07:40:13 [main] INFO  o.s.c.c.c.ConfigServicePropertySourceLocator - Fetching config from server at : http://config-server:8888
2021-07-22 07:40:15 [main] INFO  o.s.c.c.c.ConfigServicePropertySourceLocator - Located environment: name=twitter-to-kafka-service,config-client, profiles=[twitter_to_kafka], label=null, version=4908ee32a0ffa3ec901a28630a724e3ac3269056, state=null
2021-07-22 07:40:15 [main] INFO  o.s.c.b.c.PropertySourceBootstrapConfiguration - Located property source: [BootstrapPropertySource {name='bootstrapProperties-configClient'}, BootstrapPropertySource {name='bootstrapProperties-https://github.com/OnceUponATimeMathley/spring-cloud-config-server-repository-3/config-client-twitter_to_kafka.yml'}, BootstrapPropertySource {name='bootstrapProperties-https://github.com/OnceUponATimeMathley/spring-cloud-config-server-repository-3/config-client.yml'}]
2021-07-22 07:40:15 [main] INFO  c.m.d.t.t.k.s.TwitterToKafkaServiceApplication - The following profiles are active: twitter_to_kafka
2021-07-22 07:40:16 [main] INFO  o.s.cloud.context.scope.GenericScope - BeanFactory id=b283a2ca-0179-398b-a4cf-66395438add3
2021-07-22 07:40:16 [main] INFO  o.s.c.s.PostProcessorRegistrationDelegate$BeanPostProcessorChecker - Bean 'org.springframework.retry.annotation.RetryConfiguration' of type [org.springframework.retry.annotation.RetryConfiguration$$EnhancerBySpringCGLIB$$51d7be0e] is not eligible for getting processed by all BeanPostProcessors (for example: not eligible for auto-proxying)
2021-07-22 07:40:16 [main] INFO  o.a.k.c.admin.AdminClientConfig - AdminClientConfig values: 
	bootstrap.servers = [kafka-broker-1:9092, kafka-broker-2:9092, kafka-broker-3:9092]
	client.dns.lookup = use_all_dns_ips
	client.id = 
	connections.max.idle.ms = 300000
	default.api.timeout.ms = 60000
	metadata.max.age.ms = 300000
	metric.reporters = []
	metrics.num.samples = 2
	metrics.recording.level = INFO
	metrics.sample.window.ms = 30000
	receive.buffer.bytes = 65536
	reconnect.backoff.max.ms = 1000
	reconnect.backoff.ms = 50
	request.timeout.ms = 30000
	retries = 2147483647
	retry.backoff.ms = 100
	sasl.client.callback.handler.class = null
	sasl.jaas.config = null
	sasl.kerberos.kinit.cmd = /usr/bin/kinit
	sasl.kerberos.min.time.before.relogin = 60000
	sasl.kerberos.service.name = null
	sasl.kerberos.ticket.renew.jitter = 0.05
	sasl.kerberos.ticket.renew.window.factor = 0.8
	sasl.login.callback.handler.class = null
	sasl.login.class = null
	sasl.login.refresh.buffer.seconds = 300
	sasl.login.refresh.min.period.seconds = 60
	sasl.login.refresh.window.factor = 0.8
	sasl.login.refresh.window.jitter = 0.05
	sasl.mechanism = GSSAPI
	security.protocol = PLAINTEXT
	security.providers = null
	send.buffer.bytes = 131072
	socket.connection.setup.timeout.max.ms = 127000
	socket.connection.setup.timeout.ms = 10000
	ssl.cipher.suites = null
	ssl.enabled.protocols = [TLSv1.2, TLSv1.3]
	ssl.endpoint.identification.algorithm = https
	ssl.engine.factory.class = null
	ssl.key.password = null
	ssl.keymanager.algorithm = SunX509
	ssl.keystore.certificate.chain = null
	ssl.keystore.key = null
	ssl.keystore.location = null
	ssl.keystore.password = null
	ssl.keystore.type = JKS
	ssl.protocol = TLSv1.3
	ssl.provider = null
	ssl.secure.random.implementation = null
	ssl.trustmanager.algorithm = PKIX
	ssl.truststore.certificates = null
	ssl.truststore.location = null
	ssl.truststore.password = null
	ssl.truststore.type = JKS

2021-07-22 07:40:17 [main] INFO  o.a.kafka.common.utils.AppInfoParser - Kafka version: 2.7.1
2021-07-22 07:40:17 [main] INFO  o.a.kafka.common.utils.AppInfoParser - Kafka commitId: 61dbce85d0d41457
2021-07-22 07:40:17 [main] INFO  o.a.kafka.common.utils.AppInfoParser - Kafka startTimeMs: 1626939617009
2021-07-22 07:40:17 [main] INFO  o.s.b.a.s.r.ReactiveUserDetailsServiceAutoConfiguration - 

Using generated security password: 6822a6a6-5f51-4da2-8251-1cd2fff2d23a

2021-07-22 07:40:17 [main] INFO  o.s.b.w.e.netty.NettyWebServer - Netty started on port 8181
2021-07-22 07:40:17 [main] INFO  c.m.d.t.t.k.s.TwitterToKafkaServiceApplication - Started TwitterToKafkaServiceApplication in 5.543 seconds (JVM running for 6.264)
2021-07-22 07:40:17 [main] INFO  c.m.d.t.t.k.s.TwitterToKafkaServiceApplication - App starts...
2021-07-22 07:40:17 [main] INFO  c.m.d.k.a.client.KafkaAdminClient - Creating 1 topics(s), attempt 0
2021-07-22 07:40:17 [main] INFO  c.m.d.k.a.client.KafkaAdminClient - Create topic result [KafkaFuture{value=null,exception=null,done=false}]
2021-07-22 07:40:17 [main] INFO  c.m.d.k.a.client.KafkaAdminClient - Reading kafka topic [twitter-topic], attempt 0
2021-07-22 07:40:19 [main] INFO  c.m.d.t.t.k.s.i.i.KafkaStreamInitializer - Topics with name twitter-topic is ready for operation!
2021-07-22 07:40:19 [main] INFO  c.m.d.t.t.k.s.r.i.MockKafkaStreamRunner - Starting mock filtering twitter streams for keywords [Twitter, Java, Microservices, Kafka, Elasticsearch]
2021-07-22 07:40:19 [pool-3-thread-1] INFO  c.m.d.t.t.k.s.l.TwitterKafkaStatusListener - Received status text sit congue adipiscing sed Elasticsearch congue pulvinar dolor sending to kafka topic twitter-topic
2021-07-22 07:40:19 [pool-3-thread-1] INFO  c.m.d.k.p.c.s.i.TwitterKafkaProducer - Sending message='{"userId": 920338179921646001, "id": 2465352918446499273, "text": "sit congue adipiscing sed Elasticsearch congue pulvinar dolor", "createdAt": 1626939619000}' to topic='twitter-topic'
2021-07-22 07:40:19 [pool-3-thread-1] INFO  o.a.k.c.producer.ProducerConfig - ProducerConfig values: 
	acks = -1
	batch.size = 1638400
	bootstrap.servers = [kafka-broker-1:9092, kafka-broker-2:9092, kafka-broker-3:9092]
	buffer.memory = 33554432
	client.dns.lookup = use_all_dns_ips
	client.id = producer-1
	compression.type = snappy
	connections.max.idle.ms = 540000
	delivery.timeout.ms = 120000
	enable.idempotence = false
	interceptor.classes = []
	internal.auto.downgrade.txn.commit = true
	key.serializer = class org.apache.kafka.common.serialization.LongSerializer
	linger.ms = 5
	max.block.ms = 60000
	max.in.flight.requests.per.connection = 5
	max.request.size = 1048576
	metadata.max.age.ms = 300000
	metadata.max.idle.ms = 300000
	metric.reporters = []
	metrics.num.samples = 2
	metrics.recording.level = INFO
	metrics.sample.window.ms = 30000
	partitioner.class = class org.apache.kafka.clients.producer.internals.DefaultPartitioner
	receive.buffer.bytes = 32768
	reconnect.backoff.max.ms = 1000
	reconnect.backoff.ms = 50
	request.timeout.ms = 60000
	retries = 5
	retry.backoff.ms = 100
	sasl.client.callback.handler.class = null
	sasl.jaas.config = null
	sasl.kerberos.kinit.cmd = /usr/bin/kinit
	sasl.kerberos.min.time.before.relogin = 60000
	sasl.kerberos.service.name = null
	sasl.kerberos.ticket.renew.jitter = 0.05
	sasl.kerberos.ticket.renew.window.factor = 0.8
	sasl.login.callback.handler.class = null
	sasl.login.class = null
	sasl.login.refresh.buffer.seconds = 300
	sasl.login.refresh.min.period.seconds = 60
	sasl.login.refresh.window.factor = 0.8
	sasl.login.refresh.window.jitter = 0.05
	sasl.mechanism = GSSAPI
	security.protocol = PLAINTEXT
	security.providers = null
	send.buffer.bytes = 131072
	socket.connection.setup.timeout.max.ms = 127000
	socket.connection.setup.timeout.ms = 10000
	ssl.cipher.suites = null
	ssl.enabled.protocols = [TLSv1.2, TLSv1.3]
	ssl.endpoint.identification.algorithm = https
	ssl.engine.factory.class = null
	ssl.key.password = null
	ssl.keymanager.algorithm = SunX509
	ssl.keystore.certificate.chain = null
	ssl.keystore.key = null
	ssl.keystore.location = null
	ssl.keystore.password = null
	ssl.keystore.type = JKS
	ssl.protocol = TLSv1.3
	ssl.provider = null
	ssl.secure.random.implementation = null
	ssl.trustmanager.algorithm = PKIX
	ssl.truststore.certificates = null
	ssl.truststore.location = null
	ssl.truststore.password = null
	ssl.truststore.type = JKS
	transaction.timeout.ms = 60000
	transactional.id = null
	value.serializer = class io.confluent.kafka.serializers.KafkaAvroSerializer

2021-07-22 07:40:19 [pool-3-thread-1] INFO  i.c.k.s.KafkaAvroSerializerConfig - KafkaAvroSerializerConfig values: 
	bearer.auth.token = [hidden]
	proxy.port = -1
	schema.reflection = false
	auto.register.schemas = true
	max.schemas.per.subject = 1000
	basic.auth.credentials.source = URL
	value.subject.name.strategy = class io.confluent.kafka.serializers.subject.TopicNameStrategy
	schema.registry.url = [http://schema-registry:8081]
	basic.auth.user.info = [hidden]
	proxy.host = 
	use.latest.version = false
	schema.registry.basic.auth.user.info = [hidden]
	bearer.auth.credentials.source = STATIC_TOKEN
	key.subject.name.strategy = class io.confluent.kafka.serializers.subject.TopicNameStrategy

2021-07-22 07:40:19 [pool-3-thread-1] INFO  o.a.kafka.common.utils.AppInfoParser - Kafka version: 2.7.1
2021-07-22 07:40:19 [pool-3-thread-1] INFO  o.a.kafka.common.utils.AppInfoParser - Kafka commitId: 61dbce85d0d41457
2021-07-22 07:40:19 [pool-3-thread-1] INFO  o.a.kafka.common.utils.AppInfoParser - Kafka startTimeMs: 1626939619372
2021-07-22 07:40:19 [kafka-producer-network-thread | producer-1] INFO  org.apache.kafka.clients.Metadata - [Producer clientId=producer-1] Cluster ID: qjkgKQgOTLmCQ97WVYpGLg
2021-07-22 07:40:30 [pool-3-thread-1] INFO  c.m.d.t.t.k.s.l.TwitterKafkaStatusListener - Received status text Fusce libero ipsum posuere amet Fusce purus Kafka dolor Lorem ipsum lectus libero congue sending to kafka topic twitter-topic
2021-07-22 07:40:30 [pool-3-thread-1] INFO  c.m.d.k.p.c.s.i.TwitterKafkaProducer - Sending message='{"userId": 7061983401108196135, "id": 5467144903462955138, "text": "Fusce libero ipsum posuere amet Fusce purus Kafka dolor Lorem ipsum lectus libero congue", "createdAt": 1626939630000}' to topic='twitter-topic'
2021-07-22 07:40:40 [pool-3-thread-1] INFO  c.m.d.t.t.k.s.l.TwitterKafkaStatusListener - Received status text purus dolor malesuada magna Kafka sed Fusce sending to kafka topic twitter-topic
2021-07-22 07:40:40 [pool-3-thread-1] INFO  c.m.d.k.p.c.s.i.TwitterKafkaProducer - Sending message='{"userId": 8956493414107063650, "id": 387961678487199895, "text": "purus dolor malesuada magna Kafka sed Fusce", "createdAt": 1626939640000}' to topic='twitter-topic'
2021-07-22 07:40:50 [pool-3-thread-1] INFO  c.m.d.t.t.k.s.l.TwitterKafkaStatusListener - Received status text lectus malesuada consectetuer Elasticsearch elit magna sending to kafka topic twitter-topic
2021-07-22 07:40:50 [pool-3-thread-1] INFO  c.m.d.k.p.c.s.i.TwitterKafkaProducer - Sending message='{"userId": 4742680170186395052, "id": 6267439361480551918, "text": "lectus malesuada consectetuer Elasticsearch elit magna", "createdAt": 1626939650000}' to topic='twitter-topic'
2021-07-22 07:41:00 [pool-3-thread-1] INFO  c.m.d.t.t.k.s.l.TwitterKafkaStatusListener - Received status text pulvinar malesuada Fusce porttitor ipsum dolor ultricies Java consectetuer ultricies elit Lorem purus sending to kafka topic twitter-topic
2021-07-22 07:41:00 [pool-3-thread-1] INFO  c.m.d.k.p.c.s.i.TwitterKafkaProducer - Sending message='{"userId": 2409853410466969552, "id": 1798967879434726459, "text": "pulvinar malesuada Fusce porttitor ipsum dolor ultricies Java consectetuer ultricies elit Lorem purus", "createdAt": 1626939660000}' to topic='twitter-topic'
2021-07-22 07:41:10 [pool-3-thread-1] INFO  c.m.d.t.t.k.s.l.TwitterKafkaStatusListener - Received status text ipsum pulvinar elit dolor consectetuer ultricies Lorem Java dolor porttitor elit magna sed sending to kafka topic twitter-topic
2021-07-22 07:41:10 [pool-3-thread-1] INFO  c.m.d.k.p.c.s.i.TwitterKafkaProducer - Sending message='{"userId": 6537572380310299494, "id": 620953114908920300, "text": "ipsum pulvinar elit dolor consectetuer ultricies Lorem Java dolor porttitor elit magna sed", "createdAt": 1626939670000}' to topic='twitter-topic'
2021-07-22 07:41:20 [pool-3-thread-1] INFO  c.m.d.t.t.k.s.l.TwitterKafkaStatusListener - Received status text posuere consectetuer congue ipsum Lorem pulvinar Lorem Microservices malesuada congue sit ultricies congue sending to kafka topic twitter-topic
2021-07-22 07:41:20 [pool-3-thread-1] INFO  c.m.d.k.p.c.s.i.TwitterKafkaProducer - Sending message='{"userId": 3852633498885827609, "id": 2346482412068527463, "text": "posuere consectetuer congue ipsum Lorem pulvinar Lorem Microservices malesuada congue sit ultricies congue", "createdAt": 1626939680000}' to topic='twitter-topic'
2021-07-22 07:41:30 [pool-3-thread-1] INFO  c.m.d.t.t.k.s.l.TwitterKafkaStatusListener - Received status text Fusce pulvinar libero consectetuer magna ipsum purus pulvinar Kafka porttitor Maecenas adipiscing ultricies Maecenas consectetuer elit sending to kafka topic twitter-topic
2021-07-22 07:41:30 [pool-3-thread-1] INFO  c.m.d.k.p.c.s.i.TwitterKafkaProducer - Sending message='{"userId": 8621277667141797237, "id": 2626471752270696425, "text": "Fusce pulvinar libero consectetuer magna ipsum purus pulvinar Kafka porttitor Maecenas adipiscing ultricies Maecenas consectetuer elit", "createdAt": 1626939690000}' to topic='twitter-topic'
2021-07-22 07:41:40 [pool-3-thread-1] INFO  c.m.d.t.t.k.s.l.TwitterKafkaStatusListener - Received status text ipsum porttitor congue libero Fusce malesuada Kafka congue libero lectus ipsum sending to kafka topic twitter-topic
2021-07-22 07:41:40 [pool-3-thread-1] INFO  c.m.d.k.p.c.s.i.TwitterKafkaProducer - Sending message='{"userId": 1310169629875741252, "id": 2145742651401175315, "text": "ipsum porttitor congue libero Fusce malesuada Kafka congue libero lectus ipsum", "createdAt": 1626939700000}' to topic='twitter-topic'
2021-07-22 07:41:50 [pool-3-thread-1] INFO  c.m.d.t.t.k.s.l.TwitterKafkaStatusListener - Received status text ultricies posuere magna congue ipsum Microservices congue purus adipiscing posuere sending to kafka topic twitter-topic
2021-07-22 07:41:50 [pool-3-thread-1] INFO  c.m.d.k.p.c.s.i.TwitterKafkaProducer - Sending message='{"userId": 4698910759593574308, "id": 5525843579749460109, "text": "ultricies posuere magna congue ipsum Microservices congue purus adipiscing posuere", "createdAt": 1626939710000}' to topic='twitter-topic'
2021-07-22 07:42:00 [pool-3-thread-1] INFO  c.m.d.t.t.k.s.l.TwitterKafkaStatusListener - Received status text ultricies posuere Fusce Lorem purus elit Microservices dolor adipiscing consectetuer massa dolor sending to kafka topic twitter-topic
2021-07-22 07:42:00 [pool-3-thread-1] INFO  c.m.d.k.p.c.s.i.TwitterKafkaProducer - Sending message='{"userId": 980651252672770489, "id": 1918402825960067103, "text": "ultricies posuere Fusce Lorem purus elit Microservices dolor adipiscing consectetuer massa dolor", "createdAt": 1626939720000}' to topic='twitter-topic'
2021-07-22 07:42:10 [pool-3-thread-1] INFO  c.m.d.t.t.k.s.l.TwitterKafkaStatusListener - Received status text Fusce sed massa porttitor posuere adipiscing amet Java ultricies purus Maecenas magna ipsum sending to kafka topic twitter-topic
2021-07-22 07:42:10 [pool-3-thread-1] INFO  c.m.d.k.p.c.s.i.TwitterKafkaProducer - Sending message='{"userId": 7556387809897166479, "id": 1323382715210196089, "text": "Fusce sed massa porttitor posuere adipiscing amet Java ultricies purus Maecenas magna ipsum", "createdAt": 1626939730000}' to topic='twitter-topic'
2021-07-22 07:42:20 [pool-3-thread-1] INFO  c.m.d.t.t.k.s.l.TwitterKafkaStatusListener - Received status text sit lectus sed porttitor Fusce Java lectus adipiscing porttitor sending to kafka topic twitter-topic
2021-07-22 07:42:20 [pool-3-thread-1] INFO  c.m.d.k.p.c.s.i.TwitterKafkaProducer - Sending message='{"userId": 5767973730510780724, "id": 2044213052247751609, "text": "sit lectus sed porttitor Fusce Java lectus adipiscing porttitor", "createdAt": 1626939740000}' to topic='twitter-topic'
2021-07-22 07:42:30 [pool-3-thread-1] INFO  c.m.d.t.t.k.s.l.TwitterKafkaStatusListener - Received status text Maecenas pulvinar amet pulvinar purus Elasticsearch porttitor ipsum ultricies sending to kafka topic twitter-topic
2021-07-22 07:42:30 [pool-3-thread-1] INFO  c.m.d.k.p.c.s.i.TwitterKafkaProducer - Sending message='{"userId": 7252690656075619052, "id": 6917781163108599386, "text": "Maecenas pulvinar amet pulvinar purus Elasticsearch porttitor ipsum ultricies", "createdAt": 1626939750000}' to topic='twitter-topic'
2021-07-22 07:42:40 [pool-3-thread-1] INFO  c.m.d.t.t.k.s.l.TwitterKafkaStatusListener - Received status text porttitor sit malesuada ipsum libero ultricies Microservices amet libero sed sed sending to kafka topic twitter-topic
2021-07-22 07:42:40 [pool-3-thread-1] INFO  c.m.d.k.p.c.s.i.TwitterKafkaProducer - Sending message='{"userId": 5659087763581113642, "id": 45959520417175312, "text": "porttitor sit malesuada ipsum libero ultricies Microservices amet libero sed sed", "createdAt": 1626939760000}' to topic='twitter-topic'
2021-07-22 07:42:50 [pool-3-thread-1] INFO  c.m.d.t.t.k.s.l.TwitterKafkaStatusListener - Received status text ultricies ipsum consectetuer Java purus libero sending to kafka topic twitter-topic
2021-07-22 07:42:50 [pool-3-thread-1] INFO  c.m.d.k.p.c.s.i.TwitterKafkaProducer - Sending message='{"userId": 4526380063964233628, "id": 3617215146848407557, "text": "ultricies ipsum consectetuer Java purus libero", "createdAt": 1626939770000}' to topic='twitter-topic'
2021-07-22 07:43:00 [pool-3-thread-1] INFO  c.m.d.t.t.k.s.l.TwitterKafkaStatusListener - Received status text purus magna porttitor Fusce amet Maecenas sit purus Kafka magna ultricies sit Lorem Lorem porttitor sending to kafka topic twitter-topic
2021-07-22 07:43:00 [pool-3-thread-1] INFO  c.m.d.k.p.c.s.i.TwitterKafkaProducer - Sending message='{"userId": 3482452656758729097, "id": 2646749078560847497, "text": "purus magna porttitor Fusce amet Maecenas sit purus Kafka magna ultricies sit Lorem Lorem porttitor", "createdAt": 1626939780000}' to topic='twitter-topic'
