2021-07-27 10:29:59 [main] INFO  o.s.c.c.c.ConfigServicePropertySourceLocator - Fetching config from server at : http://config-server:8888
2021-07-27 10:30:07 [main] INFO  o.s.c.c.c.ConfigServicePropertySourceLocator - Located environment: name=twitter-to-kafka-service,config-client, profiles=[twitter_to_kafka], label=null, version=c5958165eed8ccb1b998771894410ce0ec6ac008, state=null
2021-07-27 10:30:07 [main] INFO  o.s.c.b.c.PropertySourceBootstrapConfiguration - Located property source: [BootstrapPropertySource {name='bootstrapProperties-configClient'}, BootstrapPropertySource {name='bootstrapProperties-https://github.com/OnceUponATimeMathley/spring-cloud-config-server-repository-3/config-client-twitter_to_kafka.yml'}, BootstrapPropertySource {name='bootstrapProperties-https://github.com/OnceUponATimeMathley/spring-cloud-config-server-repository-3/config-client.yml'}]
2021-07-27 10:30:07 [main] INFO  c.m.d.t.t.k.s.TwitterToKafkaServiceApplication - The following profiles are active: twitter_to_kafka
2021-07-27 10:30:08 [main] INFO  o.s.cloud.context.scope.GenericScope - BeanFactory id=d2cc6e1c-9991-384c-992b-7b3889906191
2021-07-27 10:30:09 [main] INFO  o.s.c.s.PostProcessorRegistrationDelegate$BeanPostProcessorChecker - Bean 'org.springframework.retry.annotation.RetryConfiguration' of type [org.springframework.retry.annotation.RetryConfiguration$$EnhancerBySpringCGLIB$$56cb7fd5] is not eligible for getting processed by all BeanPostProcessors (for example: not eligible for auto-proxying)
2021-07-27 10:30:10 [main] INFO  o.a.k.c.admin.AdminClientConfig - AdminClientConfig values: 
	bootstrap.servers = [kafka-broker-1:9092, kafka-broker-2:9092, kafka-broker-3:9092]
	client.dns.lookup = use_all_dns_ips
	client.id = 
	connections.max.idle.ms = 300000
	default.api.timeout.ms = 60000
	metadata.max.age.ms = 300000
	metric.reporters = []
	metrics.num.samples = 2
	metrics.recording.level = INFO
	metrics.sample.window.ms = 30000
	receive.buffer.bytes = 65536
	reconnect.backoff.max.ms = 1000
	reconnect.backoff.ms = 50
	request.timeout.ms = 30000
	retries = 2147483647
	retry.backoff.ms = 100
	sasl.client.callback.handler.class = null
	sasl.jaas.config = null
	sasl.kerberos.kinit.cmd = /usr/bin/kinit
	sasl.kerberos.min.time.before.relogin = 60000
	sasl.kerberos.service.name = null
	sasl.kerberos.ticket.renew.jitter = 0.05
	sasl.kerberos.ticket.renew.window.factor = 0.8
	sasl.login.callback.handler.class = null
	sasl.login.class = null
	sasl.login.refresh.buffer.seconds = 300
	sasl.login.refresh.min.period.seconds = 60
	sasl.login.refresh.window.factor = 0.8
	sasl.login.refresh.window.jitter = 0.05
	sasl.mechanism = GSSAPI
	security.protocol = PLAINTEXT
	security.providers = null
	send.buffer.bytes = 131072
	socket.connection.setup.timeout.max.ms = 127000
	socket.connection.setup.timeout.ms = 10000
	ssl.cipher.suites = null
	ssl.enabled.protocols = [TLSv1.2, TLSv1.3]
	ssl.endpoint.identification.algorithm = https
	ssl.engine.factory.class = null
	ssl.key.password = null
	ssl.keymanager.algorithm = SunX509
	ssl.keystore.certificate.chain = null
	ssl.keystore.key = null
	ssl.keystore.location = null
	ssl.keystore.password = null
	ssl.keystore.type = JKS
	ssl.protocol = TLSv1.3
	ssl.provider = null
	ssl.secure.random.implementation = null
	ssl.trustmanager.algorithm = PKIX
	ssl.truststore.certificates = null
	ssl.truststore.location = null
	ssl.truststore.password = null
	ssl.truststore.type = JKS

2021-07-27 10:30:10 [main] INFO  o.a.kafka.common.utils.AppInfoParser - Kafka version: 2.7.1
2021-07-27 10:30:10 [main] INFO  o.a.kafka.common.utils.AppInfoParser - Kafka commitId: 61dbce85d0d41457
2021-07-27 10:30:10 [main] INFO  o.a.kafka.common.utils.AppInfoParser - Kafka startTimeMs: 1627381810696
2021-07-27 10:30:11 [main] INFO  o.s.b.a.s.r.ReactiveUserDetailsServiceAutoConfiguration - 

Using generated security password: 80fbc328-17a1-4e0b-9e40-f21dfec52250

2021-07-27 10:30:12 [main] INFO  o.s.b.w.e.netty.NettyWebServer - Netty started on port 8181
2021-07-27 10:30:12 [main] INFO  c.m.d.t.t.k.s.TwitterToKafkaServiceApplication - Started TwitterToKafkaServiceApplication in 15.024 seconds (JVM running for 17.164)
2021-07-27 10:30:12 [main] INFO  c.m.d.t.t.k.s.TwitterToKafkaServiceApplication - App starts...
2021-07-27 10:30:12 [main] INFO  c.m.d.k.a.client.KafkaAdminClient - Creating 1 topics(s), attempt 0
2021-07-27 10:30:12 [main] INFO  c.m.d.k.a.client.KafkaAdminClient - Create topic result [KafkaFuture{value=null,exception=null,done=false}]
2021-07-27 10:30:12 [main] INFO  c.m.d.k.a.client.KafkaAdminClient - Reading kafka topic [twitter-topic], attempt 0
2021-07-27 10:30:16 [main] INFO  c.m.d.t.t.k.s.i.i.KafkaStreamInitializer - Topics with name twitter-topic is ready for operation!
2021-07-27 10:30:16 [main] INFO  c.m.d.t.t.k.s.r.i.MockKafkaStreamRunner - Starting mock filtering twitter streams for keywords [Twitter, Java, Microservices, Kafka, Elasticsearch]
2021-07-27 10:30:16 [pool-3-thread-1] INFO  c.m.d.t.t.k.s.l.TwitterKafkaStatusListener - Received status text Maecenas porttitor amet ipsum massa Fusce Twitter massa Fusce Maecenas magna sending to kafka topic twitter-topic
2021-07-27 10:30:16 [pool-3-thread-1] INFO  c.m.d.k.p.c.s.i.TwitterKafkaProducer - Sending message='{"userId": 2848391425999180727, "id": 6571511000859664189, "text": "Maecenas porttitor amet ipsum massa Fusce Twitter massa Fusce Maecenas magna", "createdAt": 1627381816000}' to topic='twitter-topic'
2021-07-27 10:30:17 [pool-3-thread-1] INFO  o.a.k.c.producer.ProducerConfig - ProducerConfig values: 
	acks = -1
	batch.size = 1638400
	bootstrap.servers = [kafka-broker-1:9092, kafka-broker-2:9092, kafka-broker-3:9092]
	buffer.memory = 33554432
	client.dns.lookup = use_all_dns_ips
	client.id = producer-1
	compression.type = snappy
	connections.max.idle.ms = 540000
	delivery.timeout.ms = 120000
	enable.idempotence = false
	interceptor.classes = []
	internal.auto.downgrade.txn.commit = true
	key.serializer = class org.apache.kafka.common.serialization.LongSerializer
	linger.ms = 5
	max.block.ms = 60000
	max.in.flight.requests.per.connection = 5
	max.request.size = 1048576
	metadata.max.age.ms = 300000
	metadata.max.idle.ms = 300000
	metric.reporters = []
	metrics.num.samples = 2
	metrics.recording.level = INFO
	metrics.sample.window.ms = 30000
	partitioner.class = class org.apache.kafka.clients.producer.internals.DefaultPartitioner
	receive.buffer.bytes = 32768
	reconnect.backoff.max.ms = 1000
	reconnect.backoff.ms = 50
	request.timeout.ms = 60000
	retries = 5
	retry.backoff.ms = 100
	sasl.client.callback.handler.class = null
	sasl.jaas.config = null
	sasl.kerberos.kinit.cmd = /usr/bin/kinit
	sasl.kerberos.min.time.before.relogin = 60000
	sasl.kerberos.service.name = null
	sasl.kerberos.ticket.renew.jitter = 0.05
	sasl.kerberos.ticket.renew.window.factor = 0.8
	sasl.login.callback.handler.class = null
	sasl.login.class = null
	sasl.login.refresh.buffer.seconds = 300
	sasl.login.refresh.min.period.seconds = 60
	sasl.login.refresh.window.factor = 0.8
	sasl.login.refresh.window.jitter = 0.05
	sasl.mechanism = GSSAPI
	security.protocol = PLAINTEXT
	security.providers = null
	send.buffer.bytes = 131072
	socket.connection.setup.timeout.max.ms = 127000
	socket.connection.setup.timeout.ms = 10000
	ssl.cipher.suites = null
	ssl.enabled.protocols = [TLSv1.2, TLSv1.3]
	ssl.endpoint.identification.algorithm = https
	ssl.engine.factory.class = null
	ssl.key.password = null
	ssl.keymanager.algorithm = SunX509
	ssl.keystore.certificate.chain = null
	ssl.keystore.key = null
	ssl.keystore.location = null
	ssl.keystore.password = null
	ssl.keystore.type = JKS
	ssl.protocol = TLSv1.3
	ssl.provider = null
	ssl.secure.random.implementation = null
	ssl.trustmanager.algorithm = PKIX
	ssl.truststore.certificates = null
	ssl.truststore.location = null
	ssl.truststore.password = null
	ssl.truststore.type = JKS
	transaction.timeout.ms = 60000
	transactional.id = null
	value.serializer = class io.confluent.kafka.serializers.KafkaAvroSerializer

2021-07-27 10:30:17 [pool-3-thread-1] INFO  i.c.k.s.KafkaAvroSerializerConfig - KafkaAvroSerializerConfig values: 
	bearer.auth.token = [hidden]
	proxy.port = -1
	schema.reflection = false
	auto.register.schemas = true
	max.schemas.per.subject = 1000
	basic.auth.credentials.source = URL
	value.subject.name.strategy = class io.confluent.kafka.serializers.subject.TopicNameStrategy
	schema.registry.url = [http://schema-registry:8081]
	basic.auth.user.info = [hidden]
	proxy.host = 
	use.latest.version = false
	schema.registry.basic.auth.user.info = [hidden]
	bearer.auth.credentials.source = STATIC_TOKEN
	key.subject.name.strategy = class io.confluent.kafka.serializers.subject.TopicNameStrategy

2021-07-27 10:30:17 [pool-3-thread-1] INFO  o.a.kafka.common.utils.AppInfoParser - Kafka version: 2.7.1
2021-07-27 10:30:17 [pool-3-thread-1] INFO  o.a.kafka.common.utils.AppInfoParser - Kafka commitId: 61dbce85d0d41457
2021-07-27 10:30:17 [pool-3-thread-1] INFO  o.a.kafka.common.utils.AppInfoParser - Kafka startTimeMs: 1627381817198
2021-07-27 10:30:17 [kafka-producer-network-thread | producer-1] INFO  org.apache.kafka.clients.Metadata - [Producer clientId=producer-1] Cluster ID: 2OYscvYUSjSNrKMpcly7IQ
2021-07-27 10:30:28 [pool-3-thread-1] INFO  c.m.d.t.t.k.s.l.TwitterKafkaStatusListener - Received status text Fusce elit Lorem pulvinar ipsum lectus elit Microservices consectetuer libero lectus pulvinar dolor sending to kafka topic twitter-topic
2021-07-27 10:30:28 [pool-3-thread-1] INFO  c.m.d.k.p.c.s.i.TwitterKafkaProducer - Sending message='{"userId": 3398601863671772727, "id": 2499539672452352161, "text": "Fusce elit Lorem pulvinar ipsum lectus elit Microservices consectetuer libero lectus pulvinar dolor", "createdAt": 1627381828000}' to topic='twitter-topic'
2021-07-27 10:30:38 [pool-3-thread-1] INFO  c.m.d.t.t.k.s.l.TwitterKafkaStatusListener - Received status text magna magna lectus Maecenas Java dolor ipsum Lorem sending to kafka topic twitter-topic
2021-07-27 10:30:38 [pool-3-thread-1] INFO  c.m.d.k.p.c.s.i.TwitterKafkaProducer - Sending message='{"userId": 4922268693165606276, "id": 1717754857617985595, "text": "magna magna lectus Maecenas Java dolor ipsum Lorem", "createdAt": 1627381838000}' to topic='twitter-topic'
2021-07-27 10:30:48 [pool-3-thread-1] INFO  c.m.d.t.t.k.s.l.TwitterKafkaStatusListener - Received status text ultricies Lorem consectetuer malesuada sit magna Microservices porttitor sit porttitor pulvinar sending to kafka topic twitter-topic
2021-07-27 10:30:48 [pool-3-thread-1] INFO  c.m.d.k.p.c.s.i.TwitterKafkaProducer - Sending message='{"userId": 6129792424936940655, "id": 8653472133992115160, "text": "ultricies Lorem consectetuer malesuada sit magna Microservices porttitor sit porttitor pulvinar", "createdAt": 1627381848000}' to topic='twitter-topic'
2021-07-27 10:30:58 [pool-3-thread-1] INFO  c.m.d.t.t.k.s.l.TwitterKafkaStatusListener - Received status text ultricies purus congue libero Fusce pulvinar Kafka sit Fusce massa malesuada sending to kafka topic twitter-topic
2021-07-27 10:30:58 [pool-3-thread-1] INFO  c.m.d.k.p.c.s.i.TwitterKafkaProducer - Sending message='{"userId": 3651276376772312783, "id": 5484139225139821064, "text": "ultricies purus congue libero Fusce pulvinar Kafka sit Fusce massa malesuada", "createdAt": 1627381858000}' to topic='twitter-topic'
2021-07-27 10:31:08 [pool-3-thread-1] INFO  c.m.d.t.t.k.s.l.TwitterKafkaStatusListener - Received status text dolor posuere posuere sit Microservices adipiscing lectus massa sending to kafka topic twitter-topic
2021-07-27 10:31:08 [pool-3-thread-1] INFO  c.m.d.k.p.c.s.i.TwitterKafkaProducer - Sending message='{"userId": 3955391311878598272, "id": 4927700002077711499, "text": "dolor posuere posuere sit Microservices adipiscing lectus massa", "createdAt": 1627381868000}' to topic='twitter-topic'
2021-07-27 10:31:18 [pool-3-thread-1] INFO  c.m.d.t.t.k.s.l.TwitterKafkaStatusListener - Received status text lectus ipsum libero malesuada porttitor magna Java pulvinar amet purus purus sending to kafka topic twitter-topic
2021-07-27 10:31:18 [pool-3-thread-1] INFO  c.m.d.k.p.c.s.i.TwitterKafkaProducer - Sending message='{"userId": 6654821084282729710, "id": 2582636828283113360, "text": "lectus ipsum libero malesuada porttitor magna Java pulvinar amet purus purus", "createdAt": 1627381878000}' to topic='twitter-topic'
2021-07-27 10:31:28 [pool-3-thread-1] INFO  c.m.d.t.t.k.s.l.TwitterKafkaStatusListener - Received status text dolor adipiscing sed malesuada adipiscing porttitor Microservices massa sed posuere congue sending to kafka topic twitter-topic
2021-07-27 10:31:28 [pool-3-thread-1] INFO  c.m.d.k.p.c.s.i.TwitterKafkaProducer - Sending message='{"userId": 3662801516461821381, "id": 8334566224509274245, "text": "dolor adipiscing sed malesuada adipiscing porttitor Microservices massa sed posuere congue", "createdAt": 1627381888000}' to topic='twitter-topic'
2021-07-27 10:31:38 [pool-3-thread-1] INFO  c.m.d.t.t.k.s.l.TwitterKafkaStatusListener - Received status text porttitor libero sit porttitor amet Kafka elit posuere sit consectetuer sending to kafka topic twitter-topic
2021-07-27 10:31:38 [pool-3-thread-1] INFO  c.m.d.k.p.c.s.i.TwitterKafkaProducer - Sending message='{"userId": 3759867453587386501, "id": 1550522168645204140, "text": "porttitor libero sit porttitor amet Kafka elit posuere sit consectetuer", "createdAt": 1627381898000}' to topic='twitter-topic'
2021-07-27 10:31:48 [pool-3-thread-1] INFO  c.m.d.t.t.k.s.l.TwitterKafkaStatusListener - Received status text amet sed consectetuer posuere purus malesuada libero Microservices purus sed sed ultricies consectetuer sending to kafka topic twitter-topic
2021-07-27 10:31:48 [pool-3-thread-1] INFO  c.m.d.k.p.c.s.i.TwitterKafkaProducer - Sending message='{"userId": 1655182614044645514, "id": 6382956566982210167, "text": "amet sed consectetuer posuere purus malesuada libero Microservices purus sed sed ultricies consectetuer", "createdAt": 1627381908000}' to topic='twitter-topic'
2021-07-27 10:31:58 [pool-3-thread-1] INFO  c.m.d.t.t.k.s.l.TwitterKafkaStatusListener - Received status text sed massa libero Lorem amet Elasticsearch ultricies malesuada massa magna sending to kafka topic twitter-topic
2021-07-27 10:31:58 [pool-3-thread-1] INFO  c.m.d.k.p.c.s.i.TwitterKafkaProducer - Sending message='{"userId": 4167192618492208329, "id": 2144494606997215801, "text": "sed massa libero Lorem amet Elasticsearch ultricies malesuada massa magna", "createdAt": 1627381918000}' to topic='twitter-topic'
2021-07-27 10:32:08 [pool-3-thread-1] INFO  c.m.d.t.t.k.s.l.TwitterKafkaStatusListener - Received status text porttitor ultricies massa libero sed malesuada libero Twitter porttitor dolor Lorem ipsum libero sending to kafka topic twitter-topic
2021-07-27 10:32:08 [pool-3-thread-1] INFO  c.m.d.k.p.c.s.i.TwitterKafkaProducer - Sending message='{"userId": 2340912911056515496, "id": 6214674868413996139, "text": "porttitor ultricies massa libero sed malesuada libero Twitter porttitor dolor Lorem ipsum libero", "createdAt": 1627381928000}' to topic='twitter-topic'
2021-07-27 10:32:18 [pool-3-thread-1] INFO  c.m.d.t.t.k.s.l.TwitterKafkaStatusListener - Received status text adipiscing massa sit consectetuer pulvinar magna Twitter congue elit malesuada lectus sending to kafka topic twitter-topic
2021-07-27 10:32:18 [pool-3-thread-1] INFO  c.m.d.k.p.c.s.i.TwitterKafkaProducer - Sending message='{"userId": 716322751258849273, "id": 4373338733591292193, "text": "adipiscing massa sit consectetuer pulvinar magna Twitter congue elit malesuada lectus", "createdAt": 1627381938000}' to topic='twitter-topic'
2021-07-27 10:32:28 [pool-3-thread-1] INFO  c.m.d.t.t.k.s.l.TwitterKafkaStatusListener - Received status text lectus massa purus posuere libero purus Twitter amet magna congue consectetuer sending to kafka topic twitter-topic
2021-07-27 10:32:28 [pool-3-thread-1] INFO  c.m.d.k.p.c.s.i.TwitterKafkaProducer - Sending message='{"userId": 5485695254615540399, "id": 4816912136062933099, "text": "lectus massa purus posuere libero purus Twitter amet magna congue consectetuer", "createdAt": 1627381948000}' to topic='twitter-topic'
2021-07-27 10:32:38 [pool-3-thread-1] INFO  c.m.d.t.t.k.s.l.TwitterKafkaStatusListener - Received status text pulvinar magna purus purus ultricies adipiscing posuere Java massa pulvinar adipiscing libero Lorem adipiscing sending to kafka topic twitter-topic
2021-07-27 10:32:38 [pool-3-thread-1] INFO  c.m.d.k.p.c.s.i.TwitterKafkaProducer - Sending message='{"userId": 3300929770830867644, "id": 5747584811479001630, "text": "pulvinar magna purus purus ultricies adipiscing posuere Java massa pulvinar adipiscing libero Lorem adipiscing", "createdAt": 1627381958000}' to topic='twitter-topic'
2021-07-27 10:32:48 [pool-3-thread-1] INFO  c.m.d.t.t.k.s.l.TwitterKafkaStatusListener - Received status text magna Lorem lectus porttitor posuere Java sit ultricies Lorem pulvinar sending to kafka topic twitter-topic
2021-07-27 10:32:48 [pool-3-thread-1] INFO  c.m.d.k.p.c.s.i.TwitterKafkaProducer - Sending message='{"userId": 6739214624639955088, "id": 7895520601302343826, "text": "magna Lorem lectus porttitor posuere Java sit ultricies Lorem pulvinar", "createdAt": 1627381968000}' to topic='twitter-topic'
2021-07-27 10:32:58 [pool-3-thread-1] INFO  c.m.d.t.t.k.s.l.TwitterKafkaStatusListener - Received status text ipsum magna malesuada lectus Fusce pulvinar pulvinar Java malesuada elit amet Fusce consectetuer amet sending to kafka topic twitter-topic
2021-07-27 10:32:58 [pool-3-thread-1] INFO  c.m.d.k.p.c.s.i.TwitterKafkaProducer - Sending message='{"userId": 6543350091631219978, "id": 7077382166693230222, "text": "ipsum magna malesuada lectus Fusce pulvinar pulvinar Java malesuada elit amet Fusce consectetuer amet", "createdAt": 1627381978000}' to topic='twitter-topic'
2021-07-27 10:33:08 [pool-3-thread-1] INFO  c.m.d.t.t.k.s.l.TwitterKafkaStatusListener - Received status text elit amet posuere amet Twitter sit pulvinar sending to kafka topic twitter-topic
2021-07-27 10:33:08 [pool-3-thread-1] INFO  c.m.d.k.p.c.s.i.TwitterKafkaProducer - Sending message='{"userId": 3937725292201218870, "id": 3314453125326513429, "text": "elit amet posuere amet Twitter sit pulvinar", "createdAt": 1627381988000}' to topic='twitter-topic'
2021-07-27 10:33:19 [pool-3-thread-1] INFO  c.m.d.t.t.k.s.l.TwitterKafkaStatusListener - Received status text adipiscing congue consectetuer malesuada Maecenas Maecenas Elasticsearch purus ultricies porttitor porttitor sending to kafka topic twitter-topic
2021-07-27 10:33:19 [pool-3-thread-1] INFO  c.m.d.k.p.c.s.i.TwitterKafkaProducer - Sending message='{"userId": 2424035112191314925, "id": 4677496181331650650, "text": "adipiscing congue consectetuer malesuada Maecenas Maecenas Elasticsearch purus ultricies porttitor porttitor", "createdAt": 1627381999000}' to topic='twitter-topic'
2021-07-27 10:33:29 [pool-3-thread-1] INFO  c.m.d.t.t.k.s.l.TwitterKafkaStatusListener - Received status text consectetuer congue lectus ipsum adipiscing sit lectus libero Elasticsearch Fusce sit congue adipiscing posuere ipsum sending to kafka topic twitter-topic
2021-07-27 10:33:29 [pool-3-thread-1] INFO  c.m.d.k.p.c.s.i.TwitterKafkaProducer - Sending message='{"userId": 8248957510233976794, "id": 3459966433892479036, "text": "consectetuer congue lectus ipsum adipiscing sit lectus libero Elasticsearch Fusce sit congue adipiscing posuere ipsum", "createdAt": 1627382009000}' to topic='twitter-topic'
2021-07-27 10:33:39 [pool-3-thread-1] INFO  c.m.d.t.t.k.s.l.TwitterKafkaStatusListener - Received status text dolor adipiscing posuere massa lectus Microservices purus ultricies sit sending to kafka topic twitter-topic
2021-07-27 10:33:39 [pool-3-thread-1] INFO  c.m.d.k.p.c.s.i.TwitterKafkaProducer - Sending message='{"userId": 2166350024033517159, "id": 8332626112658703149, "text": "dolor adipiscing posuere massa lectus Microservices purus ultricies sit", "createdAt": 1627382019000}' to topic='twitter-topic'
2021-07-27 10:33:49 [pool-3-thread-1] INFO  c.m.d.t.t.k.s.l.TwitterKafkaStatusListener - Received status text Lorem magna Lorem congue lectus purus ipsum Microservices sed dolor purus sed consectetuer porttitor sending to kafka topic twitter-topic
2021-07-27 10:33:49 [pool-3-thread-1] INFO  c.m.d.k.p.c.s.i.TwitterKafkaProducer - Sending message='{"userId": 5744951348646416642, "id": 2768235923496944994, "text": "Lorem magna Lorem congue lectus purus ipsum Microservices sed dolor purus sed consectetuer porttitor", "createdAt": 1627382029000}' to topic='twitter-topic'
2021-07-27 10:33:59 [pool-3-thread-1] INFO  c.m.d.t.t.k.s.l.TwitterKafkaStatusListener - Received status text Lorem lectus sed Maecenas Maecenas consectetuer Kafka massa magna congue malesuada purus sending to kafka topic twitter-topic
2021-07-27 10:33:59 [pool-3-thread-1] INFO  c.m.d.k.p.c.s.i.TwitterKafkaProducer - Sending message='{"userId": 3921858341466437709, "id": 1585409269023190784, "text": "Lorem lectus sed Maecenas Maecenas consectetuer Kafka massa magna congue malesuada purus", "createdAt": 1627382039000}' to topic='twitter-topic'
2021-07-27 10:34:09 [pool-3-thread-1] INFO  c.m.d.t.t.k.s.l.TwitterKafkaStatusListener - Received status text consectetuer ipsum posuere malesuada Microservices massa Fusce sending to kafka topic twitter-topic
2021-07-27 10:34:09 [pool-3-thread-1] INFO  c.m.d.k.p.c.s.i.TwitterKafkaProducer - Sending message='{"userId": 3071779522965952078, "id": 6977072482236018836, "text": "consectetuer ipsum posuere malesuada Microservices massa Fusce", "createdAt": 1627382049000}' to topic='twitter-topic'
2021-07-27 10:34:19 [pool-3-thread-1] INFO  c.m.d.t.t.k.s.l.TwitterKafkaStatusListener - Received status text ipsum elit malesuada ultricies Microservices adipiscing magna sending to kafka topic twitter-topic
2021-07-27 10:34:19 [pool-3-thread-1] INFO  c.m.d.k.p.c.s.i.TwitterKafkaProducer - Sending message='{"userId": 6609250139140460802, "id": 149556517928933063, "text": "ipsum elit malesuada ultricies Microservices adipiscing magna", "createdAt": 1627382059000}' to topic='twitter-topic'
2021-07-27 10:34:29 [pool-3-thread-1] INFO  c.m.d.t.t.k.s.l.TwitterKafkaStatusListener - Received status text libero magna congue dolor malesuada posuere elit Kafka adipiscing ultricies Lorem dolor pulvinar sending to kafka topic twitter-topic
2021-07-27 10:34:29 [pool-3-thread-1] INFO  c.m.d.k.p.c.s.i.TwitterKafkaProducer - Sending message='{"userId": 2206952146899472606, "id": 8853031541268519012, "text": "libero magna congue dolor malesuada posuere elit Kafka adipiscing ultricies Lorem dolor pulvinar", "createdAt": 1627382069000}' to topic='twitter-topic'
2021-07-27 10:34:39 [pool-3-thread-1] INFO  c.m.d.t.t.k.s.l.TwitterKafkaStatusListener - Received status text lectus Fusce Lorem congue Fusce Microservices malesuada sed elit sed sending to kafka topic twitter-topic
2021-07-27 10:34:39 [pool-3-thread-1] INFO  c.m.d.k.p.c.s.i.TwitterKafkaProducer - Sending message='{"userId": 6989093019674601316, "id": 7832014929332494874, "text": "lectus Fusce Lorem congue Fusce Microservices malesuada sed elit sed", "createdAt": 1627382079000}' to topic='twitter-topic'
2021-07-27 10:34:49 [pool-3-thread-1] INFO  c.m.d.t.t.k.s.l.TwitterKafkaStatusListener - Received status text sed sit magna congue purus malesuada malesuada sit Twitter Lorem magna amet Lorem libero Maecenas sending to kafka topic twitter-topic
2021-07-27 10:34:49 [pool-3-thread-1] INFO  c.m.d.k.p.c.s.i.TwitterKafkaProducer - Sending message='{"userId": 4127025292027865487, "id": 2326378094479765851, "text": "sed sit magna congue purus malesuada malesuada sit Twitter Lorem magna amet Lorem libero Maecenas", "createdAt": 1627382089000}' to topic='twitter-topic'
2021-07-27 10:34:59 [pool-3-thread-1] INFO  c.m.d.t.t.k.s.l.TwitterKafkaStatusListener - Received status text purus Maecenas magna sed porttitor ultricies malesuada lectus Java ultricies congue amet consectetuer purus Fusce sending to kafka topic twitter-topic
2021-07-27 10:34:59 [pool-3-thread-1] INFO  c.m.d.k.p.c.s.i.TwitterKafkaProducer - Sending message='{"userId": 6110498945236052653, "id": 3562685737325807612, "text": "purus Maecenas magna sed porttitor ultricies malesuada lectus Java ultricies congue amet consectetuer purus Fusce", "createdAt": 1627382099000}' to topic='twitter-topic'
2021-07-27 10:35:09 [pool-3-thread-1] INFO  c.m.d.t.t.k.s.l.TwitterKafkaStatusListener - Received status text Maecenas purus dolor congue libero massa amet Twitter adipiscing massa congue Fusce dolor pulvinar sending to kafka topic twitter-topic
2021-07-27 10:35:09 [pool-3-thread-1] INFO  c.m.d.k.p.c.s.i.TwitterKafkaProducer - Sending message='{"userId": 6025695078736385126, "id": 5211844149515435647, "text": "Maecenas purus dolor congue libero massa amet Twitter adipiscing massa congue Fusce dolor pulvinar", "createdAt": 1627382109000}' to topic='twitter-topic'
2021-07-27 10:35:19 [pool-3-thread-1] INFO  c.m.d.t.t.k.s.l.TwitterKafkaStatusListener - Received status text posuere Lorem pulvinar ultricies ipsum ipsum congue posuere Twitter congue purus ipsum sit magna sed purus sending to kafka topic twitter-topic
2021-07-27 10:35:19 [pool-3-thread-1] INFO  c.m.d.k.p.c.s.i.TwitterKafkaProducer - Sending message='{"userId": 4552983958475074570, "id": 1848260143720285655, "text": "posuere Lorem pulvinar ultricies ipsum ipsum congue posuere Twitter congue purus ipsum sit magna sed purus", "createdAt": 1627382119000}' to topic='twitter-topic'
2021-07-27 10:35:29 [pool-3-thread-1] INFO  c.m.d.t.t.k.s.l.TwitterKafkaStatusListener - Received status text dolor dolor adipiscing Fusce sit porttitor consectetuer Twitter purus congue adipiscing sit Lorem dolor sending to kafka topic twitter-topic
2021-07-27 10:35:29 [pool-3-thread-1] INFO  c.m.d.k.p.c.s.i.TwitterKafkaProducer - Sending message='{"userId": 8333657866080697059, "id": 1459601666628542639, "text": "dolor dolor adipiscing Fusce sit porttitor consectetuer Twitter purus congue adipiscing sit Lorem dolor", "createdAt": 1627382129000}' to topic='twitter-topic'
2021-07-27 10:35:39 [pool-3-thread-1] INFO  c.m.d.t.t.k.s.l.TwitterKafkaStatusListener - Received status text malesuada sit sed adipiscing ultricies Fusce Lorem Maecenas Microservices consectetuer libero purus dolor posuere porttitor sit sending to kafka topic twitter-topic
2021-07-27 10:35:39 [pool-3-thread-1] INFO  c.m.d.k.p.c.s.i.TwitterKafkaProducer - Sending message='{"userId": 717475944333152738, "id": 3086453824627023172, "text": "malesuada sit sed adipiscing ultricies Fusce Lorem Maecenas Microservices consectetuer libero purus dolor posuere porttitor sit", "createdAt": 1627382139000}' to topic='twitter-topic'
2021-07-27 10:35:49 [pool-3-thread-1] INFO  c.m.d.t.t.k.s.l.TwitterKafkaStatusListener - Received status text ultricies purus sit libero purus Java massa consectetuer posuere sending to kafka topic twitter-topic
2021-07-27 10:35:49 [pool-3-thread-1] INFO  c.m.d.k.p.c.s.i.TwitterKafkaProducer - Sending message='{"userId": 4068266495084272217, "id": 594003659156174840, "text": "ultricies purus sit libero purus Java massa consectetuer posuere", "createdAt": 1627382149000}' to topic='twitter-topic'
2021-07-27 10:35:59 [pool-3-thread-1] INFO  c.m.d.t.t.k.s.l.TwitterKafkaStatusListener - Received status text Fusce massa pulvinar Lorem massa elit sit massa Elasticsearch sit magna porttitor massa posuere magna sending to kafka topic twitter-topic
2021-07-27 10:35:59 [pool-3-thread-1] INFO  c.m.d.k.p.c.s.i.TwitterKafkaProducer - Sending message='{"userId": 8112283745124301355, "id": 2022110628827080959, "text": "Fusce massa pulvinar Lorem massa elit sit massa Elasticsearch sit magna porttitor massa posuere magna", "createdAt": 1627382159000}' to topic='twitter-topic'
2021-07-27 10:36:09 [pool-3-thread-1] INFO  c.m.d.t.t.k.s.l.TwitterKafkaStatusListener - Received status text malesuada congue sed dolor ultricies Elasticsearch posuere ipsum pulvinar sending to kafka topic twitter-topic
2021-07-27 10:36:09 [pool-3-thread-1] INFO  c.m.d.k.p.c.s.i.TwitterKafkaProducer - Sending message='{"userId": 5203931349186948456, "id": 8977661388313006313, "text": "malesuada congue sed dolor ultricies Elasticsearch posuere ipsum pulvinar", "createdAt": 1627382169000}' to topic='twitter-topic'
2021-07-27 10:36:19 [pool-3-thread-1] INFO  c.m.d.t.t.k.s.l.TwitterKafkaStatusListener - Received status text elit Fusce massa ipsum ipsum ipsum pulvinar massa Microservices massa sed sed pulvinar porttitor malesuada lectus sending to kafka topic twitter-topic
2021-07-27 10:36:19 [pool-3-thread-1] INFO  c.m.d.k.p.c.s.i.TwitterKafkaProducer - Sending message='{"userId": 2246944566939997452, "id": 6331218904134837132, "text": "elit Fusce massa ipsum ipsum ipsum pulvinar massa Microservices massa sed sed pulvinar porttitor malesuada lectus", "createdAt": 1627382179000}' to topic='twitter-topic'
2021-07-27 10:36:29 [pool-3-thread-1] INFO  c.m.d.t.t.k.s.l.TwitterKafkaStatusListener - Received status text ipsum Maecenas purus elit massa Kafka magna consectetuer sit sed sending to kafka topic twitter-topic
2021-07-27 10:36:29 [pool-3-thread-1] INFO  c.m.d.k.p.c.s.i.TwitterKafkaProducer - Sending message='{"userId": 2260837253464764178, "id": 5419818686318780101, "text": "ipsum Maecenas purus elit massa Kafka magna consectetuer sit sed", "createdAt": 1627382189000}' to topic='twitter-topic'
2021-07-27 10:36:39 [pool-3-thread-1] INFO  c.m.d.t.t.k.s.l.TwitterKafkaStatusListener - Received status text congue magna elit lectus posuere Microservices magna elit adipiscing sending to kafka topic twitter-topic
2021-07-27 10:36:39 [pool-3-thread-1] INFO  c.m.d.k.p.c.s.i.TwitterKafkaProducer - Sending message='{"userId": 4675711434400066500, "id": 7585590978686282749, "text": "congue magna elit lectus posuere Microservices magna elit adipiscing", "createdAt": 1627382199000}' to topic='twitter-topic'
2021-07-27 10:36:49 [pool-3-thread-1] INFO  c.m.d.t.t.k.s.l.TwitterKafkaStatusListener - Received status text purus sit porttitor ultricies Fusce malesuada Twitter dolor malesuada posuere Fusce sending to kafka topic twitter-topic
2021-07-27 10:36:49 [pool-3-thread-1] INFO  c.m.d.k.p.c.s.i.TwitterKafkaProducer - Sending message='{"userId": 3027439301295410742, "id": 7686637424260320647, "text": "purus sit porttitor ultricies Fusce malesuada Twitter dolor malesuada posuere Fusce", "createdAt": 1627382209000}' to topic='twitter-topic'
2021-07-27 10:36:59 [pool-3-thread-1] INFO  c.m.d.t.t.k.s.l.TwitterKafkaStatusListener - Received status text magna elit Fusce porttitor Java purus Maecenas posuere sending to kafka topic twitter-topic
2021-07-27 10:36:59 [pool-3-thread-1] INFO  c.m.d.k.p.c.s.i.TwitterKafkaProducer - Sending message='{"userId": 3336193942019212318, "id": 6826184324116355489, "text": "magna elit Fusce porttitor Java purus Maecenas posuere", "createdAt": 1627382219000}' to topic='twitter-topic'
2021-07-27 10:37:09 [pool-3-thread-1] INFO  c.m.d.t.t.k.s.l.TwitterKafkaStatusListener - Received status text pulvinar Maecenas ultricies amet pulvinar massa Fusce Microservices posuere purus pulvinar magna congue sending to kafka topic twitter-topic
2021-07-27 10:37:09 [pool-3-thread-1] INFO  c.m.d.k.p.c.s.i.TwitterKafkaProducer - Sending message='{"userId": 830128971613747268, "id": 7320642542904037874, "text": "pulvinar Maecenas ultricies amet pulvinar massa Fusce Microservices posuere purus pulvinar magna congue", "createdAt": 1627382229000}' to topic='twitter-topic'
2021-07-27 10:37:19 [pool-3-thread-1] INFO  c.m.d.t.t.k.s.l.TwitterKafkaStatusListener - Received status text consectetuer Lorem lectus porttitor libero Maecenas pulvinar Java lectus Fusce purus porttitor purus sending to kafka topic twitter-topic
2021-07-27 10:37:19 [pool-3-thread-1] INFO  c.m.d.k.p.c.s.i.TwitterKafkaProducer - Sending message='{"userId": 6478581528868374345, "id": 429397180443011088, "text": "consectetuer Lorem lectus porttitor libero Maecenas pulvinar Java lectus Fusce purus porttitor purus", "createdAt": 1627382239000}' to topic='twitter-topic'
2021-07-27 10:37:29 [pool-3-thread-1] INFO  c.m.d.t.t.k.s.l.TwitterKafkaStatusListener - Received status text Maecenas porttitor Lorem malesuada pulvinar Kafka sed magna posuere sending to kafka topic twitter-topic
2021-07-27 10:37:29 [pool-3-thread-1] INFO  c.m.d.k.p.c.s.i.TwitterKafkaProducer - Sending message='{"userId": 717165543156745163, "id": 7877694538238592598, "text": "Maecenas porttitor Lorem malesuada pulvinar Kafka sed magna posuere", "createdAt": 1627382249000}' to topic='twitter-topic'
2021-07-27 10:37:39 [pool-3-thread-1] INFO  c.m.d.t.t.k.s.l.TwitterKafkaStatusListener - Received status text magna purus consectetuer Twitter porttitor congue sending to kafka topic twitter-topic
2021-07-27 10:37:39 [pool-3-thread-1] INFO  c.m.d.k.p.c.s.i.TwitterKafkaProducer - Sending message='{"userId": 5270209775265782951, "id": 1297400438904977440, "text": "magna purus consectetuer Twitter porttitor congue", "createdAt": 1627382259000}' to topic='twitter-topic'
