2021-07-20 08:57:49 [main] INFO  c.m.demo.config.server.ConfigServer - Starting ConfigServer v0.0.1-SNAPSHOT using Java 11.0.11 on 329d4a911ce3 with PID 1 (/workspace/BOOT-INF/classes started by cnb in /workspace)
2021-07-20 08:57:49 [main] INFO  c.m.demo.config.server.ConfigServer - No active profile set, falling back to default profiles: default
2021-07-20 08:57:49 [background-preinit] INFO  o.h.validator.internal.util.Version - HV000001: Hibernate Validator 6.2.0.Final
2021-07-20 08:57:53 [main] INFO  o.s.cloud.context.scope.GenericScope - BeanFactory id=8dbd9f49-dd61-3375-9383-8c4959f79b95
2021-07-20 08:57:55 [main] INFO  o.s.b.w.e.tomcat.TomcatWebServer - Tomcat initialized with port(s): 8888 (http)
2021-07-20 08:57:55 [main] INFO  o.a.coyote.http11.Http11NioProtocol - Initializing ProtocolHandler ["http-nio-8888"]
2021-07-20 08:57:55 [main] INFO  o.a.catalina.core.StandardService - Starting service [Tomcat]
2021-07-20 08:57:55 [main] INFO  o.a.catalina.core.StandardEngine - Starting Servlet engine: [Apache Tomcat/9.0.48]
2021-07-20 08:57:55 [main] INFO  o.a.c.c.C.[Tomcat].[localhost].[/] - Initializing Spring embedded WebApplicationContext
2021-07-20 08:57:55 [main] INFO  o.s.b.w.s.c.ServletWebServerApplicationContext - Root WebApplicationContext: initialization completed in 5578 ms
2021-07-20 08:57:56 [main] INFO  o.s.s.web.DefaultSecurityFilterChain - Will secure Ant [pattern='/actuator/**'] with []
2021-07-20 08:57:56 [main] INFO  o.s.s.web.DefaultSecurityFilterChain - Will secure Ant [pattern='/encrypt/**'] with []
2021-07-20 08:57:56 [main] INFO  o.s.s.web.DefaultSecurityFilterChain - Will secure Ant [pattern='/decrypt/**'] with []
2021-07-20 08:57:56 [main] INFO  o.s.s.web.DefaultSecurityFilterChain - Will secure any request with [org.springframework.security.web.context.request.async.WebAsyncManagerIntegrationFilter@23bd0c81, org.springframework.security.web.context.SecurityContextPersistenceFilter@41aebbb4, org.springframework.security.web.header.HeaderWriterFilter@65cc5252, org.springframework.security.web.csrf.CsrfFilter@45037e16, org.springframework.security.web.authentication.logout.LogoutFilter@6629643d, org.springframework.security.web.authentication.UsernamePasswordAuthenticationFilter@2b43f314, org.springframework.security.web.authentication.ui.DefaultLoginPageGeneratingFilter@3fb450d7, org.springframework.security.web.authentication.ui.DefaultLogoutPageGeneratingFilter@1332dec4, org.springframework.security.web.authentication.www.BasicAuthenticationFilter@4aaecabd, org.springframework.security.web.savedrequest.RequestCacheAwareFilter@5a592c70, org.springframework.security.web.servletapi.SecurityContextHolderAwareRequestFilter@37c7766e, org.springframework.security.web.authentication.AnonymousAuthenticationFilter@544e3679, org.springframework.security.web.session.SessionManagementFilter@2dbfa972, org.springframework.security.web.access.ExceptionTranslationFilter@48d739f, org.springframework.security.web.access.intercept.FilterSecurityInterceptor@132e3594]
2021-07-20 08:58:05 [main] INFO  o.a.coyote.http11.Http11NioProtocol - Starting ProtocolHandler ["http-nio-8888"]
2021-07-20 08:58:05 [main] INFO  o.s.b.w.e.tomcat.TomcatWebServer - Tomcat started on port(s): 8888 (http) with context path ''
2021-07-20 08:58:05 [main] INFO  c.m.demo.config.server.ConfigServer - Started ConfigServer in 20.754 seconds (JVM running for 30.833)
2021-07-20 08:58:48 [http-nio-8888-exec-1] INFO  o.a.c.c.C.[Tomcat].[localhost].[/] - Initializing Spring DispatcherServlet 'dispatcherServlet'
2021-07-20 08:58:48 [http-nio-8888-exec-1] INFO  o.s.web.servlet.DispatcherServlet - Initializing Servlet 'dispatcherServlet'
2021-07-20 08:58:48 [http-nio-8888-exec-1] INFO  o.s.web.servlet.DispatcherServlet - Completed initialization in 1 ms
2021-07-20 09:00:38 [background-preinit] INFO  o.h.validator.internal.util.Version - HV000001: Hibernate Validator 6.2.0.Final
2021-07-20 09:00:38 [main] INFO  c.m.demo.config.server.ConfigServer - Starting ConfigServer v0.0.1-SNAPSHOT using Java 11.0.11 on 7153eeeda0ab with PID 1 (/workspace/BOOT-INF/classes started by cnb in /workspace)
2021-07-20 09:00:38 [main] INFO  c.m.demo.config.server.ConfigServer - No active profile set, falling back to default profiles: default
2021-07-20 09:00:41 [main] INFO  o.s.cloud.context.scope.GenericScope - BeanFactory id=8dbd9f49-dd61-3375-9383-8c4959f79b95
2021-07-20 09:00:42 [main] INFO  o.s.b.w.e.tomcat.TomcatWebServer - Tomcat initialized with port(s): 8888 (http)
2021-07-20 09:00:42 [main] INFO  o.a.coyote.http11.Http11NioProtocol - Initializing ProtocolHandler ["http-nio-8888"]
2021-07-20 09:00:42 [main] INFO  o.a.catalina.core.StandardService - Starting service [Tomcat]
2021-07-20 09:00:42 [main] INFO  o.a.catalina.core.StandardEngine - Starting Servlet engine: [Apache Tomcat/9.0.48]
2021-07-20 09:00:42 [main] INFO  o.a.c.c.C.[Tomcat].[localhost].[/] - Initializing Spring embedded WebApplicationContext
2021-07-20 09:00:42 [main] INFO  o.s.b.w.s.c.ServletWebServerApplicationContext - Root WebApplicationContext: initialization completed in 3920 ms
2021-07-20 09:00:45 [main] INFO  o.s.s.web.DefaultSecurityFilterChain - Will secure Ant [pattern='/actuator/**'] with []
2021-07-20 09:00:45 [main] INFO  o.s.s.web.DefaultSecurityFilterChain - Will secure Ant [pattern='/encrypt/**'] with []
2021-07-20 09:00:45 [main] INFO  o.s.s.web.DefaultSecurityFilterChain - Will secure Ant [pattern='/decrypt/**'] with []
2021-07-20 09:00:45 [main] INFO  o.s.s.web.DefaultSecurityFilterChain - Will secure any request with [org.springframework.security.web.context.request.async.WebAsyncManagerIntegrationFilter@4270b142, org.springframework.security.web.context.SecurityContextPersistenceFilter@7e7740a5, org.springframework.security.web.header.HeaderWriterFilter@5438fa43, org.springframework.security.web.csrf.CsrfFilter@22f02996, org.springframework.security.web.authentication.logout.LogoutFilter@6a567f7b, org.springframework.security.web.authentication.UsernamePasswordAuthenticationFilter@53d6e959, org.springframework.security.web.authentication.ui.DefaultLoginPageGeneratingFilter@2ca54da9, org.springframework.security.web.authentication.ui.DefaultLogoutPageGeneratingFilter@2dfa02c1, org.springframework.security.web.authentication.www.BasicAuthenticationFilter@2c9306d3, org.springframework.security.web.savedrequest.RequestCacheAwareFilter@7e61e25c, org.springframework.security.web.servletapi.SecurityContextHolderAwareRequestFilter@382d71c7, org.springframework.security.web.authentication.AnonymousAuthenticationFilter@6314df3c, org.springframework.security.web.session.SessionManagementFilter@515ab3f2, org.springframework.security.web.access.ExceptionTranslationFilter@640d604, org.springframework.security.web.access.intercept.FilterSecurityInterceptor@2bd8f7db]
2021-07-20 09:00:51 [main] INFO  o.a.coyote.http11.Http11NioProtocol - Starting ProtocolHandler ["http-nio-8888"]
2021-07-20 09:00:51 [main] INFO  o.s.b.w.e.tomcat.TomcatWebServer - Tomcat started on port(s): 8888 (http) with context path ''
2021-07-20 09:00:51 [main] INFO  c.m.demo.config.server.ConfigServer - Started ConfigServer in 14.199 seconds (JVM running for 15.174)
2021-07-20 09:05:07 [http-nio-8888-exec-1] INFO  o.a.c.c.C.[Tomcat].[localhost].[/] - Initializing Spring DispatcherServlet 'dispatcherServlet'
2021-07-20 09:05:07 [http-nio-8888-exec-1] INFO  o.s.web.servlet.DispatcherServlet - Initializing Servlet 'dispatcherServlet'
2021-07-20 09:05:07 [http-nio-8888-exec-1] INFO  o.s.web.servlet.DispatcherServlet - Completed initialization in 1 ms
2021-07-20 09:05:12 [http-nio-8888-exec-1] WARN  o.s.c.c.s.e.MultipleJGitEnvironmentRepository - Could not fetch remote for main remote: https://github.com/OnceUponATimeMathley/spring-cloud-config-server-repository-3
2021-07-20 10:06:14 [background-preinit] INFO  o.h.validator.internal.util.Version - HV000001: Hibernate Validator 6.2.0.Final
2021-07-20 10:06:15 [main] INFO  c.m.demo.config.server.ConfigServer - Starting ConfigServer v0.0.1-SNAPSHOT using Java 11.0.11 on 3813a16c0bda with PID 1 (/workspace/BOOT-INF/classes started by cnb in /workspace)
2021-07-20 10:06:15 [main] INFO  c.m.demo.config.server.ConfigServer - No active profile set, falling back to default profiles: default
2021-07-20 10:06:23 [main] INFO  o.s.cloud.context.scope.GenericScope - BeanFactory id=8dbd9f49-dd61-3375-9383-8c4959f79b95
2021-07-20 10:06:26 [main] INFO  o.s.b.w.e.tomcat.TomcatWebServer - Tomcat initialized with port(s): 8888 (http)
2021-07-20 10:06:26 [main] INFO  o.a.coyote.http11.Http11NioProtocol - Initializing ProtocolHandler ["http-nio-8888"]
2021-07-20 10:06:26 [main] INFO  o.a.catalina.core.StandardService - Starting service [Tomcat]
2021-07-20 10:06:26 [main] INFO  o.a.catalina.core.StandardEngine - Starting Servlet engine: [Apache Tomcat/9.0.48]
2021-07-20 10:06:26 [main] INFO  o.a.c.c.C.[Tomcat].[localhost].[/] - Initializing Spring embedded WebApplicationContext
2021-07-20 10:06:26 [main] INFO  o.s.b.w.s.c.ServletWebServerApplicationContext - Root WebApplicationContext: initialization completed in 11388 ms
2021-07-20 10:06:29 [main] INFO  o.s.s.web.DefaultSecurityFilterChain - Will secure Ant [pattern='/actuator/**'] with []
2021-07-20 10:06:29 [main] INFO  o.s.s.web.DefaultSecurityFilterChain - Will secure Ant [pattern='/encrypt/**'] with []
2021-07-20 10:06:29 [main] INFO  o.s.s.web.DefaultSecurityFilterChain - Will secure Ant [pattern='/decrypt/**'] with []
2021-07-20 10:06:29 [main] INFO  o.s.s.web.DefaultSecurityFilterChain - Will secure any request with [org.springframework.security.web.context.request.async.WebAsyncManagerIntegrationFilter@4b7ed03e, org.springframework.security.web.context.SecurityContextPersistenceFilter@65da01f4, org.springframework.security.web.header.HeaderWriterFilter@6544899b, org.springframework.security.web.csrf.CsrfFilter@372f0a99, org.springframework.security.web.authentication.logout.LogoutFilter@5fef0c19, org.springframework.security.web.authentication.UsernamePasswordAuthenticationFilter@afde064, org.springframework.security.web.authentication.ui.DefaultLoginPageGeneratingFilter@51ac12ac, org.springframework.security.web.authentication.ui.DefaultLogoutPageGeneratingFilter@636985df, org.springframework.security.web.authentication.www.BasicAuthenticationFilter@3fb450d7, org.springframework.security.web.savedrequest.RequestCacheAwareFilter@7c8874ef, org.springframework.security.web.servletapi.SecurityContextHolderAwareRequestFilter@637c840d, org.springframework.security.web.authentication.AnonymousAuthenticationFilter@6f91fbda, org.springframework.security.web.session.SessionManagementFilter@1bd8afc8, org.springframework.security.web.access.ExceptionTranslationFilter@2a0b901c, org.springframework.security.web.access.intercept.FilterSecurityInterceptor@65cc5252]
2021-07-20 10:06:46 [main] INFO  o.a.coyote.http11.Http11NioProtocol - Starting ProtocolHandler ["http-nio-8888"]
2021-07-20 10:06:46 [main] INFO  o.s.b.w.e.tomcat.TomcatWebServer - Tomcat started on port(s): 8888 (http) with context path ''
2021-07-20 10:06:46 [main] INFO  c.m.demo.config.server.ConfigServer - Started ConfigServer in 34.51 seconds (JVM running for 37.916)
2021-07-20 10:06:47 [http-nio-8888-exec-1] INFO  o.a.c.c.C.[Tomcat].[localhost].[/] - Initializing Spring DispatcherServlet 'dispatcherServlet'
2021-07-20 10:06:47 [http-nio-8888-exec-1] INFO  o.s.web.servlet.DispatcherServlet - Initializing Servlet 'dispatcherServlet'
2021-07-20 10:06:47 [http-nio-8888-exec-1] INFO  o.s.web.servlet.DispatcherServlet - Completed initialization in 1 ms
2021-07-20 10:06:52 [http-nio-8888-exec-1] WARN  o.s.c.c.s.e.MultipleJGitEnvironmentRepository - Could not fetch remote for main remote: https://github.com/OnceUponATimeMathley/spring-cloud-config-server-repository-3
2021-07-20 10:12:07 [background-preinit] INFO  o.h.validator.internal.util.Version - HV000001: Hibernate Validator 6.2.0.Final
2021-07-20 10:12:07 [main] INFO  c.m.demo.config.server.ConfigServer - Starting ConfigServer v0.0.1-SNAPSHOT using Java 11.0.11 on 0126e7a40a22 with PID 1 (/workspace/BOOT-INF/classes started by cnb in /workspace)
2021-07-20 10:12:07 [main] INFO  c.m.demo.config.server.ConfigServer - No active profile set, falling back to default profiles: default
2021-07-20 10:12:09 [main] INFO  o.s.cloud.context.scope.GenericScope - BeanFactory id=8dbd9f49-dd61-3375-9383-8c4959f79b95
2021-07-20 10:12:11 [main] INFO  o.s.b.w.e.tomcat.TomcatWebServer - Tomcat initialized with port(s): 8888 (http)
2021-07-20 10:12:11 [main] INFO  o.a.coyote.http11.Http11NioProtocol - Initializing ProtocolHandler ["http-nio-8888"]
2021-07-20 10:12:11 [main] INFO  o.a.catalina.core.StandardService - Starting service [Tomcat]
2021-07-20 10:12:11 [main] INFO  o.a.catalina.core.StandardEngine - Starting Servlet engine: [Apache Tomcat/9.0.48]
2021-07-20 10:12:11 [main] INFO  o.a.c.c.C.[Tomcat].[localhost].[/] - Initializing Spring embedded WebApplicationContext
2021-07-20 10:12:11 [main] INFO  o.s.b.w.s.c.ServletWebServerApplicationContext - Root WebApplicationContext: initialization completed in 4073 ms
2021-07-20 10:12:14 [main] INFO  o.s.s.web.DefaultSecurityFilterChain - Will secure Ant [pattern='/actuator/**'] with []
2021-07-20 10:12:14 [main] INFO  o.s.s.web.DefaultSecurityFilterChain - Will secure Ant [pattern='/encrypt/**'] with []
2021-07-20 10:12:14 [main] INFO  o.s.s.web.DefaultSecurityFilterChain - Will secure Ant [pattern='/decrypt/**'] with []
2021-07-20 10:12:14 [main] INFO  o.s.s.web.DefaultSecurityFilterChain - Will secure any request with [org.springframework.security.web.context.request.async.WebAsyncManagerIntegrationFilter@6b1321b7, org.springframework.security.web.context.SecurityContextPersistenceFilter@6a09484c, org.springframework.security.web.header.HeaderWriterFilter@367d34c0, org.springframework.security.web.csrf.CsrfFilter@1cd2ff5b, org.springframework.security.web.authentication.logout.LogoutFilter@216372b7, org.springframework.security.web.authentication.UsernamePasswordAuthenticationFilter@4a2bf50f, org.springframework.security.web.authentication.ui.DefaultLoginPageGeneratingFilter@61394494, org.springframework.security.web.authentication.ui.DefaultLogoutPageGeneratingFilter@342ee097, org.springframework.security.web.authentication.www.BasicAuthenticationFilter@52354202, org.springframework.security.web.savedrequest.RequestCacheAwareFilter@50ec4bfc, org.springframework.security.web.servletapi.SecurityContextHolderAwareRequestFilter@5657967b, org.springframework.security.web.authentication.AnonymousAuthenticationFilter@6ac45c0c, org.springframework.security.web.session.SessionManagementFilter@6380e9e9, org.springframework.security.web.access.ExceptionTranslationFilter@34136bd1, org.springframework.security.web.access.intercept.FilterSecurityInterceptor@3f6cce7f]
2021-07-20 10:12:22 [main] INFO  o.a.coyote.http11.Http11NioProtocol - Starting ProtocolHandler ["http-nio-8888"]
2021-07-20 10:12:22 [main] INFO  o.s.b.w.e.tomcat.TomcatWebServer - Tomcat started on port(s): 8888 (http) with context path ''
2021-07-20 10:12:22 [main] INFO  c.m.demo.config.server.ConfigServer - Started ConfigServer in 16.577 seconds (JVM running for 17.554)
2021-07-20 10:12:57 [http-nio-8888-exec-1] INFO  o.a.c.c.C.[Tomcat].[localhost].[/] - Initializing Spring DispatcherServlet 'dispatcherServlet'
2021-07-20 10:12:57 [http-nio-8888-exec-1] INFO  o.s.web.servlet.DispatcherServlet - Initializing Servlet 'dispatcherServlet'
2021-07-20 10:12:57 [http-nio-8888-exec-1] INFO  o.s.web.servlet.DispatcherServlet - Completed initialization in 1 ms
2021-07-20 10:14:42 [background-preinit] INFO  o.h.validator.internal.util.Version - HV000001: Hibernate Validator 6.2.0.Final
2021-07-20 10:14:42 [main] INFO  c.m.demo.config.server.ConfigServer - Starting ConfigServer v0.0.1-SNAPSHOT using Java 11.0.11 on 586dc131d9f4 with PID 1 (/workspace/BOOT-INF/classes started by cnb in /workspace)
2021-07-20 10:14:42 [main] INFO  c.m.demo.config.server.ConfigServer - No active profile set, falling back to default profiles: default
2021-07-20 10:14:45 [main] INFO  o.s.cloud.context.scope.GenericScope - BeanFactory id=8dbd9f49-dd61-3375-9383-8c4959f79b95
2021-07-20 10:14:46 [main] INFO  o.s.b.w.e.tomcat.TomcatWebServer - Tomcat initialized with port(s): 8888 (http)
2021-07-20 10:14:47 [main] INFO  o.a.coyote.http11.Http11NioProtocol - Initializing ProtocolHandler ["http-nio-8888"]
2021-07-20 10:14:47 [main] INFO  o.a.catalina.core.StandardService - Starting service [Tomcat]
2021-07-20 10:14:47 [main] INFO  o.a.catalina.core.StandardEngine - Starting Servlet engine: [Apache Tomcat/9.0.48]
2021-07-20 10:14:47 [main] INFO  o.a.c.c.C.[Tomcat].[localhost].[/] - Initializing Spring embedded WebApplicationContext
2021-07-20 10:14:47 [main] INFO  o.s.b.w.s.c.ServletWebServerApplicationContext - Root WebApplicationContext: initialization completed in 4495 ms
2021-07-20 10:14:49 [main] INFO  o.s.s.web.DefaultSecurityFilterChain - Will secure Ant [pattern='/actuator/**'] with []
2021-07-20 10:14:49 [main] INFO  o.s.s.web.DefaultSecurityFilterChain - Will secure Ant [pattern='/encrypt/**'] with []
2021-07-20 10:14:49 [main] INFO  o.s.s.web.DefaultSecurityFilterChain - Will secure Ant [pattern='/decrypt/**'] with []
2021-07-20 10:14:50 [main] INFO  o.s.s.web.DefaultSecurityFilterChain - Will secure any request with [org.springframework.security.web.context.request.async.WebAsyncManagerIntegrationFilter@3f6cce7f, org.springframework.security.web.context.SecurityContextPersistenceFilter@14de1901, org.springframework.security.web.header.HeaderWriterFilter@6c951ada, org.springframework.security.web.csrf.CsrfFilter@6d0e45a5, org.springframework.security.web.authentication.logout.LogoutFilter@7c453c34, org.springframework.security.web.authentication.UsernamePasswordAuthenticationFilter@37d28938, org.springframework.security.web.authentication.ui.DefaultLoginPageGeneratingFilter@6de7778f, org.springframework.security.web.authentication.ui.DefaultLogoutPageGeneratingFilter@2725ca05, org.springframework.security.web.authentication.www.BasicAuthenticationFilter@fddd7ae, org.springframework.security.web.savedrequest.RequestCacheAwareFilter@11f23038, org.springframework.security.web.servletapi.SecurityContextHolderAwareRequestFilter@34136bd1, org.springframework.security.web.authentication.AnonymousAuthenticationFilter@7b9088f2, org.springframework.security.web.session.SessionManagementFilter@3b0d3a63, org.springframework.security.web.access.ExceptionTranslationFilter@38ac8968, org.springframework.security.web.access.intercept.FilterSecurityInterceptor@2801827a]
2021-07-20 10:14:56 [main] INFO  o.a.coyote.http11.Http11NioProtocol - Starting ProtocolHandler ["http-nio-8888"]
2021-07-20 10:14:56 [main] INFO  o.s.b.w.e.tomcat.TomcatWebServer - Tomcat started on port(s): 8888 (http) with context path ''
2021-07-20 10:14:57 [main] INFO  c.m.demo.config.server.ConfigServer - Started ConfigServer in 15.979 seconds (JVM running for 16.967)
2021-07-20 10:15:24 [http-nio-8888-exec-1] INFO  o.a.c.c.C.[Tomcat].[localhost].[/] - Initializing Spring DispatcherServlet 'dispatcherServlet'
2021-07-20 10:15:24 [http-nio-8888-exec-1] INFO  o.s.web.servlet.DispatcherServlet - Initializing Servlet 'dispatcherServlet'
2021-07-20 10:15:24 [http-nio-8888-exec-1] INFO  o.s.web.servlet.DispatcherServlet - Completed initialization in 2 ms
2021-07-20 11:05:21 [background-preinit] INFO  o.h.validator.internal.util.Version - HV000001: Hibernate Validator 6.2.0.Final
2021-07-20 11:05:22 [main] INFO  c.m.demo.config.server.ConfigServer - Starting ConfigServer v0.0.1-SNAPSHOT using Java 11.0.11 on 938d7dde200e with PID 1 (/workspace/BOOT-INF/classes started by cnb in /workspace)
2021-07-20 11:05:22 [main] INFO  c.m.demo.config.server.ConfigServer - No active profile set, falling back to default profiles: default
2021-07-20 11:05:27 [main] INFO  o.s.cloud.context.scope.GenericScope - BeanFactory id=8dbd9f49-dd61-3375-9383-8c4959f79b95
2021-07-20 11:05:29 [main] INFO  o.s.b.w.e.tomcat.TomcatWebServer - Tomcat initialized with port(s): 8888 (http)
2021-07-20 11:05:29 [main] INFO  o.a.coyote.http11.Http11NioProtocol - Initializing ProtocolHandler ["http-nio-8888"]
2021-07-20 11:05:29 [main] INFO  o.a.catalina.core.StandardService - Starting service [Tomcat]
2021-07-20 11:05:29 [main] INFO  o.a.catalina.core.StandardEngine - Starting Servlet engine: [Apache Tomcat/9.0.48]
2021-07-20 11:05:29 [main] INFO  o.a.c.c.C.[Tomcat].[localhost].[/] - Initializing Spring embedded WebApplicationContext
2021-07-20 11:05:29 [main] INFO  o.s.b.w.s.c.ServletWebServerApplicationContext - Root WebApplicationContext: initialization completed in 6478 ms
2021-07-20 11:05:30 [main] INFO  o.s.s.web.DefaultSecurityFilterChain - Will secure Ant [pattern='/actuator/**'] with []
2021-07-20 11:05:30 [main] INFO  o.s.s.web.DefaultSecurityFilterChain - Will secure Ant [pattern='/encrypt/**'] with []
2021-07-20 11:05:30 [main] INFO  o.s.s.web.DefaultSecurityFilterChain - Will secure Ant [pattern='/decrypt/**'] with []
2021-07-20 11:05:30 [main] INFO  o.s.s.web.DefaultSecurityFilterChain - Will secure any request with [org.springframework.security.web.context.request.async.WebAsyncManagerIntegrationFilter@6ac45c0c, org.springframework.security.web.context.SecurityContextPersistenceFilter@50ec4bfc, org.springframework.security.web.header.HeaderWriterFilter@6380e9e9, org.springframework.security.web.csrf.CsrfFilter@17ff8810, org.springframework.security.web.authentication.logout.LogoutFilter@12abcd1e, org.springframework.security.web.authentication.UsernamePasswordAuthenticationFilter@2506b881, org.springframework.security.web.authentication.ui.DefaultLoginPageGeneratingFilter@7c453c34, org.springframework.security.web.authentication.ui.DefaultLogoutPageGeneratingFilter@12192604, org.springframework.security.web.authentication.www.BasicAuthenticationFilter@342ee097, org.springframework.security.web.savedrequest.RequestCacheAwareFilter@285a4fe3, org.springframework.security.web.servletapi.SecurityContextHolderAwareRequestFilter@578a5ce8, org.springframework.security.web.authentication.AnonymousAuthenticationFilter@6075b369, org.springframework.security.web.session.SessionManagementFilter@6a09484c, org.springframework.security.web.access.ExceptionTranslationFilter@367d34c0, org.springframework.security.web.access.intercept.FilterSecurityInterceptor@7b9088f2]
2021-07-20 11:05:35 [main] INFO  o.a.coyote.http11.Http11NioProtocol - Starting ProtocolHandler ["http-nio-8888"]
2021-07-20 11:05:35 [main] INFO  o.s.b.w.e.tomcat.TomcatWebServer - Tomcat started on port(s): 8888 (http) with context path ''
2021-07-20 11:05:35 [main] INFO  c.m.demo.config.server.ConfigServer - Started ConfigServer in 19.106 seconds (JVM running for 23.631)
2021-07-20 11:06:19 [http-nio-8888-exec-1] INFO  o.a.c.c.C.[Tomcat].[localhost].[/] - Initializing Spring DispatcherServlet 'dispatcherServlet'
2021-07-20 11:06:19 [http-nio-8888-exec-1] INFO  o.s.web.servlet.DispatcherServlet - Initializing Servlet 'dispatcherServlet'
2021-07-20 11:06:19 [http-nio-8888-exec-1] INFO  o.s.web.servlet.DispatcherServlet - Completed initialization in 2 ms
2021-07-20 13:06:18 [main] INFO  c.m.demo.config.server.ConfigServer - Starting ConfigServer v0.0.1-SNAPSHOT using Java 11.0.11 on 4df51e774505 with PID 1 (/workspace/BOOT-INF/classes started by cnb in /workspace)
2021-07-20 13:06:18 [main] INFO  c.m.demo.config.server.ConfigServer - No active profile set, falling back to default profiles: default
2021-07-20 13:06:18 [background-preinit] INFO  o.h.validator.internal.util.Version - HV000001: Hibernate Validator 6.2.0.Final
2021-07-20 13:06:21 [main] INFO  o.s.cloud.context.scope.GenericScope - BeanFactory id=8dbd9f49-dd61-3375-9383-8c4959f79b95
2021-07-20 13:06:24 [main] INFO  o.s.b.w.e.tomcat.TomcatWebServer - Tomcat initialized with port(s): 8888 (http)
2021-07-20 13:06:24 [main] INFO  o.a.coyote.http11.Http11NioProtocol - Initializing ProtocolHandler ["http-nio-8888"]
2021-07-20 13:06:24 [main] INFO  o.a.catalina.core.StandardService - Starting service [Tomcat]
2021-07-20 13:06:24 [main] INFO  o.a.catalina.core.StandardEngine - Starting Servlet engine: [Apache Tomcat/9.0.48]
2021-07-20 13:06:24 [main] INFO  o.a.c.c.C.[Tomcat].[localhost].[/] - Initializing Spring embedded WebApplicationContext
2021-07-20 13:06:24 [main] INFO  o.s.b.w.s.c.ServletWebServerApplicationContext - Root WebApplicationContext: initialization completed in 5792 ms
2021-07-20 13:06:25 [main] INFO  o.s.s.web.DefaultSecurityFilterChain - Will secure Ant [pattern='/actuator/**'] with []
2021-07-20 13:06:25 [main] INFO  o.s.s.web.DefaultSecurityFilterChain - Will secure Ant [pattern='/encrypt/**'] with []
2021-07-20 13:06:25 [main] INFO  o.s.s.web.DefaultSecurityFilterChain - Will secure Ant [pattern='/decrypt/**'] with []
2021-07-20 13:06:26 [main] INFO  o.s.s.web.DefaultSecurityFilterChain - Will secure any request with [org.springframework.security.web.context.request.async.WebAsyncManagerIntegrationFilter@2b43f314, org.springframework.security.web.context.SecurityContextPersistenceFilter@20349058, org.springframework.security.web.header.HeaderWriterFilter@14b4340c, org.springframework.security.web.csrf.CsrfFilter@61394494, org.springframework.security.web.authentication.logout.LogoutFilter@bbb6f0, org.springframework.security.web.authentication.UsernamePasswordAuthenticationFilter@55361f03, org.springframework.security.web.authentication.ui.DefaultLoginPageGeneratingFilter@41aebbb4, org.springframework.security.web.authentication.ui.DefaultLogoutPageGeneratingFilter@3a4a5f3c, org.springframework.security.web.authentication.www.BasicAuthenticationFilter@7e3d2ebd, org.springframework.security.web.savedrequest.RequestCacheAwareFilter@cdb3c85, org.springframework.security.web.servletapi.SecurityContextHolderAwareRequestFilter@46f73ffa, org.springframework.security.web.authentication.AnonymousAuthenticationFilter@4f3356c0, org.springframework.security.web.session.SessionManagementFilter@2fd9fb34, org.springframework.security.web.access.ExceptionTranslationFilter@2313db84, org.springframework.security.web.access.intercept.FilterSecurityInterceptor@2b6fb197]
2021-07-20 13:06:30 [main] INFO  o.a.coyote.http11.Http11NioProtocol - Starting ProtocolHandler ["http-nio-8888"]
2021-07-20 13:06:30 [main] INFO  o.s.b.w.e.tomcat.TomcatWebServer - Tomcat started on port(s): 8888 (http) with context path ''
2021-07-20 13:06:30 [main] INFO  c.m.demo.config.server.ConfigServer - Started ConfigServer in 15.319 seconds (JVM running for 22.719)
2021-07-20 13:07:20 [http-nio-8888-exec-1] INFO  o.a.c.c.C.[Tomcat].[localhost].[/] - Initializing Spring DispatcherServlet 'dispatcherServlet'
2021-07-20 13:07:20 [http-nio-8888-exec-1] INFO  o.s.web.servlet.DispatcherServlet - Initializing Servlet 'dispatcherServlet'
2021-07-20 13:07:20 [http-nio-8888-exec-1] INFO  o.s.web.servlet.DispatcherServlet - Completed initialization in 1 ms
2021-07-20 13:07:27 [http-nio-8888-exec-2] INFO  o.s.c.c.s.e.NativeEnvironmentRepository - Adding property source: Config resource 'file [/tmp/config-repo-6603964753161121883/config-client-twitter_to_kafka.yml]' via location 'file:/tmp/config-repo-6603964753161121883/'
2021-07-20 13:07:27 [http-nio-8888-exec-2] INFO  o.s.c.c.s.e.NativeEnvironmentRepository - Adding property source: Config resource 'file [/tmp/config-repo-6603964753161121883/config-client.yml]' via location 'file:/tmp/config-repo-6603964753161121883/'
2021-07-21 07:46:14 [main] INFO  c.m.demo.config.server.ConfigServer - Starting ConfigServer v0.0.1-SNAPSHOT using Java 11.0.11 on 4df51e774505 with PID 1 (/workspace/BOOT-INF/classes started by cnb in /workspace)
2021-07-21 07:46:14 [background-preinit] INFO  o.h.validator.internal.util.Version - HV000001: Hibernate Validator 6.2.0.Final
2021-07-21 07:46:14 [main] INFO  c.m.demo.config.server.ConfigServer - No active profile set, falling back to default profiles: default
2021-07-21 07:46:24 [main] INFO  o.s.cloud.context.scope.GenericScope - BeanFactory id=8dbd9f49-dd61-3375-9383-8c4959f79b95
2021-07-21 07:46:26 [main] INFO  o.s.b.w.e.tomcat.TomcatWebServer - Tomcat initialized with port(s): 8888 (http)
2021-07-21 07:46:26 [main] INFO  o.a.coyote.http11.Http11NioProtocol - Initializing ProtocolHandler ["http-nio-8888"]
2021-07-21 07:46:26 [main] INFO  o.a.catalina.core.StandardService - Starting service [Tomcat]
2021-07-21 07:46:26 [main] INFO  o.a.catalina.core.StandardEngine - Starting Servlet engine: [Apache Tomcat/9.0.48]
2021-07-21 07:46:26 [main] INFO  o.a.c.c.C.[Tomcat].[localhost].[/] - Initializing Spring embedded WebApplicationContext
2021-07-21 07:46:26 [main] INFO  o.s.b.w.s.c.ServletWebServerApplicationContext - Root WebApplicationContext: initialization completed in 10884 ms
2021-07-21 07:46:27 [main] INFO  o.s.s.web.DefaultSecurityFilterChain - Will secure Ant [pattern='/actuator/**'] with []
2021-07-21 07:46:27 [main] INFO  o.s.s.web.DefaultSecurityFilterChain - Will secure Ant [pattern='/encrypt/**'] with []
2021-07-21 07:46:27 [main] INFO  o.s.s.web.DefaultSecurityFilterChain - Will secure Ant [pattern='/decrypt/**'] with []
2021-07-21 07:46:27 [main] INFO  o.s.s.web.DefaultSecurityFilterChain - Will secure any request with [org.springframework.security.web.context.request.async.WebAsyncManagerIntegrationFilter@130cfc47, org.springframework.security.web.context.SecurityContextPersistenceFilter@3815146b, org.springframework.security.web.header.HeaderWriterFilter@578a5ce8, org.springframework.security.web.csrf.CsrfFilter@26f0141, org.springframework.security.web.authentication.logout.LogoutFilter@41aebbb4, org.springframework.security.web.authentication.UsernamePasswordAuthenticationFilter@231cdda8, org.springframework.security.web.authentication.ui.DefaultLoginPageGeneratingFilter@508ad266, org.springframework.security.web.authentication.ui.DefaultLogoutPageGeneratingFilter@4eeab3e, org.springframework.security.web.authentication.www.BasicAuthenticationFilter@79df80a4, org.springframework.security.web.savedrequest.RequestCacheAwareFilter@27a9f025, org.springframework.security.web.servletapi.SecurityContextHolderAwareRequestFilter@d2708a7, org.springframework.security.web.authentication.AnonymousAuthenticationFilter@2b6fb197, org.springframework.security.web.session.SessionManagementFilter@16cb9989, org.springframework.security.web.access.ExceptionTranslationFilter@5657967b, org.springframework.security.web.access.intercept.FilterSecurityInterceptor@6b1321b7]
2021-07-21 07:46:33 [main] INFO  o.a.coyote.http11.Http11NioProtocol - Starting ProtocolHandler ["http-nio-8888"]
2021-07-21 07:46:33 [main] INFO  o.s.b.w.e.tomcat.TomcatWebServer - Tomcat started on port(s): 8888 (http) with context path ''
2021-07-21 07:46:33 [main] INFO  c.m.demo.config.server.ConfigServer - Started ConfigServer in 20.947 seconds (JVM running for 27.302)
2021-07-21 07:46:35 [http-nio-8888-exec-1] INFO  o.a.c.c.C.[Tomcat].[localhost].[/] - Initializing Spring DispatcherServlet 'dispatcherServlet'
2021-07-21 07:46:35 [http-nio-8888-exec-1] INFO  o.s.web.servlet.DispatcherServlet - Initializing Servlet 'dispatcherServlet'
2021-07-21 07:46:35 [http-nio-8888-exec-1] INFO  o.s.web.servlet.DispatcherServlet - Completed initialization in 1 ms
2021-07-21 07:46:54 [http-nio-8888-exec-2] INFO  o.s.c.c.s.e.NativeEnvironmentRepository - Adding property source: Config resource 'file [/tmp/config-repo-1242736232941765526/config-client-twitter_to_kafka.yml]' via location 'file:/tmp/config-repo-1242736232941765526/'
2021-07-21 07:46:54 [http-nio-8888-exec-2] INFO  o.s.c.c.s.e.NativeEnvironmentRepository - Adding property source: Config resource 'file [/tmp/config-repo-1242736232941765526/config-client.yml]' via location 'file:/tmp/config-repo-1242736232941765526/'
2021-07-21 13:55:26 [main] INFO  c.m.demo.config.server.ConfigServer - Starting ConfigServer v0.0.1-SNAPSHOT using Java 11.0.11 on 34c3abeaadcd with PID 1 (/workspace/BOOT-INF/classes started by cnb in /workspace)
2021-07-21 13:55:26 [background-preinit] INFO  o.h.validator.internal.util.Version - HV000001: Hibernate Validator 6.2.0.Final
2021-07-21 13:55:26 [main] INFO  c.m.demo.config.server.ConfigServer - No active profile set, falling back to default profiles: default
2021-07-21 13:55:30 [main] INFO  o.s.cloud.context.scope.GenericScope - BeanFactory id=8dbd9f49-dd61-3375-9383-8c4959f79b95
2021-07-21 13:55:32 [main] INFO  o.s.b.w.e.tomcat.TomcatWebServer - Tomcat initialized with port(s): 8888 (http)
2021-07-21 13:55:33 [main] INFO  o.a.coyote.http11.Http11NioProtocol - Initializing ProtocolHandler ["http-nio-8888"]
2021-07-21 13:55:33 [main] INFO  o.a.catalina.core.StandardService - Starting service [Tomcat]
2021-07-21 13:55:33 [main] INFO  o.a.catalina.core.StandardEngine - Starting Servlet engine: [Apache Tomcat/9.0.48]
2021-07-21 13:55:33 [main] INFO  o.a.c.c.C.[Tomcat].[localhost].[/] - Initializing Spring embedded WebApplicationContext
2021-07-21 13:55:33 [main] INFO  o.s.b.w.s.c.ServletWebServerApplicationContext - Root WebApplicationContext: initialization completed in 6200 ms
2021-07-21 13:55:34 [main] INFO  o.s.s.web.DefaultSecurityFilterChain - Will secure Ant [pattern='/actuator/**'] with []
2021-07-21 13:55:34 [main] INFO  o.s.s.web.DefaultSecurityFilterChain - Will secure Ant [pattern='/encrypt/**'] with []
2021-07-21 13:55:34 [main] INFO  o.s.s.web.DefaultSecurityFilterChain - Will secure Ant [pattern='/decrypt/**'] with []
2021-07-21 13:55:34 [main] INFO  o.s.s.web.DefaultSecurityFilterChain - Will secure any request with [org.springframework.security.web.context.request.async.WebAsyncManagerIntegrationFilter@26da1ba2, org.springframework.security.web.context.SecurityContextPersistenceFilter@74f280bd, org.springframework.security.web.header.HeaderWriterFilter@afde064, org.springframework.security.web.csrf.CsrfFilter@508ad266, org.springframework.security.web.authentication.logout.LogoutFilter@63e5b8aa, org.springframework.security.web.authentication.UsernamePasswordAuthenticationFilter@4584304, org.springframework.security.web.authentication.ui.DefaultLoginPageGeneratingFilter@4ffced4e, org.springframework.security.web.authentication.ui.DefaultLogoutPageGeneratingFilter@3820cfe, org.springframework.security.web.authentication.www.BasicAuthenticationFilter@231b35fb, org.springframework.security.web.savedrequest.RequestCacheAwareFilter@34279b8a, org.springframework.security.web.servletapi.SecurityContextHolderAwareRequestFilter@723e3c17, org.springframework.security.web.authentication.AnonymousAuthenticationFilter@2407a36c, org.springframework.security.web.session.SessionManagementFilter@252ec02e, org.springframework.security.web.access.ExceptionTranslationFilter@46f73ffa, org.springframework.security.web.access.intercept.FilterSecurityInterceptor@2b43f314]
2021-07-21 13:55:39 [main] INFO  o.a.coyote.http11.Http11NioProtocol - Starting ProtocolHandler ["http-nio-8888"]
2021-07-21 13:55:39 [main] INFO  o.s.b.w.e.tomcat.TomcatWebServer - Tomcat started on port(s): 8888 (http) with context path ''
2021-07-21 13:55:39 [main] INFO  c.m.demo.config.server.ConfigServer - Started ConfigServer in 15.441 seconds (JVM running for 22.182)
2021-07-21 13:56:26 [http-nio-8888-exec-1] INFO  o.a.c.c.C.[Tomcat].[localhost].[/] - Initializing Spring DispatcherServlet 'dispatcherServlet'
2021-07-21 13:56:26 [http-nio-8888-exec-1] INFO  o.s.web.servlet.DispatcherServlet - Initializing Servlet 'dispatcherServlet'
2021-07-21 13:56:26 [http-nio-8888-exec-1] INFO  o.s.web.servlet.DispatcherServlet - Completed initialization in 2 ms
2021-07-21 13:56:35 [http-nio-8888-exec-2] INFO  o.s.c.c.s.e.NativeEnvironmentRepository - Adding property source: Config resource 'file [/tmp/config-repo-9243023611968410528/config-client-twitter_to_kafka.yml]' via location 'file:/tmp/config-repo-9243023611968410528/'
2021-07-21 13:56:35 [http-nio-8888-exec-2] INFO  o.s.c.c.s.e.NativeEnvironmentRepository - Adding property source: Config resource 'file [/tmp/config-repo-9243023611968410528/config-client.yml]' via location 'file:/tmp/config-repo-9243023611968410528/'
2021-07-21 14:17:06 [background-preinit] INFO  o.h.validator.internal.util.Version - HV000001: Hibernate Validator 6.2.0.Final
2021-07-21 14:17:06 [main] INFO  c.m.demo.config.server.ConfigServer - Starting ConfigServer v0.0.1-SNAPSHOT using Java 11.0.11 on 39d03c81d1d0 with PID 1 (/workspace/BOOT-INF/classes started by cnb in /workspace)
2021-07-21 14:17:06 [main] INFO  c.m.demo.config.server.ConfigServer - No active profile set, falling back to default profiles: default
2021-07-21 14:17:13 [main] INFO  o.s.cloud.context.scope.GenericScope - BeanFactory id=8dbd9f49-dd61-3375-9383-8c4959f79b95
2021-07-21 14:17:13 [main] INFO  o.s.b.w.e.tomcat.TomcatWebServer - Tomcat initialized with port(s): 8888 (http)
2021-07-21 14:17:13 [main] INFO  o.a.coyote.http11.Http11NioProtocol - Initializing ProtocolHandler ["http-nio-8888"]
2021-07-21 14:17:13 [main] INFO  o.a.catalina.core.StandardService - Starting service [Tomcat]
2021-07-21 14:17:13 [main] INFO  o.a.catalina.core.StandardEngine - Starting Servlet engine: [Apache Tomcat/9.0.48]
2021-07-21 14:17:14 [main] INFO  o.a.c.c.C.[Tomcat].[localhost].[/] - Initializing Spring embedded WebApplicationContext
2021-07-21 14:17:14 [main] INFO  o.s.b.w.s.c.ServletWebServerApplicationContext - Root WebApplicationContext: initialization completed in 6948 ms
2021-07-21 14:17:15 [main] INFO  o.s.s.web.DefaultSecurityFilterChain - Will secure Ant [pattern='/actuator/**'] with []
2021-07-21 14:17:15 [main] INFO  o.s.s.web.DefaultSecurityFilterChain - Will secure Ant [pattern='/encrypt/**'] with []
2021-07-21 14:17:15 [main] INFO  o.s.s.web.DefaultSecurityFilterChain - Will secure Ant [pattern='/decrypt/**'] with []
2021-07-21 14:17:16 [main] INFO  o.s.s.web.DefaultSecurityFilterChain - Will secure any request with [org.springframework.security.web.context.request.async.WebAsyncManagerIntegrationFilter@62a6674f, org.springframework.security.web.context.SecurityContextPersistenceFilter@17ff8810, org.springframework.security.web.header.HeaderWriterFilter@496cc217, org.springframework.security.web.csrf.CsrfFilter@640d604, org.springframework.security.web.authentication.logout.LogoutFilter@6c0b51da, org.springframework.security.web.authentication.UsernamePasswordAuthenticationFilter@2801827a, org.springframework.security.web.authentication.ui.DefaultLoginPageGeneratingFilter@5c8d58ed, org.springframework.security.web.authentication.ui.DefaultLogoutPageGeneratingFilter@70881123, org.springframework.security.web.authentication.www.BasicAuthenticationFilter@53314f76, org.springframework.security.web.savedrequest.RequestCacheAwareFilter@67b61834, org.springframework.security.web.servletapi.SecurityContextHolderAwareRequestFilter@5cfed0ba, org.springframework.security.web.authentication.AnonymousAuthenticationFilter@703fa45, org.springframework.security.web.session.SessionManagementFilter@1cd2ff5b, org.springframework.security.web.access.ExceptionTranslationFilter@2ca54da9, org.springframework.security.web.access.intercept.FilterSecurityInterceptor@2dfa02c1]
2021-07-21 14:17:21 [main] INFO  o.a.coyote.http11.Http11NioProtocol - Starting ProtocolHandler ["http-nio-8888"]
2021-07-21 14:17:21 [main] INFO  o.s.b.w.e.tomcat.TomcatWebServer - Tomcat started on port(s): 8888 (http) with context path ''
2021-07-21 14:17:21 [main] INFO  c.m.demo.config.server.ConfigServer - Started ConfigServer in 20.182 seconds (JVM running for 24.689)
2021-07-21 14:18:20 [http-nio-8888-exec-1] INFO  o.a.c.c.C.[Tomcat].[localhost].[/] - Initializing Spring DispatcherServlet 'dispatcherServlet'
2021-07-21 14:18:20 [http-nio-8888-exec-1] INFO  o.s.web.servlet.DispatcherServlet - Initializing Servlet 'dispatcherServlet'
2021-07-21 14:18:20 [http-nio-8888-exec-1] INFO  o.s.web.servlet.DispatcherServlet - Completed initialization in 1 ms
2021-07-21 14:18:25 [http-nio-8888-exec-2] INFO  o.s.c.c.s.e.NativeEnvironmentRepository - Adding property source: Config resource 'file [/tmp/config-repo-14484990524179551806/config-client-twitter_to_kafka.yml]' via location 'file:/tmp/config-repo-14484990524179551806/'
2021-07-21 14:18:25 [http-nio-8888-exec-2] INFO  o.s.c.c.s.e.NativeEnvironmentRepository - Adding property source: Config resource 'file [/tmp/config-repo-14484990524179551806/config-client.yml]' via location 'file:/tmp/config-repo-14484990524179551806/'
2021-07-21 14:24:46 [http-nio-8888-exec-3] INFO  o.s.c.c.s.e.MultipleJGitEnvironmentRepository - Fetched for remote main and found 1 updates
2021-07-21 14:24:46 [http-nio-8888-exec-3] INFO  o.s.c.c.s.e.NativeEnvironmentRepository - Adding property source: Config resource 'file [/tmp/config-repo-14484990524179551806/config-client-twitter_to_kafka.yml]' via location 'file:/tmp/config-repo-14484990524179551806/'
2021-07-21 14:24:46 [http-nio-8888-exec-3] INFO  o.s.c.c.s.e.NativeEnvironmentRepository - Adding property source: Config resource 'file [/tmp/config-repo-14484990524179551806/config-client.yml]' via location 'file:/tmp/config-repo-14484990524179551806/'
2021-07-21 14:31:58 [http-nio-8888-exec-6] INFO  o.s.c.c.s.e.NativeEnvironmentRepository - Adding property source: Config resource 'file [/tmp/config-repo-14484990524179551806/config-client-twitter_to_kafka.yml]' via location 'file:/tmp/config-repo-14484990524179551806/'
2021-07-21 14:31:58 [http-nio-8888-exec-6] INFO  o.s.c.c.s.e.NativeEnvironmentRepository - Adding property source: Config resource 'file [/tmp/config-repo-14484990524179551806/config-client.yml]' via location 'file:/tmp/config-repo-14484990524179551806/'
2021-07-21 16:36:51 [background-preinit] INFO  o.h.validator.internal.util.Version - HV000001: Hibernate Validator 6.2.0.Final
2021-07-21 16:36:51 [main] INFO  c.m.demo.config.server.ConfigServer - Starting ConfigServer v0.0.1-SNAPSHOT using Java 11.0.11 on ca81141d3539 with PID 1 (/workspace/BOOT-INF/classes started by cnb in /workspace)
2021-07-21 16:36:51 [main] INFO  c.m.demo.config.server.ConfigServer - No active profile set, falling back to default profiles: default
2021-07-21 16:36:54 [main] INFO  o.s.cloud.context.scope.GenericScope - BeanFactory id=8dbd9f49-dd61-3375-9383-8c4959f79b95
2021-07-21 16:36:56 [main] INFO  o.s.b.w.e.tomcat.TomcatWebServer - Tomcat initialized with port(s): 8888 (http)
2021-07-21 16:36:56 [main] INFO  o.a.coyote.http11.Http11NioProtocol - Initializing ProtocolHandler ["http-nio-8888"]
2021-07-21 16:36:56 [main] INFO  o.a.catalina.core.StandardService - Starting service [Tomcat]
2021-07-21 16:36:56 [main] INFO  o.a.catalina.core.StandardEngine - Starting Servlet engine: [Apache Tomcat/9.0.48]
2021-07-21 16:36:56 [main] INFO  o.a.c.c.C.[Tomcat].[localhost].[/] - Initializing Spring embedded WebApplicationContext
2021-07-21 16:36:56 [main] INFO  o.s.b.w.s.c.ServletWebServerApplicationContext - Root WebApplicationContext: initialization completed in 4864 ms
2021-07-21 16:36:58 [main] INFO  o.s.s.web.DefaultSecurityFilterChain - Will secure Ant [pattern='/actuator/**'] with []
2021-07-21 16:36:58 [main] INFO  o.s.s.web.DefaultSecurityFilterChain - Will secure Ant [pattern='/encrypt/**'] with []
2021-07-21 16:36:58 [main] INFO  o.s.s.web.DefaultSecurityFilterChain - Will secure Ant [pattern='/decrypt/**'] with []
2021-07-21 16:36:58 [main] INFO  o.s.s.web.DefaultSecurityFilterChain - Will secure any request with [org.springframework.security.web.context.request.async.WebAsyncManagerIntegrationFilter@7ac48e10, org.springframework.security.web.context.SecurityContextPersistenceFilter@6380e9e9, org.springframework.security.web.header.HeaderWriterFilter@34136bd1, org.springframework.security.web.csrf.CsrfFilter@496cc217, org.springframework.security.web.authentication.logout.LogoutFilter@508ad266, org.springframework.security.web.authentication.UsernamePasswordAuthenticationFilter@1a914089, org.springframework.security.web.authentication.ui.DefaultLoginPageGeneratingFilter@7558633, org.springframework.security.web.authentication.ui.DefaultLogoutPageGeneratingFilter@52354202, org.springframework.security.web.authentication.www.BasicAuthenticationFilter@5111de7c, org.springframework.security.web.savedrequest.RequestCacheAwareFilter@6a09484c, org.springframework.security.web.servletapi.SecurityContextHolderAwareRequestFilter@6c0b51da, org.springframework.security.web.authentication.AnonymousAuthenticationFilter@6b1321b7, org.springframework.security.web.session.SessionManagementFilter@367d34c0, org.springframework.security.web.access.ExceptionTranslationFilter@28be7fec, org.springframework.security.web.access.intercept.FilterSecurityInterceptor@5e905f2c]
2021-07-21 16:37:04 [main] INFO  o.a.coyote.http11.Http11NioProtocol - Starting ProtocolHandler ["http-nio-8888"]
2021-07-21 16:37:04 [main] INFO  o.s.b.w.e.tomcat.TomcatWebServer - Tomcat started on port(s): 8888 (http) with context path ''
2021-07-21 16:37:04 [main] INFO  c.m.demo.config.server.ConfigServer - Started ConfigServer in 20.959 seconds (JVM running for 26.344)
2021-07-21 16:37:35 [http-nio-8888-exec-1] INFO  o.a.c.c.C.[Tomcat].[localhost].[/] - Initializing Spring DispatcherServlet 'dispatcherServlet'
2021-07-21 16:37:35 [http-nio-8888-exec-1] INFO  o.s.web.servlet.DispatcherServlet - Initializing Servlet 'dispatcherServlet'
2021-07-21 16:37:35 [http-nio-8888-exec-1] INFO  o.s.web.servlet.DispatcherServlet - Completed initialization in 1 ms
2021-07-21 16:37:46 [http-nio-8888-exec-2] INFO  o.s.c.c.s.e.NativeEnvironmentRepository - Adding property source: Config resource 'file [/tmp/config-repo-4715939679618111381/config-client-twitter_to_kafka.yml]' via location 'file:/tmp/config-repo-4715939679618111381/'
2021-07-21 16:37:46 [http-nio-8888-exec-2] INFO  o.s.c.c.s.e.NativeEnvironmentRepository - Adding property source: Config resource 'file [/tmp/config-repo-4715939679618111381/config-client.yml]' via location 'file:/tmp/config-repo-4715939679618111381/'
2021-07-21 16:39:54 [http-nio-8888-exec-4] INFO  o.s.c.c.s.e.NativeEnvironmentRepository - Adding property source: Config resource 'file [/tmp/config-repo-4715939679618111381/config-client-kafka_to_elastic.yml]' via location 'file:/tmp/config-repo-4715939679618111381/'
2021-07-21 16:39:54 [http-nio-8888-exec-4] INFO  o.s.c.c.s.e.NativeEnvironmentRepository - Adding property source: Config resource 'file [/tmp/config-repo-4715939679618111381/config-client.yml]' via location 'file:/tmp/config-repo-4715939679618111381/'
2021-07-21 16:44:11 [background-preinit] INFO  o.h.validator.internal.util.Version - HV000001: Hibernate Validator 6.2.0.Final
2021-07-21 16:44:11 [main] INFO  c.m.demo.config.server.ConfigServer - Starting ConfigServer v0.0.1-SNAPSHOT using Java 11.0.11 on 09d890f41cab with PID 1 (/workspace/BOOT-INF/classes started by cnb in /workspace)
2021-07-21 16:44:11 [main] INFO  c.m.demo.config.server.ConfigServer - No active profile set, falling back to default profiles: default
2021-07-21 16:44:19 [main] INFO  o.s.cloud.context.scope.GenericScope - BeanFactory id=8dbd9f49-dd61-3375-9383-8c4959f79b95
2021-07-21 16:44:22 [main] INFO  o.s.b.w.e.tomcat.TomcatWebServer - Tomcat initialized with port(s): 8888 (http)
2021-07-21 16:44:22 [main] INFO  o.a.coyote.http11.Http11NioProtocol - Initializing ProtocolHandler ["http-nio-8888"]
2021-07-21 16:44:22 [main] INFO  o.a.catalina.core.StandardService - Starting service [Tomcat]
2021-07-21 16:44:22 [main] INFO  o.a.catalina.core.StandardEngine - Starting Servlet engine: [Apache Tomcat/9.0.48]
2021-07-21 16:44:22 [main] INFO  o.a.c.c.C.[Tomcat].[localhost].[/] - Initializing Spring embedded WebApplicationContext
2021-07-21 16:44:22 [main] INFO  o.s.b.w.s.c.ServletWebServerApplicationContext - Root WebApplicationContext: initialization completed in 10160 ms
2021-07-21 16:44:23 [main] INFO  o.s.s.web.DefaultSecurityFilterChain - Will secure Ant [pattern='/actuator/**'] with []
2021-07-21 16:44:23 [main] INFO  o.s.s.web.DefaultSecurityFilterChain - Will secure Ant [pattern='/encrypt/**'] with []
2021-07-21 16:44:23 [main] INFO  o.s.s.web.DefaultSecurityFilterChain - Will secure Ant [pattern='/decrypt/**'] with []
2021-07-21 16:44:23 [main] INFO  o.s.s.web.DefaultSecurityFilterChain - Will secure any request with [org.springframework.security.web.context.request.async.WebAsyncManagerIntegrationFilter@43d76a92, org.springframework.security.web.context.SecurityContextPersistenceFilter@691567ea, org.springframework.security.web.header.HeaderWriterFilter@14de1901, org.springframework.security.web.csrf.CsrfFilter@615db358, org.springframework.security.web.authentication.logout.LogoutFilter@6de43bc1, org.springframework.security.web.authentication.UsernamePasswordAuthenticationFilter@4837f97e, org.springframework.security.web.authentication.ui.DefaultLoginPageGeneratingFilter@350da119, org.springframework.security.web.authentication.ui.DefaultLogoutPageGeneratingFilter@4a2bf50f, org.springframework.security.web.authentication.www.BasicAuthenticationFilter@1a914089, org.springframework.security.web.savedrequest.RequestCacheAwareFilter@5c8d58ed, org.springframework.security.web.servletapi.SecurityContextHolderAwareRequestFilter@6380e9e9, org.springframework.security.web.authentication.AnonymousAuthenticationFilter@350323a0, org.springframework.security.web.session.SessionManagementFilter@11f23038, org.springframework.security.web.access.ExceptionTranslationFilter@3b0d3a63, org.springframework.security.web.access.intercept.FilterSecurityInterceptor@64f4f12]
2021-07-21 16:44:27 [main] INFO  o.a.coyote.http11.Http11NioProtocol - Starting ProtocolHandler ["http-nio-8888"]
2021-07-21 16:44:27 [main] INFO  o.s.b.w.e.tomcat.TomcatWebServer - Tomcat started on port(s): 8888 (http) with context path ''
2021-07-21 16:44:27 [main] INFO  c.m.demo.config.server.ConfigServer - Started ConfigServer in 19.801 seconds (JVM running for 32.808)
2021-07-21 16:45:07 [http-nio-8888-exec-1] INFO  o.a.c.c.C.[Tomcat].[localhost].[/] - Initializing Spring DispatcherServlet 'dispatcherServlet'
2021-07-21 16:45:07 [http-nio-8888-exec-1] INFO  o.s.web.servlet.DispatcherServlet - Initializing Servlet 'dispatcherServlet'
2021-07-21 16:45:07 [http-nio-8888-exec-1] INFO  o.s.web.servlet.DispatcherServlet - Completed initialization in 1 ms
2021-07-21 16:45:14 [http-nio-8888-exec-2] INFO  o.s.c.c.s.e.NativeEnvironmentRepository - Adding property source: Config resource 'file [/tmp/config-repo-13613009063075527531/config-client-twitter_to_kafka.yml]' via location 'file:/tmp/config-repo-13613009063075527531/'
2021-07-21 16:45:14 [http-nio-8888-exec-2] INFO  o.s.c.c.s.e.NativeEnvironmentRepository - Adding property source: Config resource 'file [/tmp/config-repo-13613009063075527531/config-client.yml]' via location 'file:/tmp/config-repo-13613009063075527531/'
2021-07-21 16:45:54 [http-nio-8888-exec-3] INFO  o.s.c.c.s.e.NativeEnvironmentRepository - Adding property source: Config resource 'file [/tmp/config-repo-13613009063075527531/config-client-kafka_to_elastic.yml]' via location 'file:/tmp/config-repo-13613009063075527531/'
2021-07-21 16:45:54 [http-nio-8888-exec-3] INFO  o.s.c.c.s.e.NativeEnvironmentRepository - Adding property source: Config resource 'file [/tmp/config-repo-13613009063075527531/config-client.yml]' via location 'file:/tmp/config-repo-13613009063075527531/'
