2021-08-05 08:34:50 [background-preinit] INFO  o.h.validator.internal.util.Version - HV000001: Hibernate Validator 6.2.0.Final
2021-08-05 08:34:55 [main] INFO  o.s.c.c.c.ConfigServicePropertySourceLocator - Fetching config from server at : http://config-server:8888
2021-08-05 08:34:57 [main] INFO  o.s.c.c.c.ConfigServicePropertySourceLocator - Located environment: name=elastic-query-web-client,config-client, profiles=[elastic_query_web], label=null, version=f8e31c0ce0f985d6f9957ea06ad80f5949c4e68a, state=null
2021-08-05 08:34:57 [main] INFO  o.s.c.b.c.PropertySourceBootstrapConfiguration - Located property source: [BootstrapPropertySource {name='bootstrapProperties-configClient'}, BootstrapPropertySource {name='bootstrapProperties-https://github.com/OnceUponATimeMathley/spring-cloud-config-server-repository-3/config-client-elastic_query_web.yml'}, BootstrapPropertySource {name='bootstrapProperties-https://github.com/OnceUponATimeMathley/spring-cloud-config-server-repository-3/config-client.yml'}]
2021-08-05 08:34:57 [main] INFO  c.m.d.e.q.w.c.ElasticQueryWebClientApplication - The following profiles are active: elastic_query_web
2021-08-05 08:35:07 [main] INFO  o.s.cloud.context.scope.GenericScope - BeanFactory id=61a39b96-0cc8-3dd9-b5d1-95cc9217043b
2021-08-05 08:35:08 [main] INFO  o.s.c.s.PostProcessorRegistrationDelegate$BeanPostProcessorChecker - Bean 'org.springframework.cloud.client.loadbalancer.reactive.LoadBalancerBeanPostProcessorAutoConfiguration' of type [org.springframework.cloud.client.loadbalancer.reactive.LoadBalancerBeanPostProcessorAutoConfiguration] is not eligible for getting processed by all BeanPostProcessors (for example: not eligible for auto-proxying)
2021-08-05 08:35:08 [main] INFO  o.s.c.s.PostProcessorRegistrationDelegate$BeanPostProcessorChecker - Bean 'org.springframework.cloud.client.loadbalancer.reactive.LoadBalancerBeanPostProcessorAutoConfiguration$ReactorDeferringLoadBalancerFilterConfig' of type [org.springframework.cloud.client.loadbalancer.reactive.LoadBalancerBeanPostProcessorAutoConfiguration$ReactorDeferringLoadBalancerFilterConfig] is not eligible for getting processed by all BeanPostProcessors (for example: not eligible for auto-proxying)
2021-08-05 08:35:09 [main] INFO  o.s.c.s.PostProcessorRegistrationDelegate$BeanPostProcessorChecker - Bean 'reactorDeferringLoadBalancerExchangeFilterFunction' of type [org.springframework.cloud.client.loadbalancer.reactive.DeferringLoadBalancerExchangeFilterFunction] is not eligible for getting processed by all BeanPostProcessors (for example: not eligible for auto-proxying)
2021-08-05 08:35:12 [main] INFO  o.s.b.w.e.tomcat.TomcatWebServer - Tomcat initialized with port(s): 8184 (http)
2021-08-05 08:35:12 [main] INFO  o.a.coyote.http11.Http11NioProtocol - Initializing ProtocolHandler ["http-nio-8184"]
2021-08-05 08:35:12 [main] INFO  o.a.catalina.core.StandardService - Starting service [Tomcat]
2021-08-05 08:35:12 [main] INFO  o.a.catalina.core.StandardEngine - Starting Servlet engine: [Apache Tomcat/9.0.48]
2021-08-05 08:35:14 [main] INFO  o.a.c.c.C.[.[.[/elastic-query-web-client] - Initializing Spring embedded WebApplicationContext
2021-08-05 08:35:14 [main] INFO  o.s.b.w.s.c.ServletWebServerApplicationContext - Root WebApplicationContext: initialization completed in 17169 ms
2021-08-05 08:35:24 [main] INFO  o.s.s.web.DefaultSecurityFilterChain - Will secure any request with [org.springframework.security.web.context.request.async.WebAsyncManagerIntegrationFilter@4a6a6a69, org.springframework.security.web.context.SecurityContextPersistenceFilter@64bba0eb, org.springframework.security.web.header.HeaderWriterFilter@5458c71e, org.springframework.security.web.csrf.CsrfFilter@21be14c2, org.springframework.security.web.authentication.logout.LogoutFilter@4c2c44e8, org.springframework.security.web.authentication.www.BasicAuthenticationFilter@6fef75c6, org.springframework.security.web.savedrequest.RequestCacheAwareFilter@25ae1f80, org.springframework.security.web.servletapi.SecurityContextHolderAwareRequestFilter@4c56644f, org.springframework.security.web.authentication.AnonymousAuthenticationFilter@5d7f1e59, org.springframework.security.web.session.SessionManagementFilter@57e4b86c, org.springframework.security.web.access.ExceptionTranslationFilter@3f357c9d, org.springframework.security.web.access.intercept.FilterSecurityInterceptor@62b0bf85]
2021-08-05 08:35:29 [main] INFO  o.s.b.a.w.s.WelcomePageHandlerMapping - Adding welcome page template: index
2021-08-05 08:35:32 [main] WARN  o.s.c.l.c.LoadBalancerCacheAutoConfiguration$LoadBalancerCaffeineWarnLogger - Spring Cloud LoadBalancer is currently working with the default cache. You can switch to using Caffeine cache, by adding it and org.springframework.cache.caffeine.CaffeineCacheManager to the classpath.
2021-08-05 08:35:32 [main] INFO  o.a.coyote.http11.Http11NioProtocol - Starting ProtocolHandler ["http-nio-8184"]
2021-08-05 08:35:32 [main] INFO  o.s.b.w.e.tomcat.TomcatWebServer - Tomcat started on port(s): 8184 (http) with context path '/elastic-query-web-client'
2021-08-05 08:35:32 [main] INFO  c.m.d.e.q.w.c.ElasticQueryWebClientApplication - Started ElasticQueryWebClientApplication in 44.277 seconds (JVM running for 56.432)
2021-08-05 08:36:22 [http-nio-8184-exec-2] INFO  o.a.c.c.C.[.[.[/elastic-query-web-client] - Initializing Spring DispatcherServlet 'dispatcherServlet'
2021-08-05 08:36:22 [http-nio-8184-exec-2] INFO  o.s.web.servlet.DispatcherServlet - Initializing Servlet 'dispatcherServlet'
2021-08-05 08:36:22 [http-nio-8184-exec-2] INFO  o.s.web.servlet.DispatcherServlet - Completed initialization in 1 ms
2021-08-05 08:36:23 [http-nio-8184-exec-1] WARN  o.a.c.util.SessionIdGeneratorBase - Creation of SecureRandom instance for session ID generation using [SHA1PRNG] took [131] milliseconds.
2021-08-05 08:36:23 [http-nio-8184-exec-2] WARN  o.a.c.util.SessionIdGeneratorBase - Creation of SecureRandom instance for session ID generation using [SHA1PRNG] took [131] milliseconds.
2021-08-05 08:36:53 [http-nio-8184-exec-4] INFO  c.m.d.e.q.w.c.api.QueryController - Querying with text kafka
2021-08-05 08:36:53 [http-nio-8184-exec-4] INFO  c.m.d.e.q.w.c.s.i.TwitterElasticQueryWebClient - Querying by text kafka
2021-08-05 08:37:13 [reactor-tcp-epoll-2] WARN  r.n.http.client.HttpClientConnect - [id:c14ec786-1, L:/172.29.0.7:45754 - R:elastic-query-service-2/172.29.0.9:8185] The connection observed an error
io.netty.handler.timeout.ReadTimeoutException: null
2021-08-05 08:37:14 [http-nio-8184-exec-4] ERROR c.m.d.e.q.w.c.a.e.h.ElasticQueryWebClientErrorHandler - Service runtime exception!
org.springframework.web.reactive.function.client.WebClientRequestException: nested exception is io.netty.handler.timeout.ReadTimeoutException
	at org.springframework.web.reactive.function.client.ExchangeFunctions$DefaultExchangeFunction.lambda$wrapException$9(ExchangeFunctions.java:141)
	Suppressed: reactor.core.publisher.FluxOnAssembly$OnAssemblyException: 
Error has been observed at the following site(s):
	|_ checkpoint ? Request to POST http://elastic-query-service/elastic-query-service/documents/get-document-by-text [DefaultWebClient]
Stack trace:
		at org.springframework.web.reactive.function.client.ExchangeFunctions$DefaultExchangeFunction.lambda$wrapException$9(ExchangeFunctions.java:141)
		at reactor.core.publisher.MonoErrorSupplied.subscribe(MonoErrorSupplied.java:70)
		at reactor.core.publisher.Mono.subscribe(Mono.java:4150)
		at reactor.core.publisher.FluxOnErrorResume$ResumeSubscriber.onError(FluxOnErrorResume.java:103)
		at reactor.core.publisher.FluxPeek$PeekSubscriber.onError(FluxPeek.java:221)
		at reactor.core.publisher.FluxPeek$PeekSubscriber.onError(FluxPeek.java:221)
		at reactor.core.publisher.FluxPeek$PeekSubscriber.onError(FluxPeek.java:221)
		at reactor.core.publisher.MonoNext$NextSubscriber.onError(MonoNext.java:93)
		at reactor.core.publisher.MonoFlatMapMany$FlatMapManyMain.onError(MonoFlatMapMany.java:204)
		at reactor.core.publisher.SerializedSubscriber.onError(SerializedSubscriber.java:124)
		at reactor.core.publisher.FluxRetryWhen$RetryWhenMainSubscriber.whenError(FluxRetryWhen.java:224)
		at reactor.core.publisher.FluxRetryWhen$RetryWhenOtherSubscriber.onError(FluxRetryWhen.java:273)
		at reactor.core.publisher.FluxConcatMap$ConcatMapImmediate.drain(FluxConcatMap.java:413)
		at reactor.core.publisher.FluxConcatMap$ConcatMapImmediate.onNext(FluxConcatMap.java:250)
		at reactor.core.publisher.EmitterProcessor.drain(EmitterProcessor.java:491)
		at reactor.core.publisher.EmitterProcessor.tryEmitNext(EmitterProcessor.java:299)
		at reactor.core.publisher.SinkManySerialized.tryEmitNext(SinkManySerialized.java:97)
		at reactor.core.publisher.InternalManySink.emitNext(InternalManySink.java:27)
		at reactor.core.publisher.FluxRetryWhen$RetryWhenMainSubscriber.onError(FluxRetryWhen.java:189)
		at reactor.core.publisher.MonoCreate$DefaultMonoSink.error(MonoCreate.java:189)
		at reactor.netty.http.client.HttpClientConnect$HttpObserver.onUncaughtException(HttpClientConnect.java:385)
		at reactor.netty.ReactorNetty$CompositeConnectionObserver.onUncaughtException(ReactorNetty.java:647)
		at reactor.netty.resources.DefaultPooledConnectionProvider$DisposableAcquire.onUncaughtException(DefaultPooledConnectionProvider.java:220)
		at reactor.netty.resources.DefaultPooledConnectionProvider$PooledConnection.onUncaughtException(DefaultPooledConnectionProvider.java:468)
		at reactor.netty.channel.FluxReceive.drainReceiver(FluxReceive.java:233)
		at reactor.netty.channel.FluxReceive.onInboundError(FluxReceive.java:454)
		at reactor.netty.channel.ChannelOperations.onInboundError(ChannelOperations.java:489)
		at reactor.netty.channel.ChannelOperationsHandler.exceptionCaught(ChannelOperationsHandler.java:127)
		at io.netty.channel.AbstractChannelHandlerContext.invokeExceptionCaught(AbstractChannelHandlerContext.java:302)
		at io.netty.channel.AbstractChannelHandlerContext.invokeExceptionCaught(AbstractChannelHandlerContext.java:281)
		at io.netty.channel.AbstractChannelHandlerContext.fireExceptionCaught(AbstractChannelHandlerContext.java:273)
		at io.netty.handler.timeout.ReadTimeoutHandler.readTimedOut(ReadTimeoutHandler.java:98)
		at io.netty.handler.timeout.ReadTimeoutHandler.channelIdle(ReadTimeoutHandler.java:90)
		at io.netty.handler.timeout.IdleStateHandler$ReaderIdleTimeoutTask.run(IdleStateHandler.java:504)
		at io.netty.handler.timeout.IdleStateHandler$AbstractIdleTask.run(IdleStateHandler.java:476)
		at io.netty.util.concurrent.PromiseTask.runTask(PromiseTask.java:98)
		at io.netty.util.concurrent.ScheduledFutureTask.run(ScheduledFutureTask.java:170)
		at io.netty.util.concurrent.AbstractEventExecutor.safeExecute(AbstractEventExecutor.java:164)
		at io.netty.util.concurrent.SingleThreadEventExecutor.runAllTasks(SingleThreadEventExecutor.java:472)
		at io.netty.channel.epoll.EpollEventLoop.run(EpollEventLoop.java:384)
		at io.netty.util.concurrent.SingleThreadEventExecutor$4.run(SingleThreadEventExecutor.java:989)
		at io.netty.util.internal.ThreadExecutorMap$2.run(ThreadExecutorMap.java:74)
		at io.netty.util.concurrent.FastThreadLocalRunnable.run(FastThreadLocalRunnable.java:30)
		at java.base/java.lang.Thread.run(Unknown Source)
	Suppressed: java.lang.Exception: #block terminated with an error
		at reactor.core.publisher.BlockingSingleSubscriber.blockingGet(BlockingSingleSubscriber.java:99)
		at reactor.core.publisher.Mono.block(Mono.java:1703)
		at com.microservices.demo.elastic.query.web.client.service.impl.TwitterElasticQueryWebClient.getDataByText(TwitterElasticQueryWebClient.java:44)
		at com.microservices.demo.elastic.query.web.client.api.QueryController.queryByText(QueryController.java:50)
		at java.base/jdk.internal.reflect.NativeMethodAccessorImpl.invoke0(Native Method)
		at java.base/jdk.internal.reflect.NativeMethodAccessorImpl.invoke(Unknown Source)
		at java.base/jdk.internal.reflect.DelegatingMethodAccessorImpl.invoke(Unknown Source)
		at java.base/java.lang.reflect.Method.invoke(Unknown Source)
		at org.springframework.web.method.support.InvocableHandlerMethod.doInvoke(InvocableHandlerMethod.java:197)
		at org.springframework.web.method.support.InvocableHandlerMethod.invokeForRequest(InvocableHandlerMethod.java:141)
		at org.springframework.web.servlet.mvc.method.annotation.ServletInvocableHandlerMethod.invokeAndHandle(ServletInvocableHandlerMethod.java:106)
		at org.springframework.web.servlet.mvc.method.annotation.RequestMappingHandlerAdapter.invokeHandlerMethod(RequestMappingHandlerAdapter.java:894)
		at org.springframework.web.servlet.mvc.method.annotation.RequestMappingHandlerAdapter.handleInternal(RequestMappingHandlerAdapter.java:808)
		at org.springframework.web.servlet.mvc.method.AbstractHandlerMethodAdapter.handle(AbstractHandlerMethodAdapter.java:87)
		at org.springframework.web.servlet.DispatcherServlet.doDispatch(DispatcherServlet.java:1063)
		at org.springframework.web.servlet.DispatcherServlet.doService(DispatcherServlet.java:963)
		at org.springframework.web.servlet.FrameworkServlet.processRequest(FrameworkServlet.java:1006)
		at org.springframework.web.servlet.FrameworkServlet.doPost(FrameworkServlet.java:909)
		at javax.servlet.http.HttpServlet.service(HttpServlet.java:681)
		at org.springframework.web.servlet.FrameworkServlet.service(FrameworkServlet.java:883)
		at javax.servlet.http.HttpServlet.service(HttpServlet.java:764)
		at org.apache.catalina.core.ApplicationFilterChain.internalDoFilter(ApplicationFilterChain.java:228)
		at org.apache.catalina.core.ApplicationFilterChain.doFilter(ApplicationFilterChain.java:163)
		at org.apache.tomcat.websocket.server.WsFilter.doFilter(WsFilter.java:53)
		at org.apache.catalina.core.ApplicationFilterChain.internalDoFilter(ApplicationFilterChain.java:190)
		at org.apache.catalina.core.ApplicationFilterChain.doFilter(ApplicationFilterChain.java:163)
		at org.springframework.security.web.FilterChainProxy$VirtualFilterChain.doFilter(FilterChainProxy.java:327)
		at org.springframework.security.web.access.intercept.FilterSecurityInterceptor.invoke(FilterSecurityInterceptor.java:115)
		at org.springframework.security.web.access.intercept.FilterSecurityInterceptor.doFilter(FilterSecurityInterceptor.java:81)
		at org.springframework.security.web.FilterChainProxy$VirtualFilterChain.doFilter(FilterChainProxy.java:336)
		at org.springframework.security.web.access.ExceptionTranslationFilter.doFilter(ExceptionTranslationFilter.java:121)
		at org.springframework.security.web.access.ExceptionTranslationFilter.doFilter(ExceptionTranslationFilter.java:115)
		at org.springframework.security.web.FilterChainProxy$VirtualFilterChain.doFilter(FilterChainProxy.java:336)
		at org.springframework.security.web.session.SessionManagementFilter.doFilter(SessionManagementFilter.java:126)
		at org.springframework.security.web.session.SessionManagementFilter.doFilter(SessionManagementFilter.java:81)
		at org.springframework.security.web.FilterChainProxy$VirtualFilterChain.doFilter(FilterChainProxy.java:336)
		at org.springframework.security.web.authentication.AnonymousAuthenticationFilter.doFilter(AnonymousAuthenticationFilter.java:105)
		at org.springframework.security.web.FilterChainProxy$VirtualFilterChain.doFilter(FilterChainProxy.java:336)
		at org.springframework.security.web.servletapi.SecurityContextHolderAwareRequestFilter.doFilter(SecurityContextHolderAwareRequestFilter.java:149)
		at org.springframework.security.web.FilterChainProxy$VirtualFilterChain.doFilter(FilterChainProxy.java:336)
		at org.springframework.security.web.savedrequest.RequestCacheAwareFilter.doFilter(RequestCacheAwareFilter.java:63)
		at org.springframework.security.web.FilterChainProxy$VirtualFilterChain.doFilter(FilterChainProxy.java:336)
		at org.springframework.security.web.authentication.www.BasicAuthenticationFilter.doFilterInternal(BasicAuthenticationFilter.java:178)
		at org.springframework.web.filter.OncePerRequestFilter.doFilter(OncePerRequestFilter.java:119)
		at org.springframework.security.web.FilterChainProxy$VirtualFilterChain.doFilter(FilterChainProxy.java:336)
		at org.springframework.security.web.authentication.logout.LogoutFilter.doFilter(LogoutFilter.java:103)
		at org.springframework.security.web.authentication.logout.LogoutFilter.doFilter(LogoutFilter.java:89)
		at org.springframework.security.web.FilterChainProxy$VirtualFilterChain.doFilter(FilterChainProxy.java:336)
		at org.springframework.security.web.csrf.CsrfFilter.doFilterInternal(CsrfFilter.java:132)
		at org.springframework.web.filter.OncePerRequestFilter.doFilter(OncePerRequestFilter.java:119)
		at org.springframework.security.web.FilterChainProxy$VirtualFilterChain.doFilter(FilterChainProxy.java:336)
		at org.springframework.security.web.header.HeaderWriterFilter.doHeadersAfter(HeaderWriterFilter.java:90)
		at org.springframework.security.web.header.HeaderWriterFilter.doFilterInternal(HeaderWriterFilter.java:75)
		at org.springframework.web.filter.OncePerRequestFilter.doFilter(OncePerRequestFilter.java:119)
		at org.springframework.security.web.FilterChainProxy$VirtualFilterChain.doFilter(FilterChainProxy.java:336)
		at org.springframework.security.web.context.SecurityContextPersistenceFilter.doFilter(SecurityContextPersistenceFilter.java:110)
		at org.springframework.security.web.context.SecurityContextPersistenceFilter.doFilter(SecurityContextPersistenceFilter.java:80)
		at org.springframework.security.web.FilterChainProxy$VirtualFilterChain.doFilter(FilterChainProxy.java:336)
		at org.springframework.security.web.context.request.async.WebAsyncManagerIntegrationFilter.doFilterInternal(WebAsyncManagerIntegrationFilter.java:55)
		at org.springframework.web.filter.OncePerRequestFilter.doFilter(OncePerRequestFilter.java:119)
		at org.springframework.security.web.FilterChainProxy$VirtualFilterChain.doFilter(FilterChainProxy.java:336)
		at org.springframework.security.web.FilterChainProxy.doFilterInternal(FilterChainProxy.java:211)
		at org.springframework.security.web.FilterChainProxy.doFilter(FilterChainProxy.java:183)
		at org.springframework.web.filter.DelegatingFilterProxy.invokeDelegate(DelegatingFilterProxy.java:358)
		at org.springframework.web.filter.DelegatingFilterProxy.doFilter(DelegatingFilterProxy.java:271)
		at org.apache.catalina.core.ApplicationFilterChain.internalDoFilter(ApplicationFilterChain.java:190)
		at org.apache.catalina.core.ApplicationFilterChain.doFilter(ApplicationFilterChain.java:163)
		at org.springframework.web.filter.RequestContextFilter.doFilterInternal(RequestContextFilter.java:100)
		at org.springframework.web.filter.OncePerRequestFilter.doFilter(OncePerRequestFilter.java:119)
		at org.apache.catalina.core.ApplicationFilterChain.internalDoFilter(ApplicationFilterChain.java:190)
		at org.apache.catalina.core.ApplicationFilterChain.doFilter(ApplicationFilterChain.java:163)
		at org.springframework.web.filter.FormContentFilter.doFilterInternal(FormContentFilter.java:93)
		at org.springframework.web.filter.OncePerRequestFilter.doFilter(OncePerRequestFilter.java:119)
		at org.apache.catalina.core.ApplicationFilterChain.internalDoFilter(ApplicationFilterChain.java:190)
		at org.apache.catalina.core.ApplicationFilterChain.doFilter(ApplicationFilterChain.java:163)
		at org.springframework.web.filter.CharacterEncodingFilter.doFilterInternal(CharacterEncodingFilter.java:201)
		at org.springframework.web.filter.OncePerRequestFilter.doFilter(OncePerRequestFilter.java:119)
		at org.apache.catalina.core.ApplicationFilterChain.internalDoFilter(ApplicationFilterChain.java:190)
		at org.apache.catalina.core.ApplicationFilterChain.doFilter(ApplicationFilterChain.java:163)
		at org.apache.catalina.core.StandardWrapperValve.invoke(StandardWrapperValve.java:202)
		at org.apache.catalina.core.StandardContextValve.invoke(StandardContextValve.java:97)
		at org.apache.catalina.authenticator.AuthenticatorBase.invoke(AuthenticatorBase.java:542)
		at org.apache.catalina.core.StandardHostValve.invoke(StandardHostValve.java:143)
		at org.apache.catalina.valves.ErrorReportValve.invoke(ErrorReportValve.java:92)
		at org.apache.catalina.core.StandardEngineValve.invoke(StandardEngineValve.java:78)
		at org.apache.catalina.connector.CoyoteAdapter.service(CoyoteAdapter.java:357)
		at org.apache.coyote.http11.Http11Processor.service(Http11Processor.java:382)
		at org.apache.coyote.AbstractProcessorLight.process(AbstractProcessorLight.java:65)
		at org.apache.coyote.AbstractProtocol$ConnectionHandler.process(AbstractProtocol.java:893)
		at org.apache.tomcat.util.net.NioEndpoint$SocketProcessor.doRun(NioEndpoint.java:1723)
		at org.apache.tomcat.util.net.SocketProcessorBase.run(SocketProcessorBase.java:49)
		at java.base/java.util.concurrent.ThreadPoolExecutor.runWorker(Unknown Source)
		at java.base/java.util.concurrent.ThreadPoolExecutor$Worker.run(Unknown Source)
		at org.apache.tomcat.util.threads.TaskThread$WrappingRunnable.run(TaskThread.java:61)
		at java.base/java.lang.Thread.run(Unknown Source)
Caused by: io.netty.handler.timeout.ReadTimeoutException: null
2021-08-05 08:37:25 [http-nio-8184-exec-5] INFO  c.m.d.e.q.w.c.api.QueryController - Querying with text kafka
2021-08-05 08:37:25 [http-nio-8184-exec-5] INFO  c.m.d.e.q.w.c.s.i.TwitterElasticQueryWebClient - Querying by text kafka
2021-08-05 08:37:35 [reactor-tcp-epoll-3] WARN  r.n.http.client.HttpClientConnect - [id:f24d55ab-1, L:/172.29.0.7:41188 - R:elastic-query-service-1/172.29.0.12:8183] The connection observed an error
io.netty.handler.timeout.ReadTimeoutException: null
2021-08-05 08:37:35 [http-nio-8184-exec-5] ERROR c.m.d.e.q.w.c.a.e.h.ElasticQueryWebClientErrorHandler - Service runtime exception!
org.springframework.web.reactive.function.client.WebClientRequestException: nested exception is io.netty.handler.timeout.ReadTimeoutException
	at org.springframework.web.reactive.function.client.ExchangeFunctions$DefaultExchangeFunction.lambda$wrapException$9(ExchangeFunctions.java:141)
	Suppressed: reactor.core.publisher.FluxOnAssembly$OnAssemblyException: 
Error has been observed at the following site(s):
	|_ checkpoint ? Request to POST http://elastic-query-service/elastic-query-service/documents/get-document-by-text [DefaultWebClient]
Stack trace:
		at org.springframework.web.reactive.function.client.ExchangeFunctions$DefaultExchangeFunction.lambda$wrapException$9(ExchangeFunctions.java:141)
		at reactor.core.publisher.MonoErrorSupplied.subscribe(MonoErrorSupplied.java:70)
		at reactor.core.publisher.Mono.subscribe(Mono.java:4150)
		at reactor.core.publisher.FluxOnErrorResume$ResumeSubscriber.onError(FluxOnErrorResume.java:103)
		at reactor.core.publisher.FluxPeek$PeekSubscriber.onError(FluxPeek.java:221)
		at reactor.core.publisher.FluxPeek$PeekSubscriber.onError(FluxPeek.java:221)
		at reactor.core.publisher.FluxPeek$PeekSubscriber.onError(FluxPeek.java:221)
		at reactor.core.publisher.MonoNext$NextSubscriber.onError(MonoNext.java:93)
		at reactor.core.publisher.MonoFlatMapMany$FlatMapManyMain.onError(MonoFlatMapMany.java:204)
		at reactor.core.publisher.SerializedSubscriber.onError(SerializedSubscriber.java:124)
		at reactor.core.publisher.FluxRetryWhen$RetryWhenMainSubscriber.whenError(FluxRetryWhen.java:224)
		at reactor.core.publisher.FluxRetryWhen$RetryWhenOtherSubscriber.onError(FluxRetryWhen.java:273)
		at reactor.core.publisher.FluxConcatMap$ConcatMapImmediate.drain(FluxConcatMap.java:413)
		at reactor.core.publisher.FluxConcatMap$ConcatMapImmediate.onNext(FluxConcatMap.java:250)
		at reactor.core.publisher.EmitterProcessor.drain(EmitterProcessor.java:491)
		at reactor.core.publisher.EmitterProcessor.tryEmitNext(EmitterProcessor.java:299)
		at reactor.core.publisher.SinkManySerialized.tryEmitNext(SinkManySerialized.java:97)
		at reactor.core.publisher.InternalManySink.emitNext(InternalManySink.java:27)
		at reactor.core.publisher.FluxRetryWhen$RetryWhenMainSubscriber.onError(FluxRetryWhen.java:189)
		at reactor.core.publisher.MonoCreate$DefaultMonoSink.error(MonoCreate.java:189)
		at reactor.netty.http.client.HttpClientConnect$HttpObserver.onUncaughtException(HttpClientConnect.java:385)
		at reactor.netty.ReactorNetty$CompositeConnectionObserver.onUncaughtException(ReactorNetty.java:647)
		at reactor.netty.resources.DefaultPooledConnectionProvider$DisposableAcquire.onUncaughtException(DefaultPooledConnectionProvider.java:220)
		at reactor.netty.resources.DefaultPooledConnectionProvider$PooledConnection.onUncaughtException(DefaultPooledConnectionProvider.java:468)
		at reactor.netty.channel.FluxReceive.drainReceiver(FluxReceive.java:233)
		at reactor.netty.channel.FluxReceive.onInboundError(FluxReceive.java:454)
		at reactor.netty.channel.ChannelOperations.onInboundError(ChannelOperations.java:489)
		at reactor.netty.channel.ChannelOperationsHandler.exceptionCaught(ChannelOperationsHandler.java:127)
		at io.netty.channel.AbstractChannelHandlerContext.invokeExceptionCaught(AbstractChannelHandlerContext.java:302)
		at io.netty.channel.AbstractChannelHandlerContext.invokeExceptionCaught(AbstractChannelHandlerContext.java:281)
		at io.netty.channel.AbstractChannelHandlerContext.fireExceptionCaught(AbstractChannelHandlerContext.java:273)
		at io.netty.handler.timeout.ReadTimeoutHandler.readTimedOut(ReadTimeoutHandler.java:98)
		at io.netty.handler.timeout.ReadTimeoutHandler.channelIdle(ReadTimeoutHandler.java:90)
		at io.netty.handler.timeout.IdleStateHandler$ReaderIdleTimeoutTask.run(IdleStateHandler.java:504)
		at io.netty.handler.timeout.IdleStateHandler$AbstractIdleTask.run(IdleStateHandler.java:476)
		at io.netty.util.concurrent.PromiseTask.runTask(PromiseTask.java:98)
		at io.netty.util.concurrent.ScheduledFutureTask.run(ScheduledFutureTask.java:170)
		at io.netty.util.concurrent.AbstractEventExecutor.safeExecute(AbstractEventExecutor.java:164)
		at io.netty.util.concurrent.SingleThreadEventExecutor.runAllTasks(SingleThreadEventExecutor.java:472)
		at io.netty.channel.epoll.EpollEventLoop.run(EpollEventLoop.java:384)
		at io.netty.util.concurrent.SingleThreadEventExecutor$4.run(SingleThreadEventExecutor.java:989)
		at io.netty.util.internal.ThreadExecutorMap$2.run(ThreadExecutorMap.java:74)
		at io.netty.util.concurrent.FastThreadLocalRunnable.run(FastThreadLocalRunnable.java:30)
		at java.base/java.lang.Thread.run(Unknown Source)
	Suppressed: java.lang.Exception: #block terminated with an error
		at reactor.core.publisher.BlockingSingleSubscriber.blockingGet(BlockingSingleSubscriber.java:99)
		at reactor.core.publisher.Mono.block(Mono.java:1703)
		at com.microservices.demo.elastic.query.web.client.service.impl.TwitterElasticQueryWebClient.getDataByText(TwitterElasticQueryWebClient.java:44)
		at com.microservices.demo.elastic.query.web.client.api.QueryController.queryByText(QueryController.java:50)
		at java.base/jdk.internal.reflect.NativeMethodAccessorImpl.invoke0(Native Method)
		at java.base/jdk.internal.reflect.NativeMethodAccessorImpl.invoke(Unknown Source)
		at java.base/jdk.internal.reflect.DelegatingMethodAccessorImpl.invoke(Unknown Source)
		at java.base/java.lang.reflect.Method.invoke(Unknown Source)
		at org.springframework.web.method.support.InvocableHandlerMethod.doInvoke(InvocableHandlerMethod.java:197)
		at org.springframework.web.method.support.InvocableHandlerMethod.invokeForRequest(InvocableHandlerMethod.java:141)
		at org.springframework.web.servlet.mvc.method.annotation.ServletInvocableHandlerMethod.invokeAndHandle(ServletInvocableHandlerMethod.java:106)
		at org.springframework.web.servlet.mvc.method.annotation.RequestMappingHandlerAdapter.invokeHandlerMethod(RequestMappingHandlerAdapter.java:894)
		at org.springframework.web.servlet.mvc.method.annotation.RequestMappingHandlerAdapter.handleInternal(RequestMappingHandlerAdapter.java:808)
		at org.springframework.web.servlet.mvc.method.AbstractHandlerMethodAdapter.handle(AbstractHandlerMethodAdapter.java:87)
		at org.springframework.web.servlet.DispatcherServlet.doDispatch(DispatcherServlet.java:1063)
		at org.springframework.web.servlet.DispatcherServlet.doService(DispatcherServlet.java:963)
		at org.springframework.web.servlet.FrameworkServlet.processRequest(FrameworkServlet.java:1006)
		at org.springframework.web.servlet.FrameworkServlet.doPost(FrameworkServlet.java:909)
		at javax.servlet.http.HttpServlet.service(HttpServlet.java:681)
		at org.springframework.web.servlet.FrameworkServlet.service(FrameworkServlet.java:883)
		at javax.servlet.http.HttpServlet.service(HttpServlet.java:764)
		at org.apache.catalina.core.ApplicationFilterChain.internalDoFilter(ApplicationFilterChain.java:228)
		at org.apache.catalina.core.ApplicationFilterChain.doFilter(ApplicationFilterChain.java:163)
		at org.apache.tomcat.websocket.server.WsFilter.doFilter(WsFilter.java:53)
		at org.apache.catalina.core.ApplicationFilterChain.internalDoFilter(ApplicationFilterChain.java:190)
		at org.apache.catalina.core.ApplicationFilterChain.doFilter(ApplicationFilterChain.java:163)
		at org.springframework.security.web.FilterChainProxy$VirtualFilterChain.doFilter(FilterChainProxy.java:327)
		at org.springframework.security.web.access.intercept.FilterSecurityInterceptor.invoke(FilterSecurityInterceptor.java:115)
		at org.springframework.security.web.access.intercept.FilterSecurityInterceptor.doFilter(FilterSecurityInterceptor.java:81)
		at org.springframework.security.web.FilterChainProxy$VirtualFilterChain.doFilter(FilterChainProxy.java:336)
		at org.springframework.security.web.access.ExceptionTranslationFilter.doFilter(ExceptionTranslationFilter.java:121)
		at org.springframework.security.web.access.ExceptionTranslationFilter.doFilter(ExceptionTranslationFilter.java:115)
		at org.springframework.security.web.FilterChainProxy$VirtualFilterChain.doFilter(FilterChainProxy.java:336)
		at org.springframework.security.web.session.SessionManagementFilter.doFilter(SessionManagementFilter.java:126)
		at org.springframework.security.web.session.SessionManagementFilter.doFilter(SessionManagementFilter.java:81)
		at org.springframework.security.web.FilterChainProxy$VirtualFilterChain.doFilter(FilterChainProxy.java:336)
		at org.springframework.security.web.authentication.AnonymousAuthenticationFilter.doFilter(AnonymousAuthenticationFilter.java:105)
		at org.springframework.security.web.FilterChainProxy$VirtualFilterChain.doFilter(FilterChainProxy.java:336)
		at org.springframework.security.web.servletapi.SecurityContextHolderAwareRequestFilter.doFilter(SecurityContextHolderAwareRequestFilter.java:149)
		at org.springframework.security.web.FilterChainProxy$VirtualFilterChain.doFilter(FilterChainProxy.java:336)
		at org.springframework.security.web.savedrequest.RequestCacheAwareFilter.doFilter(RequestCacheAwareFilter.java:63)
		at org.springframework.security.web.FilterChainProxy$VirtualFilterChain.doFilter(FilterChainProxy.java:336)
		at org.springframework.security.web.authentication.www.BasicAuthenticationFilter.doFilterInternal(BasicAuthenticationFilter.java:178)
		at org.springframework.web.filter.OncePerRequestFilter.doFilter(OncePerRequestFilter.java:119)
		at org.springframework.security.web.FilterChainProxy$VirtualFilterChain.doFilter(FilterChainProxy.java:336)
		at org.springframework.security.web.authentication.logout.LogoutFilter.doFilter(LogoutFilter.java:103)
		at org.springframework.security.web.authentication.logout.LogoutFilter.doFilter(LogoutFilter.java:89)
		at org.springframework.security.web.FilterChainProxy$VirtualFilterChain.doFilter(FilterChainProxy.java:336)
		at org.springframework.security.web.csrf.CsrfFilter.doFilterInternal(CsrfFilter.java:132)
		at org.springframework.web.filter.OncePerRequestFilter.doFilter(OncePerRequestFilter.java:119)
		at org.springframework.security.web.FilterChainProxy$VirtualFilterChain.doFilter(FilterChainProxy.java:336)
		at org.springframework.security.web.header.HeaderWriterFilter.doHeadersAfter(HeaderWriterFilter.java:90)
		at org.springframework.security.web.header.HeaderWriterFilter.doFilterInternal(HeaderWriterFilter.java:75)
		at org.springframework.web.filter.OncePerRequestFilter.doFilter(OncePerRequestFilter.java:119)
		at org.springframework.security.web.FilterChainProxy$VirtualFilterChain.doFilter(FilterChainProxy.java:336)
		at org.springframework.security.web.context.SecurityContextPersistenceFilter.doFilter(SecurityContextPersistenceFilter.java:110)
		at org.springframework.security.web.context.SecurityContextPersistenceFilter.doFilter(SecurityContextPersistenceFilter.java:80)
		at org.springframework.security.web.FilterChainProxy$VirtualFilterChain.doFilter(FilterChainProxy.java:336)
		at org.springframework.security.web.context.request.async.WebAsyncManagerIntegrationFilter.doFilterInternal(WebAsyncManagerIntegrationFilter.java:55)
		at org.springframework.web.filter.OncePerRequestFilter.doFilter(OncePerRequestFilter.java:119)
		at org.springframework.security.web.FilterChainProxy$VirtualFilterChain.doFilter(FilterChainProxy.java:336)
		at org.springframework.security.web.FilterChainProxy.doFilterInternal(FilterChainProxy.java:211)
		at org.springframework.security.web.FilterChainProxy.doFilter(FilterChainProxy.java:183)
		at org.springframework.web.filter.DelegatingFilterProxy.invokeDelegate(DelegatingFilterProxy.java:358)
		at org.springframework.web.filter.DelegatingFilterProxy.doFilter(DelegatingFilterProxy.java:271)
		at org.apache.catalina.core.ApplicationFilterChain.internalDoFilter(ApplicationFilterChain.java:190)
		at org.apache.catalina.core.ApplicationFilterChain.doFilter(ApplicationFilterChain.java:163)
		at org.springframework.web.filter.RequestContextFilter.doFilterInternal(RequestContextFilter.java:100)
		at org.springframework.web.filter.OncePerRequestFilter.doFilter(OncePerRequestFilter.java:119)
		at org.apache.catalina.core.ApplicationFilterChain.internalDoFilter(ApplicationFilterChain.java:190)
		at org.apache.catalina.core.ApplicationFilterChain.doFilter(ApplicationFilterChain.java:163)
		at org.springframework.web.filter.FormContentFilter.doFilterInternal(FormContentFilter.java:93)
		at org.springframework.web.filter.OncePerRequestFilter.doFilter(OncePerRequestFilter.java:119)
		at org.apache.catalina.core.ApplicationFilterChain.internalDoFilter(ApplicationFilterChain.java:190)
		at org.apache.catalina.core.ApplicationFilterChain.doFilter(ApplicationFilterChain.java:163)
		at org.springframework.web.filter.CharacterEncodingFilter.doFilterInternal(CharacterEncodingFilter.java:201)
		at org.springframework.web.filter.OncePerRequestFilter.doFilter(OncePerRequestFilter.java:119)
		at org.apache.catalina.core.ApplicationFilterChain.internalDoFilter(ApplicationFilterChain.java:190)
		at org.apache.catalina.core.ApplicationFilterChain.doFilter(ApplicationFilterChain.java:163)
		at org.apache.catalina.core.StandardWrapperValve.invoke(StandardWrapperValve.java:202)
		at org.apache.catalina.core.StandardContextValve.invoke(StandardContextValve.java:97)
		at org.apache.catalina.authenticator.AuthenticatorBase.invoke(AuthenticatorBase.java:542)
		at org.apache.catalina.core.StandardHostValve.invoke(StandardHostValve.java:143)
		at org.apache.catalina.valves.ErrorReportValve.invoke(ErrorReportValve.java:92)
		at org.apache.catalina.core.StandardEngineValve.invoke(StandardEngineValve.java:78)
		at org.apache.catalina.connector.CoyoteAdapter.service(CoyoteAdapter.java:357)
		at org.apache.coyote.http11.Http11Processor.service(Http11Processor.java:382)
		at org.apache.coyote.AbstractProcessorLight.process(AbstractProcessorLight.java:65)
		at org.apache.coyote.AbstractProtocol$ConnectionHandler.process(AbstractProtocol.java:893)
		at org.apache.tomcat.util.net.NioEndpoint$SocketProcessor.doRun(NioEndpoint.java:1723)
		at org.apache.tomcat.util.net.SocketProcessorBase.run(SocketProcessorBase.java:49)
		at java.base/java.util.concurrent.ThreadPoolExecutor.runWorker(Unknown Source)
		at java.base/java.util.concurrent.ThreadPoolExecutor$Worker.run(Unknown Source)
		at org.apache.tomcat.util.threads.TaskThread$WrappingRunnable.run(TaskThread.java:61)
		at java.base/java.lang.Thread.run(Unknown Source)
Caused by: io.netty.handler.timeout.ReadTimeoutException: null
2021-08-05 08:37:56 [http-nio-8184-exec-7] INFO  c.m.d.e.q.w.c.api.QueryController - Querying with text kafka
2021-08-05 08:37:56 [http-nio-8184-exec-7] INFO  c.m.d.e.q.w.c.s.i.TwitterElasticQueryWebClient - Querying by text kafka
2021-08-05 08:38:13 [http-nio-8184-exec-8] INFO  c.m.d.e.q.w.c.api.QueryController - Querying with text kafka
2021-08-05 08:38:13 [http-nio-8184-exec-8] INFO  c.m.d.e.q.w.c.s.i.TwitterElasticQueryWebClient - Querying by text kafka
2021-08-05 08:38:24 [http-nio-8184-exec-9] INFO  c.m.d.e.q.w.c.api.QueryController - Querying with text test
2021-08-05 08:38:24 [http-nio-8184-exec-9] INFO  c.m.d.e.q.w.c.s.i.TwitterElasticQueryWebClient - Querying by text test
2021-08-05 08:38:45 [http-nio-8184-exec-10] INFO  c.m.d.e.q.w.c.api.QueryController - Querying with text kafka
2021-08-05 08:38:45 [http-nio-8184-exec-10] INFO  c.m.d.e.q.w.c.s.i.TwitterElasticQueryWebClient - Querying by text kafka
