2021-09-06 08:42:46 [reactor-http-epoll-2] ERROR reactor.core.publisher.Operators - Operator called default onErrorDropped
reactor.core.Exceptions$ErrorCallbackNotImplemented: org.springframework.data.elasticsearch.client.NoReachableHostException: Host 'localhost:9200' not reachable. Cluster state is offline.
Caused by: org.springframework.data.elasticsearch.client.NoReachableHostException: Host 'localhost:9200' not reachable. Cluster state is offline.
	at org.springframework.data.elasticsearch.client.reactive.SingleNodeHostProvider.lambda$lookupActiveHost$3(SingleNodeHostProvider.java:101)
	at reactor.core.publisher.FluxHandle$HandleSubscriber.onNext(FluxHandle.java:102)
	at reactor.core.publisher.FluxMap$MapConditionalSubscriber.onNext(FluxMap.java:220)
	at reactor.core.publisher.FluxOnErrorResume$ResumeSubscriber.onNext(FluxOnErrorResume.java:79)
	at reactor.core.publisher.Operators$ScalarSubscription.request(Operators.java:2397)
	at reactor.core.publisher.Operators$MultiSubscriptionSubscriber.set(Operators.java:2193)
	at reactor.core.publisher.FluxOnErrorResume$ResumeSubscriber.onSubscribe(FluxOnErrorResume.java:74)
	at reactor.core.publisher.MonoJust.subscribe(MonoJust.java:54)
	at reactor.core.publisher.Mono.subscribe(Mono.java:4150)
	at reactor.core.publisher.FluxOnErrorResume$ResumeSubscriber.onError(FluxOnErrorResume.java:103)
	at reactor.core.publisher.MonoFlatMap$FlatMapMain.onError(MonoFlatMap.java:172)
	at reactor.core.publisher.Operators$MultiSubscriptionSubscriber.onError(Operators.java:2062)
	at reactor.core.publisher.FluxOnAssembly$OnAssemblySubscriber.onError(FluxOnAssembly.java:392)
	at reactor.core.publisher.MonoPeekTerminal$MonoTerminalPeekSubscriber.onError(MonoPeekTerminal.java:258)
	at reactor.core.publisher.FluxMap$MapConditionalSubscriber.onError(FluxMap.java:259)
	at reactor.core.publisher.FluxOnErrorResume$ResumeSubscriber.onError(FluxOnErrorResume.java:106)
	at reactor.core.publisher.Operators.error(Operators.java:197)
	at reactor.core.publisher.MonoErrorSupplied.subscribe(MonoErrorSupplied.java:71)
	at reactor.core.publisher.Mono.subscribe(Mono.java:4150)
	at reactor.core.publisher.FluxOnErrorResume$ResumeSubscriber.onError(FluxOnErrorResume.java:103)
	at reactor.core.publisher.FluxPeek$PeekSubscriber.onError(FluxPeek.java:221)
	at reactor.core.publisher.FluxPeek$PeekSubscriber.onError(FluxPeek.java:221)
	at reactor.core.publisher.FluxPeek$PeekSubscriber.onError(FluxPeek.java:221)
	at reactor.core.publisher.MonoNext$NextSubscriber.onError(MonoNext.java:93)
	at reactor.core.publisher.MonoFlatMapMany$FlatMapManyMain.onError(MonoFlatMapMany.java:204)
	at reactor.core.publisher.SerializedSubscriber.onError(SerializedSubscriber.java:124)
	at reactor.core.publisher.FluxRetryWhen$RetryWhenMainSubscriber.whenError(FluxRetryWhen.java:224)
	at reactor.core.publisher.FluxRetryWhen$RetryWhenOtherSubscriber.onError(FluxRetryWhen.java:273)
	at reactor.core.publisher.FluxConcatMap$ConcatMapImmediate.drain(FluxConcatMap.java:413)
	at reactor.core.publisher.FluxConcatMap$ConcatMapImmediate.onNext(FluxConcatMap.java:250)
	at reactor.core.publisher.EmitterProcessor.drain(EmitterProcessor.java:491)
	at reactor.core.publisher.EmitterProcessor.tryEmitNext(EmitterProcessor.java:299)
	at reactor.core.publisher.SinkManySerialized.tryEmitNext(SinkManySerialized.java:97)
	at reactor.core.publisher.InternalManySink.emitNext(InternalManySink.java:27)
	at reactor.core.publisher.FluxRetryWhen$RetryWhenMainSubscriber.onError(FluxRetryWhen.java:189)
	at reactor.core.publisher.MonoCreate$DefaultMonoSink.error(MonoCreate.java:189)
	at reactor.netty.http.client.HttpClientConnect$MonoHttpConnect$ClientTransportSubscriber.onError(HttpClientConnect.java:305)
	at reactor.core.publisher.MonoCreate$DefaultMonoSink.error(MonoCreate.java:189)
	at reactor.netty.resources.DefaultPooledConnectionProvider$DisposableAcquire.onError(DefaultPooledConnectionProvider.java:173)
	at reactor.netty.internal.shaded.reactor.pool.AbstractPool$Borrower.fail(AbstractPool.java:444)
	at reactor.netty.internal.shaded.reactor.pool.SimpleDequePool.lambda$drainLoop$9(SimpleDequePool.java:399)
	at reactor.core.publisher.FluxDoOnEach$DoOnEachSubscriber.onError(FluxDoOnEach.java:186)
	at reactor.core.publisher.MonoCreate$DefaultMonoSink.error(MonoCreate.java:189)
	at reactor.netty.resources.DefaultPooledConnectionProvider$PooledConnectionAllocator$PooledConnectionInitializer.onError(DefaultPooledConnectionProvider.java:555)
	at reactor.core.publisher.MonoFlatMap$FlatMapMain.secondError(MonoFlatMap.java:192)
	at reactor.core.publisher.MonoFlatMap$FlatMapInner.onError(MonoFlatMap.java:259)
	at reactor.core.publisher.FluxOnErrorResume$ResumeSubscriber.onError(FluxOnErrorResume.java:106)
	at reactor.core.publisher.Operators.error(Operators.java:197)
	at reactor.core.publisher.MonoError.subscribe(MonoError.java:52)
	at reactor.core.publisher.Mono.subscribe(Mono.java:4150)
	at reactor.core.publisher.FluxOnErrorResume$ResumeSubscriber.onError(FluxOnErrorResume.java:103)
	at reactor.netty.transport.TransportConnector$MonoChannelPromise.tryFailure(TransportConnector.java:517)
	at reactor.netty.transport.TransportConnector$MonoChannelPromise.setFailure(TransportConnector.java:471)
	at reactor.netty.transport.TransportConnector.lambda$doConnect$7(TransportConnector.java:206)
	at io.netty.util.concurrent.DefaultPromise.notifyListener0(DefaultPromise.java:578)
	at io.netty.util.concurrent.DefaultPromise.notifyListeners0(DefaultPromise.java:571)
	at io.netty.util.concurrent.DefaultPromise.notifyListenersNow(DefaultPromise.java:550)
	at io.netty.util.concurrent.DefaultPromise.notifyListeners(DefaultPromise.java:491)
	at io.netty.util.concurrent.DefaultPromise.setValue0(DefaultPromise.java:616)
	at io.netty.util.concurrent.DefaultPromise.setFailure0(DefaultPromise.java:609)
	at io.netty.util.concurrent.DefaultPromise.tryFailure(DefaultPromise.java:117)
	at io.netty.channel.epoll.AbstractEpollChannel$AbstractEpollUnsafe.fulfillConnectPromise(AbstractEpollChannel.java:674)
	at io.netty.channel.epoll.AbstractEpollChannel$AbstractEpollUnsafe.finishConnect(AbstractEpollChannel.java:693)
	at io.netty.channel.epoll.AbstractEpollChannel$AbstractEpollUnsafe.epollOutReady(AbstractEpollChannel.java:567)
	at io.netty.channel.epoll.EpollEventLoop.processReady(EpollEventLoop.java:470)
	at io.netty.channel.epoll.EpollEventLoop.run(EpollEventLoop.java:378)
	at io.netty.util.concurrent.SingleThreadEventExecutor$4.run(SingleThreadEventExecutor.java:989)
	at io.netty.util.internal.ThreadExecutorMap$2.run(ThreadExecutorMap.java:74)
	at io.netty.util.concurrent.FastThreadLocalRunnable.run(FastThreadLocalRunnable.java:30)
	at java.base/java.lang.Thread.run(Unknown Source)
2021-09-06 08:50:05 [reactor-http-epoll-2] ERROR reactor.core.publisher.Operators - Operator called default onErrorDropped
reactor.core.Exceptions$ErrorCallbackNotImplemented: org.springframework.data.elasticsearch.client.NoReachableHostException: Host 'localhost:9200' not reachable. Cluster state is offline.
Caused by: org.springframework.data.elasticsearch.client.NoReachableHostException: Host 'localhost:9200' not reachable. Cluster state is offline.
	at org.springframework.data.elasticsearch.client.reactive.SingleNodeHostProvider.lambda$lookupActiveHost$3(SingleNodeHostProvider.java:101)
	at reactor.core.publisher.FluxHandle$HandleSubscriber.onNext(FluxHandle.java:102)
	at reactor.core.publisher.FluxMap$MapConditionalSubscriber.onNext(FluxMap.java:220)
	at reactor.core.publisher.FluxOnErrorResume$ResumeSubscriber.onNext(FluxOnErrorResume.java:79)
	at reactor.core.publisher.Operators$ScalarSubscription.request(Operators.java:2397)
	at reactor.core.publisher.Operators$MultiSubscriptionSubscriber.set(Operators.java:2193)
	at reactor.core.publisher.FluxOnErrorResume$ResumeSubscriber.onSubscribe(FluxOnErrorResume.java:74)
	at reactor.core.publisher.MonoJust.subscribe(MonoJust.java:54)
	at reactor.core.publisher.Mono.subscribe(Mono.java:4150)
	at reactor.core.publisher.FluxOnErrorResume$ResumeSubscriber.onError(FluxOnErrorResume.java:103)
	at reactor.core.publisher.MonoFlatMap$FlatMapMain.onError(MonoFlatMap.java:172)
	at reactor.core.publisher.Operators$MultiSubscriptionSubscriber.onError(Operators.java:2062)
	at reactor.core.publisher.FluxOnAssembly$OnAssemblySubscriber.onError(FluxOnAssembly.java:392)
	at reactor.core.publisher.MonoPeekTerminal$MonoTerminalPeekSubscriber.onError(MonoPeekTerminal.java:258)
	at reactor.core.publisher.FluxMap$MapConditionalSubscriber.onError(FluxMap.java:259)
	at reactor.core.publisher.FluxOnErrorResume$ResumeSubscriber.onError(FluxOnErrorResume.java:106)
	at reactor.core.publisher.Operators.error(Operators.java:197)
	at reactor.core.publisher.MonoErrorSupplied.subscribe(MonoErrorSupplied.java:71)
	at reactor.core.publisher.Mono.subscribe(Mono.java:4150)
	at reactor.core.publisher.FluxOnErrorResume$ResumeSubscriber.onError(FluxOnErrorResume.java:103)
	at reactor.core.publisher.FluxPeek$PeekSubscriber.onError(FluxPeek.java:221)
	at reactor.core.publisher.FluxPeek$PeekSubscriber.onError(FluxPeek.java:221)
	at reactor.core.publisher.FluxPeek$PeekSubscriber.onError(FluxPeek.java:221)
	at reactor.core.publisher.MonoNext$NextSubscriber.onError(MonoNext.java:93)
	at reactor.core.publisher.MonoFlatMapMany$FlatMapManyMain.onError(MonoFlatMapMany.java:204)
	at reactor.core.publisher.SerializedSubscriber.onError(SerializedSubscriber.java:124)
	at reactor.core.publisher.FluxRetryWhen$RetryWhenMainSubscriber.whenError(FluxRetryWhen.java:224)
	at reactor.core.publisher.FluxRetryWhen$RetryWhenOtherSubscriber.onError(FluxRetryWhen.java:273)
	at reactor.core.publisher.FluxConcatMap$ConcatMapImmediate.drain(FluxConcatMap.java:413)
	at reactor.core.publisher.FluxConcatMap$ConcatMapImmediate.onNext(FluxConcatMap.java:250)
	at reactor.core.publisher.EmitterProcessor.drain(EmitterProcessor.java:491)
	at reactor.core.publisher.EmitterProcessor.tryEmitNext(EmitterProcessor.java:299)
	at reactor.core.publisher.SinkManySerialized.tryEmitNext(SinkManySerialized.java:97)
	at reactor.core.publisher.InternalManySink.emitNext(InternalManySink.java:27)
	at reactor.core.publisher.FluxRetryWhen$RetryWhenMainSubscriber.onError(FluxRetryWhen.java:189)
	at reactor.core.publisher.MonoCreate$DefaultMonoSink.error(MonoCreate.java:189)
	at reactor.netty.http.client.HttpClientConnect$MonoHttpConnect$ClientTransportSubscriber.onError(HttpClientConnect.java:305)
	at reactor.core.publisher.MonoCreate$DefaultMonoSink.error(MonoCreate.java:189)
	at reactor.netty.resources.DefaultPooledConnectionProvider$DisposableAcquire.onError(DefaultPooledConnectionProvider.java:173)
	at reactor.netty.internal.shaded.reactor.pool.AbstractPool$Borrower.fail(AbstractPool.java:444)
	at reactor.netty.internal.shaded.reactor.pool.SimpleDequePool.lambda$drainLoop$9(SimpleDequePool.java:399)
	at reactor.core.publisher.FluxDoOnEach$DoOnEachSubscriber.onError(FluxDoOnEach.java:186)
	at reactor.core.publisher.MonoCreate$DefaultMonoSink.error(MonoCreate.java:189)
	at reactor.netty.resources.DefaultPooledConnectionProvider$PooledConnectionAllocator$PooledConnectionInitializer.onError(DefaultPooledConnectionProvider.java:555)
	at reactor.core.publisher.MonoFlatMap$FlatMapMain.secondError(MonoFlatMap.java:192)
	at reactor.core.publisher.MonoFlatMap$FlatMapInner.onError(MonoFlatMap.java:259)
	at reactor.core.publisher.FluxOnErrorResume$ResumeSubscriber.onError(FluxOnErrorResume.java:106)
	at reactor.core.publisher.Operators.error(Operators.java:197)
	at reactor.core.publisher.MonoError.subscribe(MonoError.java:52)
	at reactor.core.publisher.Mono.subscribe(Mono.java:4150)
	at reactor.core.publisher.FluxOnErrorResume$ResumeSubscriber.onError(FluxOnErrorResume.java:103)
	at reactor.netty.transport.TransportConnector$MonoChannelPromise.tryFailure(TransportConnector.java:517)
	at reactor.netty.transport.TransportConnector$MonoChannelPromise.setFailure(TransportConnector.java:471)
	at reactor.netty.transport.TransportConnector.lambda$doConnect$7(TransportConnector.java:206)
	at io.netty.util.concurrent.DefaultPromise.notifyListener0(DefaultPromise.java:578)
	at io.netty.util.concurrent.DefaultPromise.notifyListeners0(DefaultPromise.java:571)
	at io.netty.util.concurrent.DefaultPromise.notifyListenersNow(DefaultPromise.java:550)
	at io.netty.util.concurrent.DefaultPromise.notifyListeners(DefaultPromise.java:491)
	at io.netty.util.concurrent.DefaultPromise.setValue0(DefaultPromise.java:616)
	at io.netty.util.concurrent.DefaultPromise.setFailure0(DefaultPromise.java:609)
	at io.netty.util.concurrent.DefaultPromise.tryFailure(DefaultPromise.java:117)
	at io.netty.channel.epoll.AbstractEpollChannel$AbstractEpollUnsafe.fulfillConnectPromise(AbstractEpollChannel.java:674)
	at io.netty.channel.epoll.AbstractEpollChannel$AbstractEpollUnsafe.finishConnect(AbstractEpollChannel.java:693)
	at io.netty.channel.epoll.AbstractEpollChannel$AbstractEpollUnsafe.epollOutReady(AbstractEpollChannel.java:567)
	at io.netty.channel.epoll.EpollEventLoop.processReady(EpollEventLoop.java:470)
	at io.netty.channel.epoll.EpollEventLoop.run(EpollEventLoop.java:378)
	at io.netty.util.concurrent.SingleThreadEventExecutor$4.run(SingleThreadEventExecutor.java:989)
	at io.netty.util.internal.ThreadExecutorMap$2.run(ThreadExecutorMap.java:74)
	at io.netty.util.concurrent.FastThreadLocalRunnable.run(FastThreadLocalRunnable.java:30)
	at java.base/java.lang.Thread.run(Unknown Source)
2021-09-06 13:29:41 [reactor-http-epoll-2] ERROR reactor.core.publisher.Operators - Operator called default onErrorDropped
reactor.core.Exceptions$ErrorCallbackNotImplemented: org.springframework.data.elasticsearch.client.NoReachableHostException: Host 'localhost:9200' not reachable. Cluster state is offline.
Caused by: org.springframework.data.elasticsearch.client.NoReachableHostException: Host 'localhost:9200' not reachable. Cluster state is offline.
	at org.springframework.data.elasticsearch.client.reactive.SingleNodeHostProvider.lambda$lookupActiveHost$3(SingleNodeHostProvider.java:101)
	at reactor.core.publisher.FluxHandle$HandleSubscriber.onNext(FluxHandle.java:102)
	at reactor.core.publisher.FluxMap$MapConditionalSubscriber.onNext(FluxMap.java:220)
	at reactor.core.publisher.FluxOnErrorResume$ResumeSubscriber.onNext(FluxOnErrorResume.java:79)
	at reactor.core.publisher.Operators$ScalarSubscription.request(Operators.java:2397)
	at reactor.core.publisher.Operators$MultiSubscriptionSubscriber.set(Operators.java:2193)
	at reactor.core.publisher.FluxOnErrorResume$ResumeSubscriber.onSubscribe(FluxOnErrorResume.java:74)
	at reactor.core.publisher.MonoJust.subscribe(MonoJust.java:54)
	at reactor.core.publisher.Mono.subscribe(Mono.java:4150)
	at reactor.core.publisher.FluxOnErrorResume$ResumeSubscriber.onError(FluxOnErrorResume.java:103)
	at reactor.core.publisher.MonoFlatMap$FlatMapMain.onError(MonoFlatMap.java:172)
	at reactor.core.publisher.Operators$MultiSubscriptionSubscriber.onError(Operators.java:2062)
	at reactor.core.publisher.FluxOnAssembly$OnAssemblySubscriber.onError(FluxOnAssembly.java:392)
	at reactor.core.publisher.MonoPeekTerminal$MonoTerminalPeekSubscriber.onError(MonoPeekTerminal.java:258)
	at reactor.core.publisher.FluxMap$MapConditionalSubscriber.onError(FluxMap.java:259)
	at reactor.core.publisher.FluxOnErrorResume$ResumeSubscriber.onError(FluxOnErrorResume.java:106)
	at reactor.core.publisher.Operators.error(Operators.java:197)
	at reactor.core.publisher.MonoErrorSupplied.subscribe(MonoErrorSupplied.java:71)
	at reactor.core.publisher.Mono.subscribe(Mono.java:4150)
	at reactor.core.publisher.FluxOnErrorResume$ResumeSubscriber.onError(FluxOnErrorResume.java:103)
	at reactor.core.publisher.FluxPeek$PeekSubscriber.onError(FluxPeek.java:221)
	at reactor.core.publisher.FluxPeek$PeekSubscriber.onError(FluxPeek.java:221)
	at reactor.core.publisher.FluxPeek$PeekSubscriber.onError(FluxPeek.java:221)
	at reactor.core.publisher.MonoNext$NextSubscriber.onError(MonoNext.java:93)
	at reactor.core.publisher.MonoFlatMapMany$FlatMapManyMain.onError(MonoFlatMapMany.java:204)
	at reactor.core.publisher.SerializedSubscriber.onError(SerializedSubscriber.java:124)
	at reactor.core.publisher.FluxRetryWhen$RetryWhenMainSubscriber.whenError(FluxRetryWhen.java:224)
	at reactor.core.publisher.FluxRetryWhen$RetryWhenOtherSubscriber.onError(FluxRetryWhen.java:273)
	at reactor.core.publisher.FluxConcatMap$ConcatMapImmediate.drain(FluxConcatMap.java:413)
	at reactor.core.publisher.FluxConcatMap$ConcatMapImmediate.onNext(FluxConcatMap.java:250)
	at reactor.core.publisher.EmitterProcessor.drain(EmitterProcessor.java:491)
	at reactor.core.publisher.EmitterProcessor.tryEmitNext(EmitterProcessor.java:299)
	at reactor.core.publisher.SinkManySerialized.tryEmitNext(SinkManySerialized.java:97)
	at reactor.core.publisher.InternalManySink.emitNext(InternalManySink.java:27)
	at reactor.core.publisher.FluxRetryWhen$RetryWhenMainSubscriber.onError(FluxRetryWhen.java:189)
	at reactor.core.publisher.MonoCreate$DefaultMonoSink.error(MonoCreate.java:189)
	at reactor.netty.http.client.HttpClientConnect$MonoHttpConnect$ClientTransportSubscriber.onError(HttpClientConnect.java:305)
	at reactor.core.publisher.MonoCreate$DefaultMonoSink.error(MonoCreate.java:189)
	at reactor.netty.resources.DefaultPooledConnectionProvider$DisposableAcquire.onError(DefaultPooledConnectionProvider.java:173)
	at reactor.netty.internal.shaded.reactor.pool.AbstractPool$Borrower.fail(AbstractPool.java:444)
	at reactor.netty.internal.shaded.reactor.pool.SimpleDequePool.lambda$drainLoop$9(SimpleDequePool.java:399)
	at reactor.core.publisher.FluxDoOnEach$DoOnEachSubscriber.onError(FluxDoOnEach.java:186)
	at reactor.core.publisher.MonoCreate$DefaultMonoSink.error(MonoCreate.java:189)
	at reactor.netty.resources.DefaultPooledConnectionProvider$PooledConnectionAllocator$PooledConnectionInitializer.onError(DefaultPooledConnectionProvider.java:555)
	at reactor.core.publisher.MonoFlatMap$FlatMapMain.secondError(MonoFlatMap.java:192)
	at reactor.core.publisher.MonoFlatMap$FlatMapInner.onError(MonoFlatMap.java:259)
	at reactor.core.publisher.FluxOnErrorResume$ResumeSubscriber.onError(FluxOnErrorResume.java:106)
	at reactor.core.publisher.Operators.error(Operators.java:197)
	at reactor.core.publisher.MonoError.subscribe(MonoError.java:52)
	at reactor.core.publisher.Mono.subscribe(Mono.java:4150)
	at reactor.core.publisher.FluxOnErrorResume$ResumeSubscriber.onError(FluxOnErrorResume.java:103)
	at reactor.netty.transport.TransportConnector$MonoChannelPromise.tryFailure(TransportConnector.java:517)
	at reactor.netty.transport.TransportConnector$MonoChannelPromise.setFailure(TransportConnector.java:471)
	at reactor.netty.transport.TransportConnector.lambda$doConnect$7(TransportConnector.java:206)
	at io.netty.util.concurrent.DefaultPromise.notifyListener0(DefaultPromise.java:578)
	at io.netty.util.concurrent.DefaultPromise.notifyListeners0(DefaultPromise.java:571)
	at io.netty.util.concurrent.DefaultPromise.notifyListenersNow(DefaultPromise.java:550)
	at io.netty.util.concurrent.DefaultPromise.notifyListeners(DefaultPromise.java:491)
	at io.netty.util.concurrent.DefaultPromise.setValue0(DefaultPromise.java:616)
	at io.netty.util.concurrent.DefaultPromise.setFailure0(DefaultPromise.java:609)
	at io.netty.util.concurrent.DefaultPromise.tryFailure(DefaultPromise.java:117)
	at io.netty.channel.epoll.AbstractEpollChannel$AbstractEpollUnsafe.fulfillConnectPromise(AbstractEpollChannel.java:674)
	at io.netty.channel.epoll.AbstractEpollChannel$AbstractEpollUnsafe.finishConnect(AbstractEpollChannel.java:693)
	at io.netty.channel.epoll.AbstractEpollChannel$AbstractEpollUnsafe.epollOutReady(AbstractEpollChannel.java:567)
	at io.netty.channel.epoll.EpollEventLoop.processReady(EpollEventLoop.java:470)
	at io.netty.channel.epoll.EpollEventLoop.run(EpollEventLoop.java:378)
	at io.netty.util.concurrent.SingleThreadEventExecutor$4.run(SingleThreadEventExecutor.java:989)
	at io.netty.util.internal.ThreadExecutorMap$2.run(ThreadExecutorMap.java:74)
	at io.netty.util.concurrent.FastThreadLocalRunnable.run(FastThreadLocalRunnable.java:30)
	at java.base/java.lang.Thread.run(Unknown Source)
2021-09-06 13:33:24 [main] ERROR o.s.boot.SpringApplication - Application run failed
org.springframework.beans.factory.UnsatisfiedDependencyException: Error creating bean with name 'twitterKafkaConsumer' defined in file [/workspace/BOOT-INF/classes/com/microservices/demo/kafka/to/elastic/service/consumer/impl/TwitterKafkaConsumer.class]: Unsatisfied dependency expressed through constructor parameter 1; nested exception is org.springframework.beans.factory.UnsatisfiedDependencyException: Error creating bean with name 'kafkaAdminClient' defined in URL [jar:file:/workspace/BOOT-INF/lib/kafka-admin-0.0.1-SNAPSHOT.jar!/com/microservices/demo/kafka/admin/client/KafkaAdminClient.class]: Unsatisfied dependency expressed through constructor parameter 3; nested exception is org.springframework.beans.factory.BeanCreationException: Error creating bean with name 'retryTemplate' defined in class path resource [com/microservices/demo/common/config/RetryConfig.class]: Bean instantiation via factory method failed; nested exception is org.springframework.beans.BeanInstantiationException: Failed to instantiate [org.springframework.retry.support.RetryTemplate]: Factory method 'retryTemplate' threw exception; nested exception is java.lang.NullPointerException
	at org.springframework.beans.factory.support.ConstructorResolver.createArgumentArray(ConstructorResolver.java:800)
	at org.springframework.beans.factory.support.ConstructorResolver.autowireConstructor(ConstructorResolver.java:229)
	at org.springframework.beans.factory.support.AbstractAutowireCapableBeanFactory.autowireConstructor(AbstractAutowireCapableBeanFactory.java:1354)
	at org.springframework.beans.factory.support.AbstractAutowireCapableBeanFactory.createBeanInstance(AbstractAutowireCapableBeanFactory.java:1204)
	at org.springframework.beans.factory.support.AbstractAutowireCapableBeanFactory.doCreateBean(AbstractAutowireCapableBeanFactory.java:564)
	at org.springframework.beans.factory.support.AbstractAutowireCapableBeanFactory.createBean(AbstractAutowireCapableBeanFactory.java:524)
	at org.springframework.beans.factory.support.AbstractBeanFactory.lambda$doGetBean$0(AbstractBeanFactory.java:335)
	at org.springframework.beans.factory.support.DefaultSingletonBeanRegistry.getSingleton(DefaultSingletonBeanRegistry.java:234)
	at org.springframework.beans.factory.support.AbstractBeanFactory.doGetBean(AbstractBeanFactory.java:333)
	at org.springframework.beans.factory.support.AbstractBeanFactory.getBean(AbstractBeanFactory.java:208)
	at org.springframework.beans.factory.support.DefaultListableBeanFactory.preInstantiateSingletons(DefaultListableBeanFactory.java:944)
	at org.springframework.context.support.AbstractApplicationContext.finishBeanFactoryInitialization(AbstractApplicationContext.java:918)
	at org.springframework.context.support.AbstractApplicationContext.refresh(AbstractApplicationContext.java:583)
	at org.springframework.boot.web.reactive.context.ReactiveWebServerApplicationContext.refresh(ReactiveWebServerApplicationContext.java:64)
	at org.springframework.boot.SpringApplication.refresh(SpringApplication.java:754)
	at org.springframework.boot.SpringApplication.refreshContext(SpringApplication.java:434)
	at org.springframework.boot.SpringApplication.run(SpringApplication.java:338)
	at org.springframework.boot.SpringApplication.run(SpringApplication.java:1343)
	at org.springframework.boot.SpringApplication.run(SpringApplication.java:1332)
	at com.microservices.demo.kafka.to.elastic.service.KafkaToElasticServiceApplication.main(KafkaToElasticServiceApplication.java:11)
	at java.base/jdk.internal.reflect.NativeMethodAccessorImpl.invoke0(Native Method)
	at java.base/jdk.internal.reflect.NativeMethodAccessorImpl.invoke(Unknown Source)
	at java.base/jdk.internal.reflect.DelegatingMethodAccessorImpl.invoke(Unknown Source)
	at java.base/java.lang.reflect.Method.invoke(Unknown Source)
	at org.springframework.boot.loader.MainMethodRunner.run(MainMethodRunner.java:49)
	at org.springframework.boot.loader.Launcher.launch(Launcher.java:108)
	at org.springframework.boot.loader.Launcher.launch(Launcher.java:58)
	at org.springframework.boot.loader.JarLauncher.main(JarLauncher.java:88)
Caused by: org.springframework.beans.factory.UnsatisfiedDependencyException: Error creating bean with name 'kafkaAdminClient' defined in URL [jar:file:/workspace/BOOT-INF/lib/kafka-admin-0.0.1-SNAPSHOT.jar!/com/microservices/demo/kafka/admin/client/KafkaAdminClient.class]: Unsatisfied dependency expressed through constructor parameter 3; nested exception is org.springframework.beans.factory.BeanCreationException: Error creating bean with name 'retryTemplate' defined in class path resource [com/microservices/demo/common/config/RetryConfig.class]: Bean instantiation via factory method failed; nested exception is org.springframework.beans.BeanInstantiationException: Failed to instantiate [org.springframework.retry.support.RetryTemplate]: Factory method 'retryTemplate' threw exception; nested exception is java.lang.NullPointerException
	at org.springframework.beans.factory.support.ConstructorResolver.createArgumentArray(ConstructorResolver.java:800)
	at org.springframework.beans.factory.support.ConstructorResolver.autowireConstructor(ConstructorResolver.java:229)
	at org.springframework.beans.factory.support.AbstractAutowireCapableBeanFactory.autowireConstructor(AbstractAutowireCapableBeanFactory.java:1354)
	at org.springframework.beans.factory.support.AbstractAutowireCapableBeanFactory.createBeanInstance(AbstractAutowireCapableBeanFactory.java:1204)
	at org.springframework.beans.factory.support.AbstractAutowireCapableBeanFactory.doCreateBean(AbstractAutowireCapableBeanFactory.java:564)
	at org.springframework.beans.factory.support.AbstractAutowireCapableBeanFactory.createBean(AbstractAutowireCapableBeanFactory.java:524)
	at org.springframework.beans.factory.support.AbstractBeanFactory.lambda$doGetBean$0(AbstractBeanFactory.java:335)
	at org.springframework.beans.factory.support.DefaultSingletonBeanRegistry.getSingleton(DefaultSingletonBeanRegistry.java:234)
	at org.springframework.beans.factory.support.AbstractBeanFactory.doGetBean(AbstractBeanFactory.java:333)
	at org.springframework.beans.factory.support.AbstractBeanFactory.getBean(AbstractBeanFactory.java:208)
	at org.springframework.beans.factory.config.DependencyDescriptor.resolveCandidate(DependencyDescriptor.java:276)
	at org.springframework.beans.factory.support.DefaultListableBeanFactory.doResolveDependency(DefaultListableBeanFactory.java:1380)
	at org.springframework.beans.factory.support.DefaultListableBeanFactory.resolveDependency(DefaultListableBeanFactory.java:1300)
	at org.springframework.beans.factory.support.ConstructorResolver.resolveAutowiredArgument(ConstructorResolver.java:887)
	at org.springframework.beans.factory.support.ConstructorResolver.createArgumentArray(ConstructorResolver.java:791)
	... 27 common frames omitted
Caused by: org.springframework.beans.factory.BeanCreationException: Error creating bean with name 'retryTemplate' defined in class path resource [com/microservices/demo/common/config/RetryConfig.class]: Bean instantiation via factory method failed; nested exception is org.springframework.beans.BeanInstantiationException: Failed to instantiate [org.springframework.retry.support.RetryTemplate]: Factory method 'retryTemplate' threw exception; nested exception is java.lang.NullPointerException
	at org.springframework.beans.factory.support.ConstructorResolver.instantiate(ConstructorResolver.java:658)
	at org.springframework.beans.factory.support.ConstructorResolver.instantiateUsingFactoryMethod(ConstructorResolver.java:486)
	at org.springframework.beans.factory.support.AbstractAutowireCapableBeanFactory.instantiateUsingFactoryMethod(AbstractAutowireCapableBeanFactory.java:1334)
	at org.springframework.beans.factory.support.AbstractAutowireCapableBeanFactory.createBeanInstance(AbstractAutowireCapableBeanFactory.java:1177)
	at org.springframework.beans.factory.support.AbstractAutowireCapableBeanFactory.doCreateBean(AbstractAutowireCapableBeanFactory.java:564)
	at org.springframework.beans.factory.support.AbstractAutowireCapableBeanFactory.createBean(AbstractAutowireCapableBeanFactory.java:524)
	at org.springframework.beans.factory.support.AbstractBeanFactory.lambda$doGetBean$0(AbstractBeanFactory.java:335)
	at org.springframework.beans.factory.support.DefaultSingletonBeanRegistry.getSingleton(DefaultSingletonBeanRegistry.java:234)
	at org.springframework.beans.factory.support.AbstractBeanFactory.doGetBean(AbstractBeanFactory.java:333)
	at org.springframework.beans.factory.support.AbstractBeanFactory.getBean(AbstractBeanFactory.java:208)
	at org.springframework.beans.factory.config.DependencyDescriptor.resolveCandidate(DependencyDescriptor.java:276)
	at org.springframework.beans.factory.support.DefaultListableBeanFactory.doResolveDependency(DefaultListableBeanFactory.java:1380)
	at org.springframework.beans.factory.support.DefaultListableBeanFactory.resolveDependency(DefaultListableBeanFactory.java:1300)
	at org.springframework.beans.factory.support.ConstructorResolver.resolveAutowiredArgument(ConstructorResolver.java:887)
	at org.springframework.beans.factory.support.ConstructorResolver.createArgumentArray(ConstructorResolver.java:791)
	... 41 common frames omitted
Caused by: org.springframework.beans.BeanInstantiationException: Failed to instantiate [org.springframework.retry.support.RetryTemplate]: Factory method 'retryTemplate' threw exception; nested exception is java.lang.NullPointerException
	at org.springframework.beans.factory.support.SimpleInstantiationStrategy.instantiate(SimpleInstantiationStrategy.java:185)
	at org.springframework.beans.factory.support.ConstructorResolver.instantiate(ConstructorResolver.java:653)
	... 55 common frames omitted
Caused by: java.lang.NullPointerException: null
	at com.microservices.demo.common.config.RetryConfig.retryTemplate(RetryConfig.java:24)
	at com.microservices.demo.common.config.RetryConfig$$EnhancerBySpringCGLIB$$f847aacf.CGLIB$retryTemplate$0(<generated>)
	at com.microservices.demo.common.config.RetryConfig$$EnhancerBySpringCGLIB$$f847aacf$$FastClassBySpringCGLIB$$52a69742.invoke(<generated>)
	at org.springframework.cglib.proxy.MethodProxy.invokeSuper(MethodProxy.java:244)
	at org.springframework.context.annotation.ConfigurationClassEnhancer$BeanMethodInterceptor.intercept(ConfigurationClassEnhancer.java:331)
	at com.microservices.demo.common.config.RetryConfig$$EnhancerBySpringCGLIB$$f847aacf.retryTemplate(<generated>)
	at java.base/jdk.internal.reflect.NativeMethodAccessorImpl.invoke0(Native Method)
	at java.base/jdk.internal.reflect.NativeMethodAccessorImpl.invoke(Unknown Source)
	at java.base/jdk.internal.reflect.DelegatingMethodAccessorImpl.invoke(Unknown Source)
	at java.base/java.lang.reflect.Method.invoke(Unknown Source)
	at org.springframework.beans.factory.support.SimpleInstantiationStrategy.instantiate(SimpleInstantiationStrategy.java:154)
	... 56 common frames omitted
2021-09-06 13:37:44 [reactor-http-epoll-2] ERROR reactor.core.publisher.Operators - Operator called default onErrorDropped
reactor.core.Exceptions$ErrorCallbackNotImplemented: org.springframework.data.elasticsearch.client.NoReachableHostException: Host 'localhost:9200' not reachable. Cluster state is offline.
Caused by: org.springframework.data.elasticsearch.client.NoReachableHostException: Host 'localhost:9200' not reachable. Cluster state is offline.
	at org.springframework.data.elasticsearch.client.reactive.SingleNodeHostProvider.lambda$lookupActiveHost$3(SingleNodeHostProvider.java:101)
	at reactor.core.publisher.FluxHandle$HandleSubscriber.onNext(FluxHandle.java:102)
	at reactor.core.publisher.FluxMap$MapConditionalSubscriber.onNext(FluxMap.java:220)
	at reactor.core.publisher.FluxOnErrorResume$ResumeSubscriber.onNext(FluxOnErrorResume.java:79)
	at reactor.core.publisher.Operators$ScalarSubscription.request(Operators.java:2397)
	at reactor.core.publisher.Operators$MultiSubscriptionSubscriber.set(Operators.java:2193)
	at reactor.core.publisher.FluxOnErrorResume$ResumeSubscriber.onSubscribe(FluxOnErrorResume.java:74)
	at reactor.core.publisher.MonoJust.subscribe(MonoJust.java:54)
	at reactor.core.publisher.Mono.subscribe(Mono.java:4150)
	at reactor.core.publisher.FluxOnErrorResume$ResumeSubscriber.onError(FluxOnErrorResume.java:103)
	at reactor.core.publisher.MonoFlatMap$FlatMapMain.onError(MonoFlatMap.java:172)
	at reactor.core.publisher.Operators$MultiSubscriptionSubscriber.onError(Operators.java:2062)
	at reactor.core.publisher.FluxOnAssembly$OnAssemblySubscriber.onError(FluxOnAssembly.java:392)
	at reactor.core.publisher.MonoPeekTerminal$MonoTerminalPeekSubscriber.onError(MonoPeekTerminal.java:258)
	at reactor.core.publisher.FluxMap$MapConditionalSubscriber.onError(FluxMap.java:259)
	at reactor.core.publisher.FluxOnErrorResume$ResumeSubscriber.onError(FluxOnErrorResume.java:106)
	at reactor.core.publisher.Operators.error(Operators.java:197)
	at reactor.core.publisher.MonoErrorSupplied.subscribe(MonoErrorSupplied.java:71)
	at reactor.core.publisher.Mono.subscribe(Mono.java:4150)
	at reactor.core.publisher.FluxOnErrorResume$ResumeSubscriber.onError(FluxOnErrorResume.java:103)
	at reactor.core.publisher.FluxPeek$PeekSubscriber.onError(FluxPeek.java:221)
	at reactor.core.publisher.FluxPeek$PeekSubscriber.onError(FluxPeek.java:221)
	at reactor.core.publisher.FluxPeek$PeekSubscriber.onError(FluxPeek.java:221)
	at reactor.core.publisher.MonoNext$NextSubscriber.onError(MonoNext.java:93)
	at reactor.core.publisher.MonoFlatMapMany$FlatMapManyMain.onError(MonoFlatMapMany.java:204)
	at reactor.core.publisher.SerializedSubscriber.onError(SerializedSubscriber.java:124)
	at reactor.core.publisher.FluxRetryWhen$RetryWhenMainSubscriber.whenError(FluxRetryWhen.java:224)
	at reactor.core.publisher.FluxRetryWhen$RetryWhenOtherSubscriber.onError(FluxRetryWhen.java:273)
	at reactor.core.publisher.FluxConcatMap$ConcatMapImmediate.drain(FluxConcatMap.java:413)
	at reactor.core.publisher.FluxConcatMap$ConcatMapImmediate.onNext(FluxConcatMap.java:250)
	at reactor.core.publisher.EmitterProcessor.drain(EmitterProcessor.java:491)
	at reactor.core.publisher.EmitterProcessor.tryEmitNext(EmitterProcessor.java:299)
	at reactor.core.publisher.SinkManySerialized.tryEmitNext(SinkManySerialized.java:97)
	at reactor.core.publisher.InternalManySink.emitNext(InternalManySink.java:27)
	at reactor.core.publisher.FluxRetryWhen$RetryWhenMainSubscriber.onError(FluxRetryWhen.java:189)
	at reactor.core.publisher.MonoCreate$DefaultMonoSink.error(MonoCreate.java:189)
	at reactor.netty.http.client.HttpClientConnect$MonoHttpConnect$ClientTransportSubscriber.onError(HttpClientConnect.java:305)
	at reactor.core.publisher.MonoCreate$DefaultMonoSink.error(MonoCreate.java:189)
	at reactor.netty.resources.DefaultPooledConnectionProvider$DisposableAcquire.onError(DefaultPooledConnectionProvider.java:173)
	at reactor.netty.internal.shaded.reactor.pool.AbstractPool$Borrower.fail(AbstractPool.java:444)
	at reactor.netty.internal.shaded.reactor.pool.SimpleDequePool.lambda$drainLoop$9(SimpleDequePool.java:399)
	at reactor.core.publisher.FluxDoOnEach$DoOnEachSubscriber.onError(FluxDoOnEach.java:186)
	at reactor.core.publisher.MonoCreate$DefaultMonoSink.error(MonoCreate.java:189)
	at reactor.netty.resources.DefaultPooledConnectionProvider$PooledConnectionAllocator$PooledConnectionInitializer.onError(DefaultPooledConnectionProvider.java:555)
	at reactor.core.publisher.MonoFlatMap$FlatMapMain.secondError(MonoFlatMap.java:192)
	at reactor.core.publisher.MonoFlatMap$FlatMapInner.onError(MonoFlatMap.java:259)
	at reactor.core.publisher.FluxOnErrorResume$ResumeSubscriber.onError(FluxOnErrorResume.java:106)
	at reactor.core.publisher.Operators.error(Operators.java:197)
	at reactor.core.publisher.MonoError.subscribe(MonoError.java:52)
	at reactor.core.publisher.Mono.subscribe(Mono.java:4150)
	at reactor.core.publisher.FluxOnErrorResume$ResumeSubscriber.onError(FluxOnErrorResume.java:103)
	at reactor.netty.transport.TransportConnector$MonoChannelPromise.tryFailure(TransportConnector.java:517)
	at reactor.netty.transport.TransportConnector$MonoChannelPromise.setFailure(TransportConnector.java:471)
	at reactor.netty.transport.TransportConnector.lambda$doConnect$7(TransportConnector.java:206)
	at io.netty.util.concurrent.DefaultPromise.notifyListener0(DefaultPromise.java:578)
	at io.netty.util.concurrent.DefaultPromise.notifyListeners0(DefaultPromise.java:571)
	at io.netty.util.concurrent.DefaultPromise.notifyListenersNow(DefaultPromise.java:550)
	at io.netty.util.concurrent.DefaultPromise.notifyListeners(DefaultPromise.java:491)
	at io.netty.util.concurrent.DefaultPromise.setValue0(DefaultPromise.java:616)
	at io.netty.util.concurrent.DefaultPromise.setFailure0(DefaultPromise.java:609)
	at io.netty.util.concurrent.DefaultPromise.tryFailure(DefaultPromise.java:117)
	at io.netty.channel.epoll.AbstractEpollChannel$AbstractEpollUnsafe.fulfillConnectPromise(AbstractEpollChannel.java:674)
	at io.netty.channel.epoll.AbstractEpollChannel$AbstractEpollUnsafe.finishConnect(AbstractEpollChannel.java:693)
	at io.netty.channel.epoll.AbstractEpollChannel$AbstractEpollUnsafe.epollOutReady(AbstractEpollChannel.java:567)
	at io.netty.channel.epoll.EpollEventLoop.processReady(EpollEventLoop.java:470)
	at io.netty.channel.epoll.EpollEventLoop.run(EpollEventLoop.java:378)
	at io.netty.util.concurrent.SingleThreadEventExecutor$4.run(SingleThreadEventExecutor.java:989)
	at io.netty.util.internal.ThreadExecutorMap$2.run(ThreadExecutorMap.java:74)
	at io.netty.util.concurrent.FastThreadLocalRunnable.run(FastThreadLocalRunnable.java:30)
	at java.base/java.lang.Thread.run(Unknown Source)
2021-09-06 13:41:31 [main] ERROR o.s.boot.SpringApplication - Application run failed
org.springframework.beans.factory.UnsatisfiedDependencyException: Error creating bean with name 'twitterKafkaConsumer' defined in file [/workspace/BOOT-INF/classes/com/microservices/demo/kafka/to/elastic/service/consumer/impl/TwitterKafkaConsumer.class]: Unsatisfied dependency expressed through constructor parameter 1; nested exception is org.springframework.beans.factory.UnsatisfiedDependencyException: Error creating bean with name 'kafkaAdminClient' defined in URL [jar:file:/workspace/BOOT-INF/lib/kafka-admin-0.0.1-SNAPSHOT.jar!/com/microservices/demo/kafka/admin/client/KafkaAdminClient.class]: Unsatisfied dependency expressed through constructor parameter 3; nested exception is org.springframework.beans.factory.BeanCreationException: Error creating bean with name 'retryTemplate' defined in class path resource [com/microservices/demo/common/config/RetryConfig.class]: Bean instantiation via factory method failed; nested exception is org.springframework.beans.BeanInstantiationException: Failed to instantiate [org.springframework.retry.support.RetryTemplate]: Factory method 'retryTemplate' threw exception; nested exception is java.lang.NullPointerException
	at org.springframework.beans.factory.support.ConstructorResolver.createArgumentArray(ConstructorResolver.java:800)
	at org.springframework.beans.factory.support.ConstructorResolver.autowireConstructor(ConstructorResolver.java:229)
	at org.springframework.beans.factory.support.AbstractAutowireCapableBeanFactory.autowireConstructor(AbstractAutowireCapableBeanFactory.java:1354)
	at org.springframework.beans.factory.support.AbstractAutowireCapableBeanFactory.createBeanInstance(AbstractAutowireCapableBeanFactory.java:1204)
	at org.springframework.beans.factory.support.AbstractAutowireCapableBeanFactory.doCreateBean(AbstractAutowireCapableBeanFactory.java:564)
	at org.springframework.beans.factory.support.AbstractAutowireCapableBeanFactory.createBean(AbstractAutowireCapableBeanFactory.java:524)
	at org.springframework.beans.factory.support.AbstractBeanFactory.lambda$doGetBean$0(AbstractBeanFactory.java:335)
	at org.springframework.beans.factory.support.DefaultSingletonBeanRegistry.getSingleton(DefaultSingletonBeanRegistry.java:234)
	at org.springframework.beans.factory.support.AbstractBeanFactory.doGetBean(AbstractBeanFactory.java:333)
	at org.springframework.beans.factory.support.AbstractBeanFactory.getBean(AbstractBeanFactory.java:208)
	at org.springframework.beans.factory.support.DefaultListableBeanFactory.preInstantiateSingletons(DefaultListableBeanFactory.java:944)
	at org.springframework.context.support.AbstractApplicationContext.finishBeanFactoryInitialization(AbstractApplicationContext.java:918)
	at org.springframework.context.support.AbstractApplicationContext.refresh(AbstractApplicationContext.java:583)
	at org.springframework.boot.web.reactive.context.ReactiveWebServerApplicationContext.refresh(ReactiveWebServerApplicationContext.java:64)
	at org.springframework.boot.SpringApplication.refresh(SpringApplication.java:754)
	at org.springframework.boot.SpringApplication.refreshContext(SpringApplication.java:434)
	at org.springframework.boot.SpringApplication.run(SpringApplication.java:338)
	at org.springframework.boot.SpringApplication.run(SpringApplication.java:1343)
	at org.springframework.boot.SpringApplication.run(SpringApplication.java:1332)
	at com.microservices.demo.kafka.to.elastic.service.KafkaToElasticServiceApplication.main(KafkaToElasticServiceApplication.java:11)
	at java.base/jdk.internal.reflect.NativeMethodAccessorImpl.invoke0(Native Method)
	at java.base/jdk.internal.reflect.NativeMethodAccessorImpl.invoke(Unknown Source)
	at java.base/jdk.internal.reflect.DelegatingMethodAccessorImpl.invoke(Unknown Source)
	at java.base/java.lang.reflect.Method.invoke(Unknown Source)
	at org.springframework.boot.loader.MainMethodRunner.run(MainMethodRunner.java:49)
	at org.springframework.boot.loader.Launcher.launch(Launcher.java:108)
	at org.springframework.boot.loader.Launcher.launch(Launcher.java:58)
	at org.springframework.boot.loader.JarLauncher.main(JarLauncher.java:88)
Caused by: org.springframework.beans.factory.UnsatisfiedDependencyException: Error creating bean with name 'kafkaAdminClient' defined in URL [jar:file:/workspace/BOOT-INF/lib/kafka-admin-0.0.1-SNAPSHOT.jar!/com/microservices/demo/kafka/admin/client/KafkaAdminClient.class]: Unsatisfied dependency expressed through constructor parameter 3; nested exception is org.springframework.beans.factory.BeanCreationException: Error creating bean with name 'retryTemplate' defined in class path resource [com/microservices/demo/common/config/RetryConfig.class]: Bean instantiation via factory method failed; nested exception is org.springframework.beans.BeanInstantiationException: Failed to instantiate [org.springframework.retry.support.RetryTemplate]: Factory method 'retryTemplate' threw exception; nested exception is java.lang.NullPointerException
	at org.springframework.beans.factory.support.ConstructorResolver.createArgumentArray(ConstructorResolver.java:800)
	at org.springframework.beans.factory.support.ConstructorResolver.autowireConstructor(ConstructorResolver.java:229)
	at org.springframework.beans.factory.support.AbstractAutowireCapableBeanFactory.autowireConstructor(AbstractAutowireCapableBeanFactory.java:1354)
	at org.springframework.beans.factory.support.AbstractAutowireCapableBeanFactory.createBeanInstance(AbstractAutowireCapableBeanFactory.java:1204)
	at org.springframework.beans.factory.support.AbstractAutowireCapableBeanFactory.doCreateBean(AbstractAutowireCapableBeanFactory.java:564)
	at org.springframework.beans.factory.support.AbstractAutowireCapableBeanFactory.createBean(AbstractAutowireCapableBeanFactory.java:524)
	at org.springframework.beans.factory.support.AbstractBeanFactory.lambda$doGetBean$0(AbstractBeanFactory.java:335)
	at org.springframework.beans.factory.support.DefaultSingletonBeanRegistry.getSingleton(DefaultSingletonBeanRegistry.java:234)
	at org.springframework.beans.factory.support.AbstractBeanFactory.doGetBean(AbstractBeanFactory.java:333)
	at org.springframework.beans.factory.support.AbstractBeanFactory.getBean(AbstractBeanFactory.java:208)
	at org.springframework.beans.factory.config.DependencyDescriptor.resolveCandidate(DependencyDescriptor.java:276)
	at org.springframework.beans.factory.support.DefaultListableBeanFactory.doResolveDependency(DefaultListableBeanFactory.java:1380)
	at org.springframework.beans.factory.support.DefaultListableBeanFactory.resolveDependency(DefaultListableBeanFactory.java:1300)
	at org.springframework.beans.factory.support.ConstructorResolver.resolveAutowiredArgument(ConstructorResolver.java:887)
	at org.springframework.beans.factory.support.ConstructorResolver.createArgumentArray(ConstructorResolver.java:791)
	... 27 common frames omitted
Caused by: org.springframework.beans.factory.BeanCreationException: Error creating bean with name 'retryTemplate' defined in class path resource [com/microservices/demo/common/config/RetryConfig.class]: Bean instantiation via factory method failed; nested exception is org.springframework.beans.BeanInstantiationException: Failed to instantiate [org.springframework.retry.support.RetryTemplate]: Factory method 'retryTemplate' threw exception; nested exception is java.lang.NullPointerException
	at org.springframework.beans.factory.support.ConstructorResolver.instantiate(ConstructorResolver.java:658)
	at org.springframework.beans.factory.support.ConstructorResolver.instantiateUsingFactoryMethod(ConstructorResolver.java:486)
	at org.springframework.beans.factory.support.AbstractAutowireCapableBeanFactory.instantiateUsingFactoryMethod(AbstractAutowireCapableBeanFactory.java:1334)
	at org.springframework.beans.factory.support.AbstractAutowireCapableBeanFactory.createBeanInstance(AbstractAutowireCapableBeanFactory.java:1177)
	at org.springframework.beans.factory.support.AbstractAutowireCapableBeanFactory.doCreateBean(AbstractAutowireCapableBeanFactory.java:564)
	at org.springframework.beans.factory.support.AbstractAutowireCapableBeanFactory.createBean(AbstractAutowireCapableBeanFactory.java:524)
	at org.springframework.beans.factory.support.AbstractBeanFactory.lambda$doGetBean$0(AbstractBeanFactory.java:335)
	at org.springframework.beans.factory.support.DefaultSingletonBeanRegistry.getSingleton(DefaultSingletonBeanRegistry.java:234)
	at org.springframework.beans.factory.support.AbstractBeanFactory.doGetBean(AbstractBeanFactory.java:333)
	at org.springframework.beans.factory.support.AbstractBeanFactory.getBean(AbstractBeanFactory.java:208)
	at org.springframework.beans.factory.config.DependencyDescriptor.resolveCandidate(DependencyDescriptor.java:276)
	at org.springframework.beans.factory.support.DefaultListableBeanFactory.doResolveDependency(DefaultListableBeanFactory.java:1380)
	at org.springframework.beans.factory.support.DefaultListableBeanFactory.resolveDependency(DefaultListableBeanFactory.java:1300)
	at org.springframework.beans.factory.support.ConstructorResolver.resolveAutowiredArgument(ConstructorResolver.java:887)
	at org.springframework.beans.factory.support.ConstructorResolver.createArgumentArray(ConstructorResolver.java:791)
	... 41 common frames omitted
Caused by: org.springframework.beans.BeanInstantiationException: Failed to instantiate [org.springframework.retry.support.RetryTemplate]: Factory method 'retryTemplate' threw exception; nested exception is java.lang.NullPointerException
	at org.springframework.beans.factory.support.SimpleInstantiationStrategy.instantiate(SimpleInstantiationStrategy.java:185)
	at org.springframework.beans.factory.support.ConstructorResolver.instantiate(ConstructorResolver.java:653)
	... 55 common frames omitted
Caused by: java.lang.NullPointerException: null
	at com.microservices.demo.common.config.RetryConfig.retryTemplate(RetryConfig.java:24)
	at com.microservices.demo.common.config.RetryConfig$$EnhancerBySpringCGLIB$$a5b928df.CGLIB$retryTemplate$0(<generated>)
	at com.microservices.demo.common.config.RetryConfig$$EnhancerBySpringCGLIB$$a5b928df$$FastClassBySpringCGLIB$$fb13297d.invoke(<generated>)
	at org.springframework.cglib.proxy.MethodProxy.invokeSuper(MethodProxy.java:244)
	at org.springframework.context.annotation.ConfigurationClassEnhancer$BeanMethodInterceptor.intercept(ConfigurationClassEnhancer.java:331)
	at com.microservices.demo.common.config.RetryConfig$$EnhancerBySpringCGLIB$$a5b928df.retryTemplate(<generated>)
	at java.base/jdk.internal.reflect.NativeMethodAccessorImpl.invoke0(Native Method)
	at java.base/jdk.internal.reflect.NativeMethodAccessorImpl.invoke(Unknown Source)
	at java.base/jdk.internal.reflect.DelegatingMethodAccessorImpl.invoke(Unknown Source)
	at java.base/java.lang.reflect.Method.invoke(Unknown Source)
	at org.springframework.beans.factory.support.SimpleInstantiationStrategy.instantiate(SimpleInstantiationStrategy.java:154)
	... 56 common frames omitted
2021-09-06 13:47:49 [main] ERROR o.s.boot.SpringApplication - Application run failed
org.springframework.beans.factory.UnsatisfiedDependencyException: Error creating bean with name 'twitterKafkaConsumer' defined in file [/workspace/BOOT-INF/classes/com/microservices/demo/kafka/to/elastic/service/consumer/impl/TwitterKafkaConsumer.class]: Unsatisfied dependency expressed through constructor parameter 4; nested exception is org.springframework.beans.factory.UnsatisfiedDependencyException: Error creating bean with name 'twitterElasticRepositoryIndexClient' defined in URL [jar:file:/workspace/BOOT-INF/lib/elastic-index-client-0.0.1-SNAPSHOT.jar!/com/microservices/demo/elastic/index/client/service/impl/TwitterElasticRepositoryIndexClient.class]: Unsatisfied dependency expressed through constructor parameter 0; nested exception is org.springframework.beans.factory.BeanCreationException: Error creating bean with name 'twitterElasticsearchIndexRepository' defined in com.microservices.demo.elastic.index.client.repository.TwitterElasticsearchIndexRepository defined in @EnableElasticsearchRepositories declared on ElasticsearchConfig: Invocation of init method failed; nested exception is org.springframework.beans.BeanInstantiationException: Failed to instantiate [org.springframework.data.elasticsearch.repository.support.SimpleElasticsearchRepository]: Constructor threw exception; nested exception is org.springframework.dao.DataAccessResourceFailureException: Connection refused; nested exception is java.lang.RuntimeException: Connection refused
	at org.springframework.beans.factory.support.ConstructorResolver.createArgumentArray(ConstructorResolver.java:800)
	at org.springframework.beans.factory.support.ConstructorResolver.autowireConstructor(ConstructorResolver.java:229)
	at org.springframework.beans.factory.support.AbstractAutowireCapableBeanFactory.autowireConstructor(AbstractAutowireCapableBeanFactory.java:1354)
	at org.springframework.beans.factory.support.AbstractAutowireCapableBeanFactory.createBeanInstance(AbstractAutowireCapableBeanFactory.java:1204)
	at org.springframework.beans.factory.support.AbstractAutowireCapableBeanFactory.doCreateBean(AbstractAutowireCapableBeanFactory.java:564)
	at org.springframework.beans.factory.support.AbstractAutowireCapableBeanFactory.createBean(AbstractAutowireCapableBeanFactory.java:524)
	at org.springframework.beans.factory.support.AbstractBeanFactory.lambda$doGetBean$0(AbstractBeanFactory.java:335)
	at org.springframework.beans.factory.support.DefaultSingletonBeanRegistry.getSingleton(DefaultSingletonBeanRegistry.java:234)
	at org.springframework.beans.factory.support.AbstractBeanFactory.doGetBean(AbstractBeanFactory.java:333)
	at org.springframework.beans.factory.support.AbstractBeanFactory.getBean(AbstractBeanFactory.java:208)
	at org.springframework.beans.factory.support.DefaultListableBeanFactory.preInstantiateSingletons(DefaultListableBeanFactory.java:944)
	at org.springframework.context.support.AbstractApplicationContext.finishBeanFactoryInitialization(AbstractApplicationContext.java:918)
	at org.springframework.context.support.AbstractApplicationContext.refresh(AbstractApplicationContext.java:583)
	at org.springframework.boot.web.reactive.context.ReactiveWebServerApplicationContext.refresh(ReactiveWebServerApplicationContext.java:64)
	at org.springframework.boot.SpringApplication.refresh(SpringApplication.java:754)
	at org.springframework.boot.SpringApplication.refreshContext(SpringApplication.java:434)
	at org.springframework.boot.SpringApplication.run(SpringApplication.java:338)
	at org.springframework.boot.SpringApplication.run(SpringApplication.java:1343)
	at org.springframework.boot.SpringApplication.run(SpringApplication.java:1332)
	at com.microservices.demo.kafka.to.elastic.service.KafkaToElasticServiceApplication.main(KafkaToElasticServiceApplication.java:11)
	at java.base/jdk.internal.reflect.NativeMethodAccessorImpl.invoke0(Native Method)
	at java.base/jdk.internal.reflect.NativeMethodAccessorImpl.invoke(Unknown Source)
	at java.base/jdk.internal.reflect.DelegatingMethodAccessorImpl.invoke(Unknown Source)
	at java.base/java.lang.reflect.Method.invoke(Unknown Source)
	at org.springframework.boot.loader.MainMethodRunner.run(MainMethodRunner.java:49)
	at org.springframework.boot.loader.Launcher.launch(Launcher.java:108)
	at org.springframework.boot.loader.Launcher.launch(Launcher.java:58)
	at org.springframework.boot.loader.JarLauncher.main(JarLauncher.java:88)
Caused by: org.springframework.beans.factory.UnsatisfiedDependencyException: Error creating bean with name 'twitterElasticRepositoryIndexClient' defined in URL [jar:file:/workspace/BOOT-INF/lib/elastic-index-client-0.0.1-SNAPSHOT.jar!/com/microservices/demo/elastic/index/client/service/impl/TwitterElasticRepositoryIndexClient.class]: Unsatisfied dependency expressed through constructor parameter 0; nested exception is org.springframework.beans.factory.BeanCreationException: Error creating bean with name 'twitterElasticsearchIndexRepository' defined in com.microservices.demo.elastic.index.client.repository.TwitterElasticsearchIndexRepository defined in @EnableElasticsearchRepositories declared on ElasticsearchConfig: Invocation of init method failed; nested exception is org.springframework.beans.BeanInstantiationException: Failed to instantiate [org.springframework.data.elasticsearch.repository.support.SimpleElasticsearchRepository]: Constructor threw exception; nested exception is org.springframework.dao.DataAccessResourceFailureException: Connection refused; nested exception is java.lang.RuntimeException: Connection refused
	at org.springframework.beans.factory.support.ConstructorResolver.createArgumentArray(ConstructorResolver.java:800)
	at org.springframework.beans.factory.support.ConstructorResolver.autowireConstructor(ConstructorResolver.java:229)
	at org.springframework.beans.factory.support.AbstractAutowireCapableBeanFactory.autowireConstructor(AbstractAutowireCapableBeanFactory.java:1354)
	at org.springframework.beans.factory.support.AbstractAutowireCapableBeanFactory.createBeanInstance(AbstractAutowireCapableBeanFactory.java:1204)
	at org.springframework.beans.factory.support.AbstractAutowireCapableBeanFactory.doCreateBean(AbstractAutowireCapableBeanFactory.java:564)
	at org.springframework.beans.factory.support.AbstractAutowireCapableBeanFactory.createBean(AbstractAutowireCapableBeanFactory.java:524)
	at org.springframework.beans.factory.support.AbstractBeanFactory.lambda$doGetBean$0(AbstractBeanFactory.java:335)
	at org.springframework.beans.factory.support.DefaultSingletonBeanRegistry.getSingleton(DefaultSingletonBeanRegistry.java:234)
	at org.springframework.beans.factory.support.AbstractBeanFactory.doGetBean(AbstractBeanFactory.java:333)
	at org.springframework.beans.factory.support.AbstractBeanFactory.getBean(AbstractBeanFactory.java:208)
	at org.springframework.beans.factory.config.DependencyDescriptor.resolveCandidate(DependencyDescriptor.java:276)
	at org.springframework.beans.factory.support.DefaultListableBeanFactory.doResolveDependency(DefaultListableBeanFactory.java:1380)
	at org.springframework.beans.factory.support.DefaultListableBeanFactory.resolveDependency(DefaultListableBeanFactory.java:1300)
	at org.springframework.beans.factory.support.ConstructorResolver.resolveAutowiredArgument(ConstructorResolver.java:887)
	at org.springframework.beans.factory.support.ConstructorResolver.createArgumentArray(ConstructorResolver.java:791)
	... 27 common frames omitted
Caused by: org.springframework.beans.factory.BeanCreationException: Error creating bean with name 'twitterElasticsearchIndexRepository' defined in com.microservices.demo.elastic.index.client.repository.TwitterElasticsearchIndexRepository defined in @EnableElasticsearchRepositories declared on ElasticsearchConfig: Invocation of init method failed; nested exception is org.springframework.beans.BeanInstantiationException: Failed to instantiate [org.springframework.data.elasticsearch.repository.support.SimpleElasticsearchRepository]: Constructor threw exception; nested exception is org.springframework.dao.DataAccessResourceFailureException: Connection refused; nested exception is java.lang.RuntimeException: Connection refused
	at org.springframework.beans.factory.support.AbstractAutowireCapableBeanFactory.initializeBean(AbstractAutowireCapableBeanFactory.java:1786)
	at org.springframework.beans.factory.support.AbstractAutowireCapableBeanFactory.doCreateBean(AbstractAutowireCapableBeanFactory.java:602)
	at org.springframework.beans.factory.support.AbstractAutowireCapableBeanFactory.createBean(AbstractAutowireCapableBeanFactory.java:524)
	at org.springframework.beans.factory.support.AbstractBeanFactory.lambda$doGetBean$0(AbstractBeanFactory.java:335)
	at org.springframework.beans.factory.support.DefaultSingletonBeanRegistry.getSingleton(DefaultSingletonBeanRegistry.java:234)
	at org.springframework.beans.factory.support.AbstractBeanFactory.doGetBean(AbstractBeanFactory.java:333)
	at org.springframework.beans.factory.support.AbstractBeanFactory.getBean(AbstractBeanFactory.java:208)
	at org.springframework.beans.factory.config.DependencyDescriptor.resolveCandidate(DependencyDescriptor.java:276)
	at org.springframework.beans.factory.support.DefaultListableBeanFactory.doResolveDependency(DefaultListableBeanFactory.java:1380)
	at org.springframework.beans.factory.support.DefaultListableBeanFactory.resolveDependency(DefaultListableBeanFactory.java:1300)
	at org.springframework.beans.factory.support.ConstructorResolver.resolveAutowiredArgument(ConstructorResolver.java:887)
	at org.springframework.beans.factory.support.ConstructorResolver.createArgumentArray(ConstructorResolver.java:791)
	... 41 common frames omitted
Caused by: org.springframework.beans.BeanInstantiationException: Failed to instantiate [org.springframework.data.elasticsearch.repository.support.SimpleElasticsearchRepository]: Constructor threw exception; nested exception is org.springframework.dao.DataAccessResourceFailureException: Connection refused; nested exception is java.lang.RuntimeException: Connection refused
	at org.springframework.beans.BeanUtils.instantiateClass(BeanUtils.java:225)
	at org.springframework.data.repository.core.support.RepositoryFactorySupport.lambda$getTargetRepositoryViaReflection$5(RepositoryFactorySupport.java:543)
	at java.base/java.util.Optional.map(Unknown Source)
	at org.springframework.data.repository.core.support.RepositoryFactorySupport.getTargetRepositoryViaReflection(RepositoryFactorySupport.java:543)
	at org.springframework.data.repository.core.support.RepositoryFactorySupport.getTargetRepositoryViaReflection(RepositoryFactorySupport.java:528)
	at org.springframework.data.elasticsearch.repository.support.ElasticsearchRepositoryFactory.getTargetRepository(ElasticsearchRepositoryFactory.java:74)
	at org.springframework.data.repository.core.support.RepositoryFactorySupport.getRepository(RepositoryFactorySupport.java:319)
	at org.springframework.data.repository.core.support.RepositoryFactoryBeanSupport.lambda$afterPropertiesSet$5(RepositoryFactoryBeanSupport.java:323)
	at org.springframework.data.util.Lazy.getNullable(Lazy.java:230)
	at org.springframework.data.util.Lazy.get(Lazy.java:114)
	at org.springframework.data.repository.core.support.RepositoryFactoryBeanSupport.afterPropertiesSet(RepositoryFactoryBeanSupport.java:329)
	at org.springframework.data.elasticsearch.repository.support.ElasticsearchRepositoryFactoryBean.afterPropertiesSet(ElasticsearchRepositoryFactoryBean.java:69)
	at org.springframework.beans.factory.support.AbstractAutowireCapableBeanFactory.invokeInitMethods(AbstractAutowireCapableBeanFactory.java:1845)
	at org.springframework.beans.factory.support.AbstractAutowireCapableBeanFactory.initializeBean(AbstractAutowireCapableBeanFactory.java:1782)
	... 52 common frames omitted
Caused by: org.springframework.dao.DataAccessResourceFailureException: Connection refused; nested exception is java.lang.RuntimeException: Connection refused
	at org.springframework.data.elasticsearch.core.ElasticsearchExceptionTranslator.translateExceptionIfPossible(ElasticsearchExceptionTranslator.java:75)
	at org.springframework.data.elasticsearch.core.ElasticsearchRestTemplate.translateException(ElasticsearchRestTemplate.java:402)
	at org.springframework.data.elasticsearch.core.ElasticsearchRestTemplate.execute(ElasticsearchRestTemplate.java:385)
	at org.springframework.data.elasticsearch.core.DefaultIndexOperations.doExists(DefaultIndexOperations.java:107)
	at org.springframework.data.elasticsearch.core.AbstractDefaultIndexOperations.exists(AbstractDefaultIndexOperations.java:141)
	at org.springframework.data.elasticsearch.repository.support.SimpleElasticsearchRepository.<init>(SimpleElasticsearchRepository.java:93)
	at java.base/jdk.internal.reflect.NativeConstructorAccessorImpl.newInstance0(Native Method)
	at java.base/jdk.internal.reflect.NativeConstructorAccessorImpl.newInstance(Unknown Source)
	at java.base/jdk.internal.reflect.DelegatingConstructorAccessorImpl.newInstance(Unknown Source)
	at java.base/java.lang.reflect.Constructor.newInstance(Unknown Source)
	at org.springframework.beans.BeanUtils.instantiateClass(BeanUtils.java:212)
	... 65 common frames omitted
Caused by: java.lang.RuntimeException: Connection refused
	at org.springframework.data.elasticsearch.core.ElasticsearchRestTemplate.translateException(ElasticsearchRestTemplate.java:400)
	... 74 common frames omitted
Caused by: java.net.ConnectException: Connection refused
	at org.elasticsearch.client.RestClient.extractAndWrapCause(RestClient.java:880)
	at org.elasticsearch.client.RestClient.performRequest(RestClient.java:283)
	at org.elasticsearch.client.RestClient.performRequest(RestClient.java:270)
	at org.elasticsearch.client.RestHighLevelClient.internalPerformRequest(RestHighLevelClient.java:1613)
	at org.elasticsearch.client.RestHighLevelClient.performRequest(RestHighLevelClient.java:1598)
	at org.elasticsearch.client.IndicesClient.exists(IndicesClient.java:974)
	at org.springframework.data.elasticsearch.core.DefaultIndexOperations.lambda$doExists$2(DefaultIndexOperations.java:107)
	at org.springframework.data.elasticsearch.core.ElasticsearchRestTemplate.execute(ElasticsearchRestTemplate.java:383)
	... 73 common frames omitted
Caused by: java.net.ConnectException: Connection refused
	at java.base/sun.nio.ch.SocketChannelImpl.checkConnect(Native Method)
	at java.base/sun.nio.ch.SocketChannelImpl.finishConnect(Unknown Source)
	at org.apache.http.impl.nio.reactor.DefaultConnectingIOReactor.processEvent(DefaultConnectingIOReactor.java:174)
	at org.apache.http.impl.nio.reactor.DefaultConnectingIOReactor.processEvents(DefaultConnectingIOReactor.java:148)
	at org.apache.http.impl.nio.reactor.AbstractMultiworkerIOReactor.execute(AbstractMultiworkerIOReactor.java:351)
	at org.apache.http.impl.nio.conn.PoolingNHttpClientConnectionManager.execute(PoolingNHttpClientConnectionManager.java:221)
	at org.apache.http.impl.nio.client.CloseableHttpAsyncClientBase$1.run(CloseableHttpAsyncClientBase.java:64)
	at java.base/java.lang.Thread.run(Unknown Source)
